#
# There is insufficient memory for the Java Runtime Environment to continue.
# Native memory allocation (malloc) failed to allocate 366096 bytes for Chunk::new
# Possible reasons:
#   The system is out of physical RAM or swap space
#   The process is running with CompressedOops enabled, and the Java Heap may be blocking the growth of the native heap
# Possible solutions:
#   Reduce memory load on the system
#   Increase physical memory or swap space
#   Check if swap backing store is full
#   Decrease Java heap size (-Xmx/-Xms)
#   Decrease number of Java threads
#   Decrease Java thread stack sizes (-Xss)
#   Set larger code cache with -XX:ReservedCodeCacheSize=
#   JVM is running with Unscaled Compressed Oops mode in which the Java heap is
#     placed in the first 4GB address space. The Java Heap base address is the
#     maximum limit for the native heap growth. Please use -XX:HeapBaseMinAddress
#     to set the Java Heap base and to place the Java Heap above 4GB virtual address.
# This output file may be truncated or incomplete.
#
#  Out of Memory Error (./src/hotspot/share/memory/arena.cpp:197), pid=13996, tid=6308
#
# JRE version: OpenJDK Runtime Environment Temurin-11.0.12+7 (11.0.12+7) (build 11.0.12+7)
# Java VM: OpenJDK 64-Bit Server VM Temurin-11.0.12+7 (11.0.12+7, mixed mode, tiered, compressed oops, parallel gc, windows-amd64)
# No core dump will be written. Minidumps are not enabled by default on client versions of Windows
#

---------------  S U M M A R Y ------------

Command Line: --add-modules=ALL-SYSTEM --add-opens=java.base/java.util=ALL-UNNAMED --add-opens=java.base/java.lang=ALL-UNNAMED -Declipse.application=org.eclipse.jdt.ls.core.id1 -Dosgi.bundles.defaultStartLevel=4 -Declipse.product=org.eclipse.jdt.ls.core.product -Dfile.encoding=utf8 -DwatchParentProcess=false -XX:+UseParallelGC -XX:GCTimeRatio=4 -XX:AdaptiveSizePolicyWeight=90 -Dsun.zip.disableMemoryMapping=true -Xmx1G -Xms100m -Xverify:none c:\Users\陆振亚\.vscode\extensions\redhat.java-0.80.0\server\plugins\org.eclipse.equinox.launcher_1.6.200.v20210416-2027.jar -configuration c:\Users\陆振亚\AppData\Roaming\Code\User\globalStorage\redhat.java\0.80.0\config_ss_win -data c:\Users\陆振亚\AppData\Roaming\Code\User\workspaceStorage\f0c8ae5bb4345b319847acd4976223bd\redhat.java\ss_ws

Host: 11th Gen Intel(R) Core(TM) i7-11700K @ 3.60GHz, 16 cores, 15G,  Windows 10 , 64 bit Build 19041 (10.0.19041.1151)
Time: Sat Aug 14 11:41:29 2021 中国标准时间 elapsed time: 0.797098 seconds (0d 0h 0m 0s)

---------------  T H R E A D  ---------------

Current thread (0x00000270d01a7000):  JavaThread "C2 CompilerThread2" daemon [_thread_in_native, id=6308, stack(0x000000bab0800000,0x000000bab0900000)]


Current CompileTask:
C2:    797 2131       4       java.util.Properties::loadConvert (524 bytes)

Stack: [0x000000bab0800000,0x000000bab0900000]
Native frames: (J=compiled Java code, j=interpreted, Vv=VM code, C=native code)
V  [jvm.dll+0x601d0a]
V  [jvm.dll+0x78ab6e]
V  [jvm.dll+0x78c23f]
V  [jvm.dll+0x78c903]
V  [jvm.dll+0x24be68]
V  [jvm.dll+0xc219c]
V  [jvm.dll+0xc275c]
V  [jvm.dll+0x354857]
V  [jvm.dll+0x321f63]
V  [jvm.dll+0x32129a]
V  [jvm.dll+0x205515]
V  [jvm.dll+0x2046fd]
V  [jvm.dll+0x1898fc]
V  [jvm.dll+0x213d67]
V  [jvm.dll+0x211f2b]
V  [jvm.dll+0x74ec19]
V  [jvm.dll+0x747c84]
V  [jvm.dll+0x600ba6]
C  [ucrtbase.dll+0x21bb2]
C  [KERNEL32.DLL+0x17034]
C  [ntdll.dll+0x52651]


---------------  P R O C E S S  ---------------

Threads class SMR info:
_java_thread_list=0x00000270d2b256e0, length=24, elements={
0x00000270b2e4a800, 0x00000270cee8c000, 0x00000270cee98000, 0x00000270d0004800,
0x00000270d0006000, 0x00000270d0007800, 0x00000270d000a000, 0x00000270d000d000,
0x00000270d0023000, 0x00000270d0150000, 0x00000270d01a8800, 0x00000270d01a5800,
0x00000270d01a4800, 0x00000270d01a7000, 0x00000270d21b0000, 0x00000270d2c5a800,
0x00000270d2c5d800, 0x00000270d261f000, 0x00000270d2745800, 0x00000270d01a3000,
0x00000270d3105800, 0x00000270d2c19000, 0x00000270d2b9d800, 0x00000270d307f000
}

Java Threads: ( => current thread )
  0x00000270b2e4a800 JavaThread "main" [_thread_blocked, id=19992, stack(0x000000baaf800000,0x000000baaf900000)]
  0x00000270cee8c000 JavaThread "Reference Handler" daemon [_thread_blocked, id=12576, stack(0x000000baafb00000,0x000000baafc00000)]
  0x00000270cee98000 JavaThread "Finalizer" daemon [_thread_blocked, id=12572, stack(0x000000baafc00000,0x000000baafd00000)]
  0x00000270d0004800 JavaThread "Signal Dispatcher" daemon [_thread_blocked, id=18596, stack(0x000000baafd00000,0x000000baafe00000)]
  0x00000270d0006000 JavaThread "Attach Listener" daemon [_thread_blocked, id=18740, stack(0x000000baafe00000,0x000000baaff00000)]
  0x00000270d0007800 JavaThread "Service Thread" daemon [_thread_blocked, id=17412, stack(0x000000baaff00000,0x000000bab0000000)]
  0x00000270d000a000 JavaThread "C2 CompilerThread0" daemon [_thread_blocked, id=1000, stack(0x000000bab0000000,0x000000bab0100000)]
  0x00000270d000d000 JavaThread "C1 CompilerThread0" daemon [_thread_blocked, id=5056, stack(0x000000bab0100000,0x000000bab0200000)]
  0x00000270d0023000 JavaThread "Sweeper thread" daemon [_thread_blocked, id=18672, stack(0x000000bab0200000,0x000000bab0300000)]
  0x00000270d0150000 JavaThread "Common-Cleaner" daemon [_thread_blocked, id=18764, stack(0x000000bab0300000,0x000000bab0400000)]
  0x00000270d01a8800 JavaThread "C1 CompilerThread1" daemon [_thread_blocked, id=616, stack(0x000000bab0400000,0x000000bab0500000)]
  0x00000270d01a5800 JavaThread "C1 CompilerThread2" daemon [_thread_blocked, id=18608, stack(0x000000bab0500000,0x000000bab0600000)]
  0x00000270d01a4800 JavaThread "C2 CompilerThread1" daemon [_thread_blocked, id=13864, stack(0x000000bab0600000,0x000000bab0700000)]
=>0x00000270d01a7000 JavaThread "C2 CompilerThread2" daemon [_thread_in_native, id=6308, stack(0x000000bab0800000,0x000000bab0900000)]
  0x00000270d21b0000 JavaThread "Active Thread: Equinox Container: c43f852e-1b5e-4156-be61-67f29fd2fe2f" [_thread_blocked, id=17824, stack(0x000000bab0900000,0x000000bab0a00000)]
  0x00000270d2c5a800 JavaThread "Framework Event Dispatcher: Equinox Container: c43f852e-1b5e-4156-be61-67f29fd2fe2f" daemon [_thread_blocked, id=16032, stack(0x000000bab0d00000,0x000000bab0e00000)]
  0x00000270d2c5d800 JavaThread "Start Level: Equinox Container: c43f852e-1b5e-4156-be61-67f29fd2fe2f" daemon [_thread_blocked, id=15628, stack(0x000000bab0e00000,0x000000bab0f00000)]
  0x00000270d261f000 JavaThread "SCR Component Actor" daemon [_thread_blocked, id=16084, stack(0x000000bab0f00000,0x000000bab1000000)]
  0x00000270d2745800 JavaThread "Timer-0" daemon [_thread_blocked, id=15500, stack(0x000000bab1000000,0x000000bab1100000)]
  0x00000270d01a3000 JavaThread "C1 CompilerThread3" daemon [_thread_blocked, id=16044, stack(0x000000bab1100000,0x000000bab1200000)]
  0x00000270d3105800 JavaThread "Worker-JM" [_thread_blocked, id=19936, stack(0x000000bab1200000,0x000000bab1300000)]
  0x00000270d2c19000 JavaThread "Worker-0" [_thread_blocked, id=2800, stack(0x000000bab1500000,0x000000bab1600000)]
  0x00000270d2b9d800 JavaThread "Worker-1" [_thread_blocked, id=5272, stack(0x000000bab1600000,0x000000bab1700000)]
  0x00000270d307f000 JavaThread "Java indexing" daemon [_thread_blocked, id=2676, stack(0x000000bab1700000,0x000000bab1800000)]

Other Threads:
  0x00000270cffb4800 VMThread "VM Thread" [stack: 0x000000baafa00000,0x000000baafb00000] [id=13016]
  0x00000270d02be000 WatcherThread [stack: 0x000000bab0700000,0x000000bab0800000] [id=9528]
  0x00000270b2e63000 GCTaskThread "ParGC Thread#0" [stack: 0x000000baaf900000,0x000000baafa00000] [id=15688]
  0x00000270d2af5000 GCTaskThread "ParGC Thread#1" [stack: 0x000000bab0a00000,0x000000bab0b00000] [id=19568]
  0x00000270d2af6000 GCTaskThread "ParGC Thread#2" [stack: 0x000000bab0b00000,0x000000bab0c00000] [id=20012]
  0x00000270d2af6800 GCTaskThread "ParGC Thread#3" [stack: 0x000000bab0c00000,0x000000bab0d00000] [id=32]
  0x00000270d2c08800 GCTaskThread "ParGC Thread#4" [stack: 0x000000bab1300000,0x000000bab1400000] [id=3488]
  0x00000270d3103800 GCTaskThread "ParGC Thread#5" [stack: 0x000000bab1400000,0x000000bab1500000] [id=4840]

Threads with active compile tasks:
C2 CompilerThread2    807 2131       4       java.util.Properties::loadConvert (524 bytes)

VM state:not at safepoint (normal execution)

VM Mutex/Monitor currently owned by a thread: None

Heap address: 0x00000000c0000000, size: 1024 MB, Compressed Oops mode: 32-bit
Narrow klass base: 0x0000000000000000, Narrow klass shift: 3
Compressed class space size: 1073741824 Address: 0x0000000100000000

Heap:
 PSYoungGen      total 29696K, used 17234K [0x00000000eab00000, 0x00000000ecc00000, 0x0000000100000000)
  eden space 25600K, 67% used [0x00000000eab00000,0x00000000ebbd4b40,0x00000000ec400000)
  from space 4096K, 0% used [0x00000000ec800000,0x00000000ec800000,0x00000000ecc00000)
  to   space 4096K, 0% used [0x00000000ec400000,0x00000000ec400000,0x00000000ec800000)
 ParOldGen       total 68608K, used 5942K [0x00000000c0000000, 0x00000000c4300000, 0x00000000eab00000)
  object space 68608K, 8% used [0x00000000c0000000,0x00000000c05cd968,0x00000000c4300000)
 Metaspace       used 23766K, capacity 24896K, committed 25088K, reserved 1071104K
  class space    used 2161K, capacity 2556K, committed 2560K, reserved 1048576K

Card table byte_map: [0x00000270cbf30000,0x00000270cc140000] _byte_map_base: 0x00000270cb930000

Marking Bits: (ParMarkBitMap*) 0x00007ffac573bcf0
 Begin Bits: [0x00000270cc2a0000, 0x00000270cd2a0000)
 End Bits:   [0x00000270cd2a0000, 0x00000270ce2a0000)

Polling page: 0x00000270b2f30000

Metaspace:

Usage:
  Non-class:     21.82 MB capacity,    21.10 MB ( 97%) used,   692.55 KB (  3%) free+waste,    42.13 KB ( <1%) overhead. 
      Class:      2.50 MB capacity,     2.11 MB ( 85%) used,   374.88 KB ( 15%) free+waste,    19.50 KB ( <1%) overhead. 
       Both:     24.31 MB capacity,    23.21 MB ( 95%) used,     1.04 MB (  4%) free+waste,    61.63 KB ( <1%) overhead. 

Virtual space:
  Non-class space:       22.00 MB reserved,      22.00 MB (100%) committed 
      Class space:        1.00 GB reserved,       2.50 MB ( <1%) committed 
             Both:        1.02 GB reserved,      24.50 MB (  2%) committed 

Chunk freelists:
   Non-Class:  60.00 KB
       Class:  4.00 KB
        Both:  64.00 KB

MaxMetaspaceSize: 17179869184.00 GB
CompressedClassSpaceSize: 1.00 GB
Initial GC threshold: 20.80 MB
Current GC threshold: 34.59 MB
CDS: off

CodeHeap 'non-profiled nmethods': size=119168Kb used=740Kb max_used=740Kb free=118427Kb
 bounds [0x00000270c48e0000, 0x00000270c4b50000, 0x00000270cbd40000]
CodeHeap 'profiled nmethods': size=119168Kb used=4597Kb max_used=4597Kb free=114570Kb
 bounds [0x00000270bd480000, 0x00000270bd900000, 0x00000270c48e0000]
CodeHeap 'non-nmethods': size=7424Kb used=2927Kb max_used=2942Kb free=4496Kb
 bounds [0x00000270bcd40000, 0x00000270bd030000, 0x00000270bd480000]
 total_blobs=2680 nmethods=2177 adapters=414
 compilation: enabled
              stopped_count=0, restarted_count=0
 full_count=0

Compilation events (20 events):
Event: 0.792 Thread 0x00000270d01a8800 nmethod 2145 0x00000270bd8ea410 code [0x00000270bd8ea5c0, 0x00000270bd8ea818]
Event: 0.792 Thread 0x00000270d000d000 nmethod 2144 0x00000270bd8ea910 code [0x00000270bd8eaae0, 0x00000270bd8eaef8]
Event: 0.792 Thread 0x00000270d01a5800 nmethod 2143 0x00000270bd8eb010 code [0x00000270bd8eb260, 0x00000270bd8eb998]
Event: 0.792 Thread 0x00000270d01a8800 2148       3       jdk.internal.org.objectweb.asm.ClassWriter::addType (103 bytes)
Event: 0.793 Thread 0x00000270d000d000 2149       3       java.lang.invoke.InvokerBytecodeGenerator::isStaticallyNameable (148 bytes)
Event: 0.793 Thread 0x00000270d01a3000 nmethod 2147 0x00000270bd8ebc90 code [0x00000270bd8ebee0, 0x00000270bd8ec9a8]
Event: 0.793 Thread 0x00000270d01a8800 nmethod 2148 0x00000270bd8ecd90 code [0x00000270bd8ecf80, 0x00000270bd8ed588]
Event: 0.793 Thread 0x00000270d01a5800 2150       3       java.lang.invoke.LambdaForm$Name::cloneWithIndex (47 bytes)
Event: 0.793 Thread 0x00000270d01a5800 nmethod 2150 0x00000270bd8ed790 code [0x00000270bd8ed980, 0x00000270bd8ede88]
Event: 0.793 Thread 0x00000270d01a3000 2152       3       java.lang.invoke.DirectMethodHandle::shouldBeInitialized (123 bytes)
Event: 0.793 Thread 0x00000270d01a8800 2153       3       java.lang.invoke.LambdaFormBuffer::changeName (149 bytes)
Event: 0.793 Thread 0x00000270d01a5800 2155       3       java.lang.invoke.InvokerBytecodeGenerator::assertStaticType (58 bytes)
Event: 0.794 Thread 0x00000270d01a8800 nmethod 2153 0x00000270bd8ee010 code [0x00000270bd8ee200, 0x00000270bd8ee6a8]
Event: 0.794 Thread 0x00000270d01a5800 nmethod 2155 0x00000270bd8ee890 code [0x00000270bd8eea80, 0x00000270bd8eef18]
Event: 0.794 Thread 0x00000270d01a3000 nmethod 2152 0x00000270bd8ef110 code [0x00000270bd8ef500, 0x00000270bd8f0b58]
Event: 0.794 Thread 0x00000270d000d000 nmethod 2149 0x00000270bd8f1210 code [0x00000270bd8f1720, 0x00000270bd8f3f38]
Event: 0.795 Thread 0x00000270d01a8800 2163   !   3       java.util.concurrent.ConcurrentHashMap::replaceNode (437 bytes)
Event: 0.795 Thread 0x00000270d000a000 nmethod 2138 0x00000270c4995410 code [0x00000270c49955a0, 0x00000270c4995998]
Event: 0.795 Thread 0x00000270d000a000 2139       4       jdk.internal.org.objectweb.asm.Type::getArgumentsAndReturnSizes (151 bytes)
Event: 0.796 Thread 0x00000270d01a8800 nmethod 2163 0x00000270bd8f4b10 code [0x00000270bd8f4ea0, 0x00000270bd8f6cd8]

GC Heap History (6 events):
Event: 0.425 GC heap before
{Heap before GC invocations=1 (full 0):
 PSYoungGen      total 29696K, used 25600K [0x00000000eab00000, 0x00000000ecc00000, 0x0000000100000000)
  eden space 25600K, 100% used [0x00000000eab00000,0x00000000ec400000,0x00000000ec400000)
  from space 4096K, 0% used [0x00000000ec800000,0x00000000ec800000,0x00000000ecc00000)
  to   space 4096K, 0% used [0x00000000ec400000,0x00000000ec400000,0x00000000ec800000)
 ParOldGen       total 68608K, used 0K [0x00000000c0000000, 0x00000000c4300000, 0x00000000eab00000)
  object space 68608K, 0% used [0x00000000c0000000,0x00000000c0000000,0x00000000c4300000)
 Metaspace       used 13188K, capacity 13410K, committed 13568K, reserved 1060864K
  class space    used 1197K, capacity 1256K, committed 1280K, reserved 1048576K
}
Event: 0.428 GC heap after
{Heap after GC invocations=1 (full 0):
 PSYoungGen      total 29696K, used 4068K [0x00000000eab00000, 0x00000000ecc00000, 0x0000000100000000)
  eden space 25600K, 0% used [0x00000000eab00000,0x00000000eab00000,0x00000000ec400000)
  from space 4096K, 99% used [0x00000000ec400000,0x00000000ec7f9338,0x00000000ec800000)
  to   space 4096K, 0% used [0x00000000ec800000,0x00000000ec800000,0x00000000ecc00000)
 ParOldGen       total 68608K, used 32K [0x00000000c0000000, 0x00000000c4300000, 0x00000000eab00000)
  object space 68608K, 0% used [0x00000000c0000000,0x00000000c0008000,0x00000000c4300000)
 Metaspace       used 13188K, capacity 13410K, committed 13568K, reserved 1060864K
  class space    used 1197K, capacity 1256K, committed 1280K, reserved 1048576K
}
Event: 0.692 GC heap before
{Heap before GC invocations=2 (full 0):
 PSYoungGen      total 29696K, used 19808K [0x00000000eab00000, 0x00000000ecc00000, 0x0000000100000000)
  eden space 25600K, 61% used [0x00000000eab00000,0x00000000eba5ef70,0x00000000ec400000)
  from space 4096K, 99% used [0x00000000ec400000,0x00000000ec7f9338,0x00000000ec800000)
  to   space 4096K, 0% used [0x00000000ec800000,0x00000000ec800000,0x00000000ecc00000)
 ParOldGen       total 68608K, used 32K [0x00000000c0000000, 0x00000000c4300000, 0x00000000eab00000)
  object space 68608K, 0% used [0x00000000c0000000,0x00000000c0008000,0x00000000c4300000)
 Metaspace       used 20204K, capacity 21204K, committed 21248K, reserved 1069056K
  class space    used 1906K, capacity 2263K, committed 2304K, reserved 1048576K
}
Event: 0.695 GC heap after
{Heap after GC invocations=2 (full 0):
 PSYoungGen      total 29696K, used 4075K [0x00000000eab00000, 0x00000000ecc00000, 0x0000000100000000)
  eden space 25600K, 0% used [0x00000000eab00000,0x00000000eab00000,0x00000000ec400000)
  from space 4096K, 99% used [0x00000000ec800000,0x00000000ecbfadc0,0x00000000ecc00000)
  to   space 4096K, 0% used [0x00000000ec400000,0x00000000ec400000,0x00000000ec800000)
 ParOldGen       total 68608K, used 1942K [0x00000000c0000000, 0x00000000c4300000, 0x00000000eab00000)
  object space 68608K, 2% used [0x00000000c0000000,0x00000000c01e59c8,0x00000000c4300000)
 Metaspace       used 20204K, capacity 21204K, committed 21248K, reserved 1069056K
  class space    used 1906K, capacity 2263K, committed 2304K, reserved 1048576K
}
Event: 0.695 GC heap before
{Heap before GC invocations=3 (full 1):
 PSYoungGen      total 29696K, used 4075K [0x00000000eab00000, 0x00000000ecc00000, 0x0000000100000000)
  eden space 25600K, 0% used [0x00000000eab00000,0x00000000eab00000,0x00000000ec400000)
  from space 4096K, 99% used [0x00000000ec800000,0x00000000ecbfadc0,0x00000000ecc00000)
  to   space 4096K, 0% used [0x00000000ec400000,0x00000000ec400000,0x00000000ec800000)
 ParOldGen       total 68608K, used 1942K [0x00000000c0000000, 0x00000000c4300000, 0x00000000eab00000)
  object space 68608K, 2% used [0x00000000c0000000,0x00000000c01e59c8,0x00000000c4300000)
 Metaspace       used 20204K, capacity 21204K, committed 21248K, reserved 1069056K
  class space    used 1906K, capacity 2263K, committed 2304K, reserved 1048576K
}
Event: 0.710 GC heap after
{Heap after GC invocations=3 (full 1):
 PSYoungGen      total 29696K, used 0K [0x00000000eab00000, 0x00000000ecc00000, 0x0000000100000000)
  eden space 25600K, 0% used [0x00000000eab00000,0x00000000eab00000,0x00000000ec400000)
  from space 4096K, 0% used [0x00000000ec800000,0x00000000ec800000,0x00000000ecc00000)
  to   space 4096K, 0% used [0x00000000ec400000,0x00000000ec400000,0x00000000ec800000)
 ParOldGen       total 68608K, used 5942K [0x00000000c0000000, 0x00000000c4300000, 0x00000000eab00000)
  object space 68608K, 8% used [0x00000000c0000000,0x00000000c05cd968,0x00000000c4300000)
 Metaspace       used 20204K, capacity 21204K, committed 21248K, reserved 1069056K
  class space    used 1906K, capacity 2263K, committed 2304K, reserved 1048576K
}

Deoptimization events (20 events):
Event: 0.651 Thread 0x00000270d2c5d800 DEOPT PACKING pc=0x00000270c4975148 sp=0x000000bab0efa510
Event: 0.651 Thread 0x00000270d2c5d800 DEOPT UNPACKING pc=0x00000270bcd485af sp=0x000000bab0efa488 mode 2
Event: 0.772 Thread 0x00000270d2c5d800 DEOPT PACKING pc=0x00000270bd525706 sp=0x000000bab0ef7c00
Event: 0.772 Thread 0x00000270d2c5d800 DEOPT UNPACKING pc=0x00000270bcd89d0e sp=0x000000bab0ef70c0 mode 0
Event: 0.772 Thread 0x00000270d2c5d800 Uncommon trap: trap_request=0xffffff4d fr.pc=0x00000270c4980ea4 relative=0x00000000000010a4
Event: 0.772 Thread 0x00000270d2c5d800 Uncommon trap: reason=unstable_if action=reinterpret pc=0x00000270c4980ea4 method=java.util.Properties.loadConvert([CIILjava/lang/StringBuilder;)Ljava/lang/String; @ 475 c2
Event: 0.772 Thread 0x00000270d2c5d800 DEOPT PACKING pc=0x00000270c4980ea4 sp=0x000000bab0ef7c00
Event: 0.772 Thread 0x00000270d2c5d800 DEOPT UNPACKING pc=0x00000270bcd485af sp=0x000000bab0ef7be0 mode 2
Event: 0.773 Thread 0x00000270d2c5d800 DEOPT PACKING pc=0x00000270bd525706 sp=0x000000bab0ef7c00
Event: 0.773 Thread 0x00000270d2c5d800 DEOPT UNPACKING pc=0x00000270bcd89d0e sp=0x000000bab0ef70c0 mode 0
Event: 0.773 Thread 0x00000270d2c5d800 DEOPT PACKING pc=0x00000270bd525706 sp=0x000000bab0ef7c00
Event: 0.773 Thread 0x00000270d2c5d800 DEOPT UNPACKING pc=0x00000270bcd89d0e sp=0x000000bab0ef70c0 mode 0
Event: 0.785 Thread 0x00000270d2c5d800 Uncommon trap: trap_request=0xffffff4d fr.pc=0x00000270c4992a88 relative=0x00000000000009a8
Event: 0.785 Thread 0x00000270d2c5d800 Uncommon trap: reason=unstable_if action=reinterpret pc=0x00000270c4992a88 method=java.util.Properties$LineReader.readLine()I @ 25 c2
Event: 0.785 Thread 0x00000270d2c5d800 DEOPT PACKING pc=0x00000270c4992a88 sp=0x000000bab0ef6d50
Event: 0.785 Thread 0x00000270d2c5d800 DEOPT UNPACKING pc=0x00000270bcd485af sp=0x000000bab0ef6ce8 mode 2
Event: 0.785 Thread 0x00000270d2c5d800 Uncommon trap: trap_request=0xffffff7e fr.pc=0x00000270c498f028 relative=0x0000000000000ea8
Event: 0.785 Thread 0x00000270d2c5d800 Uncommon trap: reason=predicate action=maybe_recompile pc=0x00000270c498f028 method=java.util.Properties$LineReader.readLine()I @ 53 c2
Event: 0.785 Thread 0x00000270d2c5d800 DEOPT PACKING pc=0x00000270c498f028 sp=0x000000bab0ef6d40
Event: 0.785 Thread 0x00000270d2c5d800 DEOPT UNPACKING pc=0x00000270bcd485af sp=0x000000bab0ef6cf0 mode 2

Classes redefined (0 events):
No events

Internal exceptions (20 events):
Event: 0.269 Thread 0x00000270b2e4a800 Exception <a 'java/lang/NoSuchMethodError'{0x00000000ebab68a8}: 'java.lang.Object java.lang.invoke.DirectMethodHandle$Holder.invokeStaticInit(java.lang.Object, int, int, int, int)'> (0x00000000ebab68a8) thrown at [./src/hotspot/share/interpreter/linkResolver.cpp, line 773]
Event: 0.305 Thread 0x00000270b2e4a800 Exception <a 'java/lang/NoSuchMethodError'{0x00000000ebb1b870}: 'java.lang.Object java.lang.invoke.DirectMethodHandle$Holder.invokeStaticInit(java.lang.Object, java.lang.Object, int, int, int, int)'> (0x00000000ebb1b870) thrown at [./src/hotspot/share/interpreter/linkResolver.cpp, line 773]
Event: 0.325 Thread 0x00000270b2e4a800 Exception <a 'java/lang/NoSuchMethodError'{0x00000000ebc5cc68}: 'int java.lang.invoke.DirectMethodHandle$Holder.invokeSpecialIFC(java.lang.Object, java.lang.Object, int)'> (0x00000000ebc5cc68) thrown at [./src/hotspot/share/interpreter/linkResolver.cpp, line 773]
Event: 0.376 Thread 0x00000270b2e4a800 Exception <a 'java/lang/NoSuchMethodError'{0x00000000ec0d0fe8}: 'java.lang.Object java.lang.invoke.DirectMethodHandle$Holder.invokeStatic(java.lang.Object, int, java.lang.Object)'> (0x00000000ec0d0fe8) thrown at [./src/hotspot/share/interpreter/linkResolver.cpp, line 773]
Event: 0.378 Thread 0x00000270b2e4a800 Exception <a 'java/lang/NoSuchMethodError'{0x00000000ec0ee590}: 'java.lang.Object java.lang.invoke.Invokers$Holder.linkToTargetMethod(java.lang.Object, java.lang.Object, java.lang.Object, int, java.lang.Object, java.lang.Object)'> (0x00000000ec0ee590) thrown at [./src/hotspot/share/interpreter/linkResolver.cpp, line 773]
Event: 0.432 Thread 0x00000270d2c5a800 Implicit null exception at 0x00000270c490d308 to 0x00000270c490d3b4
Event: 0.433 Thread 0x00000270b2e4a800 Exception <a 'java/lang/UnsatisfiedLinkError'{0x00000000eab43d40}: 'void org.eclipse.equinox.launcher.JNIBridge._update_splash()'> (0x00000000eab43d40) thrown at [./src/hotspot/share/prims/nativeLookup.cpp, line 528]
Event: 0.482 Thread 0x00000270d2c5d800 Exception <a 'java/lang/NoSuchMethodError'{0x00000000eae8c308}: 'java.lang.Object java.lang.invoke.DirectMethodHandle$Holder.invokeStatic(java.lang.Object, java.lang.Object, java.lang.Object, java.lang.Object, java.lang.Object, java.lang.Object, java.lang.Object, java.lang.Object, java.lang.Object, java.lang.Object, java.lang.Object, java.lang.Object, java.lang.Object, java.lang.Object, java.lang.Object)'> (0x00000000eae8c308) thrown at [./src/hotspot/share/interpreter/linkResolver.cpp, line 773]
Event: 0.483 Thread 0x00000270d2c5d800 Exception <a 'java/lang/NoSuchMethodError'{0x00000000eae9a310}: 'java.lang.Object java.lang.invoke.DirectMethodHandle$Holder.invokeStatic(java.lang.Object, java.lang.Object, java.lang.Object, java.lang.Object, java.lang.Object, java.lang.Object, java.lang.Object, java.lang.Object, java.lang.Object, java.lang.Object, java.lang.Object, java.lang.Object, java.lang.Object, java.lang.Object, java.lang.Object, java.lang.Object)'> (0x00000000eae9a310) thrown at [./src/hotspot/share/interpreter/linkResolver.cpp, l
Event: 0.484 Thread 0x00000270d2c5d800 Exception <a 'java/lang/NoSuchMethodError'{0x00000000eaea8ab8}: 'java.lang.Object java.lang.invoke.DirectMethodHandle$Holder.invokeSpecial(java.lang.Object, java.lang.Object, int, int, java.lang.Object, java.lang.Object, java.lang.Object)'> (0x00000000eaea8ab8) thrown at [./src/hotspot/share/interpreter/linkResolver.cpp, line 773]
Event: 0.485 Thread 0x00000270d2c5d800 Exception <a 'java/lang/NoSuchMethodError'{0x00000000eaeac2f0}: 'java.lang.Object java.lang.invoke.DelegatingMethodHandle$Holder.reinvoke_L(java.lang.Object, int, int, java.lang.Object, java.lang.Object, java.lang.Object)'> (0x00000000eaeac2f0) thrown at [./src/hotspot/share/interpreter/linkResolver.cpp, line 773]
Event: 0.485 Thread 0x00000270d2c5d800 Exception <a 'java/lang/NoSuchMethodError'{0x00000000eaeb0670}: 'java.lang.Object java.lang.invoke.DirectMethodHandle$Holder.invokeStatic(java.lang.Object, java.lang.Object, java.lang.Object, java.lang.Object, int)'> (0x00000000eaeb0670) thrown at [./src/hotspot/share/interpreter/linkResolver.cpp, line 773]
Event: 0.549 Thread 0x00000270d2c5d800 Exception <a 'java/io/FileNotFoundException'{0x00000000eb1cf3f0}> (0x00000000eb1cf3f0) thrown at [./src/hotspot/share/prims/jni.cpp, line 615]
Event: 0.634 Thread 0x00000270d2c5d800 Exception <a 'java/io/FileNotFoundException'{0x00000000eb6ce550}> (0x00000000eb6ce550) thrown at [./src/hotspot/share/prims/jni.cpp, line 615]
Event: 0.683 Thread 0x00000270d2c5d800 Exception <a 'java/lang/NoSuchMethodError'{0x00000000eb9fefd8}: 'int java.lang.invoke.DirectMethodHandle$Holder.invokeStaticInit(java.lang.Object, java.lang.Object, java.lang.Object)'> (0x00000000eb9fefd8) thrown at [./src/hotspot/share/interpreter/linkResolver.cpp, line 773]
Event: 0.686 Thread 0x00000270d2c5d800 Exception <a 'java/lang/IncompatibleClassChangeError'{0x00000000eba367e8}: Found class java.lang.Object, but interface was expected> (0x00000000eba367e8) thrown at [./src/hotspot/share/interpreter/linkResolver.cpp, line 839]
Event: 0.784 Thread 0x00000270d2c5d800 Exception <a 'java/lang/ClassNotFoundException'{0x00000000eba79d18}: com/sun/org/apache/xerces/internal/impl/msg/spi/DOMMessagesProvider> (0x00000000eba79d18) thrown at [./src/hotspot/share/classfile/systemDictionary.cpp, line 231]
Event: 0.785 Thread 0x00000270d2c5d800 Implicit null exception at 0x00000270c498e289 to 0x00000270c498efdc
Event: 0.786 Thread 0x00000270d2c5d800 Exception <a 'java/lang/ClassNotFoundException'{0x00000000eba9b7e0}: com/sun/org/apache/xerces/internal/impl/msg/spi/XMLSerializerMessagesProvider> (0x00000000eba9b7e0) thrown at [./src/hotspot/share/classfile/systemDictionary.cpp, line 231]
Event: 0.787 Thread 0x00000270d2c5d800 Exception <a 'java/lang/ClassNotFoundException'{0x00000000ebab17a8}: com/sun/org/apache/xerces/internal/impl/msg/spi/XMLMessagesProvider> (0x00000000ebab17a8) thrown at [./src/hotspot/share/classfile/systemDictionary.cpp, line 231]

Events (20 events):
Event: 0.788 loading class com/sun/org/apache/xerces/internal/impl/msg/XMLMessages_zh_CN
Event: 0.788 loading class com/sun/org/apache/xerces/internal/impl/msg/XMLMessages_zh_CN done
Event: 0.790 loading class com/sun/org/apache/xerces/internal/impl/msg/XMLMessages_zh_Hans
Event: 0.790 loading class com/sun/org/apache/xerces/internal/impl/msg/XMLMessages_zh_Hans done
Event: 0.790 loading class com/sun/org/apache/xerces/internal/impl/msg/XMLMessages_zh_Hans
Event: 0.790 loading class com/sun/org/apache/xerces/internal/impl/msg/XMLMessages_zh_Hans done
Event: 0.790 loading class com/sun/org/apache/xerces/internal/impl/msg/XMLMessages_zh_Hans_CN
Event: 0.790 loading class com/sun/org/apache/xerces/internal/impl/msg/XMLMessages_zh_Hans_CN done
Event: 0.790 loading class com/sun/org/apache/xerces/internal/impl/msg/XMLMessages_zh_Hans_CN
Event: 0.790 loading class com/sun/org/apache/xerces/internal/impl/msg/XMLMessages_zh_Hans_CN done
Event: 0.793 loading class java/lang/invoke/BoundMethodHandle$Species_LLLLLLLLLI
Event: 0.793 loading class java/lang/invoke/BoundMethodHandle$Species_LLLLLLLLLI done
Event: 0.794 loading class java/lang/invoke/BoundMethodHandle$Species_LLLLLLLLLII
Event: 0.794 loading class java/lang/invoke/BoundMethodHandle$Species_LLLLLLLLLII done
Event: 0.794 loading class java/lang/invoke/BoundMethodHandle$Species_LLLLLLLLLIIL
Event: 0.794 loading class java/lang/invoke/BoundMethodHandle$Species_LLLLLLLLLIIL done
Event: 0.795 loading class java/lang/invoke/BoundMethodHandle$Species_LLLLLLLLLIILL
Event: 0.795 loading class java/lang/invoke/BoundMethodHandle$Species_LLLLLLLLLIILL done
Event: 0.795 loading class org/w3c/dom/DOMException
Event: 0.795 loading class org/w3c/dom/DOMException done


Dynamic libraries:
0x00007ff730700000 - 0x00007ff73070d000 	F:\java-11\bin\java.exe
0x00007ffb265f0000 - 0x00007ffb267e5000 	C:\WINDOWS\SYSTEM32\ntdll.dll
0x00007ffb26080000 - 0x00007ffb2613d000 	C:\WINDOWS\System32\KERNEL32.DLL
0x00007ffb24270000 - 0x00007ffb24539000 	C:\WINDOWS\System32\KERNELBASE.dll
0x00007ffb23f60000 - 0x00007ffb24060000 	C:\WINDOWS\System32\ucrtbase.dll
0x00007ffb0cf80000 - 0x00007ffb0cf97000 	F:\java-11\bin\jli.dll
0x00007ffb0f530000 - 0x00007ffb0f545000 	F:\java-11\bin\VCRUNTIME140.dll
0x00007ffb25e70000 - 0x00007ffb26010000 	C:\WINDOWS\System32\USER32.dll
0x00007ffb24090000 - 0x00007ffb240b2000 	C:\WINDOWS\System32\win32u.dll
0x00007ffb24b20000 - 0x00007ffb24b4a000 	C:\WINDOWS\System32\GDI32.dll
0x00007ffb16a20000 - 0x00007ffb16cba000 	C:\WINDOWS\WinSxS\amd64_microsoft.windows.common-controls_6595b64144ccf1df_6.0.19041.1110_none_60b5254171f9507e\COMCTL32.dll
0x00007ffb240c0000 - 0x00007ffb241cb000 	C:\WINDOWS\System32\gdi32full.dll
0x00007ffb24b70000 - 0x00007ffb24c0e000 	C:\WINDOWS\System32\msvcrt.dll
0x00007ffb241d0000 - 0x00007ffb2426d000 	C:\WINDOWS\System32\msvcp_win.dll
0x00007ffb24c10000 - 0x00007ffb24c40000 	C:\WINDOWS\System32\IMM32.DLL
0x00007ffaecb80000 - 0x00007ffaecc1b000 	F:\java-11\bin\msvcp140.dll
0x00007ffac4ca0000 - 0x00007ffac57f9000 	F:\java-11\bin\server\jvm.dll
0x00007ffb26140000 - 0x00007ffb261ec000 	C:\WINDOWS\System32\ADVAPI32.dll
0x00007ffb24830000 - 0x00007ffb248cb000 	C:\WINDOWS\System32\sechost.dll
0x00007ffb24e80000 - 0x00007ffb24faa000 	C:\WINDOWS\System32\RPCRT4.dll
0x00007ffb26070000 - 0x00007ffb26078000 	C:\WINDOWS\System32\PSAPI.DLL
0x00007ffb15ea0000 - 0x00007ffb15ea9000 	C:\WINDOWS\SYSTEM32\WSOCK32.dll
0x00007ffb19e90000 - 0x00007ffb19eb7000 	C:\WINDOWS\SYSTEM32\WINMM.dll
0x00007ffb1e290000 - 0x00007ffb1e29a000 	C:\WINDOWS\SYSTEM32\VERSION.dll
0x00007ffb25430000 - 0x00007ffb2549b000 	C:\WINDOWS\System32\WS2_32.dll
0x00007ffb21c50000 - 0x00007ffb21c62000 	C:\WINDOWS\SYSTEM32\kernel.appcore.dll
0x00007ffb1c990000 - 0x00007ffb1c9a0000 	F:\java-11\bin\verify.dll
0x00007ffb09590000 - 0x00007ffb09774000 	C:\WINDOWS\SYSTEM32\DBGHELP.DLL
0x00007ffb07f60000 - 0x00007ffb07f8c000 	C:\WINDOWS\SYSTEM32\dbgcore.DLL
0x00007ffb23ed0000 - 0x00007ffb23f53000 	C:\WINDOWS\System32\bcryptPrimitives.dll
0x00007ffb0a320000 - 0x00007ffb0a348000 	F:\java-11\bin\java.dll
0x00007ffb1a5a0000 - 0x00007ffb1a5aa000 	F:\java-11\bin\jimage.dll
0x00007ffb0cf40000 - 0x00007ffb0cf57000 	F:\java-11\bin\zip.dll
0x00007ffb25580000 - 0x00007ffb25cbf000 	C:\WINDOWS\System32\SHELL32.dll
0x00007ffb21e50000 - 0x00007ffb225e0000 	C:\WINDOWS\SYSTEM32\windows.storage.dll
0x00007ffb261f0000 - 0x00007ffb26545000 	C:\WINDOWS\System32\combase.dll
0x00007ffb23780000 - 0x00007ffb237ac000 	C:\WINDOWS\SYSTEM32\Wldp.dll
0x00007ffb24d30000 - 0x00007ffb24dde000 	C:\WINDOWS\System32\SHCORE.dll
0x00007ffb26010000 - 0x00007ffb26065000 	C:\WINDOWS\System32\shlwapi.dll
0x00007ffb23c60000 - 0x00007ffb23c7f000 	C:\WINDOWS\SYSTEM32\profapi.dll
0x00007ffb0cee0000 - 0x00007ffb0cef9000 	F:\java-11\bin\net.dll
0x00007ffb1d610000 - 0x00007ffb1d718000 	C:\WINDOWS\SYSTEM32\WINHTTP.dll
0x00007ffb234e0000 - 0x00007ffb2354a000 	C:\WINDOWS\system32\mswsock.dll
0x00007ffb07770000 - 0x00007ffb07782000 	F:\java-11\bin\nio.dll
0x00007ffb236d0000 - 0x00007ffb236e8000 	C:\WINDOWS\SYSTEM32\CRYPTSP.dll
0x00007ffb22df0000 - 0x00007ffb22e24000 	C:\WINDOWS\system32\rsaenh.dll
0x00007ffb24060000 - 0x00007ffb24087000 	C:\WINDOWS\System32\bcrypt.dll
0x00007ffb23c20000 - 0x00007ffb23c4e000 	C:\WINDOWS\SYSTEM32\USERENV.dll
0x00007ffb236f0000 - 0x00007ffb236fc000 	C:\WINDOWS\SYSTEM32\CRYPTBASE.dll
0x00007ffb23180000 - 0x00007ffb231bb000 	C:\WINDOWS\SYSTEM32\IPHLPAPI.DLL
0x00007ffb24c40000 - 0x00007ffb24c48000 	C:\WINDOWS\System32\NSI.dll
0x00007ffb1e930000 - 0x00007ffb1e947000 	C:\WINDOWS\SYSTEM32\dhcpcsvc6.DLL
0x00007ffb1e910000 - 0x00007ffb1e92d000 	C:\WINDOWS\SYSTEM32\dhcpcsvc.DLL
0x00007ffb231c0000 - 0x00007ffb2328c000 	C:\WINDOWS\SYSTEM32\DNSAPI.dll
0x00007ffb01490000 - 0x00007ffb014ce000 	C:\Users\陆振亚\AppData\Roaming\Code\User\globalStorage\redhat.java\0.80.0\config_ss_win\org.eclipse.equinox.launcher\org.eclipse.equinox.launcher.win32.win32.x86_64_1.2.300.v20210617-0451\eclipse_11502.dll

dbghelp: loaded successfully - version: 4.0.5 - missing functions: none
symbol engine: initialized successfully - sym options: 0x614 - pdb path: .;F:\java-11\bin;C:\WINDOWS\SYSTEM32;C:\WINDOWS\WinSxS\amd64_microsoft.windows.common-controls_6595b64144ccf1df_6.0.19041.1110_none_60b5254171f9507e;F:\java-11\bin\server;C:\Users\陆振亚\AppData\Roaming\Code\User\globalStorage\redhat.java\0.80.0\config_ss_win\org.eclipse.equinox.launcher\org.eclipse.equinox.launcher.win32.win32.x86_64_1.2.300.v20210617-0

VM Arguments:
jvm_args: --add-modules=ALL-SYSTEM --add-opens=java.base/java.util=ALL-UNNAMED --add-opens=java.base/java.lang=ALL-UNNAMED -Declipse.application=org.eclipse.jdt.ls.core.id1 -Dosgi.bundles.defaultStartLevel=4 -Declipse.product=org.eclipse.jdt.ls.core.product -Dfile.encoding=utf8 -DwatchParentProcess=false -XX:+UseParallelGC -XX:GCTimeRatio=4 -XX:AdaptiveSizePolicyWeight=90 -Dsun.zip.disableMemoryMapping=true -Xmx1G -Xms100m -Xverify:none 
java_command: c:\Users\陆振亚\.vscode\extensions\redhat.java-0.80.0\server\plugins\org.eclipse.equinox.launcher_1.6.200.v20210416-2027.jar -configuration c:\Users\陆振亚\AppData\Roaming\Code\User\globalStorage\redhat.java\0.80.0\config_ss_win -data c:\Users\陆振亚\AppData\Roaming\Code\User\workspaceStorage\f0c8ae5bb4345b319847acd4976223bd\redhat.java\ss_ws
java_class_path (initial): c:\Users\陆振亚\.vscode\extensions\redhat.java-0.80.0\server\plugins\org.eclipse.equinox.launcher_1.6.200.v20210416-2027.jar
Launcher Type: SUN_STANDARD

[Global flags]
    uintx AdaptiveSizePolicyWeight                 = 90                                        {product} {command line}
     bool BytecodeVerificationLocal                = false                                     {product} {command line}
     bool BytecodeVerificationRemote               = false                                     {product} {command line}
     intx CICompilerCount                          = 12                                        {product} {ergonomic}
    uintx GCTimeRatio                              = 4                                         {product} {command line}
   size_t InitialHeapSize                          = 104857600                                 {product} {command line}
   size_t MaxHeapSize                              = 1073741824                                {product} {command line}
   size_t MaxNewSize                               = 357564416                                 {product} {ergonomic}
   size_t MinHeapDeltaBytes                        = 524288                                    {product} {ergonomic}
   size_t NewSize                                  = 34603008                                  {product} {ergonomic}
    uintx NonNMethodCodeHeapSize                   = 7594288                                {pd product} {ergonomic}
    uintx NonProfiledCodeHeapSize                  = 122031976                              {pd product} {ergonomic}
   size_t OldSize                                  = 70254592                                  {product} {ergonomic}
    uintx ProfiledCodeHeapSize                     = 122031976                              {pd product} {ergonomic}
    uintx ReservedCodeCacheSize                    = 251658240                              {pd product} {ergonomic}
     bool SegmentedCodeCache                       = true                                      {product} {ergonomic}
     bool UseCompressedClassPointers               = true                                 {lp64_product} {ergonomic}
     bool UseCompressedOops                        = true                                 {lp64_product} {ergonomic}
     bool UseLargePagesIndividualAllocation        = false                                  {pd product} {ergonomic}
     bool UseParallelGC                            = true                                      {product} {command line}

Logging:
Log output configuration:
 #0: stdout all=warning uptime,level,tags
 #1: stderr all=off uptime,level,tags

Environment Variables:
JAVA_HOME=F:\java-11
CLASSPATH=;F:\java-11\lib;F:\java-11\lib\tools.jar;
PATH=F:\java-11\bin;C:\Program Files\NVIDIA GPU Computing Toolkit\CUDA\v11.1\bin;C:\Program Files\NVIDIA GPU Computing Toolkit\CUDA\v11.1\libnvvp;C:\WINDOWS\system32;C:\WINDOWS;C:\WINDOWS\System32\Wbem;C:\WINDOWS\System32\WindowsPowerShell\v1.0\;C:\WINDOWS\System32\OpenSSH\;C:\Program Files (x86)\NVIDIA Corporation\PhysX\Common;D:\texlive\2021\bin\win32;D:\Git\cmd;C:\Program Files\NVIDIA Corporation\NVIDIA NvDLISR;C:\Program Files\NVIDIA Corporation\Nsight Compute 2020.2.1\;F:\;F:\java-11\bin;C:\Users\陆振亚\AppData\Local\Microsoft\WindowsApps;C:\Users\陆振亚\AppData\Local\Programs\Microsoft VS Code\bin;C:\Users\陆振亚\AppData\Roaming\npm;F:\java-11\bin;F:\java-11\jre\bin;
USERNAME=陆振亚
OS=Windows_NT
PROCESSOR_IDENTIFIER=Intel64 Family 6 Model 167 Stepping 1, GenuineIntel



---------------  S Y S T E M  ---------------

OS: Windows 10 , 64 bit Build 19041 (10.0.19041.1151)
OS uptime: 0 days 20:40 hours

CPU:total 16 (initial active 16) (8 cores per cpu, 2 threads per core) family 6 model 167 stepping 1 microcode 0x3c, cmov, cx8, fxsr, mmx, sse, sse2, sse3, ssse3, sse4.1, sse4.2, popcnt, avx, avx2, aes, clmul, erms, 3dnowpref, lzcnt, ht, tsc, tscinvbit, bmi1, bmi2, adx, evex, sha, fma

Memory: 4k page, system-wide physical 16254M (2969M free)
TotalPageFile size 54654M (AvailPageFile size 4M)
current process WorkingSet (physical memory assigned to process): 111M, peak: 111M
current process commit charge ("private bytes"): 242M, peak: 242M

vm_info: OpenJDK 64-Bit Server VM (11.0.12+7) for windows-amd64 JRE (11.0.12+7), built on Jul 21 2021 16:23:49 by "" with unknown MS VC++:1916

END.
