#
# There is insufficient memory for the Java Runtime Environment to continue.
# Native memory allocation (malloc) failed to allocate 643376 bytes for Chunk::new
# Possible reasons:
#   The system is out of physical RAM or swap space
#   The process is running with CompressedOops enabled, and the Java Heap may be blocking the growth of the native heap
# Possible solutions:
#   Reduce memory load on the system
#   Increase physical memory or swap space
#   Check if swap backing store is full
#   Decrease Java heap size (-Xmx/-Xms)
#   Decrease number of Java threads
#   Decrease Java thread stack sizes (-Xss)
#   Set larger code cache with -XX:ReservedCodeCacheSize=
#   JVM is running with Unscaled Compressed Oops mode in which the Java heap is
#     placed in the first 4GB address space. The Java Heap base address is the
#     maximum limit for the native heap growth. Please use -XX:HeapBaseMinAddress
#     to set the Java Heap base and to place the Java Heap above 4GB virtual address.
# This output file may be truncated or incomplete.
#
#  Out of Memory Error (./src/hotspot/share/memory/arena.cpp:197), pid=5432, tid=9384
#
# JRE version: OpenJDK Runtime Environment Temurin-11.0.12+7 (11.0.12+7) (build 11.0.12+7)
# Java VM: OpenJDK 64-Bit Server VM Temurin-11.0.12+7 (11.0.12+7, mixed mode, tiered, compressed oops, parallel gc, windows-amd64)
# No core dump will be written. Minidumps are not enabled by default on client versions of Windows
#

---------------  S U M M A R Y ------------

Command Line: --add-modules=ALL-SYSTEM --add-opens=java.base/java.util=ALL-UNNAMED --add-opens=java.base/java.lang=ALL-UNNAMED -Declipse.application=org.eclipse.jdt.ls.core.id1 -Dosgi.bundles.defaultStartLevel=4 -Declipse.product=org.eclipse.jdt.ls.core.product -Dfile.encoding=utf8 -DwatchParentProcess=false -XX:+UseParallelGC -XX:GCTimeRatio=4 -XX:AdaptiveSizePolicyWeight=90 -Dsun.zip.disableMemoryMapping=true -Xmx1G -Xms100m -Xverify:none c:\Users\陆振亚\.vscode\extensions\redhat.java-0.80.0\server\plugins\org.eclipse.equinox.launcher_1.6.200.v20210416-2027.jar -configuration c:\Users\陆振亚\AppData\Roaming\Code\User\globalStorage\redhat.java\0.80.0\config_ss_win -data c:\Users\陆振亚\AppData\Roaming\Code\User\workspaceStorage\f0c8ae5bb4345b319847acd4976223bd\redhat.java\ss_ws

Host: 11th Gen Intel(R) Core(TM) i7-11700K @ 3.60GHz, 16 cores, 15G,  Windows 10 , 64 bit Build 19041 (10.0.19041.1151)
Time: Sat Aug 14 13:03:49 2021 中国标准时间 elapsed time: 1.535186 seconds (0d 0h 0m 1s)

---------------  T H R E A D  ---------------

Current thread (0x0000022c56d12000):  JavaThread "C2 CompilerThread3" daemon [_thread_in_native, id=9384, stack(0x0000009f9a700000,0x0000009f9a800000)]


Current CompileTask:
C2:   1535 3187 %     4       org.eclipse.jdt.internal.core.util.Util::splitOn @ 78 (134 bytes)

Stack: [0x0000009f9a700000,0x0000009f9a800000]
Native frames: (J=compiled Java code, j=interpreted, Vv=VM code, C=native code)
V  [jvm.dll+0x601d0a]
V  [jvm.dll+0x78ab6e]
V  [jvm.dll+0x78c23f]
V  [jvm.dll+0x78c903]
V  [jvm.dll+0x24be68]
V  [jvm.dll+0xc219c]
V  [jvm.dll+0xc275c]
V  [jvm.dll+0x354857]
V  [jvm.dll+0x321f63]
V  [jvm.dll+0x32129a]
V  [jvm.dll+0x205515]
V  [jvm.dll+0x2046fd]
V  [jvm.dll+0x1898fc]
V  [jvm.dll+0x213d67]
V  [jvm.dll+0x211f2b]
V  [jvm.dll+0x74ec19]
V  [jvm.dll+0x747c84]
V  [jvm.dll+0x600ba6]
C  [ucrtbase.dll+0x21bb2]
C  [KERNEL32.DLL+0x17034]
C  [ntdll.dll+0x52651]


---------------  P R O C E S S  ---------------

Threads class SMR info:
_java_thread_list=0x0000022c7755e0b0, length=29, elements={
0x0000022c5880c000, 0x0000022c73062000, 0x0000022c73063000, 0x0000022c73072000,
0x0000022c73074800, 0x0000022c741c5000, 0x0000022c741e6800, 0x0000022c741ed800,
0x0000022c73075800, 0x0000022c7434f000, 0x0000022c74358000, 0x0000022c7435a000,
0x0000022c76dc3000, 0x0000022c766c9000, 0x0000022c766ca000, 0x0000022c76910000,
0x0000022c76cd5800, 0x0000022c77001800, 0x0000022c7725c000, 0x0000022c7707d000,
0x0000022c774aa000, 0x0000022c56d11000, 0x0000022c56d12000, 0x0000022c774ed800,
0x0000022c77909000, 0x0000022c799af000, 0x0000022c77545000, 0x0000022c79ff1000,
0x0000022c7a223000
}

Java Threads: ( => current thread )
  0x0000022c5880c000 JavaThread "main" [_thread_blocked, id=8552, stack(0x0000009f98e00000,0x0000009f98f00000)]
  0x0000022c73062000 JavaThread "Reference Handler" daemon [_thread_blocked, id=18992, stack(0x0000009f99100000,0x0000009f99200000)]
  0x0000022c73063000 JavaThread "Finalizer" daemon [_thread_blocked, id=18980, stack(0x0000009f99200000,0x0000009f99300000)]
  0x0000022c73072000 JavaThread "Signal Dispatcher" daemon [_thread_blocked, id=11660, stack(0x0000009f99300000,0x0000009f99400000)]
  0x0000022c73074800 JavaThread "Attach Listener" daemon [_thread_blocked, id=13432, stack(0x0000009f99400000,0x0000009f99500000)]
  0x0000022c741c5000 JavaThread "Service Thread" daemon [_thread_blocked, id=20156, stack(0x0000009f99500000,0x0000009f99600000)]
  0x0000022c741e6800 JavaThread "C2 CompilerThread0" daemon [_thread_in_native, id=5352, stack(0x0000009f99600000,0x0000009f99700000)]
  0x0000022c741ed800 JavaThread "C1 CompilerThread0" daemon [_thread_blocked, id=9416, stack(0x0000009f99700000,0x0000009f99800000)]
  0x0000022c73075800 JavaThread "Sweeper thread" daemon [_thread_blocked, id=16204, stack(0x0000009f99800000,0x0000009f99900000)]
  0x0000022c7434f000 JavaThread "Common-Cleaner" daemon [_thread_blocked, id=10880, stack(0x0000009f99900000,0x0000009f99a00000)]
  0x0000022c74358000 JavaThread "C1 CompilerThread1" daemon [_thread_blocked, id=18564, stack(0x0000009f99a00000,0x0000009f99b00000)]
  0x0000022c7435a000 JavaThread "C1 CompilerThread2" daemon [_thread_blocked, id=20020, stack(0x0000009f99b00000,0x0000009f99c00000)]
  0x0000022c76dc3000 JavaThread "Active Thread: Equinox Container: 5ccebe6f-eab3-4a80-9a0f-a50de121559c" [_thread_blocked, id=8520, stack(0x0000009f99f00000,0x0000009f9a000000)]
  0x0000022c766c9000 JavaThread "Framework Event Dispatcher: Equinox Container: 5ccebe6f-eab3-4a80-9a0f-a50de121559c" daemon [_thread_blocked, id=18264, stack(0x0000009f9a300000,0x0000009f9a400000)]
  0x0000022c766ca000 JavaThread "Start Level: Equinox Container: 5ccebe6f-eab3-4a80-9a0f-a50de121559c" daemon [_thread_blocked, id=19472, stack(0x0000009f9a400000,0x0000009f9a500000)]
  0x0000022c76910000 JavaThread "SCR Component Actor" daemon [_thread_blocked, id=14380, stack(0x0000009f9a500000,0x0000009f9a600000)]
  0x0000022c76cd5800 JavaThread "Timer-0" daemon [_thread_blocked, id=17284, stack(0x0000009f9a600000,0x0000009f9a700000)]
  0x0000022c77001800 JavaThread "Worker-JM" [_thread_blocked, id=3112, stack(0x0000009f9a800000,0x0000009f9a900000)]
  0x0000022c7725c000 JavaThread "Worker-0: Initialize Workspace" [_thread_in_Java, id=18520, stack(0x0000009f9ab00000,0x0000009f9ac00000)]
  0x0000022c7707d000 JavaThread "Worker-1" [_thread_blocked, id=7756, stack(0x0000009f9ac00000,0x0000009f9ad00000)]
  0x0000022c774aa000 JavaThread "C2 CompilerThread1" daemon [_thread_in_native, id=14940, stack(0x0000009f99c00000,0x0000009f99d00000)]
  0x0000022c56d11000 JavaThread "C2 CompilerThread2" daemon [_thread_in_native, id=5424, stack(0x0000009f99e00000,0x0000009f99f00000)]
=>0x0000022c56d12000 JavaThread "C2 CompilerThread3" daemon [_thread_in_native, id=9384, stack(0x0000009f9a700000,0x0000009f9a800000)]
  0x0000022c774ed800 JavaThread "pool-1-thread-1" [_thread_blocked, id=8372, stack(0x0000009f9b100000,0x0000009f9b200000)]
  0x0000022c77909000 JavaThread "C1 CompilerThread3" daemon [_thread_blocked, id=18580, stack(0x0000009f9b200000,0x0000009f9b300000)]
  0x0000022c799af000 JavaThread "C2 CompilerThread4" daemon [_thread_in_vm, id=14720, stack(0x0000009f9b500000,0x0000009f9b600000)]
  0x0000022c77545000 JavaThread "C2 CompilerThread5" daemon [_thread_in_native, id=4160, stack(0x0000009f9b600000,0x0000009f9b700000)]
  0x0000022c79ff1000 JavaThread "C2 CompilerThread6" daemon [_thread_in_native, id=14372, stack(0x0000009f9b700000,0x0000009f9b800000)]
  0x0000022c7a223000 JavaThread "C2 CompilerThread7" daemon [_thread_in_native, id=17272, stack(0x0000009f9b800000,0x0000009f9b900000)]

Other Threads:
  0x0000022c588da800 VMThread "VM Thread" [stack: 0x0000009f99000000,0x0000009f99100000] [id=19868]
  0x0000022c7448e800 WatcherThread [stack: 0x0000009f99d00000,0x0000009f99e00000] [id=18700]
  0x0000022c58823000 GCTaskThread "ParGC Thread#0" [stack: 0x0000009f98f00000,0x0000009f99000000] [id=16868]
  0x0000022c76911000 GCTaskThread "ParGC Thread#1" [stack: 0x0000009f9a000000,0x0000009f9a100000] [id=15524]
  0x0000022c769a4800 GCTaskThread "ParGC Thread#2" [stack: 0x0000009f9a100000,0x0000009f9a200000] [id=15952]
  0x0000022c769a5000 GCTaskThread "ParGC Thread#3" [stack: 0x0000009f9a200000,0x0000009f9a300000] [id=20128]
  0x0000022c77084800 GCTaskThread "ParGC Thread#4" [stack: 0x0000009f9a900000,0x0000009f9aa00000] [id=12580]
  0x0000022c7725b800 GCTaskThread "ParGC Thread#5" [stack: 0x0000009f9aa00000,0x0000009f9ab00000] [id=9068]
  0x0000022c77693800 GCTaskThread "ParGC Thread#6" [stack: 0x0000009f9ad00000,0x0000009f9ae00000] [id=1852]
  0x0000022c77521800 GCTaskThread "ParGC Thread#7" [stack: 0x0000009f9ae00000,0x0000009f9af00000] [id=9988]
  0x0000022c77522800 GCTaskThread "ParGC Thread#8" [stack: 0x0000009f9af00000,0x0000009f9b000000] [id=1112]
  0x0000022c77523000 GCTaskThread "ParGC Thread#9" [stack: 0x0000009f9b000000,0x0000009f9b100000] [id=16416]
  0x0000022c7779b000 GCTaskThread "ParGC Thread#10" [stack: 0x0000009f9b300000,0x0000009f9b400000] [id=17224]
  0x0000022c77c4a800 GCTaskThread "ParGC Thread#11" [stack: 0x0000009f9b400000,0x0000009f9b500000] [id=15860]

Threads with active compile tasks:
C2 CompilerThread0   1550 3096       4       jdk.internal.jrtfs.JrtFileSystem::checkNode (40 bytes)
C2 CompilerThread1   1551 3100       4       jdk.internal.jrtfs.SystemImage$1::findNode (9 bytes)
C2 CompilerThread2   1551 3165       4       jdk.internal.jimage.BasicImageReader::getAttributes (48 bytes)
C2 CompilerThread3   1551 3187 %     4       org.eclipse.jdt.internal.core.util.Util::splitOn @ 78 (134 bytes)
C2 CompilerThread4   1551 3152   !   4       java.nio.file.FileTreeWalker::visit (204 bytes)
C2 CompilerThread5   1551 3118       4       jdk.internal.jimage.ImageReader$SharedImageReader::makeDirectories (54 bytes)
C2 CompilerThread6   1551 3122       4       java.util.stream.StreamSpliterators$AbstractWrappingSpliterator::doAdvance (106 bytes)
C2 CompilerThread7   1551 3139   !   4       java.nio.file.FileTreeWalker::next (144 bytes)

VM state:not at safepoint (normal execution)

VM Mutex/Monitor currently owned by a thread: None

Heap address: 0x00000000c0000000, size: 1024 MB, Compressed Oops mode: 32-bit
Narrow klass base: 0x0000000000000000, Narrow klass shift: 3
Compressed class space size: 1073741824 Address: 0x0000000100000000

Heap:
 PSYoungGen      total 29696K, used 8500K [0x00000000eab00000, 0x00000000ecc00000, 0x0000000100000000)
  eden space 25600K, 17% used [0x00000000eab00000,0x00000000eaf51e88,0x00000000ec400000)
  from space 4096K, 99% used [0x00000000ec400000,0x00000000ec7fb290,0x00000000ec800000)
  to   space 4096K, 0% used [0x00000000ec800000,0x00000000ec800000,0x00000000ecc00000)
 ParOldGen       total 68608K, used 9325K [0x00000000c0000000, 0x00000000c4300000, 0x00000000eab00000)
  object space 68608K, 13% used [0x00000000c0000000,0x00000000c091b720,0x00000000c4300000)
 Metaspace       used 31044K, capacity 32865K, committed 33152K, reserved 1079296K
  class space    used 2963K, capacity 3619K, committed 3712K, reserved 1048576K

Card table byte_map: [0x0000022c70110000,0x0000022c70320000] _byte_map_base: 0x0000022c6fb10000

Marking Bits: (ParMarkBitMap*) 0x00007ffac573bcf0
 Begin Bits: [0x0000022c70480000, 0x0000022c71480000)
 End Bits:   [0x0000022c71480000, 0x0000022c72480000)

Polling page: 0x0000022c56fe0000

Metaspace:

Usage:
  Non-class:     28.56 MB capacity,    27.42 MB ( 96%) used,     1.08 MB (  4%) free+waste,    63.69 KB ( <1%) overhead. 
      Class:      3.53 MB capacity,     2.89 MB ( 82%) used,   624.98 KB ( 17%) free+waste,    30.63 KB ( <1%) overhead. 
       Both:     32.09 MB capacity,    30.32 MB ( 94%) used,     1.69 MB (  5%) free+waste,    94.31 KB ( <1%) overhead. 

Virtual space:
  Non-class space:       30.00 MB reserved,      28.75 MB ( 96%) committed 
      Class space:        1.00 GB reserved,       3.63 MB ( <1%) committed 
             Both:        1.03 GB reserved,      32.38 MB (  3%) committed 

Chunk freelists:
   Non-Class:  2.00 KB
       Class:  0 bytes
        Both:  2.00 KB

MaxMetaspaceSize: 17179869184.00 GB
CompressedClassSpaceSize: 1.00 GB
Initial GC threshold: 20.80 MB
Current GC threshold: 34.59 MB
CDS: off

CodeHeap 'non-profiled nmethods': size=119168Kb used=1227Kb max_used=1227Kb free=117940Kb
 bounds [0x0000022c68ad0000, 0x0000022c68d40000, 0x0000022c6ff30000]
CodeHeap 'profiled nmethods': size=119168Kb used=7005Kb max_used=7005Kb free=112162Kb
 bounds [0x0000022c61670000, 0x0000022c61d50000, 0x0000022c68ad0000]
CodeHeap 'non-nmethods': size=7424Kb used=2957Kb max_used=2987Kb free=4466Kb
 bounds [0x0000022c60f30000, 0x0000022c61220000, 0x0000022c61670000]
 total_blobs=3728 nmethods=3191 adapters=447
 compilation: enabled
              stopped_count=0, restarted_count=0
 full_count=0

Compilation events (20 events):
Event: 1.530 Thread 0x0000022c77909000 3202       1       org.eclipse.core.internal.resources.ResourceInfo::getFlags (5 bytes)
Event: 1.531 Thread 0x0000022c77909000 nmethod 3202 0x0000022c68bf8290 code [0x0000022c68bf8440, 0x0000022c68bf84f8]
Event: 1.531 Thread 0x0000022c74358000 3203  s    3       org.eclipse.jdt.internal.core.JavaModelManager::getInfo (36 bytes)
Event: 1.531 Thread 0x0000022c74358000 nmethod 3203 0x0000022c61d3eb10 code [0x0000022c61d3ed00, 0x0000022c61d3f308]
Event: 1.531 Thread 0x0000022c7435a000 nmethod 3192 0x0000022c61d31d90 code [0x0000022c61d32700, 0x0000022c61d3ca48]
Event: 1.532 Thread 0x0000022c741ed800 3204  s    1       java.lang.StringBuffer::length (5 bytes)
Event: 1.532 Thread 0x0000022c741ed800 nmethod 3204 0x0000022c68bf8590 code [0x0000022c68bf8740, 0x0000022c68bf8958]
Event: 1.532 Thread 0x0000022c77909000 3205       3       org.eclipse.core.runtime.Assert::isLegal (15 bytes)
Event: 1.532 Thread 0x0000022c74358000 3206       3       org.eclipse.core.runtime.Assert::isLegal (7 bytes)
Event: 1.532 Thread 0x0000022c77909000 nmethod 3205 0x0000022c61d3f490 code [0x0000022c61d3f660, 0x0000022c61d3f7e8]
Event: 1.532 Thread 0x0000022c74358000 nmethod 3206 0x0000022c61d3f910 code [0x0000022c61d3fae0, 0x0000022c61d3fce8]
Event: 1.532 Thread 0x0000022c7435a000 3207       3       java.lang.Integer::parseInt (259 bytes)
Event: 1.532 Thread 0x0000022c741ed800 3208       1       org.eclipse.core.runtime.Status::setCode (6 bytes)
Event: 1.532 Thread 0x0000022c77909000 3209       1       org.eclipse.core.runtime.Status::setException (6 bytes)
Event: 1.532 Thread 0x0000022c74358000 3210       3       java.text.MessageFormat::applyPattern (422 bytes)
Event: 1.532 Thread 0x0000022c741ed800 nmethod 3208 0x0000022c68bf8a10 code [0x0000022c68bf8bc0, 0x0000022c68bf8c78]
Event: 1.532 Thread 0x0000022c77909000 nmethod 3209 0x0000022c68bf8d10 code [0x0000022c68bf8ec0, 0x0000022c68bf8f98]
Event: 1.533 Thread 0x0000022c741ed800 3211  s    3       java.lang.StringBuffer::append (15 bytes)
Event: 1.533 Thread 0x0000022c741ed800 nmethod 3211 0x0000022c61d3fe10 code [0x0000022c61d3ffc0, 0x0000022c61d40288]
Event: 1.533 Thread 0x0000022c7435a000 nmethod 3207 0x0000022c61d40390 code [0x0000022c61d40860, 0x0000022c61d42938]

GC Heap History (10 events):
Event: 0.389 GC heap before
{Heap before GC invocations=1 (full 0):
 PSYoungGen      total 29696K, used 25600K [0x00000000eab00000, 0x00000000ecc00000, 0x0000000100000000)
  eden space 25600K, 100% used [0x00000000eab00000,0x00000000ec400000,0x00000000ec400000)
  from space 4096K, 0% used [0x00000000ec800000,0x00000000ec800000,0x00000000ecc00000)
  to   space 4096K, 0% used [0x00000000ec400000,0x00000000ec400000,0x00000000ec800000)
 ParOldGen       total 68608K, used 0K [0x00000000c0000000, 0x00000000c4300000, 0x00000000eab00000)
  object space 68608K, 0% used [0x00000000c0000000,0x00000000c0000000,0x00000000c4300000)
 Metaspace       used 13187K, capacity 13410K, committed 13568K, reserved 1060864K
  class space    used 1197K, capacity 1256K, committed 1280K, reserved 1048576K
}
Event: 0.392 GC heap after
{Heap after GC invocations=1 (full 0):
 PSYoungGen      total 29696K, used 4068K [0x00000000eab00000, 0x00000000ecc00000, 0x0000000100000000)
  eden space 25600K, 0% used [0x00000000eab00000,0x00000000eab00000,0x00000000ec400000)
  from space 4096K, 99% used [0x00000000ec400000,0x00000000ec7f9338,0x00000000ec800000)
  to   space 4096K, 0% used [0x00000000ec800000,0x00000000ec800000,0x00000000ecc00000)
 ParOldGen       total 68608K, used 48K [0x00000000c0000000, 0x00000000c4300000, 0x00000000eab00000)
  object space 68608K, 0% used [0x00000000c0000000,0x00000000c000c000,0x00000000c4300000)
 Metaspace       used 13187K, capacity 13410K, committed 13568K, reserved 1060864K
  class space    used 1197K, capacity 1256K, committed 1280K, reserved 1048576K
}
Event: 0.595 GC heap before
{Heap before GC invocations=2 (full 0):
 PSYoungGen      total 29696K, used 19809K [0x00000000eab00000, 0x00000000ecc00000, 0x0000000100000000)
  eden space 25600K, 61% used [0x00000000eab00000,0x00000000eba5f4b8,0x00000000ec400000)
  from space 4096K, 99% used [0x00000000ec400000,0x00000000ec7f9338,0x00000000ec800000)
  to   space 4096K, 0% used [0x00000000ec800000,0x00000000ec800000,0x00000000ecc00000)
 ParOldGen       total 68608K, used 48K [0x00000000c0000000, 0x00000000c4300000, 0x00000000eab00000)
  object space 68608K, 0% used [0x00000000c0000000,0x00000000c000c000,0x00000000c4300000)
 Metaspace       used 20202K, capacity 21204K, committed 21248K, reserved 1069056K
  class space    used 1906K, capacity 2263K, committed 2304K, reserved 1048576K
}
Event: 0.598 GC heap after
{Heap after GC invocations=2 (full 0):
 PSYoungGen      total 29696K, used 4091K [0x00000000eab00000, 0x00000000ecc00000, 0x0000000100000000)
  eden space 25600K, 0% used [0x00000000eab00000,0x00000000eab00000,0x00000000ec400000)
  from space 4096K, 99% used [0x00000000ec800000,0x00000000ecbfedd0,0x00000000ecc00000)
  to   space 4096K, 0% used [0x00000000ec400000,0x00000000ec400000,0x00000000ec800000)
 ParOldGen       total 68608K, used 1904K [0x00000000c0000000, 0x00000000c4300000, 0x00000000eab00000)
  object space 68608K, 2% used [0x00000000c0000000,0x00000000c01dc0d0,0x00000000c4300000)
 Metaspace       used 20202K, capacity 21204K, committed 21248K, reserved 1069056K
  class space    used 1906K, capacity 2263K, committed 2304K, reserved 1048576K
}
Event: 0.598 GC heap before
{Heap before GC invocations=3 (full 1):
 PSYoungGen      total 29696K, used 4091K [0x00000000eab00000, 0x00000000ecc00000, 0x0000000100000000)
  eden space 25600K, 0% used [0x00000000eab00000,0x00000000eab00000,0x00000000ec400000)
  from space 4096K, 99% used [0x00000000ec800000,0x00000000ecbfedd0,0x00000000ecc00000)
  to   space 4096K, 0% used [0x00000000ec400000,0x00000000ec400000,0x00000000ec800000)
 ParOldGen       total 68608K, used 1904K [0x00000000c0000000, 0x00000000c4300000, 0x00000000eab00000)
  object space 68608K, 2% used [0x00000000c0000000,0x00000000c01dc0d0,0x00000000c4300000)
 Metaspace       used 20202K, capacity 21204K, committed 21248K, reserved 1069056K
  class space    used 1906K, capacity 2263K, committed 2304K, reserved 1048576K
}
Event: 0.617 GC heap after
{Heap after GC invocations=3 (full 1):
 PSYoungGen      total 29696K, used 0K [0x00000000eab00000, 0x00000000ecc00000, 0x0000000100000000)
  eden space 25600K, 0% used [0x00000000eab00000,0x00000000eab00000,0x00000000ec400000)
  from space 4096K, 0% used [0x00000000ec800000,0x00000000ec800000,0x00000000ecc00000)
  to   space 4096K, 0% used [0x00000000ec400000,0x00000000ec400000,0x00000000ec800000)
 ParOldGen       total 68608K, used 5942K [0x00000000c0000000, 0x00000000c4300000, 0x00000000eab00000)
  object space 68608K, 8% used [0x00000000c0000000,0x00000000c05cd9e8,0x00000000c4300000)
 Metaspace       used 20202K, capacity 21204K, committed 21248K, reserved 1069056K
  class space    used 1906K, capacity 2263K, committed 2304K, reserved 1048576K
}
Event: 1.319 GC heap before
{Heap before GC invocations=4 (full 1):
 PSYoungGen      total 29696K, used 25600K [0x00000000eab00000, 0x00000000ecc00000, 0x0000000100000000)
  eden space 25600K, 100% used [0x00000000eab00000,0x00000000ec400000,0x00000000ec400000)
  from space 4096K, 0% used [0x00000000ec800000,0x00000000ec800000,0x00000000ecc00000)
  to   space 4096K, 0% used [0x00000000ec400000,0x00000000ec400000,0x00000000ec800000)
 ParOldGen       total 68608K, used 5942K [0x00000000c0000000, 0x00000000c4300000, 0x00000000eab00000)
  object space 68608K, 8% used [0x00000000c0000000,0x00000000c05cd9e8,0x00000000c4300000)
 Metaspace       used 26975K, capacity 28635K, committed 28800K, reserved 1075200K
  class space    used 2550K, capacity 3130K, committed 3200K, reserved 1048576K
}
Event: 1.320 GC heap after
{Heap after GC invocations=4 (full 1):
 PSYoungGen      total 29696K, used 2731K [0x00000000eab00000, 0x00000000ecc00000, 0x0000000100000000)
  eden space 25600K, 0% used [0x00000000eab00000,0x00000000eab00000,0x00000000ec400000)
  from space 4096K, 66% used [0x00000000ec400000,0x00000000ec6aadd8,0x00000000ec800000)
  to   space 4096K, 0% used [0x00000000ec800000,0x00000000ec800000,0x00000000ecc00000)
 ParOldGen       total 68608K, used 5958K [0x00000000c0000000, 0x00000000c4300000, 0x00000000eab00000)
  object space 68608K, 8% used [0x00000000c0000000,0x00000000c05d1a00,0x00000000c4300000)
 Metaspace       used 26975K, capacity 28635K, committed 28800K, reserved 1075200K
  class space    used 2550K, capacity 3130K, committed 3200K, reserved 1048576K
}
Event: 1.482 GC heap before
{Heap before GC invocations=5 (full 1):
 PSYoungGen      total 29696K, used 28331K [0x00000000eab00000, 0x00000000ecc00000, 0x0000000100000000)
  eden space 25600K, 100% used [0x00000000eab00000,0x00000000ec400000,0x00000000ec400000)
  from space 4096K, 66% used [0x00000000ec400000,0x00000000ec6aadd8,0x00000000ec800000)
  to   space 4096K, 0% used [0x00000000ec800000,0x00000000ec800000,0x00000000ecc00000)
 ParOldGen       total 68608K, used 5958K [0x00000000c0000000, 0x00000000c4300000, 0x00000000eab00000)
  object space 68608K, 8% used [0x00000000c0000000,0x00000000c05d1a00,0x00000000c4300000)
 Metaspace       used 30943K, capacity 32800K, committed 32896K, reserved 1079296K
  class space    used 2958K, capacity 3619K, committed 3712K, reserved 1048576K
}
Event: 1.484 GC heap after
{Heap after GC invocations=5 (full 1):
 PSYoungGen      total 29696K, used 4076K [0x00000000eab00000, 0x00000000ecc00000, 0x0000000100000000)
  eden space 25600K, 0% used [0x00000000eab00000,0x00000000eab00000,0x00000000ec400000)
  from space 4096K, 99% used [0x00000000ec800000,0x00000000ecbfb038,0x00000000ecc00000)
  to   space 4096K, 0% used [0x00000000ec400000,0x00000000ec400000,0x00000000ec800000)
 ParOldGen       total 68608K, used 7017K [0x00000000c0000000, 0x00000000c4300000, 0x00000000eab00000)
  object space 68608K, 10% used [0x00000000c0000000,0x00000000c06da640,0x00000000c4300000)
 Metaspace       used 30943K, capacity 32800K, committed 32896K, reserved 1079296K
  class space    used 2958K, capacity 3619K, committed 3712K, reserved 1048576K
}

Deoptimization events (20 events):
Event: 1.498 Thread 0x0000022c7725c000 Uncommon trap: trap_request=0xffffff4d fr.pc=0x0000022c68be8620 relative=0x0000000000000360
Event: 1.498 Thread 0x0000022c7725c000 Uncommon trap: reason=unstable_if action=reinterpret pc=0x0000022c68be8620 method=jdk.internal.jimage.ImageReader$SharedImageReader.findNode(Ljava/lang/String;)Ljdk/internal/jimage/ImageReader$Node; @ 25 c2
Event: 1.498 Thread 0x0000022c7725c000 DEOPT PACKING pc=0x0000022c68be8620 sp=0x0000009f9abfdca0
Event: 1.498 Thread 0x0000022c7725c000 DEOPT UNPACKING pc=0x0000022c60f385af sp=0x0000009f9abfdcb8 mode 2
Event: 1.518 Thread 0x0000022c7725c000 Uncommon trap: trap_request=0xffffffbe fr.pc=0x0000022c68bf45ac relative=0x000000000000278c
Event: 1.518 Thread 0x0000022c7725c000 Uncommon trap: reason=profile_predicate action=maybe_recompile pc=0x0000022c68bf45ac method=org.eclipse.jdt.internal.core.util.Util.splitOn(CLjava/lang/String;II)[Ljava/lang/String; @ 56 c2
Event: 1.518 Thread 0x0000022c7725c000 DEOPT PACKING pc=0x0000022c68bf45ac sp=0x0000009f9abfde20
Event: 1.518 Thread 0x0000022c7725c000 DEOPT UNPACKING pc=0x0000022c60f385af sp=0x0000009f9abfddf8 mode 2
Event: 1.518 Thread 0x0000022c7725c000 Uncommon trap: trap_request=0xffffffbe fr.pc=0x0000022c68bf45ac relative=0x000000000000278c
Event: 1.518 Thread 0x0000022c7725c000 Uncommon trap: reason=profile_predicate action=maybe_recompile pc=0x0000022c68bf45ac method=org.eclipse.jdt.internal.core.util.Util.splitOn(CLjava/lang/String;II)[Ljava/lang/String; @ 56 c2
Event: 1.518 Thread 0x0000022c7725c000 DEOPT PACKING pc=0x0000022c68bf45ac sp=0x0000009f9abfde20
Event: 1.518 Thread 0x0000022c7725c000 DEOPT UNPACKING pc=0x0000022c60f385af sp=0x0000009f9abfddf8 mode 2
Event: 1.518 Thread 0x0000022c7725c000 Uncommon trap: trap_request=0xffffffbe fr.pc=0x0000022c68bf45ac relative=0x000000000000278c
Event: 1.518 Thread 0x0000022c7725c000 Uncommon trap: reason=profile_predicate action=maybe_recompile pc=0x0000022c68bf45ac method=org.eclipse.jdt.internal.core.util.Util.splitOn(CLjava/lang/String;II)[Ljava/lang/String; @ 56 c2
Event: 1.518 Thread 0x0000022c7725c000 DEOPT PACKING pc=0x0000022c68bf45ac sp=0x0000009f9abfde20
Event: 1.518 Thread 0x0000022c7725c000 DEOPT UNPACKING pc=0x0000022c60f385af sp=0x0000009f9abfddf8 mode 2
Event: 1.518 Thread 0x0000022c7725c000 Uncommon trap: trap_request=0xffffffbe fr.pc=0x0000022c68bf45ac relative=0x000000000000278c
Event: 1.518 Thread 0x0000022c7725c000 Uncommon trap: reason=profile_predicate action=maybe_recompile pc=0x0000022c68bf45ac method=org.eclipse.jdt.internal.core.util.Util.splitOn(CLjava/lang/String;II)[Ljava/lang/String; @ 56 c2
Event: 1.518 Thread 0x0000022c7725c000 DEOPT PACKING pc=0x0000022c68bf45ac sp=0x0000009f9abfde20
Event: 1.518 Thread 0x0000022c7725c000 DEOPT UNPACKING pc=0x0000022c60f385af sp=0x0000009f9abfddf8 mode 2

Classes redefined (0 events):
No events

Internal exceptions (20 events):
Event: 0.431 Thread 0x0000022c766ca000 Exception <a 'java/lang/NoSuchMethodError'{0x00000000eaea87c8}: 'java.lang.Object java.lang.invoke.DirectMethodHandle$Holder.invokeSpecial(java.lang.Object, java.lang.Object, int, int, java.lang.Object, java.lang.Object, java.lang.Object)'> (0x00000000eaea87c8) thrown at [./src/hotspot/share/interpreter/linkResolver.cpp, line 773]
Event: 0.431 Thread 0x0000022c766ca000 Exception <a 'java/lang/NoSuchMethodError'{0x00000000eaeac000}: 'java.lang.Object java.lang.invoke.DelegatingMethodHandle$Holder.reinvoke_L(java.lang.Object, int, int, java.lang.Object, java.lang.Object, java.lang.Object)'> (0x00000000eaeac000) thrown at [./src/hotspot/share/interpreter/linkResolver.cpp, line 773]
Event: 0.432 Thread 0x0000022c766ca000 Exception <a 'java/lang/NoSuchMethodError'{0x00000000eaeb0380}: 'java.lang.Object java.lang.invoke.DirectMethodHandle$Holder.invokeStatic(java.lang.Object, java.lang.Object, java.lang.Object, java.lang.Object, int)'> (0x00000000eaeb0380) thrown at [./src/hotspot/share/interpreter/linkResolver.cpp, line 773]
Event: 0.480 Thread 0x0000022c766ca000 Exception <a 'java/io/FileNotFoundException'{0x00000000eb1cfbc8}> (0x00000000eb1cfbc8) thrown at [./src/hotspot/share/prims/jni.cpp, line 615]
Event: 0.549 Thread 0x0000022c766ca000 Exception <a 'java/io/FileNotFoundException'{0x00000000eb6eeab0}> (0x00000000eb6eeab0) thrown at [./src/hotspot/share/prims/jni.cpp, line 615]
Event: 0.588 Thread 0x0000022c766ca000 Exception <a 'java/lang/NoSuchMethodError'{0x00000000eb9ff520}: 'int java.lang.invoke.DirectMethodHandle$Holder.invokeStaticInit(java.lang.Object, java.lang.Object, java.lang.Object)'> (0x00000000eb9ff520) thrown at [./src/hotspot/share/interpreter/linkResolver.cpp, line 773]
Event: 0.590 Thread 0x0000022c766ca000 Exception <a 'java/lang/IncompatibleClassChangeError'{0x00000000eba36d30}: Found class java.lang.Object, but interface was expected> (0x00000000eba36d30) thrown at [./src/hotspot/share/interpreter/linkResolver.cpp, line 839]
Event: 0.683 Thread 0x0000022c766ca000 Exception <a 'java/lang/ClassNotFoundException'{0x00000000eba92ab0}: com/sun/org/apache/xerces/internal/impl/msg/spi/DOMMessagesProvider> (0x00000000eba92ab0) thrown at [./src/hotspot/share/classfile/systemDictionary.cpp, line 231]
Event: 0.684 Thread 0x0000022c766ca000 Implicit null exception at 0x0000022c68b7cd89 to 0x0000022c68b7dadc
Event: 0.685 Thread 0x0000022c766ca000 Exception <a 'java/lang/ClassNotFoundException'{0x00000000ebab4e10}: com/sun/org/apache/xerces/internal/impl/msg/spi/XMLSerializerMessagesProvider> (0x00000000ebab4e10) thrown at [./src/hotspot/share/classfile/systemDictionary.cpp, line 231]
Event: 0.685 Thread 0x0000022c766ca000 Exception <a 'java/lang/ClassNotFoundException'{0x00000000ebacadd8}: com/sun/org/apache/xerces/internal/impl/msg/spi/XMLMessagesProvider> (0x00000000ebacadd8) thrown at [./src/hotspot/share/classfile/systemDictionary.cpp, line 231]
Event: 1.229 Thread 0x0000022c766ca000 Exception <a 'java/lang/ClassNotFoundException'{0x00000000ebd9a698}: com/sun/org/apache/xml/internal/serializer/spi/XMLEntitiesProvider> (0x00000000ebd9a698) thrown at [./src/hotspot/share/classfile/systemDictionary.cpp, line 231]
Event: 1.266 Thread 0x0000022c766ca000 Exception <a 'java/io/FileNotFoundException'{0x00000000ec015908}> (0x00000000ec015908) thrown at [./src/hotspot/share/prims/jni.cpp, line 615]
Event: 1.271 Thread 0x0000022c766ca000 Exception <a 'java/io/FileNotFoundException'{0x00000000ec046330}> (0x00000000ec046330) thrown at [./src/hotspot/share/prims/jni.cpp, line 615]
Event: 1.273 Thread 0x0000022c766ca000 Exception <a 'java/io/FileNotFoundException'{0x00000000ec07c0d0}> (0x00000000ec07c0d0) thrown at [./src/hotspot/share/prims/jni.cpp, line 615]
Event: 1.292 Thread 0x0000022c5880c000 Exception <a 'java/lang/NoSuchMethodError'{0x00000000ec179468}: 'void java.lang.invoke.DirectMethodHandle$Holder.invokeStatic(java.lang.Object, java.lang.Object, java.lang.Object, java.lang.Object)'> (0x00000000ec179468) thrown at [./src/hotspot/share/interpreter/linkResolver.cpp, line 773]
Event: 1.358 Thread 0x0000022c774ed800 Exception <a 'java/io/FileNotFoundException'{0x00000000eae2df68}> (0x00000000eae2df68) thrown at [./src/hotspot/share/prims/jni.cpp, line 615]
Event: 1.478 Thread 0x0000022c7725c000 Exception <a 'java/io/FileNotFoundException'{0x00000000ec2e9b68}> (0x00000000ec2e9b68) thrown at [./src/hotspot/share/prims/jni.cpp, line 615]
Event: 1.478 Thread 0x0000022c7725c000 Exception <a 'java/io/FileNotFoundException'{0x00000000ec2ec188}> (0x00000000ec2ec188) thrown at [./src/hotspot/share/prims/jni.cpp, line 615]
Event: 1.479 Thread 0x0000022c7725c000 Exception <a 'java/lang/NoSuchMethodError'{0x00000000ec2f5640}: 'void java.lang.invoke.DirectMethodHandle$Holder.invokeStaticInit(java.lang.Object, java.lang.Object, java.lang.Object)'> (0x00000000ec2f5640) thrown at [./src/hotspot/share/interpreter/linkResolver.cpp, line 773]

Events (20 events):
Event: 1.479 loading class org/eclipse/osgi/service/debug/DebugOptions
Event: 1.479 loading class org/eclipse/osgi/service/debug/DebugOptions done
Event: 1.479 loading class org/eclipse/osgi/service/debug/DebugOptions
Event: 1.479 loading class org/eclipse/osgi/service/debug/DebugOptions done
Event: 1.480 loading class org/eclipse/core/runtime/ServiceCaller$ReferenceAndService
Event: 1.480 loading class org/eclipse/core/runtime/ServiceCaller$ReferenceAndService done
Event: 1.480 Executing VM operation: RevokeBias
Event: 1.480 Executing VM operation: RevokeBias done
Event: 1.482 Executing VM operation: ParallelGCFailedAllocation
Event: 1.484 Executing VM operation: ParallelGCFailedAllocation done
Event: 1.484 Executing VM operation: RevokeBias
Event: 1.485 Executing VM operation: RevokeBias done
Event: 1.485 Executing VM operation: RevokeBias
Event: 1.485 Executing VM operation: RevokeBias done
Event: 1.497 Thread 0x0000022c799af000 Thread added: 0x0000022c799af000
Event: 1.497 Thread 0x0000022c77545000 Thread added: 0x0000022c77545000
Event: 1.498 Executing VM operation: RevokeBias
Event: 1.498 Executing VM operation: RevokeBias done
Event: 1.511 Thread 0x0000022c79ff1000 Thread added: 0x0000022c79ff1000
Event: 1.512 Thread 0x0000022c7a223000 Thread added: 0x0000022c7a223000


Dynamic libraries:
0x00007ff730700000 - 0x00007ff73070d000 	F:\java-11\bin\java.exe
0x00007ffb265f0000 - 0x00007ffb267e5000 	C:\WINDOWS\SYSTEM32\ntdll.dll
0x00007ffb26080000 - 0x00007ffb2613d000 	C:\WINDOWS\System32\KERNEL32.DLL
0x00007ffb24270000 - 0x00007ffb24539000 	C:\WINDOWS\System32\KERNELBASE.dll
0x00007ffb23f60000 - 0x00007ffb24060000 	C:\WINDOWS\System32\ucrtbase.dll
0x00007ffb0f580000 - 0x00007ffb0f597000 	F:\java-11\bin\jli.dll
0x00007ffb0f530000 - 0x00007ffb0f545000 	F:\java-11\bin\VCRUNTIME140.dll
0x00007ffb25e70000 - 0x00007ffb26010000 	C:\WINDOWS\System32\USER32.dll
0x00007ffb24090000 - 0x00007ffb240b2000 	C:\WINDOWS\System32\win32u.dll
0x00007ffb16a20000 - 0x00007ffb16cba000 	C:\WINDOWS\WinSxS\amd64_microsoft.windows.common-controls_6595b64144ccf1df_6.0.19041.1110_none_60b5254171f9507e\COMCTL32.dll
0x00007ffb24b20000 - 0x00007ffb24b4a000 	C:\WINDOWS\System32\GDI32.dll
0x00007ffb24b70000 - 0x00007ffb24c0e000 	C:\WINDOWS\System32\msvcrt.dll
0x00007ffb240c0000 - 0x00007ffb241cb000 	C:\WINDOWS\System32\gdi32full.dll
0x00007ffb241d0000 - 0x00007ffb2426d000 	C:\WINDOWS\System32\msvcp_win.dll
0x00007ffb24c10000 - 0x00007ffb24c40000 	C:\WINDOWS\System32\IMM32.DLL
0x00007ffaecb80000 - 0x00007ffaecc1b000 	F:\java-11\bin\msvcp140.dll
0x00007ffac4ca0000 - 0x00007ffac57f9000 	F:\java-11\bin\server\jvm.dll
0x00007ffb26140000 - 0x00007ffb261ec000 	C:\WINDOWS\System32\ADVAPI32.dll
0x00007ffb24830000 - 0x00007ffb248cb000 	C:\WINDOWS\System32\sechost.dll
0x00007ffb24e80000 - 0x00007ffb24faa000 	C:\WINDOWS\System32\RPCRT4.dll
0x00007ffb26070000 - 0x00007ffb26078000 	C:\WINDOWS\System32\PSAPI.DLL
0x00007ffb15ea0000 - 0x00007ffb15ea9000 	C:\WINDOWS\SYSTEM32\WSOCK32.dll
0x00007ffb19e90000 - 0x00007ffb19eb7000 	C:\WINDOWS\SYSTEM32\WINMM.dll
0x00007ffb1e290000 - 0x00007ffb1e29a000 	C:\WINDOWS\SYSTEM32\VERSION.dll
0x00007ffb25430000 - 0x00007ffb2549b000 	C:\WINDOWS\System32\WS2_32.dll
0x00007ffb21c50000 - 0x00007ffb21c62000 	C:\WINDOWS\SYSTEM32\kernel.appcore.dll
0x00007ffb1c990000 - 0x00007ffb1c9a0000 	F:\java-11\bin\verify.dll
0x00007ffb09590000 - 0x00007ffb09774000 	C:\WINDOWS\SYSTEM32\DBGHELP.DLL
0x00007ffb07f60000 - 0x00007ffb07f8c000 	C:\WINDOWS\SYSTEM32\dbgcore.DLL
0x00007ffb23ed0000 - 0x00007ffb23f53000 	C:\WINDOWS\System32\bcryptPrimitives.dll
0x00007ffb0a320000 - 0x00007ffb0a348000 	F:\java-11\bin\java.dll
0x00007ffb1a830000 - 0x00007ffb1a83a000 	F:\java-11\bin\jimage.dll
0x00007ffb0cf80000 - 0x00007ffb0cf97000 	F:\java-11\bin\zip.dll
0x00007ffb25580000 - 0x00007ffb25cbf000 	C:\WINDOWS\System32\SHELL32.dll
0x00007ffb21e50000 - 0x00007ffb225e0000 	C:\WINDOWS\SYSTEM32\windows.storage.dll
0x00007ffb261f0000 - 0x00007ffb26545000 	C:\WINDOWS\System32\combase.dll
0x00007ffb23780000 - 0x00007ffb237ac000 	C:\WINDOWS\SYSTEM32\Wldp.dll
0x00007ffb24d30000 - 0x00007ffb24dde000 	C:\WINDOWS\System32\SHCORE.dll
0x00007ffb26010000 - 0x00007ffb26065000 	C:\WINDOWS\System32\shlwapi.dll
0x00007ffb23c60000 - 0x00007ffb23c7f000 	C:\WINDOWS\SYSTEM32\profapi.dll
0x00007ffb0cf40000 - 0x00007ffb0cf59000 	F:\java-11\bin\net.dll
0x00007ffb1d610000 - 0x00007ffb1d718000 	C:\WINDOWS\SYSTEM32\WINHTTP.dll
0x00007ffb234e0000 - 0x00007ffb2354a000 	C:\WINDOWS\system32\mswsock.dll
0x00007ffb0cee0000 - 0x00007ffb0cef2000 	F:\java-11\bin\nio.dll
0x00007ffb236d0000 - 0x00007ffb236e8000 	C:\WINDOWS\SYSTEM32\CRYPTSP.dll
0x00007ffb22df0000 - 0x00007ffb22e24000 	C:\WINDOWS\system32\rsaenh.dll
0x00007ffb24060000 - 0x00007ffb24087000 	C:\WINDOWS\System32\bcrypt.dll
0x00007ffb23c20000 - 0x00007ffb23c4e000 	C:\WINDOWS\SYSTEM32\USERENV.dll
0x00007ffb236f0000 - 0x00007ffb236fc000 	C:\WINDOWS\SYSTEM32\CRYPTBASE.dll
0x00007ffb23180000 - 0x00007ffb231bb000 	C:\WINDOWS\SYSTEM32\IPHLPAPI.DLL
0x00007ffb24c40000 - 0x00007ffb24c48000 	C:\WINDOWS\System32\NSI.dll
0x00007ffb1e930000 - 0x00007ffb1e947000 	C:\WINDOWS\SYSTEM32\dhcpcsvc6.DLL
0x00007ffb1e910000 - 0x00007ffb1e92d000 	C:\WINDOWS\SYSTEM32\dhcpcsvc.DLL
0x00007ffb231c0000 - 0x00007ffb2328c000 	C:\WINDOWS\SYSTEM32\DNSAPI.dll
0x00007ffb00e10000 - 0x00007ffb00e4e000 	C:\Users\陆振亚\AppData\Roaming\Code\User\globalStorage\redhat.java\0.80.0\config_ss_win\org.eclipse.equinox.launcher\org.eclipse.equinox.launcher.win32.win32.x86_64_1.2.300.v20210617-0451\eclipse_11502.dll
0x00007ffb1d590000 - 0x00007ffb1d5a1000 	C:\Users\陆振亚\AppData\Roaming\Code\User\globalStorage\redhat.java\0.80.0\config_ss_win\org.eclipse.osgi\16\0\.cp\jWinHttp-1.0.0.dll
0x00007ffb248d0000 - 0x00007ffb249fa000 	C:\WINDOWS\System32\ole32.dll

dbghelp: loaded successfully - version: 4.0.5 - missing functions: none
symbol engine: initialized successfully - sym options: 0x614 - pdb path: .;F:\java-11\bin;C:\WINDOWS\SYSTEM32;C:\WINDOWS\WinSxS\amd64_microsoft.windows.common-controls_6595b64144ccf1df_6.0.19041.1110_none_60b5254171f9507e;F:\java-11\bin\server;C:\Users\陆振亚\AppData\Roaming\Code\User\globalStorage\redhat.java\0.80.0\config_ss_win\org.eclipse.equinox.launcher\org.eclipse.equinox.launcher.win32.win32.x86_64_1.2.300.v20210617-0;C:\Users\陆振亚\AppData\Roaming\Code\User\globalStorage\redhat.java\0.80.0\config_ss_win\org.eclipse.equinox.launcher\org.eclipse.equinox.launcher.win32.win32.x86_64_1.2.300.v20210617-0451;C:\Users\陆振亚\AppData\Roaming\Code\User\globalStorage\redhat.java\0.80.0\config_ss_win\org.eclipse.osgi

VM Arguments:
jvm_args: --add-modules=ALL-SYSTEM --add-opens=java.base/java.util=ALL-UNNAMED --add-opens=java.base/java.lang=ALL-UNNAMED -Declipse.application=org.eclipse.jdt.ls.core.id1 -Dosgi.bundles.defaultStartLevel=4 -Declipse.product=org.eclipse.jdt.ls.core.product -Dfile.encoding=utf8 -DwatchParentProcess=false -XX:+UseParallelGC -XX:GCTimeRatio=4 -XX:AdaptiveSizePolicyWeight=90 -Dsun.zip.disableMemoryMapping=true -Xmx1G -Xms100m -Xverify:none 
java_command: c:\Users\陆振亚\.vscode\extensions\redhat.java-0.80.0\server\plugins\org.eclipse.equinox.launcher_1.6.200.v20210416-2027.jar -configuration c:\Users\陆振亚\AppData\Roaming\Code\User\globalStorage\redhat.java\0.80.0\config_ss_win -data c:\Users\陆振亚\AppData\Roaming\Code\User\workspaceStorage\f0c8ae5bb4345b319847acd4976223bd\redhat.java\ss_ws
java_class_path (initial): c:\Users\陆振亚\.vscode\extensions\redhat.java-0.80.0\server\plugins\org.eclipse.equinox.launcher_1.6.200.v20210416-2027.jar
Launcher Type: SUN_STANDARD

[Global flags]
    uintx AdaptiveSizePolicyWeight                 = 90                                        {product} {command line}
     bool BytecodeVerificationLocal                = false                                     {product} {command line}
     bool BytecodeVerificationRemote               = false                                     {product} {command line}
     intx CICompilerCount                          = 12                                        {product} {ergonomic}
    uintx GCTimeRatio                              = 4                                         {product} {command line}
   size_t InitialHeapSize                          = 104857600                                 {product} {command line}
   size_t MaxHeapSize                              = 1073741824                                {product} {command line}
   size_t MaxNewSize                               = 357564416                                 {product} {ergonomic}
   size_t MinHeapDeltaBytes                        = 524288                                    {product} {ergonomic}
   size_t NewSize                                  = 34603008                                  {product} {ergonomic}
    uintx NonNMethodCodeHeapSize                   = 7594288                                {pd product} {ergonomic}
    uintx NonProfiledCodeHeapSize                  = 122031976                              {pd product} {ergonomic}
   size_t OldSize                                  = 70254592                                  {product} {ergonomic}
    uintx ProfiledCodeHeapSize                     = 122031976                              {pd product} {ergonomic}
    uintx ReservedCodeCacheSize                    = 251658240                              {pd product} {ergonomic}
     bool SegmentedCodeCache                       = true                                      {product} {ergonomic}
     bool UseCompressedClassPointers               = true                                 {lp64_product} {ergonomic}
     bool UseCompressedOops                        = true                                 {lp64_product} {ergonomic}
     bool UseLargePagesIndividualAllocation        = false                                  {pd product} {ergonomic}
     bool UseParallelGC                            = true                                      {product} {command line}

Logging:
Log output configuration:
 #0: stdout all=warning uptime,level,tags
 #1: stderr all=off uptime,level,tags

Environment Variables:
JAVA_HOME=F:\java-11
CLASSPATH=;F:\java-11\lib;F:\java-11\lib\tools.jar;
PATH=F:\java-11\bin;C:\Program Files\NVIDIA GPU Computing Toolkit\CUDA\v11.1\bin;C:\Program Files\NVIDIA GPU Computing Toolkit\CUDA\v11.1\libnvvp;C:\WINDOWS\system32;C:\WINDOWS;C:\WINDOWS\System32\Wbem;C:\WINDOWS\System32\WindowsPowerShell\v1.0\;C:\WINDOWS\System32\OpenSSH\;C:\Program Files (x86)\NVIDIA Corporation\PhysX\Common;D:\texlive\2021\bin\win32;D:\Git\cmd;C:\Program Files\NVIDIA Corporation\NVIDIA NvDLISR;C:\Program Files\NVIDIA Corporation\Nsight Compute 2020.2.1\;F:\;F:\java-11\bin;C:\Users\陆振亚\AppData\Local\Microsoft\WindowsApps;C:\Users\陆振亚\AppData\Local\Programs\Microsoft VS Code\bin;C:\Users\陆振亚\AppData\Roaming\npm;F:\java-11\bin;F:\java-11\jre\bin;
USERNAME=陆振亚
OS=Windows_NT
PROCESSOR_IDENTIFIER=Intel64 Family 6 Model 167 Stepping 1, GenuineIntel



---------------  S Y S T E M  ---------------

OS: Windows 10 , 64 bit Build 19041 (10.0.19041.1151)
OS uptime: 0 days 22:03 hours

CPU:total 16 (initial active 16) (8 cores per cpu, 2 threads per core) family 6 model 167 stepping 1 microcode 0x3c, cmov, cx8, fxsr, mmx, sse, sse2, sse3, ssse3, sse4.1, sse4.2, popcnt, avx, avx2, aes, clmul, erms, 3dnowpref, lzcnt, ht, tsc, tscinvbit, bmi1, bmi2, adx, evex, sha, fma

Memory: 4k page, system-wide physical 16254M (3001M free)
TotalPageFile size 54654M (AvailPageFile size 8M)
current process WorkingSet (physical memory assigned to process): 166M, peak: 170M
current process commit charge ("private bytes"): 293M, peak: 303M

vm_info: OpenJDK 64-Bit Server VM (11.0.12+7) for windows-amd64 JRE (11.0.12+7), built on Jul 21 2021 16:23:49 by "" with unknown MS VC++:1916

END.
