#
# There is insufficient memory for the Java Runtime Environment to continue.
# Native memory allocation (malloc) failed to allocate 32744 bytes for ChunkPool::allocate
# Possible reasons:
#   The system is out of physical RAM or swap space
#   The process is running with CompressedOops enabled, and the Java Heap may be blocking the growth of the native heap
# Possible solutions:
#   Reduce memory load on the system
#   Increase physical memory or swap space
#   Check if swap backing store is full
#   Decrease Java heap size (-Xmx/-Xms)
#   Decrease number of Java threads
#   Decrease Java thread stack sizes (-Xss)
#   Set larger code cache with -XX:ReservedCodeCacheSize=
#   JVM is running with Unscaled Compressed Oops mode in which the Java heap is
#     placed in the first 4GB address space. The Java Heap base address is the
#     maximum limit for the native heap growth. Please use -XX:HeapBaseMinAddress
#     to set the Java Heap base and to place the Java Heap above 4GB virtual address.
# This output file may be truncated or incomplete.
#
#  Out of Memory Error (./src/hotspot/share/memory/arena.cpp:81), pid=18420, tid=9244
#
# JRE version: OpenJDK Runtime Environment Temurin-11.0.12+7 (11.0.12+7) (build 11.0.12+7)
# Java VM: OpenJDK 64-Bit Server VM Temurin-11.0.12+7 (11.0.12+7, mixed mode, tiered, compressed oops, parallel gc, windows-amd64)
# No core dump will be written. Minidumps are not enabled by default on client versions of Windows
#

---------------  S U M M A R Y ------------

Command Line: --add-modules=ALL-SYSTEM --add-opens=java.base/java.util=ALL-UNNAMED --add-opens=java.base/java.lang=ALL-UNNAMED -Declipse.application=org.eclipse.jdt.ls.core.id1 -Dosgi.bundles.defaultStartLevel=4 -Declipse.product=org.eclipse.jdt.ls.core.product -Dfile.encoding=utf8 -DwatchParentProcess=false -XX:+UseParallelGC -XX:GCTimeRatio=4 -XX:AdaptiveSizePolicyWeight=90 -Dsun.zip.disableMemoryMapping=true -Xmx1G -Xms100m -Xverify:none c:\Users\陆振亚\.vscode\extensions\redhat.java-0.80.0\server\plugins\org.eclipse.equinox.launcher_1.6.200.v20210416-2027.jar -configuration c:\Users\陆振亚\AppData\Roaming\Code\User\globalStorage\redhat.java\0.80.0\config_win -data c:\Users\陆振亚\AppData\Roaming\Code\User\workspaceStorage\f0c8ae5bb4345b319847acd4976223bd\redhat.java\jdt_ws

Host: 11th Gen Intel(R) Core(TM) i7-11700K @ 3.60GHz, 16 cores, 15G,  Windows 10 , 64 bit Build 19041 (10.0.19041.1151)
Time: Sat Aug 14 16:24:56 2021 中国标准时间 elapsed time: 4.045800 seconds (0d 0h 0m 4s)

---------------  T H R E A D  ---------------

Current thread (0x00000271a291b000):  JavaThread "C1 CompilerThread2" daemon [_thread_in_native, id=9244, stack(0x0000009269a00000,0x0000009269b00000)]


Current CompileTask:
C1:   4045 3736       3       org.eclipse.jdt.internal.compiler.parser.Scanner::internalScanIdentifierOrKeyword (4733 bytes)

Stack: [0x0000009269a00000,0x0000009269b00000]
Native frames: (J=compiled Java code, j=interpreted, Vv=VM code, C=native code)
V  [jvm.dll+0x601d0a]
V  [jvm.dll+0x78ab6e]
V  [jvm.dll+0x78c23f]
V  [jvm.dll+0x78c903]
V  [jvm.dll+0x24be68]
V  [jvm.dll+0xc23fb]
V  [jvm.dll+0xc275c]
V  [jvm.dll+0x112b26]
V  [jvm.dll+0x16f9e3]
V  [jvm.dll+0x1700c3]
V  [jvm.dll+0x12a9e5]
V  [jvm.dll+0x12a25f]
V  [jvm.dll+0x12a48f]
V  [jvm.dll+0x129737]
V  [jvm.dll+0x12b647]
V  [jvm.dll+0x213d67]
V  [jvm.dll+0x211f2b]
V  [jvm.dll+0x74ec19]
V  [jvm.dll+0x747c84]
V  [jvm.dll+0x600ba6]
C  [ucrtbase.dll+0x21bb2]
C  [KERNEL32.DLL+0x17034]
C  [ntdll.dll+0x52651]


---------------  P R O C E S S  ---------------

Threads class SMR info:
_java_thread_list=0x00000271a3f6e870, length=34, elements={
0x0000027183519000, 0x000002719f559800, 0x000002719f563800, 0x00000271a06c4800,
0x00000271a06c6800, 0x00000271a06c8000, 0x00000271a06cd000, 0x000002719f582000,
0x000002719f58d000, 0x00000271a084b000, 0x00000271a0853800, 0x00000271a291b000,
0x00000271a28eb800, 0x00000271a2d9d800, 0x00000271a2baa800, 0x00000271a2bab800,
0x00000271a3519800, 0x00000271a3821000, 0x00000271a396e800, 0x00000271a3768000,
0x00000271a3ade000, 0x00000271a396d000, 0x00000271a3cb7800, 0x00000271a3cbb000,
0x00000271a3bee000, 0x00000271a3cb7000, 0x00000271a3fac800, 0x00000271a3cb8800,
0x00000271a3cb9800, 0x00000271a3fad000, 0x00000271a57c4000, 0x00000271a5bec000,
0x00000271a75bd000, 0x00000271a760f800
}

Java Threads: ( => current thread )
  0x0000027183519000 JavaThread "main" [_thread_blocked, id=17000, stack(0x0000009268b00000,0x0000009268c00000)]
  0x000002719f559800 JavaThread "Reference Handler" daemon [_thread_blocked, id=16716, stack(0x0000009268e00000,0x0000009268f00000)]
  0x000002719f563800 JavaThread "Finalizer" daemon [_thread_blocked, id=7660, stack(0x0000009268f00000,0x0000009269000000)]
  0x00000271a06c4800 JavaThread "Signal Dispatcher" daemon [_thread_blocked, id=13116, stack(0x0000009269000000,0x0000009269100000)]
  0x00000271a06c6800 JavaThread "Attach Listener" daemon [_thread_blocked, id=19636, stack(0x0000009269100000,0x0000009269200000)]
  0x00000271a06c8000 JavaThread "Service Thread" daemon [_thread_blocked, id=13996, stack(0x0000009269200000,0x0000009269300000)]
  0x00000271a06cd000 JavaThread "C2 CompilerThread0" daemon [_thread_in_native, id=10244, stack(0x0000009269300000,0x0000009269400000)]
  0x000002719f582000 JavaThread "C1 CompilerThread0" daemon [_thread_blocked, id=8776, stack(0x0000009269400000,0x0000009269500000)]
  0x000002719f58d000 JavaThread "Sweeper thread" daemon [_thread_blocked, id=17984, stack(0x0000009269500000,0x0000009269600000)]
  0x00000271a084b000 JavaThread "Common-Cleaner" daemon [_thread_blocked, id=10200, stack(0x0000009269600000,0x0000009269700000)]
  0x00000271a0853800 JavaThread "C1 CompilerThread1" daemon [_thread_blocked, id=14088, stack(0x0000009269700000,0x0000009269800000)]
=>0x00000271a291b000 JavaThread "C1 CompilerThread2" daemon [_thread_in_native, id=9244, stack(0x0000009269a00000,0x0000009269b00000)]
  0x00000271a28eb800 JavaThread "Active Thread: Equinox Container: 9a2ff4fc-30e9-4405-871a-5ff7c83e300a" [_thread_blocked, id=19772, stack(0x0000009269c00000,0x0000009269d00000)]
  0x00000271a2d9d800 JavaThread "Framework Event Dispatcher: Equinox Container: 9a2ff4fc-30e9-4405-871a-5ff7c83e300a" daemon [_thread_blocked, id=6368, stack(0x0000009269800000,0x0000009269900000)]
  0x00000271a2baa800 JavaThread "Start Level: Equinox Container: 9a2ff4fc-30e9-4405-871a-5ff7c83e300a" daemon [_thread_blocked, id=19244, stack(0x0000009269b00000,0x0000009269c00000)]
  0x00000271a2bab800 JavaThread "SCR Component Actor" daemon [_thread_blocked, id=18056, stack(0x000000926a000000,0x000000926a100000)]
  0x00000271a3519800 JavaThread "Timer-0" daemon [_thread_blocked, id=18532, stack(0x000000926a100000,0x000000926a200000)]
  0x00000271a3821000 JavaThread "Bundle File Closer" daemon [_thread_blocked, id=12976, stack(0x000000926a200000,0x000000926a300000)]
  0x00000271a396e800 JavaThread "C1 CompilerThread3" daemon [_thread_blocked, id=15980, stack(0x000000926a300000,0x000000926a400000)]
  0x00000271a3768000 JavaThread "Worker-JM" [_thread_blocked, id=18732, stack(0x000000926a500000,0x000000926a600000)]
  0x00000271a3ade000 JavaThread "Worker-0" [_thread_blocked, id=12744, stack(0x000000926a800000,0x000000926a900000)]
  0x00000271a396d000 JavaThread "Worker-1: Initialize Workspace" [_thread_in_Java, id=13504, stack(0x000000926a900000,0x000000926aa00000)]
  0x00000271a3cb7800 JavaThread "Java indexing" daemon [_thread_blocked, id=10892, stack(0x000000926aa00000,0x000000926ab00000)]
  0x00000271a3cbb000 JavaThread "logback configurator timer" daemon [_thread_blocked, id=1220, stack(0x000000926ae00000,0x000000926af00000)]
  0x00000271a3bee000 JavaThread "C2 CompilerThread1" daemon [_thread_in_native, id=15972, stack(0x000000926af00000,0x000000926b000000)]
  0x00000271a3cb7000 JavaThread "pool-2-thread-1" [_thread_blocked, id=20436, stack(0x000000926b000000,0x000000926b100000)]
  0x00000271a3fac800 JavaThread "C2 CompilerThread2" daemon [_thread_in_native, id=8112, stack(0x000000926b100000,0x000000926b200000)]
  0x00000271a3cb8800 JavaThread "Worker-2" [_thread_blocked, id=1396, stack(0x000000926b200000,0x000000926b300000)]
  0x00000271a3cb9800 JavaThread "Worker-3: Register Watchers" [_thread_blocked, id=17868, stack(0x000000926b300000,0x000000926b400000)]
  0x00000271a3fad000 JavaThread "C2 CompilerThread3" daemon [_thread_in_native, id=17112, stack(0x000000926b400000,0x000000926b500000)]
  0x00000271a57c4000 JavaThread "C2 CompilerThread4" daemon [_thread_in_native, id=18644, stack(0x000000926b800000,0x000000926b900000)]
  0x00000271a5bec000 JavaThread "C2 CompilerThread5" daemon [_thread_in_native, id=7844, stack(0x000000926b900000,0x000000926ba00000)]
  0x00000271a75bd000 JavaThread "C2 CompilerThread6" daemon [_thread_in_native, id=9056, stack(0x000000926ba00000,0x000000926bb00000)]
  0x00000271a760f800 JavaThread "C2 CompilerThread7" daemon [_thread_in_native, id=17336, stack(0x000000926bb00000,0x000000926bc00000)]

Other Threads:
  0x00000271a0674800 VMThread "VM Thread" [stack: 0x0000009268d00000,0x0000009268e00000] [id=7836]
  0x00000271a098e800 WatcherThread [stack: 0x0000009269900000,0x0000009269a00000] [id=14100]
  0x0000027183531800 GCTaskThread "ParGC Thread#0" [stack: 0x0000009268c00000,0x0000009268d00000] [id=18560]
  0x00000271a28e8000 GCTaskThread "ParGC Thread#1" [stack: 0x0000009269d00000,0x0000009269e00000] [id=20296]
  0x00000271a28e8800 GCTaskThread "ParGC Thread#2" [stack: 0x0000009269e00000,0x0000009269f00000] [id=5868]
  0x00000271a2ad6000 GCTaskThread "ParGC Thread#3" [stack: 0x0000009269f00000,0x000000926a000000] [id=16712]
  0x00000271a398b800 GCTaskThread "ParGC Thread#4" [stack: 0x000000926a600000,0x000000926a700000] [id=19072]
  0x00000271a3ab9800 GCTaskThread "ParGC Thread#5" [stack: 0x000000926a700000,0x000000926a800000] [id=20160]
  0x00000271a3900000 GCTaskThread "ParGC Thread#6" [stack: 0x000000926a400000,0x000000926a500000] [id=2160]
  0x00000271a3dda800 GCTaskThread "ParGC Thread#7" [stack: 0x000000926ab00000,0x000000926ac00000] [id=15188]
  0x00000271a3d55800 GCTaskThread "ParGC Thread#8" [stack: 0x000000926ac00000,0x000000926ad00000] [id=16568]
  0x00000271a3d56000 GCTaskThread "ParGC Thread#9" [stack: 0x000000926ad00000,0x000000926ae00000] [id=13916]
  0x00000271a5c33800 GCTaskThread "ParGC Thread#10" [stack: 0x000000926b500000,0x000000926b600000] [id=14484]
  0x00000271a599a000 GCTaskThread "ParGC Thread#11" [stack: 0x000000926b600000,0x000000926b700000] [id=16628]
  0x00000271a59ed000 GCTaskThread "ParGC Thread#12" [stack: 0x000000926b700000,0x000000926b800000] [id=2348]

Threads with active compile tasks:
C2 CompilerThread0   4062 3657   !   4       java.nio.file.FileTreeWalker::next (144 bytes)
C1 CompilerThread2   4062 3736       3       org.eclipse.jdt.internal.compiler.parser.Scanner::internalScanIdentifierOrKeyword (4733 bytes)
C2 CompilerThread1   4062 3632       4       jdk.internal.jrtfs.JrtFileSystem::checkNode (40 bytes)
C2 CompilerThread2   4062 3634       4       jdk.internal.jrtfs.SystemImage$1::findNode (9 bytes)
C2 CompilerThread3   4062 3658  s    4       jdk.internal.jimage.ImageReader$SharedImageReader::findNode (36 bytes)
C2 CompilerThread4   4062 3714       4       org.eclipse.jdt.internal.core.util.Util::splitOn (134 bytes)
C2 CompilerThread5   4062 3660       4       jdk.internal.jimage.ImageReader$SharedImageReader::makeDirectories (54 bytes)
C2 CompilerThread6   4062 3726   !   4       java.nio.file.FileTreeWalker::getAttributes (94 bytes)
C2 CompilerThread7   4062 3685   !   4       java.nio.file.FileTreeWalker::visit (204 bytes)

VM state:not at safepoint (normal execution)

VM Mutex/Monitor currently owned by a thread: None

Heap address: 0x00000000c0000000, size: 1024 MB, Compressed Oops mode: 32-bit
Narrow klass base: 0x0000000000000000, Narrow klass shift: 3
Compressed class space size: 1073741824 Address: 0x0000000100000000

Heap:
 PSYoungGen      total 28160K, used 24193K [0x00000000eab00000, 0x00000000ecd00000, 0x0000000100000000)
  eden space 25088K, 84% used [0x00000000eab00000,0x00000000ebfc0730,0x00000000ec380000)
  from space 3072K, 95% used [0x00000000eca00000,0x00000000ecce0020,0x00000000ecd00000)
  to   space 4096K, 0% used [0x00000000ec500000,0x00000000ec500000,0x00000000ec900000)
 ParOldGen       total 68608K, used 13642K [0x00000000c0000000, 0x00000000c4300000, 0x00000000eab00000)
  object space 68608K, 19% used [0x00000000c0000000,0x00000000c0d52b50,0x00000000c4300000)
 Metaspace       used 35050K, capacity 37296K, committed 37632K, reserved 1083392K
  class space    used 3455K, capacity 4251K, committed 4352K, reserved 1048576K

Card table byte_map: [0x000002719c600000,0x000002719c810000] _byte_map_base: 0x000002719c000000

Marking Bits: (ParMarkBitMap*) 0x00007ff99f73bcf0
 Begin Bits: [0x000002719c970000, 0x000002719d970000)
 End Bits:   [0x000002719d970000, 0x000002719e970000)

Polling page: 0x0000027183600000

Metaspace:

Usage:
  Non-class:     32.27 MB capacity,    30.85 MB ( 96%) used,     1.34 MB (  4%) free+waste,    74.81 KB ( <1%) overhead. 
      Class:      4.15 MB capacity,     3.37 MB ( 81%) used,   758.27 KB ( 18%) free+waste,    37.06 KB ( <1%) overhead. 
       Both:     36.42 MB capacity,    34.23 MB ( 94%) used,     2.08 MB (  6%) free+waste,   111.88 KB ( <1%) overhead. 

Virtual space:
  Non-class space:       34.00 MB reserved,      32.50 MB ( 96%) committed 
      Class space:        1.00 GB reserved,       4.25 MB ( <1%) committed 
             Both:        1.03 GB reserved,      36.75 MB (  3%) committed 

Chunk freelists:
   Non-Class:  43.00 KB
       Class:  5.00 KB
        Both:  48.00 KB

MaxMetaspaceSize: 17179869184.00 GB
CompressedClassSpaceSize: 1.00 GB
Initial GC threshold: 20.80 MB
Current GC threshold: 57.50 MB
CDS: off

CodeHeap 'non-profiled nmethods': size=119168Kb used=1649Kb max_used=1649Kb free=117518Kb
 bounds [0x0000027194fb0000, 0x0000027195220000, 0x000002719c410000]
CodeHeap 'profiled nmethods': size=119168Kb used=8314Kb max_used=8314Kb free=110853Kb
 bounds [0x000002718db50000, 0x000002718e370000, 0x0000027194fb0000]
CodeHeap 'non-nmethods': size=7424Kb used=2960Kb max_used=3040Kb free=4464Kb
 bounds [0x000002718d410000, 0x000002718d710000, 0x000002718db50000]
 total_blobs=4269 nmethods=3721 adapters=458
 compilation: enabled
              stopped_count=0, restarted_count=0
 full_count=0

Compilation events (20 events):
Event: 4.034 Thread 0x000002719f582000 3733       3       org.eclipse.jdt.internal.core.Openable::resource (28 bytes)
Event: 4.034 Thread 0x00000271a396e800 3734       3       org.eclipse.jdt.internal.core.JarPackageFragmentRoot::resource (15 bytes)
Event: 4.034 Thread 0x00000271a57c4000 nmethod 3661 0x0000027195142710 code [0x00000271951429c0, 0x0000027195143c88]
Event: 4.034 Thread 0x00000271a57c4000 3714       4       org.eclipse.jdt.internal.core.util.Util::splitOn (134 bytes)
Event: 4.034 Thread 0x00000271a396e800 nmethod 3734 0x000002718e362c90 code [0x000002718e362e40, 0x000002718e362ff8]
Event: 4.034 Thread 0x000002719f582000 nmethod 3733 0x000002718e363090 code [0x000002718e3632c0, 0x000002718e363cb8]
Event: 4.038 Thread 0x00000271a0853800 3735       3       org.eclipse.jdt.internal.core.PackageFragment::hashCode (43 bytes)
Event: 4.038 Thread 0x00000271a0853800 nmethod 3735 0x000002718e363f10 code [0x000002718e364100, 0x000002718e364518]
Event: 4.039 Thread 0x00000271a291b000 3736       3       org.eclipse.jdt.internal.compiler.parser.Scanner::internalScanIdentifierOrKeyword (4733 bytes)
Event: 4.039 Thread 0x00000271a396e800 3737       3       org.eclipse.jdt.internal.core.PackageFragmentRoot::resource (17 bytes)
Event: 4.040 Thread 0x00000271a396e800 nmethod 3737 0x000002718e364710 code [0x000002718e364920, 0x000002718e365018]
Event: 4.040 Thread 0x000002719f582000 3738       3       jdk.internal.util.ArraysSupport::vectorizedMismatch (268 bytes)
Event: 4.041 Thread 0x000002719f582000 nmethod 3738 0x000002718e365190 code [0x000002718e365380, 0x000002718e365778]
Event: 4.041 Thread 0x00000271a396e800 3741       3       org.eclipse.core.internal.resources.Resource::hashCode (8 bytes)
Event: 4.041 Thread 0x00000271a0853800 3742       3       org.eclipse.jdt.internal.core.JarPackageFragmentRoot::isExternal (11 bytes)
Event: 4.041 Thread 0x00000271a396e800 nmethod 3741 0x000002718e365910 code [0x000002718e365ac0, 0x000002718e365d08]
Event: 4.042 Thread 0x00000271a0853800 nmethod 3742 0x000002718e365e10 code [0x000002718e366020, 0x000002718e366908]
Event: 4.044 Thread 0x000002719f582000 3743       1       org.eclipse.jdt.internal.core.ClasspathEntry::getExtraAttributes (5 bytes)
Event: 4.044 Thread 0x000002719f582000 nmethod 3743 0x0000027195144990 code [0x0000027195144b40, 0x0000027195144bf8]
Event: 4.044 Thread 0x00000271a396e800 3744       3       org.eclipse.core.runtime.Path::toOSString (227 bytes)

GC Heap History (16 events):
Event: 0.658 GC heap before
{Heap before GC invocations=1 (full 0):
 PSYoungGen      total 29696K, used 25600K [0x00000000eab00000, 0x00000000ecc00000, 0x0000000100000000)
  eden space 25600K, 100% used [0x00000000eab00000,0x00000000ec400000,0x00000000ec400000)
  from space 4096K, 0% used [0x00000000ec800000,0x00000000ec800000,0x00000000ecc00000)
  to   space 4096K, 0% used [0x00000000ec400000,0x00000000ec400000,0x00000000ec800000)
 ParOldGen       total 68608K, used 0K [0x00000000c0000000, 0x00000000c4300000, 0x00000000eab00000)
  object space 68608K, 0% used [0x00000000c0000000,0x00000000c0000000,0x00000000c4300000)
 Metaspace       used 13090K, capacity 13346K, committed 13568K, reserved 1060864K
  class space    used 1183K, capacity 1256K, committed 1280K, reserved 1048576K
}
Event: 0.662 GC heap after
{Heap after GC invocations=1 (full 0):
 PSYoungGen      total 29696K, used 4071K [0x00000000eab00000, 0x00000000ecc00000, 0x0000000100000000)
  eden space 25600K, 0% used [0x00000000eab00000,0x00000000eab00000,0x00000000ec400000)
  from space 4096K, 99% used [0x00000000ec400000,0x00000000ec7f9e70,0x00000000ec800000)
  to   space 4096K, 0% used [0x00000000ec800000,0x00000000ec800000,0x00000000ecc00000)
 ParOldGen       total 68608K, used 816K [0x00000000c0000000, 0x00000000c4300000, 0x00000000eab00000)
  object space 68608K, 1% used [0x00000000c0000000,0x00000000c00cc010,0x00000000c4300000)
 Metaspace       used 13090K, capacity 13346K, committed 13568K, reserved 1060864K
  class space    used 1183K, capacity 1256K, committed 1280K, reserved 1048576K
}
Event: 2.252 GC heap before
{Heap before GC invocations=2 (full 0):
 PSYoungGen      total 29696K, used 29671K [0x00000000eab00000, 0x00000000ecc00000, 0x0000000100000000)
  eden space 25600K, 100% used [0x00000000eab00000,0x00000000ec400000,0x00000000ec400000)
  from space 4096K, 99% used [0x00000000ec400000,0x00000000ec7f9e70,0x00000000ec800000)
  to   space 4096K, 0% used [0x00000000ec800000,0x00000000ec800000,0x00000000ecc00000)
 ParOldGen       total 68608K, used 816K [0x00000000c0000000, 0x00000000c4300000, 0x00000000eab00000)
  object space 68608K, 1% used [0x00000000c0000000,0x00000000c00cc010,0x00000000c4300000)
 Metaspace       used 19892K, capacity 20782K, committed 20864K, reserved 1069056K
  class space    used 1836K, capacity 2158K, committed 2176K, reserved 1048576K
}
Event: 2.256 GC heap after
{Heap after GC invocations=2 (full 0):
 PSYoungGen      total 29696K, used 4088K [0x00000000eab00000, 0x00000000ecc00000, 0x0000000100000000)
  eden space 25600K, 0% used [0x00000000eab00000,0x00000000eab00000,0x00000000ec400000)
  from space 4096K, 99% used [0x00000000ec800000,0x00000000ecbfe118,0x00000000ecc00000)
  to   space 4096K, 0% used [0x00000000ec400000,0x00000000ec400000,0x00000000ec800000)
 ParOldGen       total 68608K, used 5589K [0x00000000c0000000, 0x00000000c4300000, 0x00000000eab00000)
  object space 68608K, 8% used [0x00000000c0000000,0x00000000c0575600,0x00000000c4300000)
 Metaspace       used 19892K, capacity 20782K, committed 20864K, reserved 1069056K
  class space    used 1836K, capacity 2158K, committed 2176K, reserved 1048576K
}
Event: 2.275 GC heap before
{Heap before GC invocations=3 (full 0):
 PSYoungGen      total 29696K, used 5322K [0x00000000eab00000, 0x00000000ecc00000, 0x0000000100000000)
  eden space 25600K, 4% used [0x00000000eab00000,0x00000000eac34730,0x00000000ec400000)
  from space 4096K, 99% used [0x00000000ec800000,0x00000000ecbfe118,0x00000000ecc00000)
  to   space 4096K, 0% used [0x00000000ec400000,0x00000000ec400000,0x00000000ec800000)
 ParOldGen       total 68608K, used 5589K [0x00000000c0000000, 0x00000000c4300000, 0x00000000eab00000)
  object space 68608K, 8% used [0x00000000c0000000,0x00000000c0575600,0x00000000c4300000)
 Metaspace       used 20199K, capacity 21091K, committed 21248K, reserved 1069056K
  class space    used 1872K, capacity 2193K, committed 2304K, reserved 1048576K
}
Event: 2.277 GC heap after
{Heap after GC invocations=3 (full 0):
 PSYoungGen      total 29696K, used 4073K [0x00000000eab00000, 0x00000000ecc00000, 0x0000000100000000)
  eden space 25600K, 0% used [0x00000000eab00000,0x00000000eab00000,0x00000000ec400000)
  from space 4096K, 99% used [0x00000000ec400000,0x00000000ec7fa5f0,0x00000000ec800000)
  to   space 4096K, 0% used [0x00000000ec800000,0x00000000ec800000,0x00000000ecc00000)
 ParOldGen       total 68608K, used 5709K [0x00000000c0000000, 0x00000000c4300000, 0x00000000eab00000)
  object space 68608K, 8% used [0x00000000c0000000,0x00000000c0593600,0x00000000c4300000)
 Metaspace       used 20199K, capacity 21091K, committed 21248K, reserved 1069056K
  class space    used 1872K, capacity 2193K, committed 2304K, reserved 1048576K
}
Event: 2.277 GC heap before
{Heap before GC invocations=4 (full 1):
 PSYoungGen      total 29696K, used 4073K [0x00000000eab00000, 0x00000000ecc00000, 0x0000000100000000)
  eden space 25600K, 0% used [0x00000000eab00000,0x00000000eab00000,0x00000000ec400000)
  from space 4096K, 99% used [0x00000000ec400000,0x00000000ec7fa5f0,0x00000000ec800000)
  to   space 4096K, 0% used [0x00000000ec800000,0x00000000ec800000,0x00000000ecc00000)
 ParOldGen       total 68608K, used 5709K [0x00000000c0000000, 0x00000000c4300000, 0x00000000eab00000)
  object space 68608K, 8% used [0x00000000c0000000,0x00000000c0593600,0x00000000c4300000)
 Metaspace       used 20199K, capacity 21091K, committed 21248K, reserved 1069056K
  class space    used 1872K, capacity 2193K, committed 2304K, reserved 1048576K
}
Event: 2.304 GC heap after
{Heap after GC invocations=4 (full 1):
 PSYoungGen      total 29696K, used 0K [0x00000000eab00000, 0x00000000ecc00000, 0x0000000100000000)
  eden space 25600K, 0% used [0x00000000eab00000,0x00000000eab00000,0x00000000ec400000)
  from space 4096K, 0% used [0x00000000ec400000,0x00000000ec400000,0x00000000ec800000)
  to   space 4096K, 0% used [0x00000000ec800000,0x00000000ec800000,0x00000000ecc00000)
 ParOldGen       total 68608K, used 9488K [0x00000000c0000000, 0x00000000c4300000, 0x00000000eab00000)
  object space 68608K, 13% used [0x00000000c0000000,0x00000000c09443b8,0x00000000c4300000)
 Metaspace       used 20199K, capacity 21091K, committed 21248K, reserved 1069056K
  class space    used 1872K, capacity 2193K, committed 2304K, reserved 1048576K
}
Event: 3.222 GC heap before
{Heap before GC invocations=5 (full 1):
 PSYoungGen      total 29696K, used 25600K [0x00000000eab00000, 0x00000000ecc00000, 0x0000000100000000)
  eden space 25600K, 100% used [0x00000000eab00000,0x00000000ec400000,0x00000000ec400000)
  from space 4096K, 0% used [0x00000000ec400000,0x00000000ec400000,0x00000000ec800000)
  to   space 4096K, 0% used [0x00000000ec800000,0x00000000ec800000,0x00000000ecc00000)
 ParOldGen       total 68608K, used 9488K [0x00000000c0000000, 0x00000000c4300000, 0x00000000eab00000)
  object space 68608K, 13% used [0x00000000c0000000,0x00000000c09443b8,0x00000000c4300000)
 Metaspace       used 26142K, capacity 27726K, committed 27904K, reserved 1075200K
  class space    used 2409K, capacity 2955K, committed 3072K, reserved 1048576K
}
Event: 3.223 GC heap after
{Heap after GC invocations=5 (full 1):
 PSYoungGen      total 29696K, used 2748K [0x00000000eab00000, 0x00000000ecc00000, 0x0000000100000000)
  eden space 25600K, 0% used [0x00000000eab00000,0x00000000eab00000,0x00000000ec400000)
  from space 4096K, 67% used [0x00000000ec800000,0x00000000ecaaf290,0x00000000ecc00000)
  to   space 4096K, 0% used [0x00000000ec400000,0x00000000ec400000,0x00000000ec800000)
 ParOldGen       total 68608K, used 9504K [0x00000000c0000000, 0x00000000c4300000, 0x00000000eab00000)
  object space 68608K, 13% used [0x00000000c0000000,0x00000000c09483d0,0x00000000c4300000)
 Metaspace       used 26142K, capacity 27726K, committed 27904K, reserved 1075200K
  class space    used 2409K, capacity 2955K, committed 3072K, reserved 1048576K
}
Event: 3.835 GC heap before
{Heap before GC invocations=6 (full 1):
 PSYoungGen      total 29696K, used 27233K [0x00000000eab00000, 0x00000000ecc00000, 0x0000000100000000)
  eden space 25600K, 95% used [0x00000000eab00000,0x00000000ec2e91d0,0x00000000ec400000)
  from space 4096K, 67% used [0x00000000ec800000,0x00000000ecaaf290,0x00000000ecc00000)
  to   space 4096K, 0% used [0x00000000ec400000,0x00000000ec400000,0x00000000ec800000)
 ParOldGen       total 68608K, used 9504K [0x00000000c0000000, 0x00000000c4300000, 0x00000000eab00000)
  object space 68608K, 13% used [0x00000000c0000000,0x00000000c09483d0,0x00000000c4300000)
 Metaspace       used 33278K, capacity 35245K, committed 35328K, reserved 1081344K
  class space    used 3278K, capacity 4061K, committed 4096K, reserved 1048576K
}
Event: 3.837 GC heap after
{Heap after GC invocations=6 (full 1):
 PSYoungGen      total 29696K, used 4075K [0x00000000eab00000, 0x00000000ed000000, 0x0000000100000000)
  eden space 25600K, 0% used [0x00000000eab00000,0x00000000eab00000,0x00000000ec400000)
  from space 4096K, 99% used [0x00000000ec400000,0x00000000ec7fac08,0x00000000ec800000)
  to   space 6144K, 0% used [0x00000000eca00000,0x00000000eca00000,0x00000000ed000000)
 ParOldGen       total 68608K, used 11004K [0x00000000c0000000, 0x00000000c4300000, 0x00000000eab00000)
  object space 68608K, 16% used [0x00000000c0000000,0x00000000c0abf120,0x00000000c4300000)
 Metaspace       used 33278K, capacity 35245K, committed 35328K, reserved 1081344K
  class space    used 3278K, capacity 4061K, committed 4096K, reserved 1048576K
}
Event: 3.837 GC heap before
{Heap before GC invocations=7 (full 2):
 PSYoungGen      total 29696K, used 4075K [0x00000000eab00000, 0x00000000ed000000, 0x0000000100000000)
  eden space 25600K, 0% used [0x00000000eab00000,0x00000000eab00000,0x00000000ec400000)
  from space 4096K, 99% used [0x00000000ec400000,0x00000000ec7fac08,0x00000000ec800000)
  to   space 6144K, 0% used [0x00000000eca00000,0x00000000eca00000,0x00000000ed000000)
 ParOldGen       total 68608K, used 11004K [0x00000000c0000000, 0x00000000c4300000, 0x00000000eab00000)
  object space 68608K, 16% used [0x00000000c0000000,0x00000000c0abf120,0x00000000c4300000)
 Metaspace       used 33278K, capacity 35245K, committed 35328K, reserved 1081344K
  class space    used 3278K, capacity 4061K, committed 4096K, reserved 1048576K
}
Event: 3.875 GC heap after
{Heap after GC invocations=7 (full 2):
 PSYoungGen      total 29696K, used 0K [0x00000000eab00000, 0x00000000ed000000, 0x0000000100000000)
  eden space 25600K, 0% used [0x00000000eab00000,0x00000000eab00000,0x00000000ec400000)
  from space 4096K, 0% used [0x00000000ec400000,0x00000000ec400000,0x00000000ec800000)
  to   space 6144K, 0% used [0x00000000eca00000,0x00000000eca00000,0x00000000ed000000)
 ParOldGen       total 68608K, used 13634K [0x00000000c0000000, 0x00000000c4300000, 0x00000000eab00000)
  object space 68608K, 19% used [0x00000000c0000000,0x00000000c0d50b50,0x00000000c4300000)
 Metaspace       used 33278K, capacity 35245K, committed 35328K, reserved 1081344K
  class space    used 3278K, capacity 4061K, committed 4096K, reserved 1048576K
}
Event: 4.002 GC heap before
{Heap before GC invocations=8 (full 2):
 PSYoungGen      total 29696K, used 25600K [0x00000000eab00000, 0x00000000ed000000, 0x0000000100000000)
  eden space 25600K, 100% used [0x00000000eab00000,0x00000000ec400000,0x00000000ec400000)
  from space 4096K, 0% used [0x00000000ec400000,0x00000000ec400000,0x00000000ec800000)
  to   space 6144K, 0% used [0x00000000eca00000,0x00000000eca00000,0x00000000ed000000)
 ParOldGen       total 68608K, used 13634K [0x00000000c0000000, 0x00000000c4300000, 0x00000000eab00000)
  object space 68608K, 19% used [0x00000000c0000000,0x00000000c0d50b50,0x00000000c4300000)
 Metaspace       used 34949K, capacity 37167K, committed 37376K, reserved 1083392K
  class space    used 3451K, capacity 4251K, committed 4352K, reserved 1048576K
}
Event: 4.004 GC heap after
{Heap after GC invocations=8 (full 2):
 PSYoungGen      total 28160K, used 2944K [0x00000000eab00000, 0x00000000ecd00000, 0x0000000100000000)
  eden space 25088K, 0% used [0x00000000eab00000,0x00000000eab00000,0x00000000ec380000)
  from space 3072K, 95% used [0x00000000eca00000,0x00000000ecce0020,0x00000000ecd00000)
  to   space 4096K, 0% used [0x00000000ec500000,0x00000000ec500000,0x00000000ec900000)
 ParOldGen       total 68608K, used 13642K [0x00000000c0000000, 0x00000000c4300000, 0x00000000eab00000)
  object space 68608K, 19% used [0x00000000c0000000,0x00000000c0d52b50,0x00000000c4300000)
 Metaspace       used 34949K, capacity 37167K, committed 37376K, reserved 1083392K
  class space    used 3451K, capacity 4251K, committed 4352K, reserved 1048576K
}

Deoptimization events (20 events):
Event: 4.007 Thread 0x00000271a396d000 Uncommon trap: trap_request=0xffffff4d fr.pc=0x00000271950c2af0 relative=0x0000000000000770
Event: 4.007 Thread 0x00000271a396d000 Uncommon trap: reason=unstable_if action=reinterpret pc=0x00000271950c2af0 method=java.util.Properties.load0(Ljava/util/Properties$LineReader;)V @ 144 c2
Event: 4.007 Thread 0x00000271a396d000 DEOPT PACKING pc=0x00000271950c2af0 sp=0x000000926a9fc280
Event: 4.007 Thread 0x00000271a396d000 DEOPT UNPACKING pc=0x000002718d4185af sp=0x000000926a9fc1f8 mode 2
Event: 4.027 Thread 0x00000271a396d000 Uncommon trap: trap_request=0xffffffbe fr.pc=0x000002719513fe70 relative=0x0000000000002750
Event: 4.027 Thread 0x00000271a396d000 Uncommon trap: reason=profile_predicate action=maybe_recompile pc=0x000002719513fe70 method=org.eclipse.jdt.internal.core.util.Util.splitOn(CLjava/lang/String;II)[Ljava/lang/String; @ 56 c2
Event: 4.027 Thread 0x00000271a396d000 DEOPT PACKING pc=0x000002719513fe70 sp=0x000000926a9fde70
Event: 4.027 Thread 0x00000271a396d000 DEOPT UNPACKING pc=0x000002718d4185af sp=0x000000926a9fde48 mode 2
Event: 4.027 Thread 0x00000271a396d000 Uncommon trap: trap_request=0xffffffbe fr.pc=0x000002719513fe70 relative=0x0000000000002750
Event: 4.027 Thread 0x00000271a396d000 Uncommon trap: reason=profile_predicate action=maybe_recompile pc=0x000002719513fe70 method=org.eclipse.jdt.internal.core.util.Util.splitOn(CLjava/lang/String;II)[Ljava/lang/String; @ 56 c2
Event: 4.027 Thread 0x00000271a396d000 DEOPT PACKING pc=0x000002719513fe70 sp=0x000000926a9fde70
Event: 4.027 Thread 0x00000271a396d000 DEOPT UNPACKING pc=0x000002718d4185af sp=0x000000926a9fde48 mode 2
Event: 4.027 Thread 0x00000271a396d000 Uncommon trap: trap_request=0xffffffbe fr.pc=0x000002719513fe70 relative=0x0000000000002750
Event: 4.027 Thread 0x00000271a396d000 Uncommon trap: reason=profile_predicate action=maybe_recompile pc=0x000002719513fe70 method=org.eclipse.jdt.internal.core.util.Util.splitOn(CLjava/lang/String;II)[Ljava/lang/String; @ 56 c2
Event: 4.027 Thread 0x00000271a396d000 DEOPT PACKING pc=0x000002719513fe70 sp=0x000000926a9fde70
Event: 4.027 Thread 0x00000271a396d000 DEOPT UNPACKING pc=0x000002718d4185af sp=0x000000926a9fde48 mode 2
Event: 4.027 Thread 0x00000271a396d000 Uncommon trap: trap_request=0xffffffbe fr.pc=0x000002719513fe70 relative=0x0000000000002750
Event: 4.027 Thread 0x00000271a396d000 Uncommon trap: reason=profile_predicate action=maybe_recompile pc=0x000002719513fe70 method=org.eclipse.jdt.internal.core.util.Util.splitOn(CLjava/lang/String;II)[Ljava/lang/String; @ 56 c2
Event: 4.027 Thread 0x00000271a396d000 DEOPT PACKING pc=0x000002719513fe70 sp=0x000000926a9fdea0
Event: 4.027 Thread 0x00000271a396d000 DEOPT UNPACKING pc=0x000002718d4185af sp=0x000000926a9fde78 mode 2

Classes redefined (0 events):
No events

Internal exceptions (20 events):
Event: 2.334 Thread 0x00000271a2baa800 Exception <a 'java/lang/NoSuchMethodError'{0x00000000eac86188}: 'int java.lang.invoke.DirectMethodHandle$Holder.invokeStaticInit(java.lang.Object, java.lang.Object, java.lang.Object)'> (0x00000000eac86188) thrown at [./src/hotspot/share/interpreter/linkResolver.cpp, line 773]
Event: 2.338 Thread 0x00000271a2baa800 Exception <a 'java/lang/IncompatibleClassChangeError'{0x00000000ead22ff8}: Found class java.lang.Object, but interface was expected> (0x00000000ead22ff8) thrown at [./src/hotspot/share/interpreter/linkResolver.cpp, line 839]
Event: 2.424 Thread 0x00000271a2baa800 Exception <a 'java/lang/ClassNotFoundException'{0x00000000ebcf32c8}: com/sun/org/apache/xerces/internal/impl/msg/spi/DOMMessagesProvider> (0x00000000ebcf32c8) thrown at [./src/hotspot/share/classfile/systemDictionary.cpp, line 231]
Event: 2.425 Thread 0x00000271a2baa800 Exception <a 'java/lang/ClassNotFoundException'{0x00000000ebd14ab0}: com/sun/org/apache/xerces/internal/impl/msg/spi/XMLSerializerMessagesProvider> (0x00000000ebd14ab0) thrown at [./src/hotspot/share/classfile/systemDictionary.cpp, line 231]
Event: 2.425 Thread 0x00000271a2baa800 Exception <a 'java/lang/ClassNotFoundException'{0x00000000ebd2aa78}: com/sun/org/apache/xerces/internal/impl/msg/spi/XMLMessagesProvider> (0x00000000ebd2aa78) thrown at [./src/hotspot/share/classfile/systemDictionary.cpp, line 231]
Event: 2.454 Thread 0x00000271a2baa800 Exception <a 'java/lang/ClassNotFoundException'{0x00000000ebf26ee0}: com/sun/org/apache/xml/internal/serializer/spi/XMLEntitiesProvider> (0x00000000ebf26ee0) thrown at [./src/hotspot/share/classfile/systemDictionary.cpp, line 231]
Event: 3.553 Thread 0x00000271a2baa800 Exception <a 'java/lang/NoSuchMethodError'{0x00000000eacf4c08}: 'void java.lang.invoke.DirectMethodHandle$Holder.invokeSpecial(java.lang.Object, java.lang.Object, java.lang.Object, int)'> (0x00000000eacf4c08) thrown at [./src/hotspot/share/interpreter/linkResolver.cpp, line 773]
Event: 3.585 Thread 0x00000271a2baa800 Exception <a 'java/lang/NoSuchMethodError'{0x00000000eae9f300}: 'org.slf4j.impl.StaticMDCBinder org.slf4j.impl.StaticMDCBinder.getSingleton()'> (0x00000000eae9f300) thrown at [./src/hotspot/share/interpreter/linkResolver.cpp, line 773]
Event: 3.595 Thread 0x00000271a2baa800 Exception <a 'java/io/FileNotFoundException'{0x00000000eaf7aeb0}> (0x00000000eaf7aeb0) thrown at [./src/hotspot/share/prims/jni.cpp, line 615]
Event: 3.601 Thread 0x00000271a2baa800 Exception <a 'java/io/FileNotFoundException'{0x00000000eafaba18}> (0x00000000eafaba18) thrown at [./src/hotspot/share/prims/jni.cpp, line 615]
Event: 3.604 Thread 0x00000271a2baa800 Exception <a 'java/io/FileNotFoundException'{0x00000000eafe0dd0}> (0x00000000eafe0dd0) thrown at [./src/hotspot/share/prims/jni.cpp, line 615]
Event: 3.647 Thread 0x00000271a2baa800 Implicit null exception at 0x0000027195096ca7 to 0x0000027195097bac
Event: 3.682 Thread 0x0000027183519000 Exception <a 'java/lang/NoSuchMethodError'{0x00000000eb50b408}: 'void java.lang.invoke.DirectMethodHandle$Holder.invokeStatic(java.lang.Object, java.lang.Object, java.lang.Object, java.lang.Object)'> (0x00000000eb50b408) thrown at [./src/hotspot/share/interpreter/linkResolver.cpp, line 773]
Event: 3.766 Thread 0x00000271a3cb7000 Exception <a 'java/io/FileNotFoundException'{0x00000000ebbd37c8}> (0x00000000ebbd37c8) thrown at [./src/hotspot/share/prims/jni.cpp, line 615]
Event: 3.786 Thread 0x00000271a3cb7000 Exception <a 'java/lang/NoSuchMethodError'{0x00000000ebe9e968}: 'void java.lang.invoke.DirectMethodHandle$Holder.invokeStatic(java.lang.Object, java.lang.Object, java.lang.Object, java.lang.Object, java.lang.Object, java.lang.Object)'> (0x00000000ebe9e968) thrown at [./src/hotspot/share/interpreter/linkResolver.cpp, line 773]
Event: 3.802 Thread 0x00000271a396d000 Exception <a 'java/lang/NoSuchMethodError'{0x00000000ebfe4f10}: 'int java.lang.invoke.DirectMethodHandle$Holder.invokeInterface(java.lang.Object, java.lang.Object)'> (0x00000000ebfe4f10) thrown at [./src/hotspot/share/interpreter/linkResolver.cpp, line 773]
Event: 3.802 Thread 0x00000271a396d000 Exception <a 'java/lang/IncompatibleClassChangeError'{0x00000000ebfe7a00}: Found class java.lang.Object, but interface was expected> (0x00000000ebfe7a00) thrown at [./src/hotspot/share/interpreter/linkResolver.cpp, line 839]
Event: 3.986 Thread 0x00000271a396d000 Exception <a 'java/io/FileNotFoundException'{0x00000000ebd252f8}> (0x00000000ebd252f8) thrown at [./src/hotspot/share/prims/jni.cpp, line 615]
Event: 3.986 Thread 0x00000271a396d000 Exception <a 'java/io/FileNotFoundException'{0x00000000ebd27908}> (0x00000000ebd27908) thrown at [./src/hotspot/share/prims/jni.cpp, line 615]
Event: 3.987 Thread 0x00000271a396d000 Exception <a 'java/lang/NoSuchMethodError'{0x00000000ebd30f28}: 'void java.lang.invoke.DirectMethodHandle$Holder.invokeStaticInit(java.lang.Object, java.lang.Object, java.lang.Object)'> (0x00000000ebd30f28) thrown at [./src/hotspot/share/interpreter/linkResolver.cpp, line 773]

Events (20 events):
Event: 3.986 Executing VM operation: RevokeBias done
Event: 3.987 loading class org/eclipse/osgi/service/debug/DebugOptions
Event: 3.987 loading class org/eclipse/osgi/service/debug/DebugOptions done
Event: 3.987 loading class org/eclipse/osgi/service/debug/DebugOptions
Event: 3.987 loading class org/eclipse/osgi/service/debug/DebugOptions done
Event: 3.987 loading class org/eclipse/core/runtime/ServiceCaller$ReferenceAndService
Event: 3.987 loading class org/eclipse/core/runtime/ServiceCaller$ReferenceAndService done
Event: 3.987 Executing VM operation: RevokeBias
Event: 3.987 Executing VM operation: RevokeBias done
Event: 3.991 Executing VM operation: RevokeBias
Event: 3.991 Executing VM operation: RevokeBias done
Event: 4.002 Executing VM operation: ParallelGCFailedAllocation
Event: 4.004 Executing VM operation: ParallelGCFailedAllocation done
Event: 4.004 Executing VM operation: RevokeBias
Event: 4.004 Executing VM operation: RevokeBias done
Event: 4.004 Executing VM operation: RevokeBias
Event: 4.004 Executing VM operation: RevokeBias done
Event: 4.005 Thread 0x00000271a5bec000 Thread added: 0x00000271a5bec000
Event: 4.018 Thread 0x00000271a75bd000 Thread added: 0x00000271a75bd000
Event: 4.020 Thread 0x00000271a760f800 Thread added: 0x00000271a760f800


Dynamic libraries:
0x00007ff730700000 - 0x00007ff73070d000 	F:\java-11\bin\java.exe
0x00007ffb265f0000 - 0x00007ffb267e5000 	C:\WINDOWS\SYSTEM32\ntdll.dll
0x00007ffb26080000 - 0x00007ffb2613d000 	C:\WINDOWS\System32\KERNEL32.DLL
0x00007ffb24270000 - 0x00007ffb24539000 	C:\WINDOWS\System32\KERNELBASE.dll
0x00007ffb23f60000 - 0x00007ffb24060000 	C:\WINDOWS\System32\ucrtbase.dll
0x00007ffb07730000 - 0x00007ffb07745000 	F:\java-11\bin\VCRUNTIME140.dll
0x00007ffb07770000 - 0x00007ffb07787000 	F:\java-11\bin\jli.dll
0x00007ffb25e70000 - 0x00007ffb26010000 	C:\WINDOWS\System32\USER32.dll
0x00007ffb24090000 - 0x00007ffb240b2000 	C:\WINDOWS\System32\win32u.dll
0x00007ffb16a20000 - 0x00007ffb16cba000 	C:\WINDOWS\WinSxS\amd64_microsoft.windows.common-controls_6595b64144ccf1df_6.0.19041.1110_none_60b5254171f9507e\COMCTL32.dll
0x00007ffb24b20000 - 0x00007ffb24b4a000 	C:\WINDOWS\System32\GDI32.dll
0x00007ffb24b70000 - 0x00007ffb24c0e000 	C:\WINDOWS\System32\msvcrt.dll
0x00007ffb240c0000 - 0x00007ffb241cb000 	C:\WINDOWS\System32\gdi32full.dll
0x00007ffb241d0000 - 0x00007ffb2426d000 	C:\WINDOWS\System32\msvcp_win.dll
0x00007ffb24c10000 - 0x00007ffb24c40000 	C:\WINDOWS\System32\IMM32.DLL
0x00007ffacad10000 - 0x00007ffacadab000 	F:\java-11\bin\msvcp140.dll
0x00007ff99eca0000 - 0x00007ff99f7f9000 	F:\java-11\bin\server\jvm.dll
0x00007ffb26140000 - 0x00007ffb261ec000 	C:\WINDOWS\System32\ADVAPI32.dll
0x00007ffb24830000 - 0x00007ffb248cb000 	C:\WINDOWS\System32\sechost.dll
0x00007ffb24e80000 - 0x00007ffb24faa000 	C:\WINDOWS\System32\RPCRT4.dll
0x00007ffb26070000 - 0x00007ffb26078000 	C:\WINDOWS\System32\PSAPI.DLL
0x00007ffb19e90000 - 0x00007ffb19eb7000 	C:\WINDOWS\SYSTEM32\WINMM.dll
0x00007ffb1e290000 - 0x00007ffb1e29a000 	C:\WINDOWS\SYSTEM32\VERSION.dll
0x00007ffb15ea0000 - 0x00007ffb15ea9000 	C:\WINDOWS\SYSTEM32\WSOCK32.dll
0x00007ffb25430000 - 0x00007ffb2549b000 	C:\WINDOWS\System32\WS2_32.dll
0x00007ffb21c50000 - 0x00007ffb21c62000 	C:\WINDOWS\SYSTEM32\kernel.appcore.dll
0x00007ffb0d250000 - 0x00007ffb0d260000 	F:\java-11\bin\verify.dll
0x00007ffb09590000 - 0x00007ffb09774000 	C:\WINDOWS\SYSTEM32\DBGHELP.DLL
0x00007ffb07f60000 - 0x00007ffb07f8c000 	C:\WINDOWS\SYSTEM32\dbgcore.DLL
0x00007ffb23ed0000 - 0x00007ffb23f53000 	C:\WINDOWS\System32\bcryptPrimitives.dll
0x00007ffb00e10000 - 0x00007ffb00e38000 	F:\java-11\bin\java.dll
0x00007ffb09ec0000 - 0x00007ffb09eca000 	F:\java-11\bin\jimage.dll
0x00007ffb00de0000 - 0x00007ffb00df7000 	F:\java-11\bin\zip.dll
0x00007ffb25580000 - 0x00007ffb25cbf000 	C:\WINDOWS\System32\SHELL32.dll
0x00007ffb21e50000 - 0x00007ffb225e0000 	C:\WINDOWS\SYSTEM32\windows.storage.dll
0x00007ffb261f0000 - 0x00007ffb26545000 	C:\WINDOWS\System32\combase.dll
0x00007ffb23780000 - 0x00007ffb237ac000 	C:\WINDOWS\SYSTEM32\Wldp.dll
0x00007ffb24d30000 - 0x00007ffb24dde000 	C:\WINDOWS\System32\SHCORE.dll
0x00007ffb26010000 - 0x00007ffb26065000 	C:\WINDOWS\System32\shlwapi.dll
0x00007ffb23c60000 - 0x00007ffb23c7f000 	C:\WINDOWS\SYSTEM32\profapi.dll
0x00007ffb007b0000 - 0x00007ffb007c9000 	F:\java-11\bin\net.dll
0x00007ffb1d610000 - 0x00007ffb1d718000 	C:\WINDOWS\SYSTEM32\WINHTTP.dll
0x00007ffb234e0000 - 0x00007ffb2354a000 	C:\WINDOWS\system32\mswsock.dll
0x00007ffafbcb0000 - 0x00007ffafbcc2000 	F:\java-11\bin\nio.dll
0x00007ffb236d0000 - 0x00007ffb236e8000 	C:\WINDOWS\SYSTEM32\CRYPTSP.dll
0x00007ffb22df0000 - 0x00007ffb22e24000 	C:\WINDOWS\system32\rsaenh.dll
0x00007ffb24060000 - 0x00007ffb24087000 	C:\WINDOWS\System32\bcrypt.dll
0x00007ffb23c20000 - 0x00007ffb23c4e000 	C:\WINDOWS\SYSTEM32\USERENV.dll
0x00007ffb236f0000 - 0x00007ffb236fc000 	C:\WINDOWS\SYSTEM32\CRYPTBASE.dll
0x00007ffb23180000 - 0x00007ffb231bb000 	C:\WINDOWS\SYSTEM32\IPHLPAPI.DLL
0x00007ffb24c40000 - 0x00007ffb24c48000 	C:\WINDOWS\System32\NSI.dll
0x00007ffb1e930000 - 0x00007ffb1e947000 	C:\WINDOWS\SYSTEM32\dhcpcsvc6.DLL
0x00007ffb1e910000 - 0x00007ffb1e92d000 	C:\WINDOWS\SYSTEM32\dhcpcsvc.DLL
0x00007ffb231c0000 - 0x00007ffb2328c000 	C:\WINDOWS\SYSTEM32\DNSAPI.dll
0x00007ffaf4eb0000 - 0x00007ffaf4eee000 	C:\Users\陆振亚\AppData\Roaming\Code\User\globalStorage\redhat.java\0.80.0\config_win\org.eclipse.equinox.launcher\org.eclipse.equinox.launcher.win32.win32.x86_64_1.2.300.v20210617-0451\eclipse_11502.dll
0x00007ffb0cee0000 - 0x00007ffb0cef1000 	C:\Users\陆振亚\AppData\Roaming\Code\User\globalStorage\redhat.java\0.80.0\config_win\org.eclipse.osgi\23\0\.cp\jWinHttp-1.0.0.dll
0x00007ffb248d0000 - 0x00007ffb249fa000 	C:\WINDOWS\System32\ole32.dll

dbghelp: loaded successfully - version: 4.0.5 - missing functions: none
symbol engine: initialized successfully - sym options: 0x614 - pdb path: .;F:\java-11\bin;C:\WINDOWS\SYSTEM32;C:\WINDOWS\WinSxS\amd64_microsoft.windows.common-controls_6595b64144ccf1df_6.0.19041.1110_none_60b5254171f9507e;F:\java-11\bin\server;C:\Users\陆振亚\AppData\Roaming\Code\User\globalStorage\redhat.java\0.80.0\config_win\org.eclipse.equinox.launcher\org.eclipse.equinox.launcher.win32.win32.x86_64_1.2.300.v20210617-0;C:\Users\陆振亚\AppData\Roaming\Code\User\globalStorage\redhat.java\0.80.0\config_win\org.eclipse.equinox.launcher\org.eclipse.equinox.launcher.win32.win32.x86_64_1.2.300.v20210617-0451;C:\Users\陆振亚\AppData\Roaming\Code\User\globalStorage\redhat.java\0.80.0\config_win\org.eclipse.osgi

VM Arguments:
jvm_args: --add-modules=ALL-SYSTEM --add-opens=java.base/java.util=ALL-UNNAMED --add-opens=java.base/java.lang=ALL-UNNAMED -Declipse.application=org.eclipse.jdt.ls.core.id1 -Dosgi.bundles.defaultStartLevel=4 -Declipse.product=org.eclipse.jdt.ls.core.product -Dfile.encoding=utf8 -DwatchParentProcess=false -XX:+UseParallelGC -XX:GCTimeRatio=4 -XX:AdaptiveSizePolicyWeight=90 -Dsun.zip.disableMemoryMapping=true -Xmx1G -Xms100m -Xverify:none 
java_command: c:\Users\陆振亚\.vscode\extensions\redhat.java-0.80.0\server\plugins\org.eclipse.equinox.launcher_1.6.200.v20210416-2027.jar -configuration c:\Users\陆振亚\AppData\Roaming\Code\User\globalStorage\redhat.java\0.80.0\config_win -data c:\Users\陆振亚\AppData\Roaming\Code\User\workspaceStorage\f0c8ae5bb4345b319847acd4976223bd\redhat.java\jdt_ws
java_class_path (initial): c:\Users\陆振亚\.vscode\extensions\redhat.java-0.80.0\server\plugins\org.eclipse.equinox.launcher_1.6.200.v20210416-2027.jar
Launcher Type: SUN_STANDARD

[Global flags]
    uintx AdaptiveSizePolicyWeight                 = 90                                        {product} {command line}
     bool BytecodeVerificationLocal                = false                                     {product} {command line}
     bool BytecodeVerificationRemote               = false                                     {product} {command line}
     intx CICompilerCount                          = 12                                        {product} {ergonomic}
    uintx GCTimeRatio                              = 4                                         {product} {command line}
   size_t InitialHeapSize                          = 104857600                                 {product} {command line}
   size_t MaxHeapSize                              = 1073741824                                {product} {command line}
   size_t MaxNewSize                               = 357564416                                 {product} {ergonomic}
   size_t MinHeapDeltaBytes                        = 524288                                    {product} {ergonomic}
   size_t NewSize                                  = 34603008                                  {product} {ergonomic}
    uintx NonNMethodCodeHeapSize                   = 7594288                                {pd product} {ergonomic}
    uintx NonProfiledCodeHeapSize                  = 122031976                              {pd product} {ergonomic}
   size_t OldSize                                  = 70254592                                  {product} {ergonomic}
    uintx ProfiledCodeHeapSize                     = 122031976                              {pd product} {ergonomic}
    uintx ReservedCodeCacheSize                    = 251658240                              {pd product} {ergonomic}
     bool SegmentedCodeCache                       = true                                      {product} {ergonomic}
     bool UseCompressedClassPointers               = true                                 {lp64_product} {ergonomic}
     bool UseCompressedOops                        = true                                 {lp64_product} {ergonomic}
     bool UseLargePagesIndividualAllocation        = false                                  {pd product} {ergonomic}
     bool UseParallelGC                            = true                                      {product} {command line}

Logging:
Log output configuration:
 #0: stdout all=warning uptime,level,tags
 #1: stderr all=off uptime,level,tags

Environment Variables:
JAVA_HOME=F:\java-11
CLASSPATH=;F:\java-11\lib;F:\java-11\lib\tools.jar;
PATH=F:\java-11\bin;C:\Program Files\NVIDIA GPU Computing Toolkit\CUDA\v11.1\bin;C:\Program Files\NVIDIA GPU Computing Toolkit\CUDA\v11.1\libnvvp;C:\WINDOWS\system32;C:\WINDOWS;C:\WINDOWS\System32\Wbem;C:\WINDOWS\System32\WindowsPowerShell\v1.0\;C:\WINDOWS\System32\OpenSSH\;C:\Program Files (x86)\NVIDIA Corporation\PhysX\Common;D:\texlive\2021\bin\win32;D:\Git\cmd;C:\Program Files\NVIDIA Corporation\NVIDIA NvDLISR;C:\Program Files\NVIDIA Corporation\Nsight Compute 2020.2.1\;F:\;F:\java-11\bin;C:\Users\陆振亚\AppData\Local\Microsoft\WindowsApps;C:\Users\陆振亚\AppData\Local\Programs\Microsoft VS Code\bin;C:\Users\陆振亚\AppData\Roaming\npm;F:\java-11\bin;F:\java-11\jre\bin;
USERNAME=陆振亚
OS=Windows_NT
PROCESSOR_IDENTIFIER=Intel64 Family 6 Model 167 Stepping 1, GenuineIntel



---------------  S Y S T E M  ---------------

OS: Windows 10 , 64 bit Build 19041 (10.0.19041.1151)
OS uptime: 1 days 1:24 hours

CPU:total 16 (initial active 16) (8 cores per cpu, 2 threads per core) family 6 model 167 stepping 1 microcode 0x3c, cmov, cx8, fxsr, mmx, sse, sse2, sse3, ssse3, sse4.1, sse4.2, popcnt, avx, avx2, aes, clmul, erms, 3dnowpref, lzcnt, ht, tsc, tscinvbit, bmi1, bmi2, adx, evex, sha, fma

Memory: 4k page, system-wide physical 16254M (3459M free)
TotalPageFile size 54654M (AvailPageFile size 5M)
current process WorkingSet (physical memory assigned to process): 193M, peak: 193M
current process commit charge ("private bytes"): 316M, peak: 317M

vm_info: OpenJDK 64-Bit Server VM (11.0.12+7) for windows-amd64 JRE (11.0.12+7), built on Jul 21 2021 16:23:49 by "" with unknown MS VC++:1916

END.
