#
# There is insufficient memory for the Java Runtime Environment to continue.
# Native memory allocation (malloc) failed to allocate 93776 bytes for Chunk::new
# Possible reasons:
#   The system is out of physical RAM or swap space
#   The process is running with CompressedOops enabled, and the Java Heap may be blocking the growth of the native heap
# Possible solutions:
#   Reduce memory load on the system
#   Increase physical memory or swap space
#   Check if swap backing store is full
#   Decrease Java heap size (-Xmx/-Xms)
#   Decrease number of Java threads
#   Decrease Java thread stack sizes (-Xss)
#   Set larger code cache with -XX:ReservedCodeCacheSize=
#   JVM is running with Unscaled Compressed Oops mode in which the Java heap is
#     placed in the first 4GB address space. The Java Heap base address is the
#     maximum limit for the native heap growth. Please use -XX:HeapBaseMinAddress
#     to set the Java Heap base and to place the Java Heap above 4GB virtual address.
# This output file may be truncated or incomplete.
#
#  Out of Memory Error (./src/hotspot/share/memory/arena.cpp:197), pid=13896, tid=10256
#
# JRE version: OpenJDK Runtime Environment Temurin-11.0.12+7 (11.0.12+7) (build 11.0.12+7)
# Java VM: OpenJDK 64-Bit Server VM Temurin-11.0.12+7 (11.0.12+7, mixed mode, tiered, compressed oops, parallel gc, windows-amd64)
# No core dump will be written. Minidumps are not enabled by default on client versions of Windows
#

---------------  S U M M A R Y ------------

Command Line: --add-modules=ALL-SYSTEM --add-opens=java.base/java.util=ALL-UNNAMED --add-opens=java.base/java.lang=ALL-UNNAMED -Declipse.application=org.eclipse.jdt.ls.core.id1 -Dosgi.bundles.defaultStartLevel=4 -Declipse.product=org.eclipse.jdt.ls.core.product -Dfile.encoding=utf8 -DwatchParentProcess=false -XX:+UseParallelGC -XX:GCTimeRatio=4 -XX:AdaptiveSizePolicyWeight=90 -Dsun.zip.disableMemoryMapping=true -Xmx1G -Xms100m -Xverify:none c:\Users\陆振亚\.vscode\extensions\redhat.java-0.80.0\server\plugins\org.eclipse.equinox.launcher_1.6.200.v20210416-2027.jar -configuration c:\Users\陆振亚\AppData\Roaming\Code\User\globalStorage\redhat.java\0.80.0\config_ss_win -data c:\Users\陆振亚\AppData\Roaming\Code\User\workspaceStorage\f0c8ae5bb4345b319847acd4976223bd\redhat.java\ss_ws

Host: 11th Gen Intel(R) Core(TM) i7-11700K @ 3.60GHz, 16 cores, 15G,  Windows 10 , 64 bit Build 19041 (10.0.19041.1151)
Time: Sat Aug 14 11:41:31 2021 中国标准时间 elapsed time: 1.490008 seconds (0d 0h 0m 1s)

---------------  T H R E A D  ---------------

Current thread (0x0000029f02640800):  JavaThread "C2 CompilerThread1" daemon [_thread_in_native, id=10256, stack(0x000000bc96000000,0x000000bc96100000)]


Current CompileTask:
C2:   1490 2487       4       sun.reflect.generics.parser.SignatureParser::skipIdentifier (67 bytes)

Stack: [0x000000bc96000000,0x000000bc96100000]
Native frames: (J=compiled Java code, j=interpreted, Vv=VM code, C=native code)
V  [jvm.dll+0x601d0a]
V  [jvm.dll+0x78ab6e]
V  [jvm.dll+0x78c23f]
V  [jvm.dll+0x78c903]
V  [jvm.dll+0x24be68]
V  [jvm.dll+0xc219c]
V  [jvm.dll+0xc275c]
V  [jvm.dll+0x2bde24]
V  [jvm.dll+0x512bd9]
V  [jvm.dll+0x206f74]
V  [jvm.dll+0x2045da]
V  [jvm.dll+0x1898fc]
V  [jvm.dll+0x213d67]
V  [jvm.dll+0x211f2b]
V  [jvm.dll+0x74ec19]
V  [jvm.dll+0x747c84]
V  [jvm.dll+0x600ba6]
C  [ucrtbase.dll+0x21bb2]
C  [KERNEL32.DLL+0x17034]
C  [ntdll.dll+0x52651]


---------------  P R O C E S S  ---------------

Threads class SMR info:
_java_thread_list=0x0000029f059092f0, length=23, elements={
0x0000029f66a29800, 0x0000029f7f26c000, 0x0000029f7f278000, 0x0000029f02464800,
0x0000029f02466000, 0x0000029f02467000, 0x0000029f02469000, 0x0000029f7f296000,
0x0000029f7f29c000, 0x0000029f025d4800, 0x0000029f025da800, 0x0000029f025db800,
0x0000029f04a30000, 0x0000029f0525c000, 0x0000029f04b0f000, 0x0000029f04f00800,
0x0000029f049e6800, 0x0000029f05438000, 0x0000029f052bb000, 0x0000029f0558c000,
0x0000029f02640800, 0x0000029f055f4800, 0x0000029f05829000
}

Java Threads: ( => current thread )
  0x0000029f66a29800 JavaThread "main" [_thread_blocked, id=744, stack(0x000000bc95200000,0x000000bc95300000)]
  0x0000029f7f26c000 JavaThread "Reference Handler" daemon [_thread_blocked, id=6884, stack(0x000000bc95500000,0x000000bc95600000)]
  0x0000029f7f278000 JavaThread "Finalizer" daemon [_thread_blocked, id=19564, stack(0x000000bc95600000,0x000000bc95700000)]
  0x0000029f02464800 JavaThread "Signal Dispatcher" daemon [_thread_blocked, id=12696, stack(0x000000bc95700000,0x000000bc95800000)]
  0x0000029f02466000 JavaThread "Attach Listener" daemon [_thread_blocked, id=20168, stack(0x000000bc95800000,0x000000bc95900000)]
  0x0000029f02467000 JavaThread "Service Thread" daemon [_thread_blocked, id=15612, stack(0x000000bc95900000,0x000000bc95a00000)]
  0x0000029f02469000 JavaThread "C2 CompilerThread0" daemon [_thread_in_native, id=6428, stack(0x000000bc95a00000,0x000000bc95b00000)]
  0x0000029f7f296000 JavaThread "C1 CompilerThread0" daemon [_thread_blocked, id=18876, stack(0x000000bc95b00000,0x000000bc95c00000)]
  0x0000029f7f29c000 JavaThread "Sweeper thread" daemon [_thread_blocked, id=4420, stack(0x000000bc95c00000,0x000000bc95d00000)]
  0x0000029f025d4800 JavaThread "Common-Cleaner" daemon [_thread_blocked, id=15396, stack(0x000000bc95d00000,0x000000bc95e00000)]
  0x0000029f025da800 JavaThread "C1 CompilerThread1" daemon [_thread_blocked, id=18556, stack(0x000000bc95e00000,0x000000bc95f00000)]
  0x0000029f025db800 JavaThread "C1 CompilerThread2" daemon [_thread_in_native, id=12976, stack(0x000000bc95f00000,0x000000bc96000000)]
  0x0000029f04a30000 JavaThread "Active Thread: Equinox Container: 313ff319-c548-4d24-b32d-8c9d2ee78dcb" [_thread_blocked, id=17096, stack(0x000000bc96300000,0x000000bc96400000)]
  0x0000029f0525c000 JavaThread "Framework Event Dispatcher: Equinox Container: 313ff319-c548-4d24-b32d-8c9d2ee78dcb" daemon [_thread_blocked, id=18844, stack(0x000000bc96700000,0x000000bc96800000)]
  0x0000029f04b0f000 JavaThread "Start Level: Equinox Container: 313ff319-c548-4d24-b32d-8c9d2ee78dcb" daemon [_thread_blocked, id=19860, stack(0x000000bc96800000,0x000000bc96900000)]
  0x0000029f04f00800 JavaThread "SCR Component Actor" daemon [_thread_blocked, id=20264, stack(0x000000bc96900000,0x000000bc96a00000)]
  0x0000029f049e6800 JavaThread "Timer-0" daemon [_thread_blocked, id=8072, stack(0x000000bc96a00000,0x000000bc96b00000)]
  0x0000029f05438000 JavaThread "Worker-JM" [_thread_blocked, id=7560, stack(0x000000bc96c00000,0x000000bc96d00000)]
  0x0000029f052bb000 JavaThread "Worker-0" [_thread_blocked, id=14760, stack(0x000000bc96f00000,0x000000bc97000000)]
  0x0000029f0558c000 JavaThread "Worker-1" [_thread_blocked, id=4836, stack(0x000000bc97000000,0x000000bc97100000)]
=>0x0000029f02640800 JavaThread "C2 CompilerThread1" daemon [_thread_in_native, id=10256, stack(0x000000bc96000000,0x000000bc96100000)]
  0x0000029f055f4800 JavaThread "C2 CompilerThread2" daemon [_thread_in_native, id=16200, stack(0x000000bc96200000,0x000000bc96300000)]
  0x0000029f05829000 JavaThread "pool-1-thread-1" [_thread_in_vm, id=5376, stack(0x000000bc97400000,0x000000bc97500000)]

Other Threads:
  0x0000029f02414800 VMThread "VM Thread" [stack: 0x000000bc95400000,0x000000bc95500000] [id=1864]
  0x0000029f02678000 WatcherThread [stack: 0x000000bc96100000,0x000000bc96200000] [id=14084]
  0x0000029f66a41800 GCTaskThread "ParGC Thread#0" [stack: 0x000000bc95300000,0x000000bc95400000] [id=17532]
  0x0000029f04879800 GCTaskThread "ParGC Thread#1" [stack: 0x000000bc96400000,0x000000bc96500000] [id=15608]
  0x0000029f04a1e000 GCTaskThread "ParGC Thread#2" [stack: 0x000000bc96500000,0x000000bc96600000] [id=8828]
  0x0000029f0525a800 GCTaskThread "ParGC Thread#3" [stack: 0x000000bc96600000,0x000000bc96700000] [id=10324]
  0x0000029f052c9800 GCTaskThread "ParGC Thread#4" [stack: 0x000000bc96d00000,0x000000bc96e00000] [id=18276]
  0x0000029f052b9800 GCTaskThread "ParGC Thread#5" [stack: 0x000000bc96e00000,0x000000bc96f00000] [id=4664]
  0x0000029f64fc2000 GCTaskThread "ParGC Thread#6" [stack: 0x000000bc96b00000,0x000000bc96c00000] [id=3944]
  0x0000029f0580a800 GCTaskThread "ParGC Thread#7" [stack: 0x000000bc97100000,0x000000bc97200000] [id=20040]
  0x0000029f05746800 GCTaskThread "ParGC Thread#8" [stack: 0x000000bc97200000,0x000000bc97300000] [id=20200]
  0x0000029f05747000 GCTaskThread "ParGC Thread#9" [stack: 0x000000bc97300000,0x000000bc97400000] [id=14964]

Threads with active compile tasks:
C2 CompilerThread0   1499 2521       4       java.lang.String::replace (42 bytes)
C2 CompilerThread1   1499 2487       4       sun.reflect.generics.parser.SignatureParser::skipIdentifier (67 bytes)
C2 CompilerThread2   1499 2525       4       java.io.DataOutputStream::writeUTF (435 bytes)

VM state:not at safepoint (normal execution)

VM Mutex/Monitor currently owned by a thread:  ([mutex/lock_event])
[0x0000029f66a265c0] SignatureHandlerLibrary_lock - owner thread: 0x0000000000000000

Heap address: 0x00000000c0000000, size: 1024 MB, Compressed Oops mode: 32-bit
Narrow klass base: 0x0000000000000000, Narrow klass shift: 3
Compressed class space size: 1073741824 Address: 0x0000000100000000

Heap:
 PSYoungGen      total 29696K, used 4209K [0x00000000eab00000, 0x00000000ecc00000, 0x0000000100000000)
  eden space 25600K, 5% used [0x00000000eab00000,0x00000000eac68ac0,0x00000000ec400000)
  from space 4096K, 67% used [0x00000000ec400000,0x00000000ec6b3d30,0x00000000ec800000)
  to   space 4096K, 0% used [0x00000000ec800000,0x00000000ec800000,0x00000000ecc00000)
 ParOldGen       total 68608K, used 5958K [0x00000000c0000000, 0x00000000c4300000, 0x00000000eab00000)
  object space 68608K, 8% used [0x00000000c0000000,0x00000000c05d1a28,0x00000000c4300000)
 Metaspace       used 27333K, capacity 28993K, committed 29184K, reserved 1075200K
  class space    used 2591K, capacity 3206K, committed 3328K, reserved 1048576K

Card table byte_map: [0x0000029f7e330000,0x0000029f7e540000] _byte_map_base: 0x0000029f7dd30000

Marking Bits: (ParMarkBitMap*) 0x00007ffac573bcf0
 Begin Bits: [0x0000029f00000000, 0x0000029f01000000)
 End Bits:   [0x0000029f01000000, 0x0000029f02000000)

Polling page: 0x0000029f64fa0000

Metaspace:

Usage:
  Non-class:     25.18 MB capacity,    24.16 MB ( 96%) used,   989.66 KB (  4%) free+waste,    54.69 KB ( <1%) overhead. 
      Class:      3.13 MB capacity,     2.53 MB ( 81%) used,   587.59 KB ( 18%) free+waste,    26.88 KB ( <1%) overhead. 
       Both:     28.31 MB capacity,    26.69 MB ( 94%) used,     1.54 MB (  5%) free+waste,    81.56 KB ( <1%) overhead. 

Virtual space:
  Non-class space:       26.00 MB reserved,      25.25 MB ( 97%) committed 
      Class space:        1.00 GB reserved,       3.25 MB ( <1%) committed 
             Both:        1.03 GB reserved,      28.50 MB (  3%) committed 

Chunk freelists:
   Non-Class:  5.00 KB
       Class:  26.00 KB
        Both:  31.00 KB

MaxMetaspaceSize: 17179869184.00 GB
CompressedClassSpaceSize: 1.00 GB
Initial GC threshold: 20.80 MB
Current GC threshold: 34.59 MB
CDS: off

CodeHeap 'non-profiled nmethods': size=119168Kb used=882Kb max_used=882Kb free=118285Kb
 bounds [0x0000029f76cf0000, 0x0000029f76f60000, 0x0000029f7e150000]
CodeHeap 'profiled nmethods': size=119168Kb used=5300Kb max_used=5300Kb free=113867Kb
 bounds [0x0000029f6f890000, 0x0000029f6fdc0000, 0x0000029f76cf0000]
CodeHeap 'non-nmethods': size=7424Kb used=2374Kb max_used=2943Kb free=5049Kb
 bounds [0x0000029f6f150000, 0x0000029f6f440000, 0x0000029f6f890000]
 total_blobs=3039 nmethods=2522 adapters=429
 compilation: enabled
              stopped_count=0, restarted_count=0
 full_count=0

Compilation events (20 events):
Event: 1.488 Thread 0x0000029f7f296000 2486       1       java.util.stream.Node::getChildCount (2 bytes)
Event: 1.488 Thread 0x0000029f7f296000 nmethod 2486 0x0000029f76dca810 code [0x0000029f76dca9c0, 0x0000029f76dcaa78]
Event: 1.488 Thread 0x0000029f025da800 nmethod 2485 0x0000029f6fda6790 code [0x0000029f6fda6980, 0x0000029f6fda6de8]
Event: 1.488 Thread 0x0000029f02640800 2487       4       sun.reflect.generics.parser.SignatureParser::skipIdentifier (67 bytes)
Event: 1.488 Thread 0x0000029f025da800 2488       3       java.util.Spliterators$ArraySpliterator::estimateSize (11 bytes)
Event: 1.488 Thread 0x0000029f025da800 nmethod 2488 0x0000029f6fda6f10 code [0x0000029f6fda70c0, 0x0000029f6fda71d8]
Event: 1.488 Thread 0x0000029f7f296000 2489       3       java.util.stream.ReferencePipeline::map (26 bytes)
Event: 1.488 Thread 0x0000029f025da800 2490       3       java.util.stream.ReferencePipeline$3::<init> (20 bytes)
Event: 1.488 Thread 0x0000029f025da800 nmethod 2490 0x0000029f6fda7290 code [0x0000029f6fda7460, 0x0000029f6fda76a8]
Event: 1.488 Thread 0x0000029f025da800 2491       3       java.util.stream.ReferencePipeline$3::opWrapSink (10 bytes)
Event: 1.488 Thread 0x0000029f7f296000 nmethod 2489 0x0000029f6fda7810 code [0x0000029f6fda7a00, 0x0000029f6fda7e98]
Event: 1.488 Thread 0x0000029f7f296000 2492       3       java.util.stream.ReferencePipeline$3$1::<init> (11 bytes)
Event: 1.488 Thread 0x0000029f025da800 nmethod 2491 0x0000029f6fda8090 code [0x0000029f6fda8280, 0x0000029f6fda8788]
Event: 1.488 Thread 0x0000029f025da800 2493       3       java.util.stream.Sink$ChainedReference::begin (11 bytes)
Event: 1.488 Thread 0x0000029f02469000 2496       4       jdk.internal.org.objectweb.asm.ByteVector::putByte (39 bytes)
Event: 1.488 Thread 0x0000029f025da800 nmethod 2493 0x0000029f6fda8990 code [0x0000029f6fda8b40, 0x0000029f6fda8d08]
Event: 1.488 Thread 0x0000029f025da800 2494       3       org.eclipse.lsp4j.jsonrpc.services.AnnotationUtil::createMethodInfo (51 bytes)
Event: 1.489 Thread 0x0000029f7f296000 nmethod 2492 0x0000029f6fda8e10 code [0x0000029f6fda9000, 0x0000029f6fda9448]
Event: 1.489 Thread 0x0000029f7f296000 2498       3       org.eclipse.lsp4j.jsonrpc.services.AnnotationUtil::isDelegateMethod (77 bytes)
Event: 1.489 Thread 0x0000029f025db800 nmethod 2482 0x0000029f6fda9610 code [0x0000029f6fda9f60, 0x0000029f6fdaed68]

GC Heap History (8 events):
Event: 0.418 GC heap before
{Heap before GC invocations=1 (full 0):
 PSYoungGen      total 29696K, used 25600K [0x00000000eab00000, 0x00000000ecc00000, 0x0000000100000000)
  eden space 25600K, 100% used [0x00000000eab00000,0x00000000ec400000,0x00000000ec400000)
  from space 4096K, 0% used [0x00000000ec800000,0x00000000ec800000,0x00000000ecc00000)
  to   space 4096K, 0% used [0x00000000ec400000,0x00000000ec400000,0x00000000ec800000)
 ParOldGen       total 68608K, used 0K [0x00000000c0000000, 0x00000000c4300000, 0x00000000eab00000)
  object space 68608K, 0% used [0x00000000c0000000,0x00000000c0000000,0x00000000c4300000)
 Metaspace       used 13190K, capacity 13410K, committed 13568K, reserved 1060864K
  class space    used 1197K, capacity 1256K, committed 1280K, reserved 1048576K
}
Event: 0.420 GC heap after
{Heap after GC invocations=1 (full 0):
 PSYoungGen      total 29696K, used 4084K [0x00000000eab00000, 0x00000000ecc00000, 0x0000000100000000)
  eden space 25600K, 0% used [0x00000000eab00000,0x00000000eab00000,0x00000000ec400000)
  from space 4096K, 99% used [0x00000000ec400000,0x00000000ec7fd348,0x00000000ec800000)
  to   space 4096K, 0% used [0x00000000ec800000,0x00000000ec800000,0x00000000ecc00000)
 ParOldGen       total 68608K, used 16K [0x00000000c0000000, 0x00000000c4300000, 0x00000000eab00000)
  object space 68608K, 0% used [0x00000000c0000000,0x00000000c0004000,0x00000000c4300000)
 Metaspace       used 13190K, capacity 13410K, committed 13568K, reserved 1060864K
  class space    used 1197K, capacity 1256K, committed 1280K, reserved 1048576K
}
Event: 0.689 GC heap before
{Heap before GC invocations=2 (full 0):
 PSYoungGen      total 29696K, used 19825K [0x00000000eab00000, 0x00000000ecc00000, 0x0000000100000000)
  eden space 25600K, 61% used [0x00000000eab00000,0x00000000eba5f4a8,0x00000000ec400000)
  from space 4096K, 99% used [0x00000000ec400000,0x00000000ec7fd348,0x00000000ec800000)
  to   space 4096K, 0% used [0x00000000ec800000,0x00000000ec800000,0x00000000ecc00000)
 ParOldGen       total 68608K, used 16K [0x00000000c0000000, 0x00000000c4300000, 0x00000000eab00000)
  object space 68608K, 0% used [0x00000000c0000000,0x00000000c0004000,0x00000000c4300000)
 Metaspace       used 20207K, capacity 21204K, committed 21248K, reserved 1069056K
  class space    used 1906K, capacity 2263K, committed 2304K, reserved 1048576K
}
Event: 0.692 GC heap after
{Heap after GC invocations=2 (full 0):
 PSYoungGen      total 29696K, used 4091K [0x00000000eab00000, 0x00000000ecc00000, 0x0000000100000000)
  eden space 25600K, 0% used [0x00000000eab00000,0x00000000eab00000,0x00000000ec400000)
  from space 4096K, 99% used [0x00000000ec800000,0x00000000ecbfedd0,0x00000000ecc00000)
  to   space 4096K, 0% used [0x00000000ec400000,0x00000000ec400000,0x00000000ec800000)
 ParOldGen       total 68608K, used 1926K [0x00000000c0000000, 0x00000000c4300000, 0x00000000eab00000)
  object space 68608K, 2% used [0x00000000c0000000,0x00000000c01e1bc8,0x00000000c4300000)
 Metaspace       used 20207K, capacity 21204K, committed 21248K, reserved 1069056K
  class space    used 1906K, capacity 2263K, committed 2304K, reserved 1048576K
}
Event: 0.692 GC heap before
{Heap before GC invocations=3 (full 1):
 PSYoungGen      total 29696K, used 4091K [0x00000000eab00000, 0x00000000ecc00000, 0x0000000100000000)
  eden space 25600K, 0% used [0x00000000eab00000,0x00000000eab00000,0x00000000ec400000)
  from space 4096K, 99% used [0x00000000ec800000,0x00000000ecbfedd0,0x00000000ecc00000)
  to   space 4096K, 0% used [0x00000000ec400000,0x00000000ec400000,0x00000000ec800000)
 ParOldGen       total 68608K, used 1926K [0x00000000c0000000, 0x00000000c4300000, 0x00000000eab00000)
  object space 68608K, 2% used [0x00000000c0000000,0x00000000c01e1bc8,0x00000000c4300000)
 Metaspace       used 20207K, capacity 21204K, committed 21248K, reserved 1069056K
  class space    used 1906K, capacity 2263K, committed 2304K, reserved 1048576K
}
Event: 0.725 GC heap after
{Heap after GC invocations=3 (full 1):
 PSYoungGen      total 29696K, used 0K [0x00000000eab00000, 0x00000000ecc00000, 0x0000000100000000)
  eden space 25600K, 0% used [0x00000000eab00000,0x00000000eab00000,0x00000000ec400000)
  from space 4096K, 0% used [0x00000000ec800000,0x00000000ec800000,0x00000000ecc00000)
  to   space 4096K, 0% used [0x00000000ec400000,0x00000000ec400000,0x00000000ec800000)
 ParOldGen       total 68608K, used 5942K [0x00000000c0000000, 0x00000000c4300000, 0x00000000eab00000)
  object space 68608K, 8% used [0x00000000c0000000,0x00000000c05cda10,0x00000000c4300000)
 Metaspace       used 20207K, capacity 21204K, committed 21248K, reserved 1069056K
  class space    used 1906K, capacity 2263K, committed 2304K, reserved 1048576K
}
Event: 1.483 GC heap before
{Heap before GC invocations=4 (full 1):
 PSYoungGen      total 29696K, used 25600K [0x00000000eab00000, 0x00000000ecc00000, 0x0000000100000000)
  eden space 25600K, 100% used [0x00000000eab00000,0x00000000ec400000,0x00000000ec400000)
  from space 4096K, 0% used [0x00000000ec800000,0x00000000ec800000,0x00000000ecc00000)
  to   space 4096K, 0% used [0x00000000ec400000,0x00000000ec400000,0x00000000ec800000)
 ParOldGen       total 68608K, used 5942K [0x00000000c0000000, 0x00000000c4300000, 0x00000000eab00000)
  object space 68608K, 8% used [0x00000000c0000000,0x00000000c05cda10,0x00000000c4300000)
 Metaspace       used 26992K, capacity 28641K, committed 28800K, reserved 1075200K
  class space    used 2551K, capacity 3131K, committed 3200K, reserved 1048576K
}
Event: 1.484 GC heap after
{Heap after GC invocations=4 (full 1):
 PSYoungGen      total 29696K, used 2767K [0x00000000eab00000, 0x00000000ecc00000, 0x0000000100000000)
  eden space 25600K, 0% used [0x00000000eab00000,0x00000000eab00000,0x00000000ec400000)
  from space 4096K, 67% used [0x00000000ec400000,0x00000000ec6b3d30,0x00000000ec800000)
  to   space 4096K, 0% used [0x00000000ec800000,0x00000000ec800000,0x00000000ecc00000)
 ParOldGen       total 68608K, used 5958K [0x00000000c0000000, 0x00000000c4300000, 0x00000000eab00000)
  object space 68608K, 8% used [0x00000000c0000000,0x00000000c05d1a28,0x00000000c4300000)
 Metaspace       used 26992K, capacity 28641K, committed 28800K, reserved 1075200K
  class space    used 2551K, capacity 3131K, committed 3200K, reserved 1048576K
}

Deoptimization events (20 events):
Event: 1.434 Thread 0x0000029f66a29800 Uncommon trap: trap_request=0xffffff4d fr.pc=0x0000029f76d5a104 relative=0x00000000000001c4
Event: 1.434 Thread 0x0000029f66a29800 Uncommon trap: reason=unstable_if action=reinterpret pc=0x0000029f76d5a104 method=java.util.HashMap.getNode(ILjava/lang/Object;)Ljava/util/HashMap$Node; @ 129 c2
Event: 1.434 Thread 0x0000029f66a29800 DEOPT PACKING pc=0x0000029f76d5a104 sp=0x000000bc952fbaf0
Event: 1.434 Thread 0x0000029f66a29800 DEOPT UNPACKING pc=0x0000029f6f1585af sp=0x000000bc952fb9f0 mode 2
Event: 1.434 Thread 0x0000029f66a29800 Uncommon trap: trap_request=0xffffffc6 fr.pc=0x0000029f76d57e58 relative=0x0000000000000738
Event: 1.434 Thread 0x0000029f66a29800 Uncommon trap: reason=bimorphic_or_optimized_type_check action=maybe_recompile pc=0x0000029f76d57e58 method=java.util.HashMap.putVal(ILjava/lang/Object;Ljava/lang/Object;ZZ)Ljava/lang/Object; @ 203 c2
Event: 1.434 Thread 0x0000029f66a29800 DEOPT PACKING pc=0x0000029f76d57e58 sp=0x000000bc952fbad0
Event: 1.434 Thread 0x0000029f66a29800 DEOPT UNPACKING pc=0x0000029f6f1585af sp=0x000000bc952fb9c0 mode 2
Event: 1.437 Thread 0x0000029f66a29800 Uncommon trap: trap_request=0xffffff4d fr.pc=0x0000029f76d46d28 relative=0x0000000000000168
Event: 1.437 Thread 0x0000029f66a29800 Uncommon trap: reason=unstable_if action=reinterpret pc=0x0000029f76d46d28 method=java.util.HashMap.getNode(ILjava/lang/Object;)Ljava/util/HashMap$Node; @ 129 c2
Event: 1.437 Thread 0x0000029f66a29800 DEOPT PACKING pc=0x0000029f76d46d28 sp=0x000000bc952fba80
Event: 1.437 Thread 0x0000029f66a29800 DEOPT UNPACKING pc=0x0000029f6f1585af sp=0x000000bc952fb9f0 mode 2
Event: 1.437 Thread 0x0000029f66a29800 Uncommon trap: trap_request=0xffffffc6 fr.pc=0x0000029f76d57e58 relative=0x0000000000000738
Event: 1.437 Thread 0x0000029f66a29800 Uncommon trap: reason=bimorphic_or_optimized_type_check action=maybe_recompile pc=0x0000029f76d57e58 method=java.util.HashMap.putVal(ILjava/lang/Object;Ljava/lang/Object;ZZ)Ljava/lang/Object; @ 203 c2
Event: 1.437 Thread 0x0000029f66a29800 DEOPT PACKING pc=0x0000029f76d57e58 sp=0x000000bc952fbad0
Event: 1.437 Thread 0x0000029f66a29800 DEOPT UNPACKING pc=0x0000029f6f1585af sp=0x000000bc952fb9c0 mode 2
Event: 1.482 Thread 0x0000029f66a29800 Uncommon trap: trap_request=0xffffff4d fr.pc=0x0000029f76db4200 relative=0x0000000000000e80
Event: 1.482 Thread 0x0000029f66a29800 Uncommon trap: reason=unstable_if action=reinterpret pc=0x0000029f76db4200 method=java.util.Properties$LineReader.readLine()I @ 256 c2
Event: 1.482 Thread 0x0000029f66a29800 DEOPT PACKING pc=0x0000029f76db4200 sp=0x000000bc952fbe10
Event: 1.482 Thread 0x0000029f66a29800 DEOPT UNPACKING pc=0x0000029f6f1585af sp=0x000000bc952fbda0 mode 2

Classes redefined (0 events):
No events

Internal exceptions (20 events):
Event: 0.425 Thread 0x0000029f0525c000 Implicit null exception at 0x0000029f76d1c788 to 0x0000029f76d1c834
Event: 0.427 Thread 0x0000029f66a29800 Exception <a 'java/lang/UnsatisfiedLinkError'{0x00000000eab43d40}: 'void org.eclipse.equinox.launcher.JNIBridge._update_splash()'> (0x00000000eab43d40) thrown at [./src/hotspot/share/prims/nativeLookup.cpp, line 528]
Event: 0.475 Thread 0x0000029f04b0f000 Exception <a 'java/lang/NoSuchMethodError'{0x00000000eae8c300}: 'java.lang.Object java.lang.invoke.DirectMethodHandle$Holder.invokeStatic(java.lang.Object, java.lang.Object, java.lang.Object, java.lang.Object, java.lang.Object, java.lang.Object, java.lang.Object, java.lang.Object, java.lang.Object, java.lang.Object, java.lang.Object, java.lang.Object, java.lang.Object, java.lang.Object, java.lang.Object)'> (0x00000000eae8c300) thrown at [./src/hotspot/share/interpreter/linkResolver.cpp, line 773]
Event: 0.476 Thread 0x0000029f04b0f000 Exception <a 'java/lang/NoSuchMethodError'{0x00000000eae9a308}: 'java.lang.Object java.lang.invoke.DirectMethodHandle$Holder.invokeStatic(java.lang.Object, java.lang.Object, java.lang.Object, java.lang.Object, java.lang.Object, java.lang.Object, java.lang.Object, java.lang.Object, java.lang.Object, java.lang.Object, java.lang.Object, java.lang.Object, java.lang.Object, java.lang.Object, java.lang.Object, java.lang.Object)'> (0x00000000eae9a308) thrown at [./src/hotspot/share/interpreter/linkResolver.cpp, l
Event: 0.477 Thread 0x0000029f04b0f000 Exception <a 'java/lang/NoSuchMethodError'{0x00000000eaea87e0}: 'java.lang.Object java.lang.invoke.DirectMethodHandle$Holder.invokeSpecial(java.lang.Object, java.lang.Object, int, int, java.lang.Object, java.lang.Object, java.lang.Object)'> (0x00000000eaea87e0) thrown at [./src/hotspot/share/interpreter/linkResolver.cpp, line 773]
Event: 0.477 Thread 0x0000029f04b0f000 Exception <a 'java/lang/NoSuchMethodError'{0x00000000eaeac018}: 'java.lang.Object java.lang.invoke.DelegatingMethodHandle$Holder.reinvoke_L(java.lang.Object, int, int, java.lang.Object, java.lang.Object, java.lang.Object)'> (0x00000000eaeac018) thrown at [./src/hotspot/share/interpreter/linkResolver.cpp, line 773]
Event: 0.477 Thread 0x0000029f04b0f000 Exception <a 'java/lang/NoSuchMethodError'{0x00000000eaeb0398}: 'java.lang.Object java.lang.invoke.DirectMethodHandle$Holder.invokeStatic(java.lang.Object, java.lang.Object, java.lang.Object, java.lang.Object, int)'> (0x00000000eaeb0398) thrown at [./src/hotspot/share/interpreter/linkResolver.cpp, line 773]
Event: 0.539 Thread 0x0000029f04b0f000 Exception <a 'java/io/FileNotFoundException'{0x00000000eb1cfc50}> (0x00000000eb1cfc50) thrown at [./src/hotspot/share/prims/jni.cpp, line 615]
Event: 0.635 Thread 0x0000029f04b0f000 Exception <a 'java/io/FileNotFoundException'{0x00000000eb6eeaa0}> (0x00000000eb6eeaa0) thrown at [./src/hotspot/share/prims/jni.cpp, line 615]
Event: 0.681 Thread 0x0000029f04b0f000 Exception <a 'java/lang/NoSuchMethodError'{0x00000000eb9ff510}: 'int java.lang.invoke.DirectMethodHandle$Holder.invokeStaticInit(java.lang.Object, java.lang.Object, java.lang.Object)'> (0x00000000eb9ff510) thrown at [./src/hotspot/share/interpreter/linkResolver.cpp, line 773]
Event: 0.683 Thread 0x0000029f04b0f000 Exception <a 'java/lang/IncompatibleClassChangeError'{0x00000000eba36d20}: Found class java.lang.Object, but interface was expected> (0x00000000eba36d20) thrown at [./src/hotspot/share/interpreter/linkResolver.cpp, line 839]
Event: 0.800 Thread 0x0000029f04b0f000 Exception <a 'java/lang/ClassNotFoundException'{0x00000000eba69ac8}: com/sun/org/apache/xerces/internal/impl/msg/spi/DOMMessagesProvider> (0x00000000eba69ac8) thrown at [./src/hotspot/share/classfile/systemDictionary.cpp, line 231]
Event: 0.801 Thread 0x0000029f04b0f000 Implicit null exception at 0x0000029f76da0b89 to 0x0000029f76da18dc
Event: 0.802 Thread 0x0000029f04b0f000 Exception <a 'java/lang/ClassNotFoundException'{0x00000000eba8b588}: com/sun/org/apache/xerces/internal/impl/msg/spi/XMLSerializerMessagesProvider> (0x00000000eba8b588) thrown at [./src/hotspot/share/classfile/systemDictionary.cpp, line 231]
Event: 0.803 Thread 0x0000029f04b0f000 Exception <a 'java/lang/ClassNotFoundException'{0x00000000ebaa1550}: com/sun/org/apache/xerces/internal/impl/msg/spi/XMLMessagesProvider> (0x00000000ebaa1550) thrown at [./src/hotspot/share/classfile/systemDictionary.cpp, line 231]
Event: 1.362 Thread 0x0000029f04b0f000 Exception <a 'java/lang/ClassNotFoundException'{0x00000000ebd718d0}: com/sun/org/apache/xml/internal/serializer/spi/XMLEntitiesProvider> (0x00000000ebd718d0) thrown at [./src/hotspot/share/classfile/systemDictionary.cpp, line 231]
Event: 1.408 Thread 0x0000029f04b0f000 Exception <a 'java/io/FileNotFoundException'{0x00000000ebfecb30}> (0x00000000ebfecb30) thrown at [./src/hotspot/share/prims/jni.cpp, line 615]
Event: 1.414 Thread 0x0000029f04b0f000 Exception <a 'java/io/FileNotFoundException'{0x00000000ec01d560}> (0x00000000ec01d560) thrown at [./src/hotspot/share/prims/jni.cpp, line 615]
Event: 1.417 Thread 0x0000029f04b0f000 Exception <a 'java/io/FileNotFoundException'{0x00000000ec0536f0}> (0x00000000ec0536f0) thrown at [./src/hotspot/share/prims/jni.cpp, line 615]
Event: 1.441 Thread 0x0000029f66a29800 Exception <a 'java/lang/NoSuchMethodError'{0x00000000ec170370}: 'void java.lang.invoke.DirectMethodHandle$Holder.invokeStatic(java.lang.Object, java.lang.Object, java.lang.Object, java.lang.Object)'> (0x00000000ec170370) thrown at [./src/hotspot/share/interpreter/linkResolver.cpp, line 773]

Events (20 events):
Event: 1.486 loading class java/util/logging/LogManager$4
Event: 1.486 loading class java/util/logging/LogManager$4 done
Event: 1.486 loading class java/util/logging/Logger$SystemLoggerHelper
Event: 1.486 loading class java/util/logging/Logger$SystemLoggerHelper done
Event: 1.486 loading class java/util/logging/Logger$SystemLoggerHelper$1
Event: 1.486 loading class java/util/logging/Logger$SystemLoggerHelper$1 done
Event: 1.486 loading class jdk/internal/logger/DefaultLoggerFinder$1
Event: 1.486 loading class jdk/internal/logger/DefaultLoggerFinder$1 done
Event: 1.486 loading class org/eclipse/lsp4j/jsonrpc/services/AnnotationUtil$MethodInfo
Event: 1.486 loading class org/eclipse/lsp4j/jsonrpc/services/AnnotationUtil$MethodInfo done
Event: 1.486 loading class org/eclipse/lsp4j/jsonrpc/services/AnnotationUtil$MethodInfo
Event: 1.486 loading class org/eclipse/lsp4j/jsonrpc/services/AnnotationUtil$MethodInfo done
Event: 1.486 loading class org/eclipse/lsp4j/jsonrpc/services/GenericEndpoint
Event: 1.486 loading class org/eclipse/lsp4j/jsonrpc/services/GenericEndpoint done
Event: 1.487 loading class org/eclipse/lsp4j/jsonrpc/services/AnnotationUtil$MethodInfo
Event: 1.487 loading class org/eclipse/lsp4j/jsonrpc/services/AnnotationUtil$MethodInfo done
Event: 1.487 loading class org/eclipse/lsp4j/jsonrpc/services/GenericEndpoint
Event: 1.487 loading class org/eclipse/lsp4j/jsonrpc/services/GenericEndpoint done
Event: 1.489 loading class org/eclipse/lsp4j/jsonrpc/services/GenericEndpoint
Event: 1.489 loading class org/eclipse/lsp4j/jsonrpc/services/GenericEndpoint done


Dynamic libraries:
0x00007ff730700000 - 0x00007ff73070d000 	F:\java-11\bin\java.exe
0x00007ffb265f0000 - 0x00007ffb267e5000 	C:\WINDOWS\SYSTEM32\ntdll.dll
0x00007ffb26080000 - 0x00007ffb2613d000 	C:\WINDOWS\System32\KERNEL32.DLL
0x00007ffb24270000 - 0x00007ffb24539000 	C:\WINDOWS\System32\KERNELBASE.dll
0x00007ffb23f60000 - 0x00007ffb24060000 	C:\WINDOWS\System32\ucrtbase.dll
0x00007ffb0f530000 - 0x00007ffb0f547000 	F:\java-11\bin\jli.dll
0x00007ffb25e70000 - 0x00007ffb26010000 	C:\WINDOWS\System32\USER32.dll
0x00007ffb0cf80000 - 0x00007ffb0cf95000 	F:\java-11\bin\VCRUNTIME140.dll
0x00007ffb24090000 - 0x00007ffb240b2000 	C:\WINDOWS\System32\win32u.dll
0x00007ffb16a20000 - 0x00007ffb16cba000 	C:\WINDOWS\WinSxS\amd64_microsoft.windows.common-controls_6595b64144ccf1df_6.0.19041.1110_none_60b5254171f9507e\COMCTL32.dll
0x00007ffb24b20000 - 0x00007ffb24b4a000 	C:\WINDOWS\System32\GDI32.dll
0x00007ffb24b70000 - 0x00007ffb24c0e000 	C:\WINDOWS\System32\msvcrt.dll
0x00007ffb240c0000 - 0x00007ffb241cb000 	C:\WINDOWS\System32\gdi32full.dll
0x00007ffb241d0000 - 0x00007ffb2426d000 	C:\WINDOWS\System32\msvcp_win.dll
0x00007ffb24c10000 - 0x00007ffb24c40000 	C:\WINDOWS\System32\IMM32.DLL
0x00007ffaecb80000 - 0x00007ffaecc1b000 	F:\java-11\bin\msvcp140.dll
0x00007ffac4ca0000 - 0x00007ffac57f9000 	F:\java-11\bin\server\jvm.dll
0x00007ffb26140000 - 0x00007ffb261ec000 	C:\WINDOWS\System32\ADVAPI32.dll
0x00007ffb24830000 - 0x00007ffb248cb000 	C:\WINDOWS\System32\sechost.dll
0x00007ffb24e80000 - 0x00007ffb24faa000 	C:\WINDOWS\System32\RPCRT4.dll
0x00007ffb26070000 - 0x00007ffb26078000 	C:\WINDOWS\System32\PSAPI.DLL
0x00007ffb15ea0000 - 0x00007ffb15ea9000 	C:\WINDOWS\SYSTEM32\WSOCK32.dll
0x00007ffb25430000 - 0x00007ffb2549b000 	C:\WINDOWS\System32\WS2_32.dll
0x00007ffb1e290000 - 0x00007ffb1e29a000 	C:\WINDOWS\SYSTEM32\VERSION.dll
0x00007ffb19e90000 - 0x00007ffb19eb7000 	C:\WINDOWS\SYSTEM32\WINMM.dll
0x00007ffb21c50000 - 0x00007ffb21c62000 	C:\WINDOWS\SYSTEM32\kernel.appcore.dll
0x00007ffb1c990000 - 0x00007ffb1c9a0000 	F:\java-11\bin\verify.dll
0x00007ffb09590000 - 0x00007ffb09774000 	C:\WINDOWS\SYSTEM32\DBGHELP.DLL
0x00007ffb07f60000 - 0x00007ffb07f8c000 	C:\WINDOWS\SYSTEM32\dbgcore.DLL
0x00007ffb23ed0000 - 0x00007ffb23f53000 	C:\WINDOWS\System32\bcryptPrimitives.dll
0x00007ffb0a320000 - 0x00007ffb0a348000 	F:\java-11\bin\java.dll
0x00007ffb1a5a0000 - 0x00007ffb1a5aa000 	F:\java-11\bin\jimage.dll
0x00007ffb0cf40000 - 0x00007ffb0cf57000 	F:\java-11\bin\zip.dll
0x00007ffb25580000 - 0x00007ffb25cbf000 	C:\WINDOWS\System32\SHELL32.dll
0x00007ffb21e50000 - 0x00007ffb225e0000 	C:\WINDOWS\SYSTEM32\windows.storage.dll
0x00007ffb261f0000 - 0x00007ffb26545000 	C:\WINDOWS\System32\combase.dll
0x00007ffb23780000 - 0x00007ffb237ac000 	C:\WINDOWS\SYSTEM32\Wldp.dll
0x00007ffb24d30000 - 0x00007ffb24dde000 	C:\WINDOWS\System32\SHCORE.dll
0x00007ffb26010000 - 0x00007ffb26065000 	C:\WINDOWS\System32\shlwapi.dll
0x00007ffb23c60000 - 0x00007ffb23c7f000 	C:\WINDOWS\SYSTEM32\profapi.dll
0x00007ffb0cee0000 - 0x00007ffb0cef9000 	F:\java-11\bin\net.dll
0x00007ffb1d610000 - 0x00007ffb1d718000 	C:\WINDOWS\SYSTEM32\WINHTTP.dll
0x00007ffb234e0000 - 0x00007ffb2354a000 	C:\WINDOWS\system32\mswsock.dll
0x00007ffb07770000 - 0x00007ffb07782000 	F:\java-11\bin\nio.dll
0x00007ffb236d0000 - 0x00007ffb236e8000 	C:\WINDOWS\SYSTEM32\CRYPTSP.dll
0x00007ffb22df0000 - 0x00007ffb22e24000 	C:\WINDOWS\system32\rsaenh.dll
0x00007ffb24060000 - 0x00007ffb24087000 	C:\WINDOWS\System32\bcrypt.dll
0x00007ffb23c20000 - 0x00007ffb23c4e000 	C:\WINDOWS\SYSTEM32\USERENV.dll
0x00007ffb236f0000 - 0x00007ffb236fc000 	C:\WINDOWS\SYSTEM32\CRYPTBASE.dll
0x00007ffb23180000 - 0x00007ffb231bb000 	C:\WINDOWS\SYSTEM32\IPHLPAPI.DLL
0x00007ffb24c40000 - 0x00007ffb24c48000 	C:\WINDOWS\System32\NSI.dll
0x00007ffb1e930000 - 0x00007ffb1e947000 	C:\WINDOWS\SYSTEM32\dhcpcsvc6.DLL
0x00007ffb1e910000 - 0x00007ffb1e92d000 	C:\WINDOWS\SYSTEM32\dhcpcsvc.DLL
0x00007ffb231c0000 - 0x00007ffb2328c000 	C:\WINDOWS\SYSTEM32\DNSAPI.dll
0x00007ffb01490000 - 0x00007ffb014ce000 	C:\Users\陆振亚\AppData\Roaming\Code\User\globalStorage\redhat.java\0.80.0\config_ss_win\org.eclipse.equinox.launcher\org.eclipse.equinox.launcher.win32.win32.x86_64_1.2.300.v20210617-0451\eclipse_11502.dll
0x00007ffb00e10000 - 0x00007ffb00e21000 	C:\Users\陆振亚\AppData\Roaming\Code\User\globalStorage\redhat.java\0.80.0\config_ss_win\org.eclipse.osgi\16\0\.cp\jWinHttp-1.0.0.dll
0x00007ffb248d0000 - 0x00007ffb249fa000 	C:\WINDOWS\System32\ole32.dll

dbghelp: loaded successfully - version: 4.0.5 - missing functions: none
symbol engine: initialized successfully - sym options: 0x614 - pdb path: .;F:\java-11\bin;C:\WINDOWS\SYSTEM32;C:\WINDOWS\WinSxS\amd64_microsoft.windows.common-controls_6595b64144ccf1df_6.0.19041.1110_none_60b5254171f9507e;F:\java-11\bin\server;C:\Users\陆振亚\AppData\Roaming\Code\User\globalStorage\redhat.java\0.80.0\config_ss_win\org.eclipse.equinox.launcher\org.eclipse.equinox.launcher.win32.win32.x86_64_1.2.300.v20210617-0;C:\Users\陆振亚\AppData\Roaming\Code\User\globalStorage\redhat.java\0.80.0\config_ss_win\org.eclipse.equinox.launcher\org.eclipse.equinox.launcher.win32.win32.x86_64_1.2.300.v20210617-0451;C:\Users\陆振亚\AppData\Roaming\Code\User\globalStorage\redhat.java\0.80.0\config_ss_win\org.eclipse.osgi

VM Arguments:
jvm_args: --add-modules=ALL-SYSTEM --add-opens=java.base/java.util=ALL-UNNAMED --add-opens=java.base/java.lang=ALL-UNNAMED -Declipse.application=org.eclipse.jdt.ls.core.id1 -Dosgi.bundles.defaultStartLevel=4 -Declipse.product=org.eclipse.jdt.ls.core.product -Dfile.encoding=utf8 -DwatchParentProcess=false -XX:+UseParallelGC -XX:GCTimeRatio=4 -XX:AdaptiveSizePolicyWeight=90 -Dsun.zip.disableMemoryMapping=true -Xmx1G -Xms100m -Xverify:none 
java_command: c:\Users\陆振亚\.vscode\extensions\redhat.java-0.80.0\server\plugins\org.eclipse.equinox.launcher_1.6.200.v20210416-2027.jar -configuration c:\Users\陆振亚\AppData\Roaming\Code\User\globalStorage\redhat.java\0.80.0\config_ss_win -data c:\Users\陆振亚\AppData\Roaming\Code\User\workspaceStorage\f0c8ae5bb4345b319847acd4976223bd\redhat.java\ss_ws
java_class_path (initial): c:\Users\陆振亚\.vscode\extensions\redhat.java-0.80.0\server\plugins\org.eclipse.equinox.launcher_1.6.200.v20210416-2027.jar
Launcher Type: SUN_STANDARD

[Global flags]
    uintx AdaptiveSizePolicyWeight                 = 90                                        {product} {command line}
     bool BytecodeVerificationLocal                = false                                     {product} {command line}
     bool BytecodeVerificationRemote               = false                                     {product} {command line}
     intx CICompilerCount                          = 12                                        {product} {ergonomic}
    uintx GCTimeRatio                              = 4                                         {product} {command line}
   size_t InitialHeapSize                          = 104857600                                 {product} {command line}
   size_t MaxHeapSize                              = 1073741824                                {product} {command line}
   size_t MaxNewSize                               = 357564416                                 {product} {ergonomic}
   size_t MinHeapDeltaBytes                        = 524288                                    {product} {ergonomic}
   size_t NewSize                                  = 34603008                                  {product} {ergonomic}
    uintx NonNMethodCodeHeapSize                   = 7594288                                {pd product} {ergonomic}
    uintx NonProfiledCodeHeapSize                  = 122031976                              {pd product} {ergonomic}
   size_t OldSize                                  = 70254592                                  {product} {ergonomic}
    uintx ProfiledCodeHeapSize                     = 122031976                              {pd product} {ergonomic}
    uintx ReservedCodeCacheSize                    = 251658240                              {pd product} {ergonomic}
     bool SegmentedCodeCache                       = true                                      {product} {ergonomic}
     bool UseCompressedClassPointers               = true                                 {lp64_product} {ergonomic}
     bool UseCompressedOops                        = true                                 {lp64_product} {ergonomic}
     bool UseLargePagesIndividualAllocation        = false                                  {pd product} {ergonomic}
     bool UseParallelGC                            = true                                      {product} {command line}

Logging:
Log output configuration:
 #0: stdout all=warning uptime,level,tags
 #1: stderr all=off uptime,level,tags

Environment Variables:
JAVA_HOME=F:\java-11
CLASSPATH=;F:\java-11\lib;F:\java-11\lib\tools.jar;
PATH=F:\java-11\bin;C:\Program Files\NVIDIA GPU Computing Toolkit\CUDA\v11.1\bin;C:\Program Files\NVIDIA GPU Computing Toolkit\CUDA\v11.1\libnvvp;C:\WINDOWS\system32;C:\WINDOWS;C:\WINDOWS\System32\Wbem;C:\WINDOWS\System32\WindowsPowerShell\v1.0\;C:\WINDOWS\System32\OpenSSH\;C:\Program Files (x86)\NVIDIA Corporation\PhysX\Common;D:\texlive\2021\bin\win32;D:\Git\cmd;C:\Program Files\NVIDIA Corporation\NVIDIA NvDLISR;C:\Program Files\NVIDIA Corporation\Nsight Compute 2020.2.1\;F:\;F:\java-11\bin;C:\Users\陆振亚\AppData\Local\Microsoft\WindowsApps;C:\Users\陆振亚\AppData\Local\Programs\Microsoft VS Code\bin;C:\Users\陆振亚\AppData\Roaming\npm;F:\java-11\bin;F:\java-11\jre\bin;
USERNAME=陆振亚
OS=Windows_NT
PROCESSOR_IDENTIFIER=Intel64 Family 6 Model 167 Stepping 1, GenuineIntel



---------------  S Y S T E M  ---------------

OS: Windows 10 , 64 bit Build 19041 (10.0.19041.1151)
OS uptime: 0 days 20:40 hours

CPU:total 16 (initial active 16) (8 cores per cpu, 2 threads per core) family 6 model 167 stepping 1 microcode 0x3c, cmov, cx8, fxsr, mmx, sse, sse2, sse3, ssse3, sse4.1, sse4.2, popcnt, avx, avx2, aes, clmul, erms, 3dnowpref, lzcnt, ht, tsc, tscinvbit, bmi1, bmi2, adx, evex, sha, fma

Memory: 4k page, system-wide physical 16254M (3113M free)
TotalPageFile size 54654M (AvailPageFile size 304M)
current process WorkingSet (physical memory assigned to process): 118M, peak: 118M
current process commit charge ("private bytes"): 248M, peak: 248M

vm_info: OpenJDK 64-Bit Server VM (11.0.12+7) for windows-amd64 JRE (11.0.12+7), built on Jul 21 2021 16:23:49 by "" with unknown MS VC++:1916

END.
