#
# There is insufficient memory for the Java Runtime Environment to continue.
# Native memory allocation (malloc) failed to allocate 894896 bytes for Chunk::new
# Possible reasons:
#   The system is out of physical RAM or swap space
#   The process is running with CompressedOops enabled, and the Java Heap may be blocking the growth of the native heap
# Possible solutions:
#   Reduce memory load on the system
#   Increase physical memory or swap space
#   Check if swap backing store is full
#   Decrease Java heap size (-Xmx/-Xms)
#   Decrease number of Java threads
#   Decrease Java thread stack sizes (-Xss)
#   Set larger code cache with -XX:ReservedCodeCacheSize=
#   JVM is running with Unscaled Compressed Oops mode in which the Java heap is
#     placed in the first 4GB address space. The Java Heap base address is the
#     maximum limit for the native heap growth. Please use -XX:HeapBaseMinAddress
#     to set the Java Heap base and to place the Java Heap above 4GB virtual address.
# This output file may be truncated or incomplete.
#
#  Out of Memory Error (./src/hotspot/share/memory/arena.cpp:197), pid=19432, tid=6028
#
# JRE version: OpenJDK Runtime Environment Temurin-11.0.12+7 (11.0.12+7) (build 11.0.12+7)
# Java VM: OpenJDK 64-Bit Server VM Temurin-11.0.12+7 (11.0.12+7, mixed mode, tiered, compressed oops, parallel gc, windows-amd64)
# No core dump will be written. Minidumps are not enabled by default on client versions of Windows
#

---------------  S U M M A R Y ------------

Command Line: --add-modules=ALL-SYSTEM --add-opens=java.base/java.util=ALL-UNNAMED --add-opens=java.base/java.lang=ALL-UNNAMED -Declipse.application=org.eclipse.jdt.ls.core.id1 -Dosgi.bundles.defaultStartLevel=4 -Declipse.product=org.eclipse.jdt.ls.core.product -Dfile.encoding=utf8 -DwatchParentProcess=false -XX:+UseParallelGC -XX:GCTimeRatio=4 -XX:AdaptiveSizePolicyWeight=90 -Dsun.zip.disableMemoryMapping=true -Xmx1G -Xms100m -Xverify:none c:\Users\陆振亚\.vscode\extensions\redhat.java-0.80.0\server\plugins\org.eclipse.equinox.launcher_1.6.200.v20210416-2027.jar -configuration c:\Users\陆振亚\AppData\Roaming\Code\User\globalStorage\redhat.java\0.80.0\config_win -data c:\Users\陆振亚\AppData\Roaming\Code\User\workspaceStorage\f0c8ae5bb4345b319847acd4976223bd\redhat.java\jdt_ws

Host: 11th Gen Intel(R) Core(TM) i7-11700K @ 3.60GHz, 16 cores, 15G,  Windows 10 , 64 bit Build 19041 (10.0.19041.1151)
Time: Sat Aug 14 11:41:30 2021 中国标准时间 elapsed time: 1.487601 seconds (0d 0h 0m 1s)

---------------  T H R E A D  ---------------

Current thread (0x0000027dfe4d9000):  JavaThread "C2 CompilerThread0" daemon [_thread_in_native, id=6028, stack(0x000000afbfa00000,0x000000afbfb00000)]


Current CompileTask:
C2:   1487 3592  s    4       jdk.internal.jimage.ImageReader$SharedImageReader::findNode (36 bytes)

Stack: [0x000000afbfa00000,0x000000afbfb00000]
Native frames: (J=compiled Java code, j=interpreted, Vv=VM code, C=native code)
V  [jvm.dll+0x601d0a]
V  [jvm.dll+0x78ab6e]
V  [jvm.dll+0x78c23f]
V  [jvm.dll+0x78c903]
V  [jvm.dll+0x24be68]
V  [jvm.dll+0xc219c]
V  [jvm.dll+0xc275c]
V  [jvm.dll+0x354857]
V  [jvm.dll+0x321f63]
V  [jvm.dll+0x32129a]
V  [jvm.dll+0x205515]
V  [jvm.dll+0x2046fd]
V  [jvm.dll+0x1898fc]
V  [jvm.dll+0x213d67]
V  [jvm.dll+0x211f2b]
V  [jvm.dll+0x74ec19]
V  [jvm.dll+0x747c84]
V  [jvm.dll+0x600ba6]
C  [ucrtbase.dll+0x21bb2]
C  [KERNEL32.DLL+0x17034]
C  [ntdll.dll+0x52651]


---------------  P R O C E S S  ---------------

Threads class SMR info:
_java_thread_list=0x0000027d81e5c070, length=31, elements={
0x0000027de2b3a000, 0x0000027dfd38b800, 0x0000027dfd38f800, 0x0000027dfd3a3800,
0x0000027dfe4d4800, 0x0000027dfe4d7000, 0x0000027dfe4d9000, 0x0000027dfd3a4000,
0x0000027dfd3a9000, 0x0000027dfe644800, 0x0000027dfe66c800, 0x0000027dfe66f800,
0x0000027dfe69b800, 0x0000027d8071c000, 0x0000027d8070b000, 0x0000027d806ea000,
0x0000027d80c9d800, 0x0000027d812d5800, 0x0000027d812d3000, 0x0000027d80d2c800,
0x0000027d816ef000, 0x0000027d8186b800, 0x0000027d8175b800, 0x0000027d818fc000,
0x0000027d81c6f000, 0x0000027d81b90000, 0x0000027d81b94000, 0x0000027d81b92000,
0x0000027d81b92800, 0x0000027d81b93800, 0x0000027d83599000
}

Java Threads: ( => current thread )
  0x0000027de2b3a000 JavaThread "main" [_thread_blocked, id=20100, stack(0x000000afbf200000,0x000000afbf300000)]
  0x0000027dfd38b800 JavaThread "Reference Handler" daemon [_thread_blocked, id=2892, stack(0x000000afbf500000,0x000000afbf600000)]
  0x0000027dfd38f800 JavaThread "Finalizer" daemon [_thread_blocked, id=15004, stack(0x000000afbf600000,0x000000afbf700000)]
  0x0000027dfd3a3800 JavaThread "Signal Dispatcher" daemon [_thread_blocked, id=16724, stack(0x000000afbf700000,0x000000afbf800000)]
  0x0000027dfe4d4800 JavaThread "Attach Listener" daemon [_thread_blocked, id=15604, stack(0x000000afbf800000,0x000000afbf900000)]
  0x0000027dfe4d7000 JavaThread "Service Thread" daemon [_thread_blocked, id=13476, stack(0x000000afbf900000,0x000000afbfa00000)]
=>0x0000027dfe4d9000 JavaThread "C2 CompilerThread0" daemon [_thread_in_native, id=6028, stack(0x000000afbfa00000,0x000000afbfb00000)]
  0x0000027dfd3a4000 JavaThread "C1 CompilerThread0" daemon [_thread_blocked, id=19592, stack(0x000000afbfb00000,0x000000afbfc00000)]
  0x0000027dfd3a9000 JavaThread "Sweeper thread" daemon [_thread_blocked, id=15272, stack(0x000000afbfc00000,0x000000afbfd00000)]
  0x0000027dfe644800 JavaThread "Common-Cleaner" daemon [_thread_blocked, id=17976, stack(0x000000afbfd00000,0x000000afbfe00000)]
  0x0000027dfe66c800 JavaThread "C1 CompilerThread1" daemon [_thread_blocked, id=8044, stack(0x000000afbfe00000,0x000000afbff00000)]
  0x0000027dfe66f800 JavaThread "C1 CompilerThread2" daemon [_thread_blocked, id=2096, stack(0x000000afbff00000,0x000000afc0000000)]
  0x0000027dfe69b800 JavaThread "C2 CompilerThread1" daemon [_thread_in_native, id=7840, stack(0x000000afc0000000,0x000000afc0100000)]
  0x0000027d8071c000 JavaThread "C2 CompilerThread2" daemon [_thread_in_native, id=13780, stack(0x000000afc0200000,0x000000afc0300000)]
  0x0000027d8070b000 JavaThread "C2 CompilerThread3" daemon [_thread_in_native, id=19940, stack(0x000000afc0300000,0x000000afc0400000)]
  0x0000027d806ea000 JavaThread "Active Thread: Equinox Container: e6fac503-2ed0-447a-8d0f-961f9ba07107" [_thread_blocked, id=18296, stack(0x000000afc0400000,0x000000afc0500000)]
  0x0000027d80c9d800 JavaThread "Framework Event Dispatcher: Equinox Container: e6fac503-2ed0-447a-8d0f-961f9ba07107" daemon [_thread_blocked, id=19452, stack(0x000000afc0800000,0x000000afc0900000)]
  0x0000027d812d5800 JavaThread "Start Level: Equinox Container: e6fac503-2ed0-447a-8d0f-961f9ba07107" daemon [_thread_blocked, id=19488, stack(0x000000afc0900000,0x000000afc0a00000)]
  0x0000027d812d3000 JavaThread "SCR Component Actor" daemon [_thread_blocked, id=4804, stack(0x000000afc0a00000,0x000000afc0b00000)]
  0x0000027d80d2c800 JavaThread "Timer-0" daemon [_thread_blocked, id=1444, stack(0x000000afc0b00000,0x000000afc0c00000)]
  0x0000027d816ef000 JavaThread "Bundle File Closer" daemon [_thread_blocked, id=18828, stack(0x000000afc0c00000,0x000000afc0d00000)]
  0x0000027d8186b800 JavaThread "C1 CompilerThread3" daemon [_thread_blocked, id=8048, stack(0x000000afc0d00000,0x000000afc0e00000)]
  0x0000027d8175b800 JavaThread "Worker-JM" [_thread_blocked, id=3596, stack(0x000000afc0e00000,0x000000afc0f00000)]
  0x0000027d818fc000 JavaThread "Worker-0" [_thread_blocked, id=16536, stack(0x000000afc1100000,0x000000afc1200000)]
  0x0000027d81c6f000 JavaThread "Worker-1: Initialize Workspace" [_thread_in_vm, id=19980, stack(0x000000afc1200000,0x000000afc1300000)]
  0x0000027d81b90000 JavaThread "Java indexing" daemon [_thread_blocked, id=8552, stack(0x000000afc1300000,0x000000afc1400000)]
  0x0000027d81b94000 JavaThread "logback configurator timer" daemon [_thread_blocked, id=756, stack(0x000000afc1800000,0x000000afc1900000)]
  0x0000027d81b92000 JavaThread "pool-2-thread-1" [_thread_blocked, id=18144, stack(0x000000afc1900000,0x000000afc1a00000)]
  0x0000027d81b92800 JavaThread "Worker-2" [_thread_blocked, id=15228, stack(0x000000afc1a00000,0x000000afc1b00000)]
  0x0000027d81b93800 JavaThread "Worker-3: Register Watchers" [_thread_blocked, id=10220, stack(0x000000afc1b00000,0x000000afc1c00000)]
  0x0000027d83599000 JavaThread "C2 CompilerThread4" daemon [_thread_in_native, id=4668, stack(0x000000afc1f00000,0x000000afc2000000)]

Other Threads:
  0x0000027dfe484800 VMThread "VM Thread" [stack: 0x000000afbf400000,0x000000afbf500000] [id=19404]
  0x0000027dfe71a000 WatcherThread [stack: 0x000000afc0100000,0x000000afc0200000] [id=19668]
  0x0000027de2b53000 GCTaskThread "ParGC Thread#0" [stack: 0x000000afbf300000,0x000000afbf400000] [id=16208]
  0x0000027d81077800 GCTaskThread "ParGC Thread#1" [stack: 0x000000afc0500000,0x000000afc0600000] [id=20080]
  0x0000027d81547000 GCTaskThread "ParGC Thread#2" [stack: 0x000000afc0600000,0x000000afc0700000] [id=18108]
  0x0000027d81547800 GCTaskThread "ParGC Thread#3" [stack: 0x000000afc0700000,0x000000afc0800000] [id=8060]
  0x0000027d819ef800 GCTaskThread "ParGC Thread#4" [stack: 0x000000afc0f00000,0x000000afc1000000] [id=10084]
  0x0000027d81853000 GCTaskThread "ParGC Thread#5" [stack: 0x000000afc1000000,0x000000afc1100000] [id=19084]
  0x0000027d81cac800 GCTaskThread "ParGC Thread#6" [stack: 0x000000afc1400000,0x000000afc1500000] [id=20316]
  0x0000027d80c8f000 GCTaskThread "ParGC Thread#7" [stack: 0x000000afc1500000,0x000000afc1600000] [id=19972]
  0x0000027d819a6800 GCTaskThread "ParGC Thread#8" [stack: 0x000000afc1600000,0x000000afc1700000] [id=8380]
  0x0000027d81b0c800 GCTaskThread "ParGC Thread#9" [stack: 0x000000afc1700000,0x000000afc1800000] [id=10672]
  0x0000027d83f84000 GCTaskThread "ParGC Thread#10" [stack: 0x000000afc1c00000,0x000000afc1d00000] [id=13024]
  0x0000027d83f85000 GCTaskThread "ParGC Thread#11" [stack: 0x000000afc1d00000,0x000000afc1e00000] [id=17352]
  0x0000027d83772000 GCTaskThread "ParGC Thread#12" [stack: 0x000000afc1e00000,0x000000afc1f00000] [id=17840]

Threads with active compile tasks:
C2 CompilerThread0   1503 3592  s    4       jdk.internal.jimage.ImageReader$SharedImageReader::findNode (36 bytes)
C2 CompilerThread1   1503 3645       4       jdk.internal.jrtfs.JrtPath::getResolvedPath (39 bytes)
C2 CompilerThread2   1503 3646       4       jdk.internal.jrtfs.SystemImage$1::findNode (9 bytes)
C2 CompilerThread3   1503 3644       4       jdk.internal.jrtfs.JrtFileSystem::checkNode (40 bytes)
C2 CompilerThread4   1503 3648       4       org.eclipse.jdt.internal.core.util.Util::splitOn (134 bytes)

VM state:not at safepoint (normal execution)

VM Mutex/Monitor currently owned by a thread: None

Heap address: 0x00000000c0000000, size: 1024 MB, Compressed Oops mode: 32-bit
Narrow klass base: 0x0000000000000000, Narrow klass shift: 3
Compressed class space size: 1073741824 Address: 0x0000000100000000

Heap:
 PSYoungGen      total 29696K, used 19552K [0x00000000eab00000, 0x00000000ed000000, 0x0000000100000000)
  eden space 25600K, 76% used [0x00000000eab00000,0x00000000ebe182f8,0x00000000ec400000)
  from space 4096K, 0% used [0x00000000ec400000,0x00000000ec400000,0x00000000ec800000)
  to   space 6144K, 0% used [0x00000000eca00000,0x00000000eca00000,0x00000000ed000000)
 ParOldGen       total 68608K, used 13362K [0x00000000c0000000, 0x00000000c4300000, 0x00000000eab00000)
  object space 68608K, 19% used [0x00000000c0000000,0x00000000c0d0ca48,0x00000000c4300000)
 Metaspace       used 34936K, capacity 37153K, committed 37376K, reserved 1083392K
  class space    used 3443K, capacity 4247K, committed 4352K, reserved 1048576K

Card table byte_map: [0x0000027dfa440000,0x0000027dfa650000] _byte_map_base: 0x0000027df9e40000

Marking Bits: (ParMarkBitMap*) 0x00007ffac573bcf0
 Begin Bits: [0x0000027dfa7b0000, 0x0000027dfb7b0000)
 End Bits:   [0x0000027dfb7b0000, 0x0000027dfc7b0000)

Polling page: 0x0000027de1290000

Metaspace:

Usage:
  Non-class:     32.13 MB capacity,    30.75 MB ( 96%) used,     1.31 MB (  4%) free+waste,    74.19 KB ( <1%) overhead. 
      Class:      4.15 MB capacity,     3.36 MB ( 81%) used,   765.71 KB ( 18%) free+waste,    36.81 KB ( <1%) overhead. 
       Both:     36.28 MB capacity,    34.12 MB ( 94%) used,     2.06 MB (  6%) free+waste,   111.00 KB ( <1%) overhead. 

Virtual space:
  Non-class space:       34.00 MB reserved,      32.25 MB ( 95%) committed 
      Class space:        1.00 GB reserved,       4.25 MB ( <1%) committed 
             Both:        1.03 GB reserved,      36.50 MB (  3%) committed 

Chunk freelists:
   Non-Class:  54.00 KB
       Class:  9.00 KB
        Both:  63.00 KB

MaxMetaspaceSize: 17179869184.00 GB
CompressedClassSpaceSize: 1.00 GB
Initial GC threshold: 20.80 MB
Current GC threshold: 57.50 MB
CDS: off

CodeHeap 'non-profiled nmethods': size=119168Kb used=1469Kb max_used=1469Kb free=117698Kb
 bounds [0x0000027df2e00000, 0x0000027df3070000, 0x0000027dfa260000]
CodeHeap 'profiled nmethods': size=119168Kb used=8192Kb max_used=8192Kb free=110975Kb
 bounds [0x0000027deb9a0000, 0x0000027dec1b0000, 0x0000027df2e00000]
CodeHeap 'non-nmethods': size=7424Kb used=2962Kb max_used=3025Kb free=4461Kb
 bounds [0x0000027deb260000, 0x0000027deb560000, 0x0000027deb9a0000]
 total_blobs=4199 nmethods=3652 adapters=457
 compilation: enabled
              stopped_count=0, restarted_count=0
 full_count=0

Compilation events (20 events):
Event: 1.469 Thread 0x0000027d8071c000 3620       4       jdk.internal.jrtfs.JrtPath::normalize (97 bytes)
Event: 1.470 Thread 0x0000027d83599000 nmethod 3606 0x0000027df2f63990 code [0x0000027df2f63b60, 0x0000027df2f64458]
Event: 1.470 Thread 0x0000027d83599000 3617 %     4       jdk.internal.jimage.ImageStringsReader::unmaskedHashCode @ 10 (173 bytes)
Event: 1.470 Thread 0x0000027d8070b000 nmethod 3596 0x0000027df2f64910 code [0x0000027df2f64b00, 0x0000027df2f659f8]
Event: 1.470 Thread 0x0000027d8070b000 3607   !   4       jdk.internal.jimage.BasicImageReader::slice (32 bytes)
Event: 1.473 Thread 0x0000027d8070b000 nmethod 3607 0x0000027df2f66510 code [0x0000027df2f666c0, 0x0000027df2f66c38]
Event: 1.473 Thread 0x0000027d8070b000 3621       4       org.eclipse.jdt.internal.core.util.Util::combineHashCodes (7 bytes)
Event: 1.473 Thread 0x0000027d8070b000 nmethod 3621 0x0000027df2f67110 code [0x0000027df2f672a0, 0x0000027df2f672f8]
Event: 1.474 Thread 0x0000027d83599000 nmethod 3617% 0x0000027df2f67410 code [0x0000027df2f675c0, 0x0000027df2f67bf8]
Event: 1.478 Thread 0x0000027dfe69b800 nmethod 3605 0x0000027df2f67e10 code [0x0000027df2f68000, 0x0000027df2f68e58]
Event: 1.480 Thread 0x0000027dfe66c800 3622       1       org.eclipse.jdt.internal.core.nd.field.BaseField::getFieldName (5 bytes)
Event: 1.480 Thread 0x0000027d8071c000 nmethod 3620 0x0000027df2f69890 code [0x0000027df2f69a60, 0x0000027df2f6a798]
Event: 1.480 Thread 0x0000027d8186b800 3623       3       java.lang.Class::getSimpleName (26 bytes)
Event: 1.480 Thread 0x0000027dfe66c800 nmethod 3622 0x0000027df2f6ac10 code [0x0000027df2f6adc0, 0x0000027df2f6ae78]
Event: 1.480 Thread 0x0000027d8186b800 nmethod 3623 0x0000027dec184690 code [0x0000027dec184860, 0x0000027dec184a38]
Event: 1.482 Thread 0x0000027dfd3a4000 3624   !   3       java.net.URL::<init> (543 bytes)
Event: 1.485 Thread 0x0000027dfd3a4000 nmethod 3624 0x0000027dec184b10 code [0x0000027dec1851a0, 0x0000027dec188a88]
Event: 1.486 Thread 0x0000027d8070b000 3625       4       java.util.ArrayList$ArrayListSpliterator::tryAdvance (79 bytes)
Event: 1.486 Thread 0x0000027dfe66c800 3626       3       org.eclipse.jdt.internal.core.util.HashtableOfArrayToObject::getKey (66 bytes)
Event: 1.486 Thread 0x0000027d8186b800 3627       3       org.eclipse.jdt.internal.core.util.HashtableOfArrayToObject::hashCode (8 bytes)

GC Heap History (14 events):
Event: 0.422 GC heap before
{Heap before GC invocations=1 (full 0):
 PSYoungGen      total 29696K, used 25600K [0x00000000eab00000, 0x00000000ecc00000, 0x0000000100000000)
  eden space 25600K, 100% used [0x00000000eab00000,0x00000000ec400000,0x00000000ec400000)
  from space 4096K, 0% used [0x00000000ec800000,0x00000000ec800000,0x00000000ecc00000)
  to   space 4096K, 0% used [0x00000000ec400000,0x00000000ec400000,0x00000000ec800000)
 ParOldGen       total 68608K, used 0K [0x00000000c0000000, 0x00000000c4300000, 0x00000000eab00000)
  object space 68608K, 0% used [0x00000000c0000000,0x00000000c0000000,0x00000000c4300000)
 Metaspace       used 13104K, capacity 13346K, committed 13568K, reserved 1060864K
  class space    used 1184K, capacity 1256K, committed 1280K, reserved 1048576K
}
Event: 0.425 GC heap after
{Heap after GC invocations=1 (full 0):
 PSYoungGen      total 29696K, used 4087K [0x00000000eab00000, 0x00000000ecc00000, 0x0000000100000000)
  eden space 25600K, 0% used [0x00000000eab00000,0x00000000eab00000,0x00000000ec400000)
  from space 4096K, 99% used [0x00000000ec400000,0x00000000ec7fde80,0x00000000ec800000)
  to   space 4096K, 0% used [0x00000000ec800000,0x00000000ec800000,0x00000000ecc00000)
 ParOldGen       total 68608K, used 800K [0x00000000c0000000, 0x00000000c4300000, 0x00000000eab00000)
  object space 68608K, 1% used [0x00000000c0000000,0x00000000c00c8010,0x00000000c4300000)
 Metaspace       used 13104K, capacity 13346K, committed 13568K, reserved 1060864K
  class space    used 1184K, capacity 1256K, committed 1280K, reserved 1048576K
}
Event: 0.774 GC heap before
{Heap before GC invocations=2 (full 0):
 PSYoungGen      total 29696K, used 29687K [0x00000000eab00000, 0x00000000ecc00000, 0x0000000100000000)
  eden space 25600K, 100% used [0x00000000eab00000,0x00000000ec400000,0x00000000ec400000)
  from space 4096K, 99% used [0x00000000ec400000,0x00000000ec7fde80,0x00000000ec800000)
  to   space 4096K, 0% used [0x00000000ec800000,0x00000000ec800000,0x00000000ecc00000)
 ParOldGen       total 68608K, used 800K [0x00000000c0000000, 0x00000000c4300000, 0x00000000eab00000)
  object space 68608K, 1% used [0x00000000c0000000,0x00000000c00c8010,0x00000000c4300000)
 Metaspace       used 19953K, capacity 20782K, committed 20864K, reserved 1069056K
  class space    used 1841K, capacity 2158K, committed 2176K, reserved 1048576K
}
Event: 0.778 GC heap after
{Heap after GC invocations=2 (full 0):
 PSYoungGen      total 29696K, used 4072K [0x00000000eab00000, 0x00000000ecc00000, 0x0000000100000000)
  eden space 25600K, 0% used [0x00000000eab00000,0x00000000eab00000,0x00000000ec400000)
  from space 4096K, 99% used [0x00000000ec800000,0x00000000ecbfa278,0x00000000ecc00000)
  to   space 4096K, 0% used [0x00000000ec400000,0x00000000ec400000,0x00000000ec800000)
 ParOldGen       total 68608K, used 5631K [0x00000000c0000000, 0x00000000c4300000, 0x00000000eab00000)
  object space 68608K, 8% used [0x00000000c0000000,0x00000000c057ffb0,0x00000000c4300000)
 Metaspace       used 19953K, capacity 20782K, committed 20864K, reserved 1069056K
  class space    used 1841K, capacity 2158K, committed 2176K, reserved 1048576K
}
Event: 0.788 GC heap before
{Heap before GC invocations=3 (full 0):
 PSYoungGen      total 29696K, used 5044K [0x00000000eab00000, 0x00000000ecc00000, 0x0000000100000000)
  eden space 25600K, 3% used [0x00000000eab00000,0x00000000eabf2ee0,0x00000000ec400000)
  from space 4096K, 99% used [0x00000000ec800000,0x00000000ecbfa278,0x00000000ecc00000)
  to   space 4096K, 0% used [0x00000000ec400000,0x00000000ec400000,0x00000000ec800000)
 ParOldGen       total 68608K, used 5631K [0x00000000c0000000, 0x00000000c4300000, 0x00000000eab00000)
  object space 68608K, 8% used [0x00000000c0000000,0x00000000c057ffb0,0x00000000c4300000)
 Metaspace       used 20214K, capacity 21091K, committed 21248K, reserved 1069056K
  class space    used 1872K, capacity 2193K, committed 2304K, reserved 1048576K
}
Event: 0.790 GC heap after
{Heap after GC invocations=3 (full 0):
 PSYoungGen      total 29696K, used 4070K [0x00000000eab00000, 0x00000000ecc00000, 0x0000000100000000)
  eden space 25600K, 0% used [0x00000000eab00000,0x00000000eab00000,0x00000000ec400000)
  from space 4096K, 99% used [0x00000000ec400000,0x00000000ec7f9a98,0x00000000ec800000)
  to   space 4096K, 0% used [0x00000000ec800000,0x00000000ec800000,0x00000000ecc00000)
 ParOldGen       total 68608K, used 5727K [0x00000000c0000000, 0x00000000c4300000, 0x00000000eab00000)
  object space 68608K, 8% used [0x00000000c0000000,0x00000000c0597f00,0x00000000c4300000)
 Metaspace       used 20214K, capacity 21091K, committed 21248K, reserved 1069056K
  class space    used 1872K, capacity 2193K, committed 2304K, reserved 1048576K
}
Event: 0.790 GC heap before
{Heap before GC invocations=4 (full 1):
 PSYoungGen      total 29696K, used 4070K [0x00000000eab00000, 0x00000000ecc00000, 0x0000000100000000)
  eden space 25600K, 0% used [0x00000000eab00000,0x00000000eab00000,0x00000000ec400000)
  from space 4096K, 99% used [0x00000000ec400000,0x00000000ec7f9a98,0x00000000ec800000)
  to   space 4096K, 0% used [0x00000000ec800000,0x00000000ec800000,0x00000000ecc00000)
 ParOldGen       total 68608K, used 5727K [0x00000000c0000000, 0x00000000c4300000, 0x00000000eab00000)
  object space 68608K, 8% used [0x00000000c0000000,0x00000000c0597f00,0x00000000c4300000)
 Metaspace       used 20214K, capacity 21091K, committed 21248K, reserved 1069056K
  class space    used 1872K, capacity 2193K, committed 2304K, reserved 1048576K
}
Event: 0.828 GC heap after
{Heap after GC invocations=4 (full 1):
 PSYoungGen      total 29696K, used 0K [0x00000000eab00000, 0x00000000ecc00000, 0x0000000100000000)
  eden space 25600K, 0% used [0x00000000eab00000,0x00000000eab00000,0x00000000ec400000)
  from space 4096K, 0% used [0x00000000ec400000,0x00000000ec400000,0x00000000ec800000)
  to   space 4096K, 0% used [0x00000000ec800000,0x00000000ec800000,0x00000000ecc00000)
 ParOldGen       total 68608K, used 9491K [0x00000000c0000000, 0x00000000c4300000, 0x00000000eab00000)
  object space 68608K, 13% used [0x00000000c0000000,0x00000000c0944c08,0x00000000c4300000)
 Metaspace       used 20214K, capacity 21091K, committed 21248K, reserved 1069056K
  class space    used 1872K, capacity 2193K, committed 2304K, reserved 1048576K
}
Event: 1.027 GC heap before
{Heap before GC invocations=5 (full 1):
 PSYoungGen      total 29696K, used 25600K [0x00000000eab00000, 0x00000000ecc00000, 0x0000000100000000)
  eden space 25600K, 100% used [0x00000000eab00000,0x00000000ec400000,0x00000000ec400000)
  from space 4096K, 0% used [0x00000000ec400000,0x00000000ec400000,0x00000000ec800000)
  to   space 4096K, 0% used [0x00000000ec800000,0x00000000ec800000,0x00000000ecc00000)
 ParOldGen       total 68608K, used 9491K [0x00000000c0000000, 0x00000000c4300000, 0x00000000eab00000)
  object space 68608K, 13% used [0x00000000c0000000,0x00000000c0944c08,0x00000000c4300000)
 Metaspace       used 26156K, capacity 27720K, committed 27904K, reserved 1075200K
  class space    used 2408K, capacity 2954K, committed 3072K, reserved 1048576K
}
Event: 1.028 GC heap after
{Heap after GC invocations=5 (full 1):
 PSYoungGen      total 29696K, used 2694K [0x00000000eab00000, 0x00000000ecc00000, 0x0000000100000000)
  eden space 25600K, 0% used [0x00000000eab00000,0x00000000eab00000,0x00000000ec400000)
  from space 4096K, 65% used [0x00000000ec800000,0x00000000ecaa1ac0,0x00000000ecc00000)
  to   space 4096K, 0% used [0x00000000ec400000,0x00000000ec400000,0x00000000ec800000)
 ParOldGen       total 68608K, used 9507K [0x00000000c0000000, 0x00000000c4300000, 0x00000000eab00000)
  object space 68608K, 13% used [0x00000000c0000000,0x00000000c0948c20,0x00000000c4300000)
 Metaspace       used 26156K, capacity 27720K, committed 27904K, reserved 1075200K
  class space    used 2408K, capacity 2954K, committed 3072K, reserved 1048576K
}
Event: 1.334 GC heap before
{Heap before GC invocations=6 (full 1):
 PSYoungGen      total 29696K, used 26399K [0x00000000eab00000, 0x00000000ecc00000, 0x0000000100000000)
  eden space 25600K, 92% used [0x00000000eab00000,0x00000000ec2263a8,0x00000000ec400000)
  from space 4096K, 65% used [0x00000000ec800000,0x00000000ecaa1ac0,0x00000000ecc00000)
  to   space 4096K, 0% used [0x00000000ec400000,0x00000000ec400000,0x00000000ec800000)
 ParOldGen       total 68608K, used 9507K [0x00000000c0000000, 0x00000000c4300000, 0x00000000eab00000)
  object space 68608K, 13% used [0x00000000c0000000,0x00000000c0948c20,0x00000000c4300000)
 Metaspace       used 33209K, capacity 35239K, committed 35328K, reserved 1081344K
  class space    used 3268K, capacity 4060K, committed 4096K, reserved 1048576K
}
Event: 1.339 GC heap after
{Heap after GC invocations=6 (full 1):
 PSYoungGen      total 29696K, used 4066K [0x00000000eab00000, 0x00000000ed000000, 0x0000000100000000)
  eden space 25600K, 0% used [0x00000000eab00000,0x00000000eab00000,0x00000000ec400000)
  from space 4096K, 99% used [0x00000000ec400000,0x00000000ec7f8b80,0x00000000ec800000)
  to   space 6144K, 0% used [0x00000000eca00000,0x00000000eca00000,0x00000000ed000000)
 ParOldGen       total 68608K, used 10731K [0x00000000c0000000, 0x00000000c4300000, 0x00000000eab00000)
  object space 68608K, 15% used [0x00000000c0000000,0x00000000c0a7ac80,0x00000000c4300000)
 Metaspace       used 33209K, capacity 35239K, committed 35328K, reserved 1081344K
  class space    used 3268K, capacity 4060K, committed 4096K, reserved 1048576K
}
Event: 1.339 GC heap before
{Heap before GC invocations=7 (full 2):
 PSYoungGen      total 29696K, used 4066K [0x00000000eab00000, 0x00000000ed000000, 0x0000000100000000)
  eden space 25600K, 0% used [0x00000000eab00000,0x00000000eab00000,0x00000000ec400000)
  from space 4096K, 99% used [0x00000000ec400000,0x00000000ec7f8b80,0x00000000ec800000)
  to   space 6144K, 0% used [0x00000000eca00000,0x00000000eca00000,0x00000000ed000000)
 ParOldGen       total 68608K, used 10731K [0x00000000c0000000, 0x00000000c4300000, 0x00000000eab00000)
  object space 68608K, 15% used [0x00000000c0000000,0x00000000c0a7ac80,0x00000000c4300000)
 Metaspace       used 33209K, capacity 35239K, committed 35328K, reserved 1081344K
  class space    used 3268K, capacity 4060K, committed 4096K, reserved 1048576K
}
Event: 1.384 GC heap after
{Heap after GC invocations=7 (full 2):
 PSYoungGen      total 29696K, used 0K [0x00000000eab00000, 0x00000000ed000000, 0x0000000100000000)
  eden space 25600K, 0% used [0x00000000eab00000,0x00000000eab00000,0x00000000ec400000)
  from space 4096K, 0% used [0x00000000ec400000,0x00000000ec400000,0x00000000ec800000)
  to   space 6144K, 0% used [0x00000000eca00000,0x00000000eca00000,0x00000000ed000000)
 ParOldGen       total 68608K, used 13362K [0x00000000c0000000, 0x00000000c4300000, 0x00000000eab00000)
  object space 68608K, 19% used [0x00000000c0000000,0x00000000c0d0ca48,0x00000000c4300000)
 Metaspace       used 33209K, capacity 35239K, committed 35328K, reserved 1081344K
  class space    used 3268K, capacity 4060K, committed 4096K, reserved 1048576K
}

Deoptimization events (20 events):
Event: 1.457 Thread 0x0000027d81c6f000 DEOPT PACKING pc=0x0000027df2f520d8 sp=0x000000afc12fdb00
Event: 1.457 Thread 0x0000027d81c6f000 DEOPT UNPACKING pc=0x0000027deb2685af sp=0x000000afc12fda60 mode 2
Event: 1.457 Thread 0x0000027d81c6f000 Uncommon trap: trap_request=0xffffffbe fr.pc=0x0000027df2f520d8 relative=0x00000000000004b8
Event: 1.457 Thread 0x0000027d81c6f000 Uncommon trap: reason=profile_predicate action=maybe_recompile pc=0x0000027df2f520d8 method=jdk.internal.jimage.ImageStringsReader.unmaskedHashCode(Ljava/lang/String;I)I @ 13 c2
Event: 1.457 Thread 0x0000027d81c6f000 DEOPT PACKING pc=0x0000027df2f520d8 sp=0x000000afc12fdb00
Event: 1.457 Thread 0x0000027d81c6f000 DEOPT UNPACKING pc=0x0000027deb2685af sp=0x000000afc12fda60 mode 2
Event: 1.459 Thread 0x0000027d81c6f000 Uncommon trap: trap_request=0xffffff4d fr.pc=0x0000027df2f619b4 relative=0x0000000000000414
Event: 1.459 Thread 0x0000027d81c6f000 Uncommon trap: reason=unstable_if action=reinterpret pc=0x0000027df2f619b4 method=jdk.internal.jrtfs.JrtPath.normalize(Ljava/lang/String;)Ljava/lang/String; @ 78 c2
Event: 1.459 Thread 0x0000027d81c6f000 DEOPT PACKING pc=0x0000027df2f619b4 sp=0x000000afc12fd870
Event: 1.459 Thread 0x0000027d81c6f000 DEOPT UNPACKING pc=0x0000027deb2685af sp=0x000000afc12fd7f0 mode 2
Event: 1.463 Thread 0x0000027d81c6f000 DEOPT PACKING pc=0x0000027dec17e418 sp=0x000000afc12fd7f0
Event: 1.463 Thread 0x0000027d81c6f000 DEOPT UNPACKING pc=0x0000027deb2a9d0e sp=0x000000afc12fcd00 mode 0
Event: 1.463 Thread 0x0000027d81c6f000 DEOPT PACKING pc=0x0000027dec17e418 sp=0x000000afc12fd7f0
Event: 1.463 Thread 0x0000027d81c6f000 DEOPT UNPACKING pc=0x0000027deb2a9d0e sp=0x000000afc12fcd00 mode 0
Event: 1.464 Thread 0x0000027d81c6f000 DEOPT PACKING pc=0x0000027dec17e418 sp=0x000000afc12fd600
Event: 1.464 Thread 0x0000027d81c6f000 DEOPT UNPACKING pc=0x0000027deb2a9d0e sp=0x000000afc12fcb10 mode 0
Event: 1.464 Thread 0x0000027d81c6f000 DEOPT PACKING pc=0x0000027dec17e418 sp=0x000000afc12fd7e0
Event: 1.464 Thread 0x0000027d81c6f000 DEOPT UNPACKING pc=0x0000027deb2a9d0e sp=0x000000afc12fccf0 mode 0
Event: 1.466 Thread 0x0000027d81c6f000 DEOPT PACKING pc=0x0000027dec17e418 sp=0x000000afc12fd600
Event: 1.466 Thread 0x0000027d81c6f000 DEOPT UNPACKING pc=0x0000027deb2a9d0e sp=0x000000afc12fcb10 mode 0

Classes redefined (0 events):
No events

Internal exceptions (20 events):
Event: 0.515 Thread 0x0000027d812d5800 Exception <a 'java/lang/NoSuchMethodError'{0x00000000eb0993f0}: 'java.lang.Object java.lang.invoke.DirectMethodHandle$Holder.invokeStatic(java.lang.Object, java.lang.Object, java.lang.Object, java.lang.Object, int)'> (0x00000000eb0993f0) thrown at [./src/hotspot/share/interpreter/linkResolver.cpp, line 773]
Event: 0.687 Thread 0x0000027d812d5800 Exception <a 'java/io/FileNotFoundException'{0x00000000ebe22b28}> (0x00000000ebe22b28) thrown at [./src/hotspot/share/prims/jni.cpp, line 615]
Event: 0.763 Thread 0x0000027d812d5800 Exception <a 'java/io/FileNotFoundException'{0x00000000ec2fba38}> (0x00000000ec2fba38) thrown at [./src/hotspot/share/prims/jni.cpp, line 615]
Event: 0.851 Thread 0x0000027d812d5800 Exception <a 'java/lang/NoSuchMethodError'{0x00000000eace8250}: 'int java.lang.invoke.DirectMethodHandle$Holder.invokeStaticInit(java.lang.Object, java.lang.Object, java.lang.Object)'> (0x00000000eace8250) thrown at [./src/hotspot/share/interpreter/linkResolver.cpp, line 773]
Event: 0.854 Thread 0x0000027d812d5800 Exception <a 'java/lang/IncompatibleClassChangeError'{0x00000000ead32588}: Found class java.lang.Object, but interface was expected> (0x00000000ead32588) thrown at [./src/hotspot/share/interpreter/linkResolver.cpp, line 839]
Event: 0.932 Thread 0x0000027d812d5800 Exception <a 'java/lang/ClassNotFoundException'{0x00000000ebcdbc38}: com/sun/org/apache/xerces/internal/impl/msg/spi/DOMMessagesProvider> (0x00000000ebcdbc38) thrown at [./src/hotspot/share/classfile/systemDictionary.cpp, line 231]
Event: 0.933 Thread 0x0000027d812d5800 Exception <a 'java/lang/ClassNotFoundException'{0x00000000ebcfd458}: com/sun/org/apache/xerces/internal/impl/msg/spi/XMLSerializerMessagesProvider> (0x00000000ebcfd458) thrown at [./src/hotspot/share/classfile/systemDictionary.cpp, line 231]
Event: 0.934 Thread 0x0000027d812d5800 Exception <a 'java/lang/ClassNotFoundException'{0x00000000ebd13420}: com/sun/org/apache/xerces/internal/impl/msg/spi/XMLMessagesProvider> (0x00000000ebd13420) thrown at [./src/hotspot/share/classfile/systemDictionary.cpp, line 231]
Event: 0.963 Thread 0x0000027d812d5800 Exception <a 'java/lang/ClassNotFoundException'{0x00000000ebf3a408}: com/sun/org/apache/xml/internal/serializer/spi/XMLEntitiesProvider> (0x00000000ebf3a408) thrown at [./src/hotspot/share/classfile/systemDictionary.cpp, line 231]
Event: 1.043 Thread 0x0000027d812d5800 Exception <a 'java/lang/NoSuchMethodError'{0x00000000eacf8860}: 'void java.lang.invoke.DirectMethodHandle$Holder.invokeSpecial(java.lang.Object, java.lang.Object, java.lang.Object, int)'> (0x00000000eacf8860) thrown at [./src/hotspot/share/interpreter/linkResolver.cpp, line 773]
Event: 1.070 Thread 0x0000027d812d5800 Exception <a 'java/lang/NoSuchMethodError'{0x00000000eaeb2570}: 'org.slf4j.impl.StaticMDCBinder org.slf4j.impl.StaticMDCBinder.getSingleton()'> (0x00000000eaeb2570) thrown at [./src/hotspot/share/interpreter/linkResolver.cpp, line 773]
Event: 1.081 Thread 0x0000027d812d5800 Exception <a 'java/io/FileNotFoundException'{0x00000000eaf8e9e8}> (0x00000000eaf8e9e8) thrown at [./src/hotspot/share/prims/jni.cpp, line 615]
Event: 1.088 Thread 0x0000027d812d5800 Exception <a 'java/io/FileNotFoundException'{0x00000000eafbf550}> (0x00000000eafbf550) thrown at [./src/hotspot/share/prims/jni.cpp, line 615]
Event: 1.092 Thread 0x0000027d812d5800 Exception <a 'java/io/FileNotFoundException'{0x00000000eaff4500}> (0x00000000eaff4500) thrown at [./src/hotspot/share/prims/jni.cpp, line 615]
Event: 1.133 Thread 0x0000027d812d5800 Implicit null exception at 0x0000027df2eeada7 to 0x0000027df2eebc18
Event: 1.171 Thread 0x0000027de2b3a000 Exception <a 'java/lang/NoSuchMethodError'{0x00000000eb52a3b8}: 'void java.lang.invoke.DirectMethodHandle$Holder.invokeStatic(java.lang.Object, java.lang.Object, java.lang.Object, java.lang.Object)'> (0x00000000eb52a3b8) thrown at [./src/hotspot/share/interpreter/linkResolver.cpp, line 773]
Event: 1.270 Thread 0x0000027d81b92000 Exception <a 'java/io/FileNotFoundException'{0x00000000ebbe70b8}> (0x00000000ebbe70b8) thrown at [./src/hotspot/share/prims/jni.cpp, line 615]
Event: 1.295 Thread 0x0000027d81b92000 Exception <a 'java/lang/NoSuchMethodError'{0x00000000ebeb24d0}: 'void java.lang.invoke.DirectMethodHandle$Holder.invokeStatic(java.lang.Object, java.lang.Object, java.lang.Object, java.lang.Object, java.lang.Object, java.lang.Object)'> (0x00000000ebeb24d0) thrown at [./src/hotspot/share/interpreter/linkResolver.cpp, line 773]
Event: 1.312 Thread 0x0000027d81c6f000 Exception <a 'java/lang/NoSuchMethodError'{0x00000000ebffd388}: 'int java.lang.invoke.DirectMethodHandle$Holder.invokeInterface(java.lang.Object, java.lang.Object)'> (0x00000000ebffd388) thrown at [./src/hotspot/share/interpreter/linkResolver.cpp, line 773]
Event: 1.312 Thread 0x0000027d81c6f000 Exception <a 'java/lang/IncompatibleClassChangeError'{0x00000000ebfffe78}: Found class java.lang.Object, but interface was expected> (0x00000000ebfffe78) thrown at [./src/hotspot/share/interpreter/linkResolver.cpp, line 839]

Events (20 events):
Event: 1.459 loading class java/util/regex/Pattern$BackRef
Event: 1.459 loading class java/util/regex/Pattern$BackRef done
Event: 1.459 loading class java/util/regex/Pattern$Curly
Event: 1.459 loading class java/util/regex/Pattern$Curly done
Event: 1.460 loading class java/util/regex/Pattern$GroupCurly
Event: 1.460 loading class java/util/regex/Pattern$GroupCurly done
Event: 1.460 loading class java/util/regex/Pattern$Dollar
Event: 1.460 loading class java/util/regex/Pattern$Dollar done
Event: 1.470 Executing VM operation: RevokeBias
Event: 1.470 Executing VM operation: RevokeBias done
Event: 1.470 Executing VM operation: RevokeBias
Event: 1.470 Executing VM operation: RevokeBias done
Event: 1.482 loading class java/nio/channels/Channels
Event: 1.482 loading class java/nio/channels/Channels done
Event: 1.482 loading class java/nio/channels/Channels$ReadableByteChannelImpl
Event: 1.482 loading class java/nio/channels/Channels$ReadableByteChannelImpl done
Event: 1.483 loading class sun/nio/ch/ChannelInputStream
Event: 1.483 loading class sun/nio/ch/ChannelInputStream done
Event: 1.483 loading class java/nio/channels/SelectableChannel
Event: 1.483 loading class java/nio/channels/SelectableChannel done


Dynamic libraries:
0x00007ff730700000 - 0x00007ff73070d000 	F:\java-11\bin\java.exe
0x00007ffb265f0000 - 0x00007ffb267e5000 	C:\WINDOWS\SYSTEM32\ntdll.dll
0x00007ffb26080000 - 0x00007ffb2613d000 	C:\WINDOWS\System32\KERNEL32.DLL
0x00007ffb24270000 - 0x00007ffb24539000 	C:\WINDOWS\System32\KERNELBASE.dll
0x00007ffb23f60000 - 0x00007ffb24060000 	C:\WINDOWS\System32\ucrtbase.dll
0x00007ffb0f530000 - 0x00007ffb0f545000 	F:\java-11\bin\VCRUNTIME140.dll
0x00007ffb0cf80000 - 0x00007ffb0cf97000 	F:\java-11\bin\jli.dll
0x00007ffb25e70000 - 0x00007ffb26010000 	C:\WINDOWS\System32\USER32.dll
0x00007ffb24090000 - 0x00007ffb240b2000 	C:\WINDOWS\System32\win32u.dll
0x00007ffb16a20000 - 0x00007ffb16cba000 	C:\WINDOWS\WinSxS\amd64_microsoft.windows.common-controls_6595b64144ccf1df_6.0.19041.1110_none_60b5254171f9507e\COMCTL32.dll
0x00007ffb24b20000 - 0x00007ffb24b4a000 	C:\WINDOWS\System32\GDI32.dll
0x00007ffb24b70000 - 0x00007ffb24c0e000 	C:\WINDOWS\System32\msvcrt.dll
0x00007ffb240c0000 - 0x00007ffb241cb000 	C:\WINDOWS\System32\gdi32full.dll
0x00007ffb241d0000 - 0x00007ffb2426d000 	C:\WINDOWS\System32\msvcp_win.dll
0x00007ffb24c10000 - 0x00007ffb24c40000 	C:\WINDOWS\System32\IMM32.DLL
0x00007ffaecb80000 - 0x00007ffaecc1b000 	F:\java-11\bin\msvcp140.dll
0x00007ffac4ca0000 - 0x00007ffac57f9000 	F:\java-11\bin\server\jvm.dll
0x00007ffb26140000 - 0x00007ffb261ec000 	C:\WINDOWS\System32\ADVAPI32.dll
0x00007ffb24830000 - 0x00007ffb248cb000 	C:\WINDOWS\System32\sechost.dll
0x00007ffb24e80000 - 0x00007ffb24faa000 	C:\WINDOWS\System32\RPCRT4.dll
0x00007ffb26070000 - 0x00007ffb26078000 	C:\WINDOWS\System32\PSAPI.DLL
0x00007ffb15ea0000 - 0x00007ffb15ea9000 	C:\WINDOWS\SYSTEM32\WSOCK32.dll
0x00007ffb19e90000 - 0x00007ffb19eb7000 	C:\WINDOWS\SYSTEM32\WINMM.dll
0x00007ffb1e290000 - 0x00007ffb1e29a000 	C:\WINDOWS\SYSTEM32\VERSION.dll
0x00007ffb25430000 - 0x00007ffb2549b000 	C:\WINDOWS\System32\WS2_32.dll
0x00007ffb21c50000 - 0x00007ffb21c62000 	C:\WINDOWS\SYSTEM32\kernel.appcore.dll
0x00007ffb1c990000 - 0x00007ffb1c9a0000 	F:\java-11\bin\verify.dll
0x00007ffb09590000 - 0x00007ffb09774000 	C:\WINDOWS\SYSTEM32\DBGHELP.DLL
0x00007ffb07f60000 - 0x00007ffb07f8c000 	C:\WINDOWS\SYSTEM32\dbgcore.DLL
0x00007ffb23ed0000 - 0x00007ffb23f53000 	C:\WINDOWS\System32\bcryptPrimitives.dll
0x00007ffb0a320000 - 0x00007ffb0a348000 	F:\java-11\bin\java.dll
0x00007ffb1a5a0000 - 0x00007ffb1a5aa000 	F:\java-11\bin\jimage.dll
0x00007ffb0cf40000 - 0x00007ffb0cf57000 	F:\java-11\bin\zip.dll
0x00007ffb25580000 - 0x00007ffb25cbf000 	C:\WINDOWS\System32\SHELL32.dll
0x00007ffb21e50000 - 0x00007ffb225e0000 	C:\WINDOWS\SYSTEM32\windows.storage.dll
0x00007ffb261f0000 - 0x00007ffb26545000 	C:\WINDOWS\System32\combase.dll
0x00007ffb23780000 - 0x00007ffb237ac000 	C:\WINDOWS\SYSTEM32\Wldp.dll
0x00007ffb24d30000 - 0x00007ffb24dde000 	C:\WINDOWS\System32\SHCORE.dll
0x00007ffb26010000 - 0x00007ffb26065000 	C:\WINDOWS\System32\shlwapi.dll
0x00007ffb23c60000 - 0x00007ffb23c7f000 	C:\WINDOWS\SYSTEM32\profapi.dll
0x00007ffb0cee0000 - 0x00007ffb0cef9000 	F:\java-11\bin\net.dll
0x00007ffb1d610000 - 0x00007ffb1d718000 	C:\WINDOWS\SYSTEM32\WINHTTP.dll
0x00007ffb234e0000 - 0x00007ffb2354a000 	C:\WINDOWS\system32\mswsock.dll
0x00007ffb07770000 - 0x00007ffb07782000 	F:\java-11\bin\nio.dll
0x00007ffb236d0000 - 0x00007ffb236e8000 	C:\WINDOWS\SYSTEM32\CRYPTSP.dll
0x00007ffb22df0000 - 0x00007ffb22e24000 	C:\WINDOWS\system32\rsaenh.dll
0x00007ffb24060000 - 0x00007ffb24087000 	C:\WINDOWS\System32\bcrypt.dll
0x00007ffb23c20000 - 0x00007ffb23c4e000 	C:\WINDOWS\SYSTEM32\USERENV.dll
0x00007ffb236f0000 - 0x00007ffb236fc000 	C:\WINDOWS\SYSTEM32\CRYPTBASE.dll
0x00007ffb23180000 - 0x00007ffb231bb000 	C:\WINDOWS\SYSTEM32\IPHLPAPI.DLL
0x00007ffb24c40000 - 0x00007ffb24c48000 	C:\WINDOWS\System32\NSI.dll
0x00007ffb1e930000 - 0x00007ffb1e947000 	C:\WINDOWS\SYSTEM32\dhcpcsvc6.DLL
0x00007ffb1e910000 - 0x00007ffb1e92d000 	C:\WINDOWS\SYSTEM32\dhcpcsvc.DLL
0x00007ffb231c0000 - 0x00007ffb2328c000 	C:\WINDOWS\SYSTEM32\DNSAPI.dll
0x00007ffaf8ea0000 - 0x00007ffaf8ede000 	C:\Users\陆振亚\AppData\Roaming\Code\User\globalStorage\redhat.java\0.80.0\config_win\org.eclipse.equinox.launcher\org.eclipse.equinox.launcher.win32.win32.x86_64_1.2.300.v20210617-0451\eclipse_11502.dll
0x00007ffb07730000 - 0x00007ffb07741000 	C:\Users\陆振亚\AppData\Roaming\Code\User\globalStorage\redhat.java\0.80.0\config_win\org.eclipse.osgi\23\0\.cp\jWinHttp-1.0.0.dll
0x00007ffb248d0000 - 0x00007ffb249fa000 	C:\WINDOWS\System32\ole32.dll

dbghelp: loaded successfully - version: 4.0.5 - missing functions: none
symbol engine: initialized successfully - sym options: 0x614 - pdb path: .;F:\java-11\bin;C:\WINDOWS\SYSTEM32;C:\WINDOWS\WinSxS\amd64_microsoft.windows.common-controls_6595b64144ccf1df_6.0.19041.1110_none_60b5254171f9507e;F:\java-11\bin\server;C:\Users\陆振亚\AppData\Roaming\Code\User\globalStorage\redhat.java\0.80.0\config_win\org.eclipse.equinox.launcher\org.eclipse.equinox.launcher.win32.win32.x86_64_1.2.300.v20210617-0;C:\Users\陆振亚\AppData\Roaming\Code\User\globalStorage\redhat.java\0.80.0\config_win\org.eclipse.equinox.launcher\org.eclipse.equinox.launcher.win32.win32.x86_64_1.2.300.v20210617-0451;C:\Users\陆振亚\AppData\Roaming\Code\User\globalStorage\redhat.java\0.80.0\config_win\org.eclipse.osgi

VM Arguments:
jvm_args: --add-modules=ALL-SYSTEM --add-opens=java.base/java.util=ALL-UNNAMED --add-opens=java.base/java.lang=ALL-UNNAMED -Declipse.application=org.eclipse.jdt.ls.core.id1 -Dosgi.bundles.defaultStartLevel=4 -Declipse.product=org.eclipse.jdt.ls.core.product -Dfile.encoding=utf8 -DwatchParentProcess=false -XX:+UseParallelGC -XX:GCTimeRatio=4 -XX:AdaptiveSizePolicyWeight=90 -Dsun.zip.disableMemoryMapping=true -Xmx1G -Xms100m -Xverify:none 
java_command: c:\Users\陆振亚\.vscode\extensions\redhat.java-0.80.0\server\plugins\org.eclipse.equinox.launcher_1.6.200.v20210416-2027.jar -configuration c:\Users\陆振亚\AppData\Roaming\Code\User\globalStorage\redhat.java\0.80.0\config_win -data c:\Users\陆振亚\AppData\Roaming\Code\User\workspaceStorage\f0c8ae5bb4345b319847acd4976223bd\redhat.java\jdt_ws
java_class_path (initial): c:\Users\陆振亚\.vscode\extensions\redhat.java-0.80.0\server\plugins\org.eclipse.equinox.launcher_1.6.200.v20210416-2027.jar
Launcher Type: SUN_STANDARD

[Global flags]
    uintx AdaptiveSizePolicyWeight                 = 90                                        {product} {command line}
     bool BytecodeVerificationLocal                = false                                     {product} {command line}
     bool BytecodeVerificationRemote               = false                                     {product} {command line}
     intx CICompilerCount                          = 12                                        {product} {ergonomic}
    uintx GCTimeRatio                              = 4                                         {product} {command line}
   size_t InitialHeapSize                          = 104857600                                 {product} {command line}
   size_t MaxHeapSize                              = 1073741824                                {product} {command line}
   size_t MaxNewSize                               = 357564416                                 {product} {ergonomic}
   size_t MinHeapDeltaBytes                        = 524288                                    {product} {ergonomic}
   size_t NewSize                                  = 34603008                                  {product} {ergonomic}
    uintx NonNMethodCodeHeapSize                   = 7594288                                {pd product} {ergonomic}
    uintx NonProfiledCodeHeapSize                  = 122031976                              {pd product} {ergonomic}
   size_t OldSize                                  = 70254592                                  {product} {ergonomic}
    uintx ProfiledCodeHeapSize                     = 122031976                              {pd product} {ergonomic}
    uintx ReservedCodeCacheSize                    = 251658240                              {pd product} {ergonomic}
     bool SegmentedCodeCache                       = true                                      {product} {ergonomic}
     bool UseCompressedClassPointers               = true                                 {lp64_product} {ergonomic}
     bool UseCompressedOops                        = true                                 {lp64_product} {ergonomic}
     bool UseLargePagesIndividualAllocation        = false                                  {pd product} {ergonomic}
     bool UseParallelGC                            = true                                      {product} {command line}

Logging:
Log output configuration:
 #0: stdout all=warning uptime,level,tags
 #1: stderr all=off uptime,level,tags

Environment Variables:
JAVA_HOME=F:\java-11
CLASSPATH=;F:\java-11\lib;F:\java-11\lib\tools.jar;
PATH=F:\java-11\bin;C:\Program Files\NVIDIA GPU Computing Toolkit\CUDA\v11.1\bin;C:\Program Files\NVIDIA GPU Computing Toolkit\CUDA\v11.1\libnvvp;C:\WINDOWS\system32;C:\WINDOWS;C:\WINDOWS\System32\Wbem;C:\WINDOWS\System32\WindowsPowerShell\v1.0\;C:\WINDOWS\System32\OpenSSH\;C:\Program Files (x86)\NVIDIA Corporation\PhysX\Common;D:\texlive\2021\bin\win32;D:\Git\cmd;C:\Program Files\NVIDIA Corporation\NVIDIA NvDLISR;C:\Program Files\NVIDIA Corporation\Nsight Compute 2020.2.1\;F:\;F:\java-11\bin;C:\Users\陆振亚\AppData\Local\Microsoft\WindowsApps;C:\Users\陆振亚\AppData\Local\Programs\Microsoft VS Code\bin;C:\Users\陆振亚\AppData\Roaming\npm;F:\java-11\bin;F:\java-11\jre\bin;
USERNAME=陆振亚
OS=Windows_NT
PROCESSOR_IDENTIFIER=Intel64 Family 6 Model 167 Stepping 1, GenuineIntel



---------------  S Y S T E M  ---------------

OS: Windows 10 , 64 bit Build 19041 (10.0.19041.1151)
OS uptime: 0 days 20:40 hours

CPU:total 16 (initial active 16) (8 cores per cpu, 2 threads per core) family 6 model 167 stepping 1 microcode 0x3c, cmov, cx8, fxsr, mmx, sse, sse2, sse3, ssse3, sse4.1, sse4.2, popcnt, avx, avx2, aes, clmul, erms, 3dnowpref, lzcnt, ht, tsc, tscinvbit, bmi1, bmi2, adx, evex, sha, fma

Memory: 4k page, system-wide physical 16254M (2976M free)
TotalPageFile size 54654M (AvailPageFile size 5M)
current process WorkingSet (physical memory assigned to process): 156M, peak: 156M
current process commit charge ("private bytes"): 282M, peak: 283M

vm_info: OpenJDK 64-Bit Server VM (11.0.12+7) for windows-amd64 JRE (11.0.12+7), built on Jul 21 2021 16:23:49 by "" with unknown MS VC++:1916

END.
