#
# There is insufficient memory for the Java Runtime Environment to continue.
# Native memory allocation (malloc) failed to allocate 1908496 bytes for Chunk::new
# Possible reasons:
#   The system is out of physical RAM or swap space
#   The process is running with CompressedOops enabled, and the Java Heap may be blocking the growth of the native heap
# Possible solutions:
#   Reduce memory load on the system
#   Increase physical memory or swap space
#   Check if swap backing store is full
#   Decrease Java heap size (-Xmx/-Xms)
#   Decrease number of Java threads
#   Decrease Java thread stack sizes (-Xss)
#   Set larger code cache with -XX:ReservedCodeCacheSize=
#   JVM is running with Unscaled Compressed Oops mode in which the Java heap is
#     placed in the first 4GB address space. The Java Heap base address is the
#     maximum limit for the native heap growth. Please use -XX:HeapBaseMinAddress
#     to set the Java Heap base and to place the Java Heap above 4GB virtual address.
# This output file may be truncated or incomplete.
#
#  Out of Memory Error (./src/hotspot/share/memory/arena.cpp:197), pid=16132, tid=1744
#
# JRE version: OpenJDK Runtime Environment Temurin-11.0.12+7 (11.0.12+7) (build 11.0.12+7)
# Java VM: OpenJDK 64-Bit Server VM Temurin-11.0.12+7 (11.0.12+7, mixed mode, tiered, compressed oops, parallel gc, windows-amd64)
# No core dump will be written. Minidumps are not enabled by default on client versions of Windows
#

---------------  S U M M A R Y ------------

Command Line: --add-modules=ALL-SYSTEM --add-opens=java.base/java.util=ALL-UNNAMED --add-opens=java.base/java.lang=ALL-UNNAMED -Declipse.application=org.eclipse.jdt.ls.core.id1 -Dosgi.bundles.defaultStartLevel=4 -Declipse.product=org.eclipse.jdt.ls.core.product -Dfile.encoding=utf8 -DwatchParentProcess=false -XX:+UseParallelGC -XX:GCTimeRatio=4 -XX:AdaptiveSizePolicyWeight=90 -Dsun.zip.disableMemoryMapping=true -Xmx1G -Xms100m -Xverify:none c:\Users\陆振亚\.vscode\extensions\redhat.java-0.80.0\server\plugins\org.eclipse.equinox.launcher_1.6.200.v20210416-2027.jar -configuration c:\Users\陆振亚\AppData\Roaming\Code\User\globalStorage\redhat.java\0.80.0\config_ss_win -data c:\Users\陆振亚\AppData\Roaming\Code\User\workspaceStorage\f0c8ae5bb4345b319847acd4976223bd\redhat.java\ss_ws

Host: 11th Gen Intel(R) Core(TM) i7-11700K @ 3.60GHz, 16 cores, 15G,  Windows 10 , 64 bit Build 19041 (10.0.19041.1151)
Time: Sat Aug 14 16:24:56 2021 中国标准时间 elapsed time: 1.808981 seconds (0d 0h 0m 1s)

---------------  T H R E A D  ---------------

Current thread (0x0000020152b46800):  JavaThread "C2 CompilerThread6" daemon [_thread_in_native, id=1744, stack(0x0000000687700000,0x0000000687800000)]


Current CompileTask:
C2:   1809 3144   !   4       java.nio.file.FileTreeWalker::visit (204 bytes)

Stack: [0x0000000687700000,0x0000000687800000]
Native frames: (J=compiled Java code, j=interpreted, Vv=VM code, C=native code)
V  [jvm.dll+0x601d0a]
V  [jvm.dll+0x78ab6e]
V  [jvm.dll+0x78c23f]
V  [jvm.dll+0x78c903]
V  [jvm.dll+0x24be68]
V  [jvm.dll+0xc219c]
V  [jvm.dll+0xc275c]
V  [jvm.dll+0x354857]
V  [jvm.dll+0x19db09]
V  [jvm.dll+0x205622]
V  [jvm.dll+0x2046fd]
V  [jvm.dll+0x1898fc]
V  [jvm.dll+0x213d67]
V  [jvm.dll+0x211f2b]
V  [jvm.dll+0x74ec19]
V  [jvm.dll+0x747c84]
V  [jvm.dll+0x600ba6]
C  [ucrtbase.dll+0x21bb2]
C  [KERNEL32.DLL+0x17034]
C  [ntdll.dll+0x52651]


---------------  P R O C E S S  ---------------

Threads class SMR info:
_java_thread_list=0x00000201525a3500, length=28, elements={
0x0000020128b6c000, 0x00000201444e2000, 0x00000201444e5000, 0x0000020144533000,
0x0000020144535000, 0x0000020144536800, 0x0000020144537800, 0x000002014453c000,
0x000002014454d000, 0x00000201446a7000, 0x00000201446b1800, 0x00000201446b2800,
0x0000020144703000, 0x0000020146982800, 0x00000201471c2800, 0x0000020146b0e800,
0x00000201471af000, 0x000002014709c800, 0x00000201475f8800, 0x0000020147659800,
0x00000201475b0000, 0x00000201476af800, 0x000002014732f800, 0x00000201478d9800,
0x0000020152943800, 0x0000020152ad3800, 0x0000020152b46800, 0x0000020152a2f000
}

Java Threads: ( => current thread )
  0x0000020128b6c000 JavaThread "main" [_thread_blocked, id=15092, stack(0x0000000684f00000,0x0000000685000000)]
  0x00000201444e2000 JavaThread "Reference Handler" daemon [_thread_blocked, id=20192, stack(0x0000000685200000,0x0000000685300000)]
  0x00000201444e5000 JavaThread "Finalizer" daemon [_thread_blocked, id=14464, stack(0x0000000685300000,0x0000000685400000)]
  0x0000020144533000 JavaThread "Signal Dispatcher" daemon [_thread_blocked, id=1708, stack(0x0000000685400000,0x0000000685500000)]
  0x0000020144535000 JavaThread "Attach Listener" daemon [_thread_blocked, id=11180, stack(0x0000000685500000,0x0000000685600000)]
  0x0000020144536800 JavaThread "Service Thread" daemon [_thread_blocked, id=12380, stack(0x0000000685600000,0x0000000685700000)]
  0x0000020144537800 JavaThread "C2 CompilerThread0" daemon [_thread_blocked, id=14368, stack(0x0000000685700000,0x0000000685800000)]
  0x000002014453c000 JavaThread "C1 CompilerThread0" daemon [_thread_blocked, id=8548, stack(0x0000000685800000,0x0000000685900000)]
  0x000002014454d000 JavaThread "Sweeper thread" daemon [_thread_blocked, id=18012, stack(0x0000000685900000,0x0000000685a00000)]
  0x00000201446a7000 JavaThread "Common-Cleaner" daemon [_thread_blocked, id=19984, stack(0x0000000685a00000,0x0000000685b00000)]
  0x00000201446b1800 JavaThread "C1 CompilerThread1" daemon [_thread_blocked, id=18336, stack(0x0000000685b00000,0x0000000685c00000)]
  0x00000201446b2800 JavaThread "C1 CompilerThread2" daemon [_thread_blocked, id=17684, stack(0x0000000685c00000,0x0000000685d00000)]
  0x0000020144703000 JavaThread "C2 CompilerThread1" daemon [_thread_in_native, id=16108, stack(0x0000000685d00000,0x0000000685e00000)]
  0x0000020146982800 JavaThread "Active Thread: Equinox Container: 637d9ad1-5bf0-48c7-991d-0eb7772b0de2" [_thread_blocked, id=10308, stack(0x0000000686100000,0x0000000686200000)]
  0x00000201471c2800 JavaThread "Framework Event Dispatcher: Equinox Container: 637d9ad1-5bf0-48c7-991d-0eb7772b0de2" daemon [_thread_blocked, id=19212, stack(0x0000000686500000,0x0000000686600000)]
  0x0000020146b0e800 JavaThread "Start Level: Equinox Container: 637d9ad1-5bf0-48c7-991d-0eb7772b0de2" daemon [_thread_blocked, id=9268, stack(0x0000000686600000,0x0000000686700000)]
  0x00000201471af000 JavaThread "SCR Component Actor" daemon [_thread_blocked, id=14964, stack(0x0000000686700000,0x0000000686800000)]
  0x000002014709c800 JavaThread "Timer-0" daemon [_thread_blocked, id=7024, stack(0x0000000686800000,0x0000000686900000)]
  0x00000201475f8800 JavaThread "Worker-JM" [_thread_blocked, id=17284, stack(0x0000000686a00000,0x0000000686b00000)]
  0x0000020147659800 JavaThread "Worker-0: Initialize Workspace" [_thread_in_Java, id=3480, stack(0x0000000686d00000,0x0000000686e00000)]
  0x00000201475b0000 JavaThread "Worker-1" [_thread_blocked, id=16540, stack(0x0000000686e00000,0x0000000686f00000)]
  0x00000201476af800 JavaThread "C2 CompilerThread2" daemon [_thread_in_native, id=9048, stack(0x0000000685f00000,0x0000000686000000)]
  0x000002014732f800 JavaThread "C2 CompilerThread3" daemon [_thread_in_native, id=11540, stack(0x0000000686000000,0x0000000686100000)]
  0x00000201478d9800 JavaThread "pool-1-thread-1" [_thread_blocked, id=13640, stack(0x0000000687200000,0x0000000687300000)]
  0x0000020152943800 JavaThread "C2 CompilerThread4" daemon [_thread_in_native, id=2284, stack(0x0000000687500000,0x0000000687600000)]
  0x0000020152ad3800 JavaThread "C2 CompilerThread5" daemon [_thread_in_native, id=16264, stack(0x0000000687600000,0x0000000687700000)]
=>0x0000020152b46800 JavaThread "C2 CompilerThread6" daemon [_thread_in_native, id=1744, stack(0x0000000687700000,0x0000000687800000)]
  0x0000020152a2f000 JavaThread "C2 CompilerThread7" daemon [_thread_in_native, id=4904, stack(0x0000000687800000,0x0000000687900000)]

Other Threads:
  0x0000020128c3b800 VMThread "VM Thread" [stack: 0x0000000685100000,0x0000000685200000] [id=5092]
  0x0000020146540800 WatcherThread [stack: 0x0000000685e00000,0x0000000685f00000] [id=15252]
  0x0000020128b85800 GCTaskThread "ParGC Thread#0" [stack: 0x0000000685000000,0x0000000685100000] [id=16344]
  0x00000201469c2800 GCTaskThread "ParGC Thread#1" [stack: 0x0000000686200000,0x0000000686300000] [id=15844]
  0x000002014726e800 GCTaskThread "ParGC Thread#2" [stack: 0x0000000686300000,0x0000000686400000] [id=20448]
  0x000002014725a800 GCTaskThread "ParGC Thread#3" [stack: 0x0000000686400000,0x0000000686500000] [id=596]
  0x0000020147668800 GCTaskThread "ParGC Thread#4" [stack: 0x0000000686b00000,0x0000000686c00000] [id=10500]
  0x000002014760d000 GCTaskThread "ParGC Thread#5" [stack: 0x0000000686c00000,0x0000000686d00000] [id=7908]
  0x0000020147901000 GCTaskThread "ParGC Thread#6" [stack: 0x0000000686900000,0x0000000686a00000] [id=18164]
  0x000002014791a000 GCTaskThread "ParGC Thread#7" [stack: 0x0000000686f00000,0x0000000687000000] [id=14348]
  0x000002014793f000 GCTaskThread "ParGC Thread#8" [stack: 0x0000000687000000,0x0000000687100000] [id=7072]
  0x0000020147942800 GCTaskThread "ParGC Thread#9" [stack: 0x0000000687100000,0x0000000687200000] [id=8376]
  0x0000020147e87800 GCTaskThread "ParGC Thread#10" [stack: 0x0000000687300000,0x0000000687400000] [id=13792]
  0x0000020147b52000 GCTaskThread "ParGC Thread#11" [stack: 0x0000000687400000,0x0000000687500000] [id=5956]

Threads with active compile tasks:
C2 CompilerThread0   1824 3278       4       java.util.ArrayDeque::addFirst (51 bytes)
C2 CompilerThread1   1824 3227       4       org.eclipse.jdt.internal.core.JarPackageFragmentRoot::initRawPackageInfo (349 bytes)
C2 CompilerThread2   1824 3276       4       jdk.internal.jimage.ImageReader$SharedImageReader::visitLocation (73 bytes)
C2 CompilerThread4   1824 3174       4       jdk.internal.jrtfs.JrtFileSystemProvider::readAttributes (23 bytes)
C2 CompilerThread5   1824 3275       4       org.eclipse.jdt.internal.core.util.Util::splitOn (134 bytes)
C2 CompilerThread6   1824 3144   !   4       java.nio.file.FileTreeWalker::visit (204 bytes)
C2 CompilerThread7   1824 3114   !   4       java.nio.file.FileTreeWalker::next (144 bytes)

VM state:not at safepoint (normal execution)

VM Mutex/Monitor currently owned by a thread: None

Heap address: 0x00000000c0000000, size: 1024 MB, Compressed Oops mode: 32-bit
Narrow klass base: 0x0000000000000000, Narrow klass shift: 3
Compressed class space size: 1073741824 Address: 0x0000000100000000

Heap:
 PSYoungGen      total 32256K, used 24463K [0x00000000eab00000, 0x00000000ed480000, 0x0000000100000000)
  eden space 23552K, 68% used [0x00000000eab00000,0x00000000ebad3f10,0x00000000ec200000)
  from space 8704K, 94% used [0x00000000ecc00000,0x00000000ed410020,0x00000000ed480000)
  to   space 8704K, 0% used [0x00000000ec380000,0x00000000ec380000,0x00000000ecc00000)
 ParOldGen       total 68608K, used 13034K [0x00000000c0000000, 0x00000000c4300000, 0x00000000eab00000)
  object space 68608K, 18% used [0x00000000c0000000,0x00000000c0cbaab0,0x00000000c4300000)
 Metaspace       used 31158K, capacity 33025K, committed 33152K, reserved 1079296K
  class space    used 2970K, capacity 3651K, committed 3712K, reserved 1048576K

Card table byte_map: [0x0000020140480000,0x0000020140690000] _byte_map_base: 0x000002013fe80000

Marking Bits: (ParMarkBitMap*) 0x00007ff99f73bcf0
 Begin Bits: [0x00000201407f0000, 0x00000201417f0000)
 End Bits:   [0x00000201417f0000, 0x00000201427f0000)

Polling page: 0x0000020127380000

Metaspace:

Usage:
  Non-class:     28.69 MB capacity,    27.53 MB ( 96%) used,     1.10 MB (  4%) free+waste,    63.81 KB ( <1%) overhead. 
      Class:      3.57 MB capacity,     2.90 MB ( 81%) used,   649.63 KB ( 18%) free+waste,    30.69 KB ( <1%) overhead. 
       Both:     32.25 MB capacity,    30.43 MB ( 94%) used,     1.73 MB (  5%) free+waste,    94.50 KB ( <1%) overhead. 

Virtual space:
  Non-class space:       30.00 MB reserved,      28.75 MB ( 96%) committed 
      Class space:        1.00 GB reserved,       3.63 MB ( <1%) committed 
             Both:        1.03 GB reserved,      32.38 MB (  3%) committed 

Chunk freelists:
   Non-Class:  2.00 KB
       Class:  29.00 KB
        Both:  31.00 KB

MaxMetaspaceSize: 17179869184.00 GB
CompressedClassSpaceSize: 1.00 GB
Initial GC threshold: 20.80 MB
Current GC threshold: 34.59 MB
CDS: off

CodeHeap 'non-profiled nmethods': size=119168Kb used=1534Kb max_used=1534Kb free=117633Kb
 bounds [0x0000020138e30000, 0x00000201390a0000, 0x0000020140290000]
CodeHeap 'profiled nmethods': size=119168Kb used=7021Kb max_used=7021Kb free=112146Kb
 bounds [0x00000201319d0000, 0x00000201320b0000, 0x0000020138e30000]
CodeHeap 'non-nmethods': size=7424Kb used=2434Kb max_used=2944Kb free=4989Kb
 bounds [0x0000020131290000, 0x0000020131580000, 0x00000201319d0000]
 total_blobs=3806 nmethods=3268 adapters=447
 compilation: enabled
              stopped_count=0, restarted_count=0
 full_count=0

Compilation events (20 events):
Event: 1.764 Thread 0x000002014453c000 3273       3       java.nio.ByteBuffer::get (54 bytes)
Event: 1.765 Thread 0x000002014453c000 nmethod 3273 0x00000201320aac90 code [0x00000201320aaea0, 0x00000201320ab3e8]
Event: 1.766 Thread 0x00000201446b2800 3274       1       java.text.FieldPosition::getFieldAttribute (5 bytes)
Event: 1.766 Thread 0x00000201446b2800 nmethod 3274 0x0000020138f8bb10 code [0x0000020138f8bcc0, 0x0000020138f8bd78]
Event: 1.772 Thread 0x000002014732f800 nmethod 3217 0x0000020138f8be10 code [0x0000020138f8c020, 0x0000020138f8cd18]
Event: 1.772 Thread 0x000002014732f800 3137       4       jdk.internal.jimage.ImageReader$Node::<init> (27 bytes)
Event: 1.773 Thread 0x000002014732f800 nmethod 3137 0x0000020138f8d490 code [0x0000020138f8d620, 0x0000020138f8d6f8]
Event: 1.773 Thread 0x000002014732f800 3207   !   4       jdk.internal.jimage.ImageReader$SharedImageReader::imageFileAttributes (45 bytes)
Event: 1.773 Thread 0x00000201476af800 nmethod 3269% 0x0000020138f8d810 code [0x0000020138f8daa0, 0x0000020138f908d8]
Event: 1.773 Thread 0x000002014732f800 nmethod 3207 0x0000020138f91790 code [0x0000020138f91920, 0x0000020138f91998]
Event: 1.773 Thread 0x000002014732f800 3210       4       jdk.internal.jimage.ImageReader$SharedImageReader$$Lambda$157/0x000000010034b840::visit (13 bytes)
Event: 1.773 Thread 0x00000201476af800 3211       4       jdk.internal.jimage.ImageReader$SharedImageReader::lambda$handleModulesSubTree$1 (43 bytes)
Event: 1.783 Thread 0x0000020152ad3800 nmethod 3203 0x0000020138f91a90 code [0x0000020138f91ee0, 0x0000020138f976f8]
Event: 1.783 Thread 0x0000020152ad3800 3275       4       org.eclipse.jdt.internal.core.util.Util::splitOn (134 bytes)
Event: 1.792 Thread 0x00000201476af800 nmethod 3211 0x0000020138f9a990 code [0x0000020138f9ac20, 0x0000020138f9bb08]
Event: 1.792 Thread 0x00000201476af800 3276       4       jdk.internal.jimage.ImageReader$SharedImageReader::visitLocation (73 bytes)
Event: 1.798 Thread 0x000002014732f800 nmethod 3210 0x0000020138f9c890 code [0x0000020138f9cb20, 0x0000020138f9da48]
Event: 1.798 Thread 0x000002014732f800 3219       4       jdk.internal.jimage.ImageLocation::buildName (128 bytes)
Event: 1.806 Thread 0x000002014732f800 nmethod 3219 0x0000020138f9e810 code [0x0000020138f9ea40, 0x0000020138f9f280]
Event: 1.806 Thread 0x000002014732f800 3231       4       org.eclipse.jdt.internal.compiler.util.JrtFileSystem$2::visitFile (10 bytes)

GC Heap History (18 events):
Event: 0.385 GC heap before
{Heap before GC invocations=1 (full 0):
 PSYoungGen      total 29696K, used 25600K [0x00000000eab00000, 0x00000000ecc00000, 0x0000000100000000)
  eden space 25600K, 100% used [0x00000000eab00000,0x00000000ec400000,0x00000000ec400000)
  from space 4096K, 0% used [0x00000000ec800000,0x00000000ec800000,0x00000000ecc00000)
  to   space 4096K, 0% used [0x00000000ec400000,0x00000000ec400000,0x00000000ec800000)
 ParOldGen       total 68608K, used 0K [0x00000000c0000000, 0x00000000c4300000, 0x00000000eab00000)
  object space 68608K, 0% used [0x00000000c0000000,0x00000000c0000000,0x00000000c4300000)
 Metaspace       used 13173K, capacity 13410K, committed 13568K, reserved 1060864K
  class space    used 1197K, capacity 1256K, committed 1280K, reserved 1048576K
}
Event: 0.387 GC heap after
{Heap after GC invocations=1 (full 0):
 PSYoungGen      total 29696K, used 4084K [0x00000000eab00000, 0x00000000ecc00000, 0x0000000100000000)
  eden space 25600K, 0% used [0x00000000eab00000,0x00000000eab00000,0x00000000ec400000)
  from space 4096K, 99% used [0x00000000ec400000,0x00000000ec7fd348,0x00000000ec800000)
  to   space 4096K, 0% used [0x00000000ec800000,0x00000000ec800000,0x00000000ecc00000)
 ParOldGen       total 68608K, used 16K [0x00000000c0000000, 0x00000000c4300000, 0x00000000eab00000)
  object space 68608K, 0% used [0x00000000c0000000,0x00000000c0004000,0x00000000c4300000)
 Metaspace       used 13173K, capacity 13410K, committed 13568K, reserved 1060864K
  class space    used 1197K, capacity 1256K, committed 1280K, reserved 1048576K
}
Event: 0.611 GC heap before
{Heap before GC invocations=2 (full 0):
 PSYoungGen      total 29696K, used 19828K [0x00000000eab00000, 0x00000000ecc00000, 0x0000000100000000)
  eden space 25600K, 61% used [0x00000000eab00000,0x00000000eba5fda0,0x00000000ec400000)
  from space 4096K, 99% used [0x00000000ec400000,0x00000000ec7fd348,0x00000000ec800000)
  to   space 4096K, 0% used [0x00000000ec800000,0x00000000ec800000,0x00000000ecc00000)
 ParOldGen       total 68608K, used 16K [0x00000000c0000000, 0x00000000c4300000, 0x00000000eab00000)
  object space 68608K, 0% used [0x00000000c0000000,0x00000000c0004000,0x00000000c4300000)
 Metaspace       used 20197K, capacity 21204K, committed 21248K, reserved 1069056K
  class space    used 1906K, capacity 2263K, committed 2304K, reserved 1048576K
}
Event: 0.615 GC heap after
{Heap after GC invocations=2 (full 0):
 PSYoungGen      total 29696K, used 4070K [0x00000000eab00000, 0x00000000ecc00000, 0x0000000100000000)
  eden space 25600K, 0% used [0x00000000eab00000,0x00000000eab00000,0x00000000ec400000)
  from space 4096K, 99% used [0x00000000ec800000,0x00000000ecbf9980,0x00000000ecc00000)
  to   space 4096K, 0% used [0x00000000ec400000,0x00000000ec400000,0x00000000ec800000)
 ParOldGen       total 68608K, used 1938K [0x00000000c0000000, 0x00000000c4300000, 0x00000000eab00000)
  object space 68608K, 2% used [0x00000000c0000000,0x00000000c01e49d8,0x00000000c4300000)
 Metaspace       used 20197K, capacity 21204K, committed 21248K, reserved 1069056K
  class space    used 1906K, capacity 2263K, committed 2304K, reserved 1048576K
}
Event: 0.615 GC heap before
{Heap before GC invocations=3 (full 1):
 PSYoungGen      total 29696K, used 4070K [0x00000000eab00000, 0x00000000ecc00000, 0x0000000100000000)
  eden space 25600K, 0% used [0x00000000eab00000,0x00000000eab00000,0x00000000ec400000)
  from space 4096K, 99% used [0x00000000ec800000,0x00000000ecbf9980,0x00000000ecc00000)
  to   space 4096K, 0% used [0x00000000ec400000,0x00000000ec400000,0x00000000ec800000)
 ParOldGen       total 68608K, used 1938K [0x00000000c0000000, 0x00000000c4300000, 0x00000000eab00000)
  object space 68608K, 2% used [0x00000000c0000000,0x00000000c01e49d8,0x00000000c4300000)
 Metaspace       used 20197K, capacity 21204K, committed 21248K, reserved 1069056K
  class space    used 1906K, capacity 2263K, committed 2304K, reserved 1048576K
}
Event: 0.628 GC heap after
{Heap after GC invocations=3 (full 1):
 PSYoungGen      total 29696K, used 0K [0x00000000eab00000, 0x00000000ecc00000, 0x0000000100000000)
  eden space 25600K, 0% used [0x00000000eab00000,0x00000000eab00000,0x00000000ec400000)
  from space 4096K, 0% used [0x00000000ec800000,0x00000000ec800000,0x00000000ecc00000)
  to   space 4096K, 0% used [0x00000000ec400000,0x00000000ec400000,0x00000000ec800000)
 ParOldGen       total 68608K, used 5942K [0x00000000c0000000, 0x00000000c4300000, 0x00000000eab00000)
  object space 68608K, 8% used [0x00000000c0000000,0x00000000c05cda78,0x00000000c4300000)
 Metaspace       used 20197K, capacity 21204K, committed 21248K, reserved 1069056K
  class space    used 1906K, capacity 2263K, committed 2304K, reserved 1048576K
}
Event: 1.368 GC heap before
{Heap before GC invocations=4 (full 1):
 PSYoungGen      total 29696K, used 25600K [0x00000000eab00000, 0x00000000ecc00000, 0x0000000100000000)
  eden space 25600K, 100% used [0x00000000eab00000,0x00000000ec400000,0x00000000ec400000)
  from space 4096K, 0% used [0x00000000ec800000,0x00000000ec800000,0x00000000ecc00000)
  to   space 4096K, 0% used [0x00000000ec400000,0x00000000ec400000,0x00000000ec800000)
 ParOldGen       total 68608K, used 5942K [0x00000000c0000000, 0x00000000c4300000, 0x00000000eab00000)
  object space 68608K, 8% used [0x00000000c0000000,0x00000000c05cda78,0x00000000c4300000)
 Metaspace       used 26923K, capacity 28571K, committed 28800K, reserved 1075200K
  class space    used 2542K, capacity 3130K, committed 3200K, reserved 1048576K
}
Event: 1.370 GC heap after
{Heap after GC invocations=4 (full 1):
 PSYoungGen      total 29696K, used 2711K [0x00000000eab00000, 0x00000000ecc00000, 0x0000000100000000)
  eden space 25600K, 0% used [0x00000000eab00000,0x00000000eab00000,0x00000000ec400000)
  from space 4096K, 66% used [0x00000000ec400000,0x00000000ec6a5d20,0x00000000ec800000)
  to   space 4096K, 0% used [0x00000000ec800000,0x00000000ec800000,0x00000000ecc00000)
 ParOldGen       total 68608K, used 5958K [0x00000000c0000000, 0x00000000c4300000, 0x00000000eab00000)
  object space 68608K, 8% used [0x00000000c0000000,0x00000000c05d1a90,0x00000000c4300000)
 Metaspace       used 26923K, capacity 28571K, committed 28800K, reserved 1075200K
  class space    used 2542K, capacity 3130K, committed 3200K, reserved 1048576K
}
Event: 1.572 GC heap before
{Heap before GC invocations=5 (full 1):
 PSYoungGen      total 29696K, used 28311K [0x00000000eab00000, 0x00000000ecc00000, 0x0000000100000000)
  eden space 25600K, 100% used [0x00000000eab00000,0x00000000ec400000,0x00000000ec400000)
  from space 4096K, 66% used [0x00000000ec400000,0x00000000ec6a5d20,0x00000000ec800000)
  to   space 4096K, 0% used [0x00000000ec800000,0x00000000ec800000,0x00000000ecc00000)
 ParOldGen       total 68608K, used 5958K [0x00000000c0000000, 0x00000000c4300000, 0x00000000eab00000)
  object space 68608K, 8% used [0x00000000c0000000,0x00000000c05d1a90,0x00000000c4300000)
 Metaspace       used 30948K, capacity 32800K, committed 32896K, reserved 1079296K
  class space    used 2958K, capacity 3619K, committed 3712K, reserved 1048576K
}
Event: 1.574 GC heap after
{Heap after GC invocations=5 (full 1):
 PSYoungGen      total 29696K, used 4089K [0x00000000eab00000, 0x00000000ecc00000, 0x0000000100000000)
  eden space 25600K, 0% used [0x00000000eab00000,0x00000000eab00000,0x00000000ec400000)
  from space 4096K, 99% used [0x00000000ec800000,0x00000000ecbfe7b8,0x00000000ecc00000)
  to   space 4096K, 0% used [0x00000000ec400000,0x00000000ec400000,0x00000000ec800000)
 ParOldGen       total 68608K, used 7027K [0x00000000c0000000, 0x00000000c4300000, 0x00000000eab00000)
  object space 68608K, 10% used [0x00000000c0000000,0x00000000c06dcee0,0x00000000c4300000)
 Metaspace       used 30948K, capacity 32800K, committed 32896K, reserved 1079296K
  class space    used 2958K, capacity 3619K, committed 3712K, reserved 1048576K
}
Event: 1.630 GC heap before
{Heap before GC invocations=6 (full 1):
 PSYoungGen      total 29696K, used 29689K [0x00000000eab00000, 0x00000000ecc00000, 0x0000000100000000)
  eden space 25600K, 100% used [0x00000000eab00000,0x00000000ec400000,0x00000000ec400000)
  from space 4096K, 99% used [0x00000000ec800000,0x00000000ecbfe7b8,0x00000000ecc00000)
  to   space 4096K, 0% used [0x00000000ec400000,0x00000000ec400000,0x00000000ec800000)
 ParOldGen       total 68608K, used 7027K [0x00000000c0000000, 0x00000000c4300000, 0x00000000eab00000)
  object space 68608K, 10% used [0x00000000c0000000,0x00000000c06dcee0,0x00000000c4300000)
 Metaspace       used 31051K, capacity 32865K, committed 33152K, reserved 1079296K
  class space    used 2963K, capacity 3619K, committed 3712K, reserved 1048576K
}
Event: 1.633 GC heap after
{Heap after GC invocations=6 (full 1):
 PSYoungGen      total 29184K, used 4095K [0x00000000eab00000, 0x00000000ed180000, 0x0000000100000000)
  eden space 25088K, 0% used [0x00000000eab00000,0x00000000eab00000,0x00000000ec380000)
  from space 4096K, 99% used [0x00000000ec400000,0x00000000ec7ffc58,0x00000000ec800000)
  to   space 7168K, 0% used [0x00000000eca80000,0x00000000eca80000,0x00000000ed180000)
 ParOldGen       total 68608K, used 9320K [0x00000000c0000000, 0x00000000c4300000, 0x00000000eab00000)
  object space 68608K, 13% used [0x00000000c0000000,0x00000000c091a268,0x00000000c4300000)
 Metaspace       used 31051K, capacity 32865K, committed 33152K, reserved 1079296K
  class space    used 2963K, capacity 3619K, committed 3712K, reserved 1048576K
}
Event: 1.691 GC heap before
{Heap before GC invocations=7 (full 1):
 PSYoungGen      total 29184K, used 29183K [0x00000000eab00000, 0x00000000ed180000, 0x0000000100000000)
  eden space 25088K, 100% used [0x00000000eab00000,0x00000000ec380000,0x00000000ec380000)
  from space 4096K, 99% used [0x00000000ec400000,0x00000000ec7ffc58,0x00000000ec800000)
  to   space 7168K, 0% used [0x00000000eca80000,0x00000000eca80000,0x00000000ed180000)
 ParOldGen       total 68608K, used 9320K [0x00000000c0000000, 0x00000000c4300000, 0x00000000eab00000)
  object space 68608K, 13% used [0x00000000c0000000,0x00000000c091a268,0x00000000c4300000)
 Metaspace       used 31138K, capacity 32961K, committed 33152K, reserved 1079296K
  class space    used 2967K, capacity 3651K, committed 3712K, reserved 1048576K
}
Event: 1.695 GC heap after
{Heap after GC invocations=7 (full 1):
 PSYoungGen      total 31232K, used 6588K [0x00000000eab00000, 0x00000000ed100000, 0x0000000100000000)
  eden space 24576K, 0% used [0x00000000eab00000,0x00000000eab00000,0x00000000ec300000)
  from space 6656K, 98% used [0x00000000eca80000,0x00000000ed0ef020,0x00000000ed100000)
  to   space 7168K, 0% used [0x00000000ec300000,0x00000000ec300000,0x00000000eca00000)
 ParOldGen       total 68608K, used 9320K [0x00000000c0000000, 0x00000000c4300000, 0x00000000eab00000)
  object space 68608K, 13% used [0x00000000c0000000,0x00000000c091a268,0x00000000c4300000)
 Metaspace       used 31138K, capacity 32961K, committed 33152K, reserved 1079296K
  class space    used 2967K, capacity 3651K, committed 3712K, reserved 1048576K
}
Event: 1.745 GC heap before
{Heap before GC invocations=8 (full 1):
 PSYoungGen      total 31232K, used 31164K [0x00000000eab00000, 0x00000000ed100000, 0x0000000100000000)
  eden space 24576K, 100% used [0x00000000eab00000,0x00000000ec300000,0x00000000ec300000)
  from space 6656K, 98% used [0x00000000eca80000,0x00000000ed0ef020,0x00000000ed100000)
  to   space 7168K, 0% used [0x00000000ec300000,0x00000000ec300000,0x00000000eca00000)
 ParOldGen       total 68608K, used 9320K [0x00000000c0000000, 0x00000000c4300000, 0x00000000eab00000)
  object space 68608K, 13% used [0x00000000c0000000,0x00000000c091a268,0x00000000c4300000)
 Metaspace       used 31158K, capacity 33025K, committed 33152K, reserved 1079296K
  class space    used 2970K, capacity 3651K, committed 3712K, reserved 1048576K
}
Event: 1.750 GC heap after
{Heap after GC invocations=8 (full 1):
 PSYoungGen      total 31232K, used 7147K [0x00000000eab00000, 0x00000000ed580000, 0x0000000100000000)
  eden space 24064K, 0% used [0x00000000eab00000,0x00000000eab00000,0x00000000ec280000)
  from space 7168K, 99% used [0x00000000ec300000,0x00000000ec9faf28,0x00000000eca00000)
  to   space 9728K, 0% used [0x00000000ecc00000,0x00000000ecc00000,0x00000000ed580000)
 ParOldGen       total 68608K, used 11418K [0x00000000c0000000, 0x00000000c4300000, 0x00000000eab00000)
  object space 68608K, 16% used [0x00000000c0000000,0x00000000c0b26948,0x00000000c4300000)
 Metaspace       used 31158K, capacity 33025K, committed 33152K, reserved 1079296K
  class space    used 2970K, capacity 3651K, committed 3712K, reserved 1048576K
}
Event: 1.793 GC heap before
{Heap before GC invocations=9 (full 1):
 PSYoungGen      total 31232K, used 31211K [0x00000000eab00000, 0x00000000ed580000, 0x0000000100000000)
  eden space 24064K, 99% used [0x00000000eab00000,0x00000000ec27ffe8,0x00000000ec280000)
  from space 7168K, 99% used [0x00000000ec300000,0x00000000ec9faf28,0x00000000eca00000)
  to   space 9728K, 0% used [0x00000000ecc00000,0x00000000ecc00000,0x00000000ed580000)
 ParOldGen       total 68608K, used 11418K [0x00000000c0000000, 0x00000000c4300000, 0x00000000eab00000)
  object space 68608K, 16% used [0x00000000c0000000,0x00000000c0b26948,0x00000000c4300000)
 Metaspace       used 31158K, capacity 33025K, committed 33152K, reserved 1079296K
  class space    used 2970K, capacity 3651K, committed 3712K, reserved 1048576K
}
Event: 1.797 GC heap after
{Heap after GC invocations=9 (full 1):
 PSYoungGen      total 32256K, used 8256K [0x00000000eab00000, 0x00000000ed480000, 0x0000000100000000)
  eden space 23552K, 0% used [0x00000000eab00000,0x00000000eab00000,0x00000000ec200000)
  from space 8704K, 94% used [0x00000000ecc00000,0x00000000ed410020,0x00000000ed480000)
  to   space 8704K, 0% used [0x00000000ec380000,0x00000000ec380000,0x00000000ecc00000)
 ParOldGen       total 68608K, used 13034K [0x00000000c0000000, 0x00000000c4300000, 0x00000000eab00000)
  object space 68608K, 18% used [0x00000000c0000000,0x00000000c0cbaab0,0x00000000c4300000)
 Metaspace       used 31158K, capacity 33025K, committed 33152K, reserved 1079296K
  class space    used 2970K, capacity 3651K, committed 3712K, reserved 1048576K
}

Deoptimization events (20 events):
Event: 1.671 Thread 0x0000020147659800 Uncommon trap: trap_request=0xffffffbe fr.pc=0x0000020138f74fc8 relative=0x00000000000006e8
Event: 1.671 Thread 0x0000020147659800 Uncommon trap: reason=profile_predicate action=maybe_recompile pc=0x0000020138f74fc8 method=org.eclipse.jdt.internal.core.util.HashtableOfArrayToObject.getKey([Ljava/lang/Object;I)[Ljava/lang/Object; @ 61 c2
Event: 1.671 Thread 0x0000020147659800 DEOPT PACKING pc=0x0000020138f74fc8 sp=0x0000000686dfdde0
Event: 1.671 Thread 0x0000020147659800 DEOPT UNPACKING pc=0x00000201312985af sp=0x0000000686dfdd90 mode 2
Event: 1.705 Thread 0x0000020147659800 Uncommon trap: trap_request=0xffffffbe fr.pc=0x0000020138f7eae8 relative=0x0000000000000708
Event: 1.705 Thread 0x0000020147659800 Uncommon trap: reason=profile_predicate action=maybe_recompile pc=0x0000020138f7eae8 method=org.eclipse.jdt.internal.core.util.HashtableOfArrayToObject.get([Ljava/lang/Object;)Ljava/lang/Object; @ 64 c2
Event: 1.705 Thread 0x0000020147659800 DEOPT PACKING pc=0x0000020138f7eae8 sp=0x0000000686dfe210
Event: 1.705 Thread 0x0000020147659800 DEOPT UNPACKING pc=0x00000201312985af sp=0x0000000686dfe1c0 mode 2
Event: 1.706 Thread 0x0000020147659800 Uncommon trap: trap_request=0xffffffbe fr.pc=0x0000020138f7eae8 relative=0x0000000000000708
Event: 1.706 Thread 0x0000020147659800 Uncommon trap: reason=profile_predicate action=maybe_recompile pc=0x0000020138f7eae8 method=org.eclipse.jdt.internal.core.util.HashtableOfArrayToObject.get([Ljava/lang/Object;)Ljava/lang/Object; @ 64 c2
Event: 1.706 Thread 0x0000020147659800 DEOPT PACKING pc=0x0000020138f7eae8 sp=0x0000000686dfde40
Event: 1.706 Thread 0x0000020147659800 DEOPT UNPACKING pc=0x00000201312985af sp=0x0000000686dfdde0 mode 2
Event: 1.706 Thread 0x0000020147659800 Uncommon trap: trap_request=0xffffffbe fr.pc=0x0000020138f7eae8 relative=0x0000000000000708
Event: 1.706 Thread 0x0000020147659800 Uncommon trap: reason=profile_predicate action=maybe_recompile pc=0x0000020138f7eae8 method=org.eclipse.jdt.internal.core.util.HashtableOfArrayToObject.get([Ljava/lang/Object;)Ljava/lang/Object; @ 64 c2
Event: 1.706 Thread 0x0000020147659800 DEOPT PACKING pc=0x0000020138f7eae8 sp=0x0000000686dfe210
Event: 1.706 Thread 0x0000020147659800 DEOPT UNPACKING pc=0x00000201312985af sp=0x0000000686dfe1c0 mode 2
Event: 1.707 Thread 0x0000020147659800 Uncommon trap: trap_request=0xffffffbe fr.pc=0x0000020138f7eae8 relative=0x0000000000000708
Event: 1.707 Thread 0x0000020147659800 Uncommon trap: reason=profile_predicate action=maybe_recompile pc=0x0000020138f7eae8 method=org.eclipse.jdt.internal.core.util.HashtableOfArrayToObject.get([Ljava/lang/Object;)Ljava/lang/Object; @ 64 c2
Event: 1.707 Thread 0x0000020147659800 DEOPT PACKING pc=0x0000020138f7eae8 sp=0x0000000686dfde40
Event: 1.707 Thread 0x0000020147659800 DEOPT UNPACKING pc=0x00000201312985af sp=0x0000000686dfdde0 mode 2

Classes redefined (0 events):
No events

Internal exceptions (20 events):
Event: 0.434 Thread 0x0000020146b0e800 Exception <a 'java/lang/NoSuchMethodError'{0x00000000eaea8980}: 'java.lang.Object java.lang.invoke.DirectMethodHandle$Holder.invokeSpecial(java.lang.Object, java.lang.Object, int, int, java.lang.Object, java.lang.Object, java.lang.Object)'> (0x00000000eaea8980) thrown at [./src/hotspot/share/interpreter/linkResolver.cpp, line 773]
Event: 0.434 Thread 0x0000020146b0e800 Exception <a 'java/lang/NoSuchMethodError'{0x00000000eaeac1b8}: 'java.lang.Object java.lang.invoke.DelegatingMethodHandle$Holder.reinvoke_L(java.lang.Object, int, int, java.lang.Object, java.lang.Object, java.lang.Object)'> (0x00000000eaeac1b8) thrown at [./src/hotspot/share/interpreter/linkResolver.cpp, line 773]
Event: 0.434 Thread 0x0000020146b0e800 Exception <a 'java/lang/NoSuchMethodError'{0x00000000eaeb0538}: 'java.lang.Object java.lang.invoke.DirectMethodHandle$Holder.invokeStatic(java.lang.Object, java.lang.Object, java.lang.Object, java.lang.Object, int)'> (0x00000000eaeb0538) thrown at [./src/hotspot/share/interpreter/linkResolver.cpp, line 773]
Event: 0.487 Thread 0x0000020146b0e800 Exception <a 'java/io/FileNotFoundException'{0x00000000eb1cfa60}> (0x00000000eb1cfa60) thrown at [./src/hotspot/share/prims/jni.cpp, line 615]
Event: 0.559 Thread 0x0000020146b0e800 Exception <a 'java/io/FileNotFoundException'{0x00000000eb6f0040}> (0x00000000eb6f0040) thrown at [./src/hotspot/share/prims/jni.cpp, line 615]
Event: 0.604 Thread 0x0000020146b0e800 Exception <a 'java/lang/NoSuchMethodError'{0x00000000eb9ffe08}: 'int java.lang.invoke.DirectMethodHandle$Holder.invokeStaticInit(java.lang.Object, java.lang.Object, java.lang.Object)'> (0x00000000eb9ffe08) thrown at [./src/hotspot/share/interpreter/linkResolver.cpp, line 773]
Event: 0.606 Thread 0x0000020146b0e800 Exception <a 'java/lang/IncompatibleClassChangeError'{0x00000000eba37618}: Found class java.lang.Object, but interface was expected> (0x00000000eba37618) thrown at [./src/hotspot/share/interpreter/linkResolver.cpp, line 839]
Event: 0.703 Thread 0x0000020146b0e800 Exception <a 'java/lang/ClassNotFoundException'{0x00000000eba79ab0}: com/sun/org/apache/xerces/internal/impl/msg/spi/DOMMessagesProvider> (0x00000000eba79ab0) thrown at [./src/hotspot/share/classfile/systemDictionary.cpp, line 231]
Event: 0.704 Thread 0x0000020146b0e800 Implicit null exception at 0x0000020138edd889 to 0x0000020138ede5dc
Event: 0.705 Thread 0x0000020146b0e800 Exception <a 'java/lang/ClassNotFoundException'{0x00000000eba9b570}: com/sun/org/apache/xerces/internal/impl/msg/spi/XMLSerializerMessagesProvider> (0x00000000eba9b570) thrown at [./src/hotspot/share/classfile/systemDictionary.cpp, line 231]
Event: 0.706 Thread 0x0000020146b0e800 Exception <a 'java/lang/ClassNotFoundException'{0x00000000ebab1538}: com/sun/org/apache/xerces/internal/impl/msg/spi/XMLMessagesProvider> (0x00000000ebab1538) thrown at [./src/hotspot/share/classfile/systemDictionary.cpp, line 231]
Event: 1.258 Thread 0x0000020146b0e800 Exception <a 'java/lang/ClassNotFoundException'{0x00000000ebd818b0}: com/sun/org/apache/xml/internal/serializer/spi/XMLEntitiesProvider> (0x00000000ebd818b0) thrown at [./src/hotspot/share/classfile/systemDictionary.cpp, line 231]
Event: 1.306 Thread 0x0000020146b0e800 Exception <a 'java/io/FileNotFoundException'{0x00000000ebffcb08}> (0x00000000ebffcb08) thrown at [./src/hotspot/share/prims/jni.cpp, line 615]
Event: 1.311 Thread 0x0000020146b0e800 Exception <a 'java/io/FileNotFoundException'{0x00000000ec02d538}> (0x00000000ec02d538) thrown at [./src/hotspot/share/prims/jni.cpp, line 615]
Event: 1.315 Thread 0x0000020146b0e800 Exception <a 'java/io/FileNotFoundException'{0x00000000ec0636c8}> (0x00000000ec0636c8) thrown at [./src/hotspot/share/prims/jni.cpp, line 615]
Event: 1.336 Thread 0x0000020128b6c000 Exception <a 'java/lang/NoSuchMethodError'{0x00000000ec17ce98}: 'void java.lang.invoke.DirectMethodHandle$Holder.invokeStatic(java.lang.Object, java.lang.Object, java.lang.Object, java.lang.Object)'> (0x00000000ec17ce98) thrown at [./src/hotspot/share/interpreter/linkResolver.cpp, line 773]
Event: 1.432 Thread 0x00000201478d9800 Exception <a 'java/io/FileNotFoundException'{0x00000000eae2f3b8}> (0x00000000eae2f3b8) thrown at [./src/hotspot/share/prims/jni.cpp, line 615]
Event: 1.568 Thread 0x0000020147659800 Exception <a 'java/io/FileNotFoundException'{0x00000000ec2f8d78}> (0x00000000ec2f8d78) thrown at [./src/hotspot/share/prims/jni.cpp, line 615]
Event: 1.568 Thread 0x0000020147659800 Exception <a 'java/io/FileNotFoundException'{0x00000000ec2fb398}> (0x00000000ec2fb398) thrown at [./src/hotspot/share/prims/jni.cpp, line 615]
Event: 1.569 Thread 0x0000020147659800 Exception <a 'java/lang/NoSuchMethodError'{0x00000000ec304880}: 'void java.lang.invoke.DirectMethodHandle$Holder.invokeStaticInit(java.lang.Object, java.lang.Object, java.lang.Object)'> (0x00000000ec304880) thrown at [./src/hotspot/share/interpreter/linkResolver.cpp, line 773]

Events (20 events):
Event: 1.572 Executing VM operation: ParallelGCFailedAllocation
Event: 1.574 Executing VM operation: ParallelGCFailedAllocation done
Event: 1.574 Executing VM operation: RevokeBias
Event: 1.574 Executing VM operation: RevokeBias done
Event: 1.574 Executing VM operation: RevokeBias
Event: 1.574 Executing VM operation: RevokeBias done
Event: 1.580 Executing VM operation: RevokeBias
Event: 1.580 Executing VM operation: RevokeBias done
Event: 1.580 Thread 0x0000020152943800 Thread added: 0x0000020152943800
Event: 1.584 Thread 0x0000020152ad3800 Thread added: 0x0000020152ad3800
Event: 1.596 Thread 0x0000020152b46800 Thread added: 0x0000020152b46800
Event: 1.596 Thread 0x0000020152a2f000 Thread added: 0x0000020152a2f000
Event: 1.630 Executing VM operation: ParallelGCFailedAllocation
Event: 1.633 Executing VM operation: ParallelGCFailedAllocation done
Event: 1.691 Executing VM operation: ParallelGCFailedAllocation
Event: 1.695 Executing VM operation: ParallelGCFailedAllocation done
Event: 1.745 Executing VM operation: ParallelGCFailedAllocation
Event: 1.750 Executing VM operation: ParallelGCFailedAllocation done
Event: 1.793 Executing VM operation: ParallelGCFailedAllocation
Event: 1.797 Executing VM operation: ParallelGCFailedAllocation done


Dynamic libraries:
0x00007ff730700000 - 0x00007ff73070d000 	F:\java-11\bin\java.exe
0x00007ffb265f0000 - 0x00007ffb267e5000 	C:\WINDOWS\SYSTEM32\ntdll.dll
0x00007ffb26080000 - 0x00007ffb2613d000 	C:\WINDOWS\System32\KERNEL32.DLL
0x00007ffb24270000 - 0x00007ffb24539000 	C:\WINDOWS\System32\KERNELBASE.dll
0x00007ffb23f60000 - 0x00007ffb24060000 	C:\WINDOWS\System32\ucrtbase.dll
0x00007ffb07770000 - 0x00007ffb07787000 	F:\java-11\bin\jli.dll
0x00007ffb07730000 - 0x00007ffb07745000 	F:\java-11\bin\VCRUNTIME140.dll
0x00007ffb25e70000 - 0x00007ffb26010000 	C:\WINDOWS\System32\USER32.dll
0x00007ffb24090000 - 0x00007ffb240b2000 	C:\WINDOWS\System32\win32u.dll
0x00007ffb16a20000 - 0x00007ffb16cba000 	C:\WINDOWS\WinSxS\amd64_microsoft.windows.common-controls_6595b64144ccf1df_6.0.19041.1110_none_60b5254171f9507e\COMCTL32.dll
0x00007ffb24b20000 - 0x00007ffb24b4a000 	C:\WINDOWS\System32\GDI32.dll
0x00007ffb24b70000 - 0x00007ffb24c0e000 	C:\WINDOWS\System32\msvcrt.dll
0x00007ffb240c0000 - 0x00007ffb241cb000 	C:\WINDOWS\System32\gdi32full.dll
0x00007ffb241d0000 - 0x00007ffb2426d000 	C:\WINDOWS\System32\msvcp_win.dll
0x00007ffb24c10000 - 0x00007ffb24c40000 	C:\WINDOWS\System32\IMM32.DLL
0x00007ffacad10000 - 0x00007ffacadab000 	F:\java-11\bin\msvcp140.dll
0x00007ff99eca0000 - 0x00007ff99f7f9000 	F:\java-11\bin\server\jvm.dll
0x00007ffb26140000 - 0x00007ffb261ec000 	C:\WINDOWS\System32\ADVAPI32.dll
0x00007ffb24830000 - 0x00007ffb248cb000 	C:\WINDOWS\System32\sechost.dll
0x00007ffb24e80000 - 0x00007ffb24faa000 	C:\WINDOWS\System32\RPCRT4.dll
0x00007ffb26070000 - 0x00007ffb26078000 	C:\WINDOWS\System32\PSAPI.DLL
0x00007ffb15ea0000 - 0x00007ffb15ea9000 	C:\WINDOWS\SYSTEM32\WSOCK32.dll
0x00007ffb19e90000 - 0x00007ffb19eb7000 	C:\WINDOWS\SYSTEM32\WINMM.dll
0x00007ffb1e290000 - 0x00007ffb1e29a000 	C:\WINDOWS\SYSTEM32\VERSION.dll
0x00007ffb25430000 - 0x00007ffb2549b000 	C:\WINDOWS\System32\WS2_32.dll
0x00007ffb21c50000 - 0x00007ffb21c62000 	C:\WINDOWS\SYSTEM32\kernel.appcore.dll
0x00007ffb0d250000 - 0x00007ffb0d260000 	F:\java-11\bin\verify.dll
0x00007ffb09590000 - 0x00007ffb09774000 	C:\WINDOWS\SYSTEM32\DBGHELP.DLL
0x00007ffb07f60000 - 0x00007ffb07f8c000 	C:\WINDOWS\SYSTEM32\dbgcore.DLL
0x00007ffb23ed0000 - 0x00007ffb23f53000 	C:\WINDOWS\System32\bcryptPrimitives.dll
0x00007ffb00e10000 - 0x00007ffb00e38000 	F:\java-11\bin\java.dll
0x00007ffb09ec0000 - 0x00007ffb09eca000 	F:\java-11\bin\jimage.dll
0x00007ffb00de0000 - 0x00007ffb00df7000 	F:\java-11\bin\zip.dll
0x00007ffb25580000 - 0x00007ffb25cbf000 	C:\WINDOWS\System32\SHELL32.dll
0x00007ffb21e50000 - 0x00007ffb225e0000 	C:\WINDOWS\SYSTEM32\windows.storage.dll
0x00007ffb261f0000 - 0x00007ffb26545000 	C:\WINDOWS\System32\combase.dll
0x00007ffb23780000 - 0x00007ffb237ac000 	C:\WINDOWS\SYSTEM32\Wldp.dll
0x00007ffb24d30000 - 0x00007ffb24dde000 	C:\WINDOWS\System32\SHCORE.dll
0x00007ffb26010000 - 0x00007ffb26065000 	C:\WINDOWS\System32\shlwapi.dll
0x00007ffb23c60000 - 0x00007ffb23c7f000 	C:\WINDOWS\SYSTEM32\profapi.dll
0x00007ffb007b0000 - 0x00007ffb007c9000 	F:\java-11\bin\net.dll
0x00007ffb1d610000 - 0x00007ffb1d718000 	C:\WINDOWS\SYSTEM32\WINHTTP.dll
0x00007ffb234e0000 - 0x00007ffb2354a000 	C:\WINDOWS\system32\mswsock.dll
0x00007ffafbcb0000 - 0x00007ffafbcc2000 	F:\java-11\bin\nio.dll
0x00007ffb236d0000 - 0x00007ffb236e8000 	C:\WINDOWS\SYSTEM32\CRYPTSP.dll
0x00007ffb22df0000 - 0x00007ffb22e24000 	C:\WINDOWS\system32\rsaenh.dll
0x00007ffb24060000 - 0x00007ffb24087000 	C:\WINDOWS\System32\bcrypt.dll
0x00007ffb23c20000 - 0x00007ffb23c4e000 	C:\WINDOWS\SYSTEM32\USERENV.dll
0x00007ffb236f0000 - 0x00007ffb236fc000 	C:\WINDOWS\SYSTEM32\CRYPTBASE.dll
0x00007ffb23180000 - 0x00007ffb231bb000 	C:\WINDOWS\SYSTEM32\IPHLPAPI.DLL
0x00007ffb24c40000 - 0x00007ffb24c48000 	C:\WINDOWS\System32\NSI.dll
0x00007ffb1e930000 - 0x00007ffb1e947000 	C:\WINDOWS\SYSTEM32\dhcpcsvc6.DLL
0x00007ffb1e910000 - 0x00007ffb1e92d000 	C:\WINDOWS\SYSTEM32\dhcpcsvc.DLL
0x00007ffb231c0000 - 0x00007ffb2328c000 	C:\WINDOWS\SYSTEM32\DNSAPI.dll
0x00007ffaf8ea0000 - 0x00007ffaf8ede000 	C:\Users\陆振亚\AppData\Roaming\Code\User\globalStorage\redhat.java\0.80.0\config_ss_win\org.eclipse.equinox.launcher\org.eclipse.equinox.launcher.win32.win32.x86_64_1.2.300.v20210617-0451\eclipse_11502.dll
0x00007ffafae20000 - 0x00007ffafae31000 	C:\Users\陆振亚\AppData\Roaming\Code\User\globalStorage\redhat.java\0.80.0\config_ss_win\org.eclipse.osgi\16\0\.cp\jWinHttp-1.0.0.dll
0x00007ffb248d0000 - 0x00007ffb249fa000 	C:\WINDOWS\System32\ole32.dll

dbghelp: loaded successfully - version: 4.0.5 - missing functions: none
symbol engine: initialized successfully - sym options: 0x614 - pdb path: .;F:\java-11\bin;C:\WINDOWS\SYSTEM32;C:\WINDOWS\WinSxS\amd64_microsoft.windows.common-controls_6595b64144ccf1df_6.0.19041.1110_none_60b5254171f9507e;F:\java-11\bin\server;C:\Users\陆振亚\AppData\Roaming\Code\User\globalStorage\redhat.java\0.80.0\config_ss_win\org.eclipse.equinox.launcher\org.eclipse.equinox.launcher.win32.win32.x86_64_1.2.300.v20210617-0;C:\Users\陆振亚\AppData\Roaming\Code\User\globalStorage\redhat.java\0.80.0\config_ss_win\org.eclipse.equinox.launcher\org.eclipse.equinox.launcher.win32.win32.x86_64_1.2.300.v20210617-0451;C:\Users\陆振亚\AppData\Roaming\Code\User\globalStorage\redhat.java\0.80.0\config_ss_win\org.eclipse.osgi

VM Arguments:
jvm_args: --add-modules=ALL-SYSTEM --add-opens=java.base/java.util=ALL-UNNAMED --add-opens=java.base/java.lang=ALL-UNNAMED -Declipse.application=org.eclipse.jdt.ls.core.id1 -Dosgi.bundles.defaultStartLevel=4 -Declipse.product=org.eclipse.jdt.ls.core.product -Dfile.encoding=utf8 -DwatchParentProcess=false -XX:+UseParallelGC -XX:GCTimeRatio=4 -XX:AdaptiveSizePolicyWeight=90 -Dsun.zip.disableMemoryMapping=true -Xmx1G -Xms100m -Xverify:none 
java_command: c:\Users\陆振亚\.vscode\extensions\redhat.java-0.80.0\server\plugins\org.eclipse.equinox.launcher_1.6.200.v20210416-2027.jar -configuration c:\Users\陆振亚\AppData\Roaming\Code\User\globalStorage\redhat.java\0.80.0\config_ss_win -data c:\Users\陆振亚\AppData\Roaming\Code\User\workspaceStorage\f0c8ae5bb4345b319847acd4976223bd\redhat.java\ss_ws
java_class_path (initial): c:\Users\陆振亚\.vscode\extensions\redhat.java-0.80.0\server\plugins\org.eclipse.equinox.launcher_1.6.200.v20210416-2027.jar
Launcher Type: SUN_STANDARD

[Global flags]
    uintx AdaptiveSizePolicyWeight                 = 90                                        {product} {command line}
     bool BytecodeVerificationLocal                = false                                     {product} {command line}
     bool BytecodeVerificationRemote               = false                                     {product} {command line}
     intx CICompilerCount                          = 12                                        {product} {ergonomic}
    uintx GCTimeRatio                              = 4                                         {product} {command line}
   size_t InitialHeapSize                          = 104857600                                 {product} {command line}
   size_t MaxHeapSize                              = 1073741824                                {product} {command line}
   size_t MaxNewSize                               = 357564416                                 {product} {ergonomic}
   size_t MinHeapDeltaBytes                        = 524288                                    {product} {ergonomic}
   size_t NewSize                                  = 34603008                                  {product} {ergonomic}
    uintx NonNMethodCodeHeapSize                   = 7594288                                {pd product} {ergonomic}
    uintx NonProfiledCodeHeapSize                  = 122031976                              {pd product} {ergonomic}
   size_t OldSize                                  = 70254592                                  {product} {ergonomic}
    uintx ProfiledCodeHeapSize                     = 122031976                              {pd product} {ergonomic}
    uintx ReservedCodeCacheSize                    = 251658240                              {pd product} {ergonomic}
     bool SegmentedCodeCache                       = true                                      {product} {ergonomic}
     bool UseCompressedClassPointers               = true                                 {lp64_product} {ergonomic}
     bool UseCompressedOops                        = true                                 {lp64_product} {ergonomic}
     bool UseLargePagesIndividualAllocation        = false                                  {pd product} {ergonomic}
     bool UseParallelGC                            = true                                      {product} {command line}

Logging:
Log output configuration:
 #0: stdout all=warning uptime,level,tags
 #1: stderr all=off uptime,level,tags

Environment Variables:
JAVA_HOME=F:\java-11
CLASSPATH=;F:\java-11\lib;F:\java-11\lib\tools.jar;
PATH=F:\java-11\bin;C:\Program Files\NVIDIA GPU Computing Toolkit\CUDA\v11.1\bin;C:\Program Files\NVIDIA GPU Computing Toolkit\CUDA\v11.1\libnvvp;C:\WINDOWS\system32;C:\WINDOWS;C:\WINDOWS\System32\Wbem;C:\WINDOWS\System32\WindowsPowerShell\v1.0\;C:\WINDOWS\System32\OpenSSH\;C:\Program Files (x86)\NVIDIA Corporation\PhysX\Common;D:\texlive\2021\bin\win32;D:\Git\cmd;C:\Program Files\NVIDIA Corporation\NVIDIA NvDLISR;C:\Program Files\NVIDIA Corporation\Nsight Compute 2020.2.1\;F:\;F:\java-11\bin;C:\Users\陆振亚\AppData\Local\Microsoft\WindowsApps;C:\Users\陆振亚\AppData\Local\Programs\Microsoft VS Code\bin;C:\Users\陆振亚\AppData\Roaming\npm;F:\java-11\bin;F:\java-11\jre\bin;
USERNAME=陆振亚
OS=Windows_NT
PROCESSOR_IDENTIFIER=Intel64 Family 6 Model 167 Stepping 1, GenuineIntel



---------------  S Y S T E M  ---------------

OS: Windows 10 , 64 bit Build 19041 (10.0.19041.1151)
OS uptime: 1 days 1:24 hours

CPU:total 16 (initial active 16) (8 cores per cpu, 2 threads per core) family 6 model 167 stepping 1 microcode 0x3c, cmov, cx8, fxsr, mmx, sse, sse2, sse3, ssse3, sse4.1, sse4.2, popcnt, avx, avx2, aes, clmul, erms, 3dnowpref, lzcnt, ht, tsc, tscinvbit, bmi1, bmi2, adx, evex, sha, fma

Memory: 4k page, system-wide physical 16254M (3497M free)
TotalPageFile size 54654M (AvailPageFile size 12M)
current process WorkingSet (physical memory assigned to process): 214M, peak: 225M
current process commit charge ("private bytes"): 341M, peak: 352M

vm_info: OpenJDK 64-Bit Server VM (11.0.12+7) for windows-amd64 JRE (11.0.12+7), built on Jul 21 2021 16:23:49 by "" with unknown MS VC++:1916

END.
