#
# There is insufficient memory for the Java Runtime Environment to continue.
# Native memory allocation (malloc) failed to allocate 274256 bytes for Chunk::new
# Possible reasons:
#   The system is out of physical RAM or swap space
#   The process is running with CompressedOops enabled, and the Java Heap may be blocking the growth of the native heap
# Possible solutions:
#   Reduce memory load on the system
#   Increase physical memory or swap space
#   Check if swap backing store is full
#   Decrease Java heap size (-Xmx/-Xms)
#   Decrease number of Java threads
#   Decrease Java thread stack sizes (-Xss)
#   Set larger code cache with -XX:ReservedCodeCacheSize=
#   JVM is running with Unscaled Compressed Oops mode in which the Java heap is
#     placed in the first 4GB address space. The Java Heap base address is the
#     maximum limit for the native heap growth. Please use -XX:HeapBaseMinAddress
#     to set the Java Heap base and to place the Java Heap above 4GB virtual address.
# This output file may be truncated or incomplete.
#
#  Out of Memory Error (./src/hotspot/share/memory/arena.cpp:197), pid=19740, tid=15268
#
# JRE version: OpenJDK Runtime Environment Temurin-11.0.12+7 (11.0.12+7) (build 11.0.12+7)
# Java VM: OpenJDK 64-Bit Server VM Temurin-11.0.12+7 (11.0.12+7, mixed mode, tiered, compressed oops, parallel gc, windows-amd64)
# No core dump will be written. Minidumps are not enabled by default on client versions of Windows
#

---------------  S U M M A R Y ------------

Command Line: --add-modules=ALL-SYSTEM --add-opens=java.base/java.util=ALL-UNNAMED --add-opens=java.base/java.lang=ALL-UNNAMED -Declipse.application=org.eclipse.jdt.ls.core.id1 -Dosgi.bundles.defaultStartLevel=4 -Declipse.product=org.eclipse.jdt.ls.core.product -Dfile.encoding=utf8 -DwatchParentProcess=false -XX:+UseParallelGC -XX:GCTimeRatio=4 -XX:AdaptiveSizePolicyWeight=90 -Dsun.zip.disableMemoryMapping=true -Xmx1G -Xms100m -Xverify:none c:\Users\陆振亚\.vscode\extensions\redhat.java-0.80.0\server\plugins\org.eclipse.equinox.launcher_1.6.200.v20210416-2027.jar -configuration c:\Users\陆振亚\AppData\Roaming\Code\User\globalStorage\redhat.java\0.80.0\config_ss_win -data c:\Users\陆振亚\AppData\Roaming\Code\User\workspaceStorage\f0c8ae5bb4345b319847acd4976223bd\redhat.java\ss_ws

Host: 11th Gen Intel(R) Core(TM) i7-11700K @ 3.60GHz, 16 cores, 15G,  Windows 10 , 64 bit Build 19041 (10.0.19041.1151)
Time: Sat Aug 14 11:41:30 2021 中国标准时间 elapsed time: 0.651392 seconds (0d 0h 0m 0s)

---------------  T H R E A D  ---------------

Current thread (0x000001d8e29c8800):  JavaThread "C2 CompilerThread3" daemon [_thread_in_native, id=15268, stack(0x0000006d4c500000,0x0000006d4c600000)]


Current CompileTask:
C2:    651 1943       4       java.util.Properties::loadConvert (524 bytes)

Stack: [0x0000006d4c500000,0x0000006d4c600000]
Native frames: (J=compiled Java code, j=interpreted, Vv=VM code, C=native code)
V  [jvm.dll+0x601d0a]
V  [jvm.dll+0x78ab6e]
V  [jvm.dll+0x78c23f]
V  [jvm.dll+0x78c903]
V  [jvm.dll+0x24be68]
V  [jvm.dll+0xc219c]
V  [jvm.dll+0xc275c]
V  [jvm.dll+0x354857]
V  [jvm.dll+0x321f63]
V  [jvm.dll+0x32129a]
V  [jvm.dll+0x205515]
V  [jvm.dll+0x2046fd]
V  [jvm.dll+0x1898fc]
V  [jvm.dll+0x213d67]
V  [jvm.dll+0x211f2b]
V  [jvm.dll+0x74ec19]
V  [jvm.dll+0x747c84]
V  [jvm.dll+0x600ba6]
C  [ucrtbase.dll+0x21bb2]
C  [KERNEL32.DLL+0x17034]
C  [ntdll.dll+0x52651]


---------------  P R O C E S S  ---------------

Threads class SMR info:
_java_thread_list=0x000001d8e333ab90, length=22, elements={
0x000001d8c51db800, 0x000001d8df2cc800, 0x000001d8df2d8800, 0x000001d8e0444800,
0x000001d8e0445000, 0x000001d8e0446800, 0x000001d8e0447800, 0x000001d8e044d000,
0x000001d8df2f9000, 0x000001d8e05ae000, 0x000001d8e05b9000, 0x000001d8e05bc800,
0x000001d8e0635800, 0x000001d8e26f4800, 0x000001d8e29c8800, 0x000001d8e3069000,
0x000001d8e305b000, 0x000001d8e3044800, 0x000001d8e2a3d800, 0x000001d8e2f98000,
0x000001d8e2e7e800, 0x000001d8e2e2a800
}

Java Threads: ( => current thread )
  0x000001d8c51db800 JavaThread "main" [_thread_blocked, id=15204, stack(0x0000006d4b400000,0x0000006d4b500000)]
  0x000001d8df2cc800 JavaThread "Reference Handler" daemon [_thread_blocked, id=1112, stack(0x0000006d4b700000,0x0000006d4b800000)]
  0x000001d8df2d8800 JavaThread "Finalizer" daemon [_thread_blocked, id=9300, stack(0x0000006d4b800000,0x0000006d4b900000)]
  0x000001d8e0444800 JavaThread "Signal Dispatcher" daemon [_thread_blocked, id=10312, stack(0x0000006d4b900000,0x0000006d4ba00000)]
  0x000001d8e0445000 JavaThread "Attach Listener" daemon [_thread_blocked, id=10012, stack(0x0000006d4ba00000,0x0000006d4bb00000)]
  0x000001d8e0446800 JavaThread "Service Thread" daemon [_thread_blocked, id=1844, stack(0x0000006d4bb00000,0x0000006d4bc00000)]
  0x000001d8e0447800 JavaThread "C2 CompilerThread0" daemon [_thread_blocked, id=8372, stack(0x0000006d4bc00000,0x0000006d4bd00000)]
  0x000001d8e044d000 JavaThread "C1 CompilerThread0" daemon [_thread_blocked, id=15384, stack(0x0000006d4bd00000,0x0000006d4be00000)]
  0x000001d8df2f9000 JavaThread "Sweeper thread" daemon [_thread_blocked, id=15692, stack(0x0000006d4be00000,0x0000006d4bf00000)]
  0x000001d8e05ae000 JavaThread "Common-Cleaner" daemon [_thread_blocked, id=2712, stack(0x0000006d4bf00000,0x0000006d4c000000)]
  0x000001d8e05b9000 JavaThread "C1 CompilerThread1" daemon [_thread_in_vm, id=4228, stack(0x0000006d4c000000,0x0000006d4c100000)]
  0x000001d8e05bc800 JavaThread "C1 CompilerThread2" daemon [_thread_blocked, id=10520, stack(0x0000006d4c100000,0x0000006d4c200000)]
  0x000001d8e0635800 JavaThread "C2 CompilerThread1" daemon [_thread_blocked, id=4084, stack(0x0000006d4c200000,0x0000006d4c300000)]
  0x000001d8e26f4800 JavaThread "C2 CompilerThread2" daemon [_thread_blocked, id=8272, stack(0x0000006d4c400000,0x0000006d4c500000)]
=>0x000001d8e29c8800 JavaThread "C2 CompilerThread3" daemon [_thread_in_native, id=15268, stack(0x0000006d4c500000,0x0000006d4c600000)]
  0x000001d8e3069000 JavaThread "Active Thread: Equinox Container: 83c05c7f-e5be-482a-9a1a-47309e265eec" [_thread_blocked, id=1296, stack(0x0000006d4c600000,0x0000006d4c700000)]
  0x000001d8e305b000 JavaThread "Framework Event Dispatcher: Equinox Container: 83c05c7f-e5be-482a-9a1a-47309e265eec" daemon [_thread_blocked, id=12868, stack(0x0000006d4ca00000,0x0000006d4cb00000)]
  0x000001d8e3044800 JavaThread "Start Level: Equinox Container: 83c05c7f-e5be-482a-9a1a-47309e265eec" daemon [_thread_in_vm, id=15844, stack(0x0000006d4cb00000,0x0000006d4cc00000)]
  0x000001d8e2a3d800 JavaThread "SCR Component Actor" daemon [_thread_blocked, id=17928, stack(0x0000006d4cc00000,0x0000006d4cd00000)]
  0x000001d8e2f98000 JavaThread "Timer-0" daemon [_thread_blocked, id=1500, stack(0x0000006d4cd00000,0x0000006d4ce00000)]
  0x000001d8e2e7e800 JavaThread "C1 CompilerThread3" daemon [_thread_blocked, id=17668, stack(0x0000006d4ce00000,0x0000006d4cf00000)]
  0x000001d8e2e2a800 JavaThread "Worker-JM" [_thread_blocked, id=4852, stack(0x0000006d4cf00000,0x0000006d4d000000)]

Other Threads:
  0x000001d8e03f4800 VMThread "VM Thread" [stack: 0x0000006d4b600000,0x0000006d4b700000] [id=11548]
  0x000001d8e066a000 WatcherThread [stack: 0x0000006d4c300000,0x0000006d4c400000] [id=20308]
  0x000001d8c51f4000 GCTaskThread "ParGC Thread#0" [stack: 0x0000006d4b500000,0x0000006d4b600000] [id=3800]
  0x000001d8e2e0c000 GCTaskThread "ParGC Thread#1" [stack: 0x0000006d4c700000,0x0000006d4c800000] [id=16628]
  0x000001d8e3091000 GCTaskThread "ParGC Thread#2" [stack: 0x0000006d4c800000,0x0000006d4c900000] [id=19108]
  0x000001d8e3092000 GCTaskThread "ParGC Thread#3" [stack: 0x0000006d4c900000,0x0000006d4ca00000] [id=9408]

Threads with active compile tasks:
C2 CompilerThread3    663 1943       4       java.util.Properties::loadConvert (524 bytes)

VM state:not at safepoint (normal execution)

VM Mutex/Monitor currently owned by a thread:  ([mutex/lock_event])
[0x000001d8c51d7e80] SymbolTable_lock - owner thread: 0x0000000000000000

Heap address: 0x00000000c0000000, size: 1024 MB, Compressed Oops mode: 32-bit
Narrow klass base: 0x0000000000000000, Narrow klass shift: 3
Compressed class space size: 1073741824 Address: 0x0000000100000000

Heap:
 PSYoungGen      total 29696K, used 17180K [0x00000000eab00000, 0x00000000ecc00000, 0x0000000100000000)
  eden space 25600K, 51% used [0x00000000eab00000,0x00000000eb7ce040,0x00000000ec400000)
  from space 4096K, 99% used [0x00000000ec400000,0x00000000ec7f9338,0x00000000ec800000)
  to   space 4096K, 0% used [0x00000000ec800000,0x00000000ec800000,0x00000000ecc00000)
 ParOldGen       total 68608K, used 40K [0x00000000c0000000, 0x00000000c4300000, 0x00000000eab00000)
  object space 68608K, 0% used [0x00000000c0000000,0x00000000c000a000,0x00000000c4300000)
 Metaspace       used 19218K, capacity 20105K, committed 20352K, reserved 1069056K
  class space    used 1805K, capacity 2152K, committed 2176K, reserved 1048576K

Card table byte_map: [0x000001d8c4ba0000,0x000001d8c4db0000] _byte_map_base: 0x000001d8c45a0000

Marking Bits: (ParMarkBitMap*) 0x00007ffac573bcf0
 Begin Bits: [0x000001d8dc900000, 0x000001d8dd900000)
 End Bits:   [0x000001d8dd900000, 0x000001d8de900000)

Polling page: 0x000001d8c2f40000

Metaspace:

Usage:
  Non-class:     17.53 MB capacity,    17.00 MB ( 97%) used,   506.96 KB (  3%) free+waste,    33.44 KB ( <1%) overhead. 
      Class:      2.10 MB capacity,     1.76 MB ( 84%) used,   330.04 KB ( 15%) free+waste,    16.19 KB ( <1%) overhead. 
       Both:     19.63 MB capacity,    18.77 MB ( 96%) used,   837.00 KB (  4%) free+waste,    49.63 KB ( <1%) overhead. 

Virtual space:
  Non-class space:       20.00 MB reserved,      17.75 MB ( 89%) committed 
      Class space:        1.00 GB reserved,       2.13 MB ( <1%) committed 
             Both:        1.02 GB reserved,      19.88 MB (  2%) committed 

Chunk freelists:
   Non-Class:  31.00 KB
       Class:  24.00 KB
        Both:  55.00 KB

MaxMetaspaceSize: 17179869184.00 GB
CompressedClassSpaceSize: 1.00 GB
Initial GC threshold: 20.80 MB
Current GC threshold: 20.80 MB
CDS: off

CodeHeap 'non-profiled nmethods': size=119168Kb used=634Kb max_used=634Kb free=118534Kb
 bounds [0x000001d8d54a0000, 0x000001d8d5710000, 0x000001d8dc900000]
CodeHeap 'profiled nmethods': size=119168Kb used=4112Kb max_used=4112Kb free=115056Kb
 bounds [0x000001d8ce040000, 0x000001d8ce450000, 0x000001d8d54a0000]
CodeHeap 'non-nmethods': size=7424Kb used=2876Kb max_used=2890Kb free=4548Kb
 bounds [0x000001d8cd900000, 0x000001d8cdbe0000, 0x000001d8ce040000]
 total_blobs=2404 nmethods=1964 adapters=351
 compilation: enabled
              stopped_count=0, restarted_count=0
 full_count=0

Compilation events (20 events):
Event: 0.642 Thread 0x000001d8e05b9000 nmethod 1938 0x000001d8ce430e10 code [0x000001d8ce431000, 0x000001d8ce4314d8]
Event: 0.642 Thread 0x000001d8e29c8800 1943       4       java.util.Properties::loadConvert (524 bytes)
Event: 0.642 Thread 0x000001d8e05bc800 nmethod 1942 0x000001d8ce431690 code [0x000001d8ce431d20, 0x000001d8ce434858]
Event: 0.643 Thread 0x000001d8e2e7e800 1944       3       org.eclipse.osgi.internal.loader.classpath.ClasspathManager::findLocalClassImpl (139 bytes)
Event: 0.644 Thread 0x000001d8e2e7e800 nmethod 1944 0x000001d8ce435610 code [0x000001d8ce435860, 0x000001d8ce436198]
Event: 0.645 Thread 0x000001d8e044d000 1945       1       org.eclipse.osgi.internal.loader.sources.PackageSource::isNullSource (2 bytes)
Event: 0.645 Thread 0x000001d8e044d000 nmethod 1945 0x000001d8d553d590 code [0x000001d8d553d740, 0x000001d8d553d7f8]
Event: 0.645 Thread 0x000001d8e05b9000 1946       1       org.eclipse.osgi.container.ModuleRevision::getTypes (5 bytes)
Event: 0.645 Thread 0x000001d8e05b9000 nmethod 1946 0x000001d8d553d890 code [0x000001d8d553da40, 0x000001d8d553daf8]
Event: 0.647 Thread 0x000001d8e05bc800 1948       3       jdk.internal.org.objectweb.asm.AnnotationWriter::<init> (34 bytes)
Event: 0.647 Thread 0x000001d8e2e7e800 1949       3       jdk.internal.org.objectweb.asm.AnnotationVisitor::<init> (7 bytes)
Event: 0.648 Thread 0x000001d8e05bc800 nmethod 1948 0x000001d8ce436490 code [0x000001d8ce436660, 0x000001d8ce436888]
Event: 0.648 Thread 0x000001d8e044d000 1950       3       jdk.internal.org.objectweb.asm.AnnotationVisitor::<init> (35 bytes)
Event: 0.648 Thread 0x000001d8e05b9000 1952       3       sun.invoke.util.BytecodeDescriptor::unparseMethod (66 bytes)
Event: 0.648 Thread 0x000001d8e05bc800 1951       3       jdk.internal.org.objectweb.asm.AnnotationWriter::visitEnd (43 bytes)
Event: 0.648 Thread 0x000001d8e05bc800 nmethod 1951 0x000001d8ce436990 code [0x000001d8ce436b40, 0x000001d8ce436cd8]
Event: 0.648 Thread 0x000001d8e2e7e800 nmethod 1949 0x000001d8ce436e10 code [0x000001d8ce436fe0, 0x000001d8ce4372e8]
Event: 0.648 Thread 0x000001d8e044d000 nmethod 1950 0x000001d8ce437410 code [0x000001d8ce4375e0, 0x000001d8ce437888]
Event: 0.648 Thread 0x000001d8e05b9000 nmethod 1952 0x000001d8ce437990 code [0x000001d8ce437c00, 0x000001d8ce438468]
Event: 0.650 Thread 0x000001d8e0447800 1953       4       java.lang.String::<init> (74 bytes)

GC Heap History (2 events):
Event: 0.423 GC heap before
{Heap before GC invocations=1 (full 0):
 PSYoungGen      total 29696K, used 25600K [0x00000000eab00000, 0x00000000ecc00000, 0x0000000100000000)
  eden space 25600K, 100% used [0x00000000eab00000,0x00000000ec400000,0x00000000ec400000)
  from space 4096K, 0% used [0x00000000ec800000,0x00000000ec800000,0x00000000ecc00000)
  to   space 4096K, 0% used [0x00000000ec400000,0x00000000ec400000,0x00000000ec800000)
 ParOldGen       total 68608K, used 0K [0x00000000c0000000, 0x00000000c4300000, 0x00000000eab00000)
  object space 68608K, 0% used [0x00000000c0000000,0x00000000c0000000,0x00000000c4300000)
 Metaspace       used 13189K, capacity 13410K, committed 13568K, reserved 1060864K
  class space    used 1197K, capacity 1256K, committed 1280K, reserved 1048576K
}
Event: 0.426 GC heap after
{Heap after GC invocations=1 (full 0):
 PSYoungGen      total 29696K, used 4068K [0x00000000eab00000, 0x00000000ecc00000, 0x0000000100000000)
  eden space 25600K, 0% used [0x00000000eab00000,0x00000000eab00000,0x00000000ec400000)
  from space 4096K, 99% used [0x00000000ec400000,0x00000000ec7f9338,0x00000000ec800000)
  to   space 4096K, 0% used [0x00000000ec800000,0x00000000ec800000,0x00000000ecc00000)
 ParOldGen       total 68608K, used 40K [0x00000000c0000000, 0x00000000c4300000, 0x00000000eab00000)
  object space 68608K, 0% used [0x00000000c0000000,0x00000000c000a000,0x00000000c4300000)
 Metaspace       used 13189K, capacity 13410K, committed 13568K, reserved 1060864K
  class space    used 1197K, capacity 1256K, committed 1280K, reserved 1048576K
}

Deoptimization events (20 events):
Event: 0.574 Thread 0x000001d8e3044800 Uncommon trap: trap_request=0xffffff4d fr.pc=0x000001d8d552c1ec relative=0x000000000000134c
Event: 0.574 Thread 0x000001d8e3044800 Uncommon trap: reason=unstable_if action=reinterpret pc=0x000001d8d552c1ec method=java.io.WinNTFileSystem.normalize(Ljava/lang/String;II)Ljava/lang/String; @ 100 c2
Event: 0.574 Thread 0x000001d8e3044800 DEOPT PACKING pc=0x000001d8d552c1ec sp=0x0000006d4cbf99c0
Event: 0.574 Thread 0x000001d8e3044800 DEOPT UNPACKING pc=0x000001d8cd9085af sp=0x0000006d4cbf9910 mode 2
Event: 0.600 Thread 0x000001d8e3044800 Uncommon trap: trap_request=0xffffffc6 fr.pc=0x000001d8d5529764 relative=0x0000000000000c84
Event: 0.600 Thread 0x000001d8e3044800 Uncommon trap: reason=bimorphic_or_optimized_type_check action=maybe_recompile pc=0x000001d8d5529764 method=java.io.DataInputStream.readInt()I @ 4 c2
Event: 0.600 Thread 0x000001d8e3044800 DEOPT PACKING pc=0x000001d8d5529764 sp=0x0000006d4cbf9970
Event: 0.600 Thread 0x000001d8e3044800 DEOPT UNPACKING pc=0x000001d8cd9085af sp=0x0000006d4cbf9930 mode 2
Event: 0.600 Thread 0x000001d8e3044800 Uncommon trap: trap_request=0xffffffc6 fr.pc=0x000001d8d5529764 relative=0x0000000000000c84
Event: 0.600 Thread 0x000001d8e3044800 Uncommon trap: reason=bimorphic_or_optimized_type_check action=maybe_recompile pc=0x000001d8d5529764 method=java.io.DataInputStream.readInt()I @ 4 c2
Event: 0.600 Thread 0x000001d8e3044800 DEOPT PACKING pc=0x000001d8d5529764 sp=0x0000006d4cbf9900
Event: 0.600 Thread 0x000001d8e3044800 DEOPT UNPACKING pc=0x000001d8cd9085af sp=0x0000006d4cbf98c0 mode 2
Event: 0.600 Thread 0x000001d8e3044800 Uncommon trap: trap_request=0xffffffc6 fr.pc=0x000001d8d5529764 relative=0x0000000000000c84
Event: 0.600 Thread 0x000001d8e3044800 Uncommon trap: reason=bimorphic_or_optimized_type_check action=maybe_recompile pc=0x000001d8d5529764 method=java.io.DataInputStream.readInt()I @ 4 c2
Event: 0.600 Thread 0x000001d8e3044800 DEOPT PACKING pc=0x000001d8d5529764 sp=0x0000006d4cbf9970
Event: 0.600 Thread 0x000001d8e3044800 DEOPT UNPACKING pc=0x000001d8cd9085af sp=0x0000006d4cbf9930 mode 2
Event: 0.600 Thread 0x000001d8e3044800 Uncommon trap: trap_request=0xffffffc6 fr.pc=0x000001d8d5529764 relative=0x0000000000000c84
Event: 0.600 Thread 0x000001d8e3044800 Uncommon trap: reason=bimorphic_or_optimized_type_check action=maybe_recompile pc=0x000001d8d5529764 method=java.io.DataInputStream.readInt()I @ 4 c2
Event: 0.600 Thread 0x000001d8e3044800 DEOPT PACKING pc=0x000001d8d5529764 sp=0x0000006d4cbf9900
Event: 0.600 Thread 0x000001d8e3044800 DEOPT UNPACKING pc=0x000001d8cd9085af sp=0x0000006d4cbf98c0 mode 2

Classes redefined (0 events):
No events

Internal exceptions (20 events):
Event: 0.231 Thread 0x000001d8c51db800 Implicit null exception at 0x000001d8d54caef5 to 0x000001d8d54cb0e8
Event: 0.232 Thread 0x000001d8c51db800 Implicit null exception at 0x000001d8d54c502f to 0x000001d8d54c509d
Event: 0.232 Thread 0x000001d8c51db800 Implicit null exception at 0x000001d8d54d2edb to 0x000001d8d54d3548
Event: 0.245 Thread 0x000001d8c51db800 Exception <a 'java/lang/NoSuchMethodError'{0x00000000eba50c18}: 'int java.lang.invoke.DirectMethodHandle$Holder.invokeStaticInit(java.lang.Object, java.lang.Object, java.lang.Object, java.lang.Object)'> (0x00000000eba50c18) thrown at [./src/hotspot/share/interpreter/linkResolver.cpp, line 773]
Event: 0.246 Thread 0x000001d8c51db800 Exception <a 'java/lang/IncompatibleClassChangeError'{0x00000000eba5ac30}: Found class java.lang.Object, but interface was expected> (0x00000000eba5ac30) thrown at [./src/hotspot/share/interpreter/linkResolver.cpp, line 839]
Event: 0.247 Thread 0x000001d8c51db800 Exception <a 'java/lang/NoSuchMethodError'{0x00000000eba5dcf0}: 'void java.lang.invoke.DirectMethodHandle$Holder.invokeStaticInit(java.lang.Object, java.lang.Object)'> (0x00000000eba5dcf0) thrown at [./src/hotspot/share/interpreter/linkResolver.cpp, line 773]
Event: 0.248 Thread 0x000001d8c51db800 Exception <a 'java/lang/NoSuchMethodError'{0x00000000eba63058}: 'int java.lang.invoke.DirectMethodHandle$Holder.invokeStaticInit(java.lang.Object, java.lang.Object)'> (0x00000000eba63058) thrown at [./src/hotspot/share/interpreter/linkResolver.cpp, line 773]
Event: 0.258 Thread 0x000001d8c51db800 Exception <a 'java/lang/NoSuchMethodError'{0x00000000ebab65a0}: 'java.lang.Object java.lang.invoke.DirectMethodHandle$Holder.invokeStaticInit(java.lang.Object, int, int, int, int)'> (0x00000000ebab65a0) thrown at [./src/hotspot/share/interpreter/linkResolver.cpp, line 773]
Event: 0.299 Thread 0x000001d8c51db800 Exception <a 'java/lang/NoSuchMethodError'{0x00000000ebb1b5e8}: 'java.lang.Object java.lang.invoke.DirectMethodHandle$Holder.invokeStaticInit(java.lang.Object, java.lang.Object, int, int, int, int)'> (0x00000000ebb1b5e8) thrown at [./src/hotspot/share/interpreter/linkResolver.cpp, line 773]
Event: 0.323 Thread 0x000001d8c51db800 Exception <a 'java/lang/NoSuchMethodError'{0x00000000ebc5c8a8}: 'int java.lang.invoke.DirectMethodHandle$Holder.invokeSpecialIFC(java.lang.Object, java.lang.Object, int)'> (0x00000000ebc5c8a8) thrown at [./src/hotspot/share/interpreter/linkResolver.cpp, line 773]
Event: 0.373 Thread 0x000001d8c51db800 Exception <a 'java/lang/NoSuchMethodError'{0x00000000ec0d21f8}: 'java.lang.Object java.lang.invoke.DirectMethodHandle$Holder.invokeStatic(java.lang.Object, int, java.lang.Object)'> (0x00000000ec0d21f8) thrown at [./src/hotspot/share/interpreter/linkResolver.cpp, line 773]
Event: 0.375 Thread 0x000001d8c51db800 Exception <a 'java/lang/NoSuchMethodError'{0x00000000ec0ef7a0}: 'java.lang.Object java.lang.invoke.Invokers$Holder.linkToTargetMethod(java.lang.Object, java.lang.Object, java.lang.Object, int, java.lang.Object, java.lang.Object)'> (0x00000000ec0ef7a0) thrown at [./src/hotspot/share/interpreter/linkResolver.cpp, line 773]
Event: 0.430 Thread 0x000001d8e305b000 Implicit null exception at 0x000001d8d54d2288 to 0x000001d8d54d2334
Event: 0.431 Thread 0x000001d8c51db800 Exception <a 'java/lang/UnsatisfiedLinkError'{0x00000000eab44368}: 'void org.eclipse.equinox.launcher.JNIBridge._update_splash()'> (0x00000000eab44368) thrown at [./src/hotspot/share/prims/nativeLookup.cpp, line 528]
Event: 0.481 Thread 0x000001d8e3044800 Exception <a 'java/lang/NoSuchMethodError'{0x00000000eae8c2e8}: 'java.lang.Object java.lang.invoke.DirectMethodHandle$Holder.invokeStatic(java.lang.Object, java.lang.Object, java.lang.Object, java.lang.Object, java.lang.Object, java.lang.Object, java.lang.Object, java.lang.Object, java.lang.Object, java.lang.Object, java.lang.Object, java.lang.Object, java.lang.Object, java.lang.Object, java.lang.Object)'> (0x00000000eae8c2e8) thrown at [./src/hotspot/share/interpreter/linkResolver.cpp, line 773]
Event: 0.482 Thread 0x000001d8e3044800 Exception <a 'java/lang/NoSuchMethodError'{0x00000000eae9a2f0}: 'java.lang.Object java.lang.invoke.DirectMethodHandle$Holder.invokeStatic(java.lang.Object, java.lang.Object, java.lang.Object, java.lang.Object, java.lang.Object, java.lang.Object, java.lang.Object, java.lang.Object, java.lang.Object, java.lang.Object, java.lang.Object, java.lang.Object, java.lang.Object, java.lang.Object, java.lang.Object, java.lang.Object)'> (0x00000000eae9a2f0) thrown at [./src/hotspot/share/interpreter/linkResolver.cpp, l
Event: 0.483 Thread 0x000001d8e3044800 Exception <a 'java/lang/NoSuchMethodError'{0x00000000eaea87c8}: 'java.lang.Object java.lang.invoke.DirectMethodHandle$Holder.invokeSpecial(java.lang.Object, java.lang.Object, int, int, java.lang.Object, java.lang.Object, java.lang.Object)'> (0x00000000eaea87c8) thrown at [./src/hotspot/share/interpreter/linkResolver.cpp, line 773]
Event: 0.483 Thread 0x000001d8e3044800 Exception <a 'java/lang/NoSuchMethodError'{0x00000000eaeac000}: 'java.lang.Object java.lang.invoke.DelegatingMethodHandle$Holder.reinvoke_L(java.lang.Object, int, int, java.lang.Object, java.lang.Object, java.lang.Object)'> (0x00000000eaeac000) thrown at [./src/hotspot/share/interpreter/linkResolver.cpp, line 773]
Event: 0.484 Thread 0x000001d8e3044800 Exception <a 'java/lang/NoSuchMethodError'{0x00000000eaeb0380}: 'java.lang.Object java.lang.invoke.DirectMethodHandle$Holder.invokeStatic(java.lang.Object, java.lang.Object, java.lang.Object, java.lang.Object, int)'> (0x00000000eaeb0380) thrown at [./src/hotspot/share/interpreter/linkResolver.cpp, line 773]
Event: 0.546 Thread 0x000001d8e3044800 Exception <a 'java/io/FileNotFoundException'{0x00000000eb1cf3e0}> (0x00000000eb1cf3e0) thrown at [./src/hotspot/share/prims/jni.cpp, line 615]

Events (20 events):
Event: 0.631 loading class org/eclipse/core/runtime/jobs/IJobChangeEvent done
Event: 0.631 loading class org/eclipse/core/runtime/jobs/IJobChangeListener
Event: 0.631 loading class org/eclipse/core/runtime/jobs/IJobChangeListener done
Event: 0.631 loading class org/eclipse/core/internal/jobs/JobListeners$IListenerDoit
Event: 0.631 loading class org/eclipse/core/internal/jobs/JobListeners$IListenerDoit done
Event: 0.633 Thread 0x000001d8e2e2a800 Thread added: 0x000001d8e2e2a800
Event: 0.633 Executing VM operation: RevokeBias
Event: 0.633 Executing VM operation: RevokeBias done
Event: 0.634 Executing VM operation: RevokeBias
Event: 0.634 Executing VM operation: RevokeBias done
Event: 0.634 Executing VM operation: RevokeBias
Event: 0.634 Executing VM operation: RevokeBias done
Event: 0.637 Executing VM operation: RevokeBias
Event: 0.637 Executing VM operation: RevokeBias done
Event: 0.644 loading class org/eclipse/osgi/internal/framework/legacy/PackageAdminImpl$1
Event: 0.644 loading class org/eclipse/osgi/internal/framework/legacy/PackageAdminImpl$1 done
Event: 0.647 loading class org/eclipse/core/runtime/Preferences
Event: 0.647 loading class org/eclipse/core/runtime/Preferences done
Event: 0.648 loading class org/eclipse/core/runtime/Plugin
Event: 0.648 loading class org/eclipse/core/runtime/Plugin done


Dynamic libraries:
0x00007ff730700000 - 0x00007ff73070d000 	F:\java-11\bin\java.exe
0x00007ffb265f0000 - 0x00007ffb267e5000 	C:\WINDOWS\SYSTEM32\ntdll.dll
0x00007ffb26080000 - 0x00007ffb2613d000 	C:\WINDOWS\System32\KERNEL32.DLL
0x00007ffb24270000 - 0x00007ffb24539000 	C:\WINDOWS\System32\KERNELBASE.dll
0x00007ffb23f60000 - 0x00007ffb24060000 	C:\WINDOWS\System32\ucrtbase.dll
0x00007ffb0cf80000 - 0x00007ffb0cf97000 	F:\java-11\bin\jli.dll
0x00007ffb0f530000 - 0x00007ffb0f545000 	F:\java-11\bin\VCRUNTIME140.dll
0x00007ffb25e70000 - 0x00007ffb26010000 	C:\WINDOWS\System32\USER32.dll
0x00007ffb24090000 - 0x00007ffb240b2000 	C:\WINDOWS\System32\win32u.dll
0x00007ffb16a20000 - 0x00007ffb16cba000 	C:\WINDOWS\WinSxS\amd64_microsoft.windows.common-controls_6595b64144ccf1df_6.0.19041.1110_none_60b5254171f9507e\COMCTL32.dll
0x00007ffb24b20000 - 0x00007ffb24b4a000 	C:\WINDOWS\System32\GDI32.dll
0x00007ffb24b70000 - 0x00007ffb24c0e000 	C:\WINDOWS\System32\msvcrt.dll
0x00007ffb240c0000 - 0x00007ffb241cb000 	C:\WINDOWS\System32\gdi32full.dll
0x00007ffb241d0000 - 0x00007ffb2426d000 	C:\WINDOWS\System32\msvcp_win.dll
0x00007ffb24c10000 - 0x00007ffb24c40000 	C:\WINDOWS\System32\IMM32.DLL
0x00007ffaecb80000 - 0x00007ffaecc1b000 	F:\java-11\bin\msvcp140.dll
0x00007ffac4ca0000 - 0x00007ffac57f9000 	F:\java-11\bin\server\jvm.dll
0x00007ffb26140000 - 0x00007ffb261ec000 	C:\WINDOWS\System32\ADVAPI32.dll
0x00007ffb24830000 - 0x00007ffb248cb000 	C:\WINDOWS\System32\sechost.dll
0x00007ffb24e80000 - 0x00007ffb24faa000 	C:\WINDOWS\System32\RPCRT4.dll
0x00007ffb26070000 - 0x00007ffb26078000 	C:\WINDOWS\System32\PSAPI.DLL
0x00007ffb19e90000 - 0x00007ffb19eb7000 	C:\WINDOWS\SYSTEM32\WINMM.dll
0x00007ffb15ea0000 - 0x00007ffb15ea9000 	C:\WINDOWS\SYSTEM32\WSOCK32.dll
0x00007ffb25430000 - 0x00007ffb2549b000 	C:\WINDOWS\System32\WS2_32.dll
0x00007ffb1e290000 - 0x00007ffb1e29a000 	C:\WINDOWS\SYSTEM32\VERSION.dll
0x00007ffb21c50000 - 0x00007ffb21c62000 	C:\WINDOWS\SYSTEM32\kernel.appcore.dll
0x00007ffb1c990000 - 0x00007ffb1c9a0000 	F:\java-11\bin\verify.dll
0x00007ffb09590000 - 0x00007ffb09774000 	C:\WINDOWS\SYSTEM32\DBGHELP.DLL
0x00007ffb07f60000 - 0x00007ffb07f8c000 	C:\WINDOWS\SYSTEM32\dbgcore.DLL
0x00007ffb23ed0000 - 0x00007ffb23f53000 	C:\WINDOWS\System32\bcryptPrimitives.dll
0x00007ffb0a320000 - 0x00007ffb0a348000 	F:\java-11\bin\java.dll
0x00007ffb1a5a0000 - 0x00007ffb1a5aa000 	F:\java-11\bin\jimage.dll
0x00007ffb0cf40000 - 0x00007ffb0cf57000 	F:\java-11\bin\zip.dll
0x00007ffb25580000 - 0x00007ffb25cbf000 	C:\WINDOWS\System32\SHELL32.dll
0x00007ffb21e50000 - 0x00007ffb225e0000 	C:\WINDOWS\SYSTEM32\windows.storage.dll
0x00007ffb261f0000 - 0x00007ffb26545000 	C:\WINDOWS\System32\combase.dll
0x00007ffb23780000 - 0x00007ffb237ac000 	C:\WINDOWS\SYSTEM32\Wldp.dll
0x00007ffb24d30000 - 0x00007ffb24dde000 	C:\WINDOWS\System32\SHCORE.dll
0x00007ffb26010000 - 0x00007ffb26065000 	C:\WINDOWS\System32\shlwapi.dll
0x00007ffb23c60000 - 0x00007ffb23c7f000 	C:\WINDOWS\SYSTEM32\profapi.dll
0x00007ffb0cee0000 - 0x00007ffb0cef9000 	F:\java-11\bin\net.dll
0x00007ffb1d610000 - 0x00007ffb1d718000 	C:\WINDOWS\SYSTEM32\WINHTTP.dll
0x00007ffb234e0000 - 0x00007ffb2354a000 	C:\WINDOWS\system32\mswsock.dll
0x00007ffb07770000 - 0x00007ffb07782000 	F:\java-11\bin\nio.dll
0x00007ffb236d0000 - 0x00007ffb236e8000 	C:\WINDOWS\SYSTEM32\CRYPTSP.dll
0x00007ffb22df0000 - 0x00007ffb22e24000 	C:\WINDOWS\system32\rsaenh.dll
0x00007ffb24060000 - 0x00007ffb24087000 	C:\WINDOWS\System32\bcrypt.dll
0x00007ffb23c20000 - 0x00007ffb23c4e000 	C:\WINDOWS\SYSTEM32\USERENV.dll
0x00007ffb236f0000 - 0x00007ffb236fc000 	C:\WINDOWS\SYSTEM32\CRYPTBASE.dll
0x00007ffb23180000 - 0x00007ffb231bb000 	C:\WINDOWS\SYSTEM32\IPHLPAPI.DLL
0x00007ffb24c40000 - 0x00007ffb24c48000 	C:\WINDOWS\System32\NSI.dll
0x00007ffb1e930000 - 0x00007ffb1e947000 	C:\WINDOWS\SYSTEM32\dhcpcsvc6.DLL
0x00007ffb1e910000 - 0x00007ffb1e92d000 	C:\WINDOWS\SYSTEM32\dhcpcsvc.DLL
0x00007ffb231c0000 - 0x00007ffb2328c000 	C:\WINDOWS\SYSTEM32\DNSAPI.dll
0x00007ffb01490000 - 0x00007ffb014ce000 	C:\Users\陆振亚\AppData\Roaming\Code\User\globalStorage\redhat.java\0.80.0\config_ss_win\org.eclipse.equinox.launcher\org.eclipse.equinox.launcher.win32.win32.x86_64_1.2.300.v20210617-0451\eclipse_11502.dll

dbghelp: loaded successfully - version: 4.0.5 - missing functions: none
symbol engine: initialized successfully - sym options: 0x614 - pdb path: .;F:\java-11\bin;C:\WINDOWS\SYSTEM32;C:\WINDOWS\WinSxS\amd64_microsoft.windows.common-controls_6595b64144ccf1df_6.0.19041.1110_none_60b5254171f9507e;F:\java-11\bin\server;C:\Users\陆振亚\AppData\Roaming\Code\User\globalStorage\redhat.java\0.80.0\config_ss_win\org.eclipse.equinox.launcher\org.eclipse.equinox.launcher.win32.win32.x86_64_1.2.300.v20210617-0

VM Arguments:
jvm_args: --add-modules=ALL-SYSTEM --add-opens=java.base/java.util=ALL-UNNAMED --add-opens=java.base/java.lang=ALL-UNNAMED -Declipse.application=org.eclipse.jdt.ls.core.id1 -Dosgi.bundles.defaultStartLevel=4 -Declipse.product=org.eclipse.jdt.ls.core.product -Dfile.encoding=utf8 -DwatchParentProcess=false -XX:+UseParallelGC -XX:GCTimeRatio=4 -XX:AdaptiveSizePolicyWeight=90 -Dsun.zip.disableMemoryMapping=true -Xmx1G -Xms100m -Xverify:none 
java_command: c:\Users\陆振亚\.vscode\extensions\redhat.java-0.80.0\server\plugins\org.eclipse.equinox.launcher_1.6.200.v20210416-2027.jar -configuration c:\Users\陆振亚\AppData\Roaming\Code\User\globalStorage\redhat.java\0.80.0\config_ss_win -data c:\Users\陆振亚\AppData\Roaming\Code\User\workspaceStorage\f0c8ae5bb4345b319847acd4976223bd\redhat.java\ss_ws
java_class_path (initial): c:\Users\陆振亚\.vscode\extensions\redhat.java-0.80.0\server\plugins\org.eclipse.equinox.launcher_1.6.200.v20210416-2027.jar
Launcher Type: SUN_STANDARD

[Global flags]
    uintx AdaptiveSizePolicyWeight                 = 90                                        {product} {command line}
     bool BytecodeVerificationLocal                = false                                     {product} {command line}
     bool BytecodeVerificationRemote               = false                                     {product} {command line}
     intx CICompilerCount                          = 12                                        {product} {ergonomic}
    uintx GCTimeRatio                              = 4                                         {product} {command line}
   size_t InitialHeapSize                          = 104857600                                 {product} {command line}
   size_t MaxHeapSize                              = 1073741824                                {product} {command line}
   size_t MaxNewSize                               = 357564416                                 {product} {ergonomic}
   size_t MinHeapDeltaBytes                        = 524288                                    {product} {ergonomic}
   size_t NewSize                                  = 34603008                                  {product} {ergonomic}
    uintx NonNMethodCodeHeapSize                   = 7594288                                {pd product} {ergonomic}
    uintx NonProfiledCodeHeapSize                  = 122031976                              {pd product} {ergonomic}
   size_t OldSize                                  = 70254592                                  {product} {ergonomic}
    uintx ProfiledCodeHeapSize                     = 122031976                              {pd product} {ergonomic}
    uintx ReservedCodeCacheSize                    = 251658240                              {pd product} {ergonomic}
     bool SegmentedCodeCache                       = true                                      {product} {ergonomic}
     bool UseCompressedClassPointers               = true                                 {lp64_product} {ergonomic}
     bool UseCompressedOops                        = true                                 {lp64_product} {ergonomic}
     bool UseLargePagesIndividualAllocation        = false                                  {pd product} {ergonomic}
     bool UseParallelGC                            = true                                      {product} {command line}

Logging:
Log output configuration:
 #0: stdout all=warning uptime,level,tags
 #1: stderr all=off uptime,level,tags

Environment Variables:
JAVA_HOME=F:\java-11
CLASSPATH=;F:\java-11\lib;F:\java-11\lib\tools.jar;
PATH=F:\java-11\bin;C:\Program Files\NVIDIA GPU Computing Toolkit\CUDA\v11.1\bin;C:\Program Files\NVIDIA GPU Computing Toolkit\CUDA\v11.1\libnvvp;C:\WINDOWS\system32;C:\WINDOWS;C:\WINDOWS\System32\Wbem;C:\WINDOWS\System32\WindowsPowerShell\v1.0\;C:\WINDOWS\System32\OpenSSH\;C:\Program Files (x86)\NVIDIA Corporation\PhysX\Common;D:\texlive\2021\bin\win32;D:\Git\cmd;C:\Program Files\NVIDIA Corporation\NVIDIA NvDLISR;C:\Program Files\NVIDIA Corporation\Nsight Compute 2020.2.1\;F:\;F:\java-11\bin;C:\Users\陆振亚\AppData\Local\Microsoft\WindowsApps;C:\Users\陆振亚\AppData\Local\Programs\Microsoft VS Code\bin;C:\Users\陆振亚\AppData\Roaming\npm;F:\java-11\bin;F:\java-11\jre\bin;
USERNAME=陆振亚
OS=Windows_NT
PROCESSOR_IDENTIFIER=Intel64 Family 6 Model 167 Stepping 1, GenuineIntel



---------------  S Y S T E M  ---------------

OS: Windows 10 , 64 bit Build 19041 (10.0.19041.1151)
OS uptime: 0 days 20:40 hours

CPU:total 16 (initial active 16) (8 cores per cpu, 2 threads per core) family 6 model 167 stepping 1 microcode 0x3c, cmov, cx8, fxsr, mmx, sse, sse2, sse3, ssse3, sse4.1, sse4.2, popcnt, avx, avx2, aes, clmul, erms, 3dnowpref, lzcnt, ht, tsc, tscinvbit, bmi1, bmi2, adx, evex, sha, fma

Memory: 4k page, system-wide physical 16254M (2976M free)
TotalPageFile size 54654M (AvailPageFile size 5M)
current process WorkingSet (physical memory assigned to process): 92M, peak: 92M
current process commit charge ("private bytes"): 233M, peak: 233M

vm_info: OpenJDK 64-Bit Server VM (11.0.12+7) for windows-amd64 JRE (11.0.12+7), built on Jul 21 2021 16:23:49 by "" with unknown MS VC++:1916

END.
