#
# There is insufficient memory for the Java Runtime Environment to continue.
# Native memory allocation (malloc) failed to allocate 32744 bytes for ChunkPool::allocate
# Possible reasons:
#   The system is out of physical RAM or swap space
#   The process is running with CompressedOops enabled, and the Java Heap may be blocking the growth of the native heap
# Possible solutions:
#   Reduce memory load on the system
#   Increase physical memory or swap space
#   Check if swap backing store is full
#   Decrease Java heap size (-Xmx/-Xms)
#   Decrease number of Java threads
#   Decrease Java thread stack sizes (-Xss)
#   Set larger code cache with -XX:ReservedCodeCacheSize=
#   JVM is running with Unscaled Compressed Oops mode in which the Java heap is
#     placed in the first 4GB address space. The Java Heap base address is the
#     maximum limit for the native heap growth. Please use -XX:HeapBaseMinAddress
#     to set the Java Heap base and to place the Java Heap above 4GB virtual address.
# This output file may be truncated or incomplete.
#
#  Out of Memory Error (./src/hotspot/share/memory/arena.cpp:81), pid=8672, tid=19944
#
# JRE version: OpenJDK Runtime Environment Temurin-11.0.12+7 (11.0.12+7) (build 11.0.12+7)
# Java VM: OpenJDK 64-Bit Server VM Temurin-11.0.12+7 (11.0.12+7, mixed mode, tiered, compressed oops, parallel gc, windows-amd64)
# No core dump will be written. Minidumps are not enabled by default on client versions of Windows
#

---------------  S U M M A R Y ------------

Command Line: --add-modules=ALL-SYSTEM --add-opens=java.base/java.util=ALL-UNNAMED --add-opens=java.base/java.lang=ALL-UNNAMED -Declipse.application=org.eclipse.jdt.ls.core.id1 -Dosgi.bundles.defaultStartLevel=4 -Declipse.product=org.eclipse.jdt.ls.core.product -Dfile.encoding=utf8 -DwatchParentProcess=false -XX:+UseParallelGC -XX:GCTimeRatio=4 -XX:AdaptiveSizePolicyWeight=90 -Dsun.zip.disableMemoryMapping=true -Xmx1G -Xms100m -Xverify:none c:\Users\陆振亚\.vscode\extensions\redhat.java-0.80.0\server\plugins\org.eclipse.equinox.launcher_1.6.200.v20210416-2027.jar -configuration c:\Users\陆振亚\AppData\Roaming\Code\User\globalStorage\redhat.java\0.80.0\config_ss_win -data c:\Users\陆振亚\AppData\Roaming\Code\User\workspaceStorage\f0c8ae5bb4345b319847acd4976223bd\redhat.java\ss_ws

Host: 11th Gen Intel(R) Core(TM) i7-11700K @ 3.60GHz, 16 cores, 15G,  Windows 10 , 64 bit Build 19041 (10.0.19041.1151)
Time: Sat Aug 14 13:03:50 2021 中国标准时间 elapsed time: 1.500627 seconds (0d 0h 0m 1s)

---------------  T H R E A D  ---------------

Current thread (0x00000298b411f800):  JavaThread "C2 CompilerThread4" daemon [_thread_in_native, id=19944, stack(0x000000c8ea800000,0x000000c8ea900000)]


Current CompileTask:
C2:   1500 3090       4       jdk.internal.jrtfs.SystemImage$1::findNode (9 bytes)

Stack: [0x000000c8ea800000,0x000000c8ea900000]
Native frames: (J=compiled Java code, j=interpreted, Vv=VM code, C=native code)
V  [jvm.dll+0x601d0a]
V  [jvm.dll+0x78ab6e]
V  [jvm.dll+0x78c23f]
V  [jvm.dll+0x78c903]
V  [jvm.dll+0x24be68]
V  [jvm.dll+0xc23fb]
V  [jvm.dll+0xc275c]
V  [jvm.dll+0x2bde75]
V  [jvm.dll+0x512bd9]
V  [jvm.dll+0x2071ac]
V  [jvm.dll+0x2045da]
V  [jvm.dll+0x1898fc]
V  [jvm.dll+0x213d67]
V  [jvm.dll+0x211f2b]
V  [jvm.dll+0x74ec19]
V  [jvm.dll+0x747c84]
V  [jvm.dll+0x600ba6]
C  [ucrtbase.dll+0x21bb2]
C  [KERNEL32.DLL+0x17034]
C  [ntdll.dll+0x52651]


---------------  P R O C E S S  ---------------

Threads class SMR info:
_java_thread_list=0x00000298b3fe3ed0, length=29, elements={
0x00000298956ce000, 0x00000298b08d2000, 0x00000298b08d4800, 0x00000298af7e4000,
0x00000298b0924800, 0x00000298b0926000, 0x00000298b0927000, 0x00000298b0929800,
0x00000298af7e5000, 0x00000298b0a98800, 0x00000298b0ac2800, 0x00000298b0ac7800,
0x00000298b2d32800, 0x00000298b348b000, 0x00000298b2fc1800, 0x00000298b2eb4800,
0x00000298b3755800, 0x00000298b33c7800, 0x00000298b3402000, 0x00000298b3701000,
0x00000298b3c85800, 0x00000298b3b8a800, 0x00000298b3dbb000, 0x00000298b3eb0000,
0x00000298b4180800, 0x00000298b411f800, 0x00000298b3ecf000, 0x00000298beebf800,
0x00000298beba9800
}

Java Threads: ( => current thread )
  0x00000298956ce000 JavaThread "main" [_thread_blocked, id=14452, stack(0x000000c8e8100000,0x000000c8e8200000)]
  0x00000298b08d2000 JavaThread "Reference Handler" daemon [_thread_blocked, id=19340, stack(0x000000c8e8400000,0x000000c8e8500000)]
  0x00000298b08d4800 JavaThread "Finalizer" daemon [_thread_blocked, id=19300, stack(0x000000c8e8500000,0x000000c8e8600000)]
  0x00000298af7e4000 JavaThread "Signal Dispatcher" daemon [_thread_blocked, id=19136, stack(0x000000c8e8600000,0x000000c8e8700000)]
  0x00000298b0924800 JavaThread "Attach Listener" daemon [_thread_blocked, id=4968, stack(0x000000c8e8700000,0x000000c8e8800000)]
  0x00000298b0926000 JavaThread "Service Thread" daemon [_thread_blocked, id=14084, stack(0x000000c8e8800000,0x000000c8e8900000)]
  0x00000298b0927000 JavaThread "C2 CompilerThread0" daemon [_thread_in_native, id=18556, stack(0x000000c8e8900000,0x000000c8e8a00000)]
  0x00000298b0929800 JavaThread "C1 CompilerThread0" daemon [_thread_blocked, id=15392, stack(0x000000c8e8a00000,0x000000c8e8b00000)]
  0x00000298af7e5000 JavaThread "Sweeper thread" daemon [_thread_blocked, id=10324, stack(0x000000c8e8b00000,0x000000c8e8c00000)]
  0x00000298b0a98800 JavaThread "Common-Cleaner" daemon [_thread_blocked, id=13948, stack(0x000000c8e8c00000,0x000000c8e8d00000)]
  0x00000298b0ac2800 JavaThread "C1 CompilerThread1" daemon [_thread_blocked, id=15288, stack(0x000000c8e8d00000,0x000000c8e8e00000)]
  0x00000298b0ac7800 JavaThread "C1 CompilerThread2" daemon [_thread_in_native, id=5968, stack(0x000000c8e8e00000,0x000000c8e8f00000)]
  0x00000298b2d32800 JavaThread "Active Thread: Equinox Container: 2465383f-a3c5-4852-827a-91cb4d82321f" [_thread_blocked, id=7384, stack(0x000000c8e9200000,0x000000c8e9300000)]
  0x00000298b348b000 JavaThread "Framework Event Dispatcher: Equinox Container: 2465383f-a3c5-4852-827a-91cb4d82321f" daemon [_thread_blocked, id=17208, stack(0x000000c8e9600000,0x000000c8e9700000)]
  0x00000298b2fc1800 JavaThread "Start Level: Equinox Container: 2465383f-a3c5-4852-827a-91cb4d82321f" daemon [_thread_blocked, id=19184, stack(0x000000c8e9700000,0x000000c8e9800000)]
  0x00000298b2eb4800 JavaThread "SCR Component Actor" daemon [_thread_blocked, id=18132, stack(0x000000c8e9800000,0x000000c8e9900000)]
  0x00000298b3755800 JavaThread "Timer-0" daemon [_thread_blocked, id=13960, stack(0x000000c8e9900000,0x000000c8e9a00000)]
  0x00000298b33c7800 JavaThread "Worker-JM" [_thread_blocked, id=17824, stack(0x000000c8e9b00000,0x000000c8e9c00000)]
  0x00000298b3402000 JavaThread "Worker-0: Initialize Workspace" [_thread_in_Java, id=8364, stack(0x000000c8e9e00000,0x000000c8e9f00000)]
  0x00000298b3701000 JavaThread "Worker-1" [_thread_blocked, id=16940, stack(0x000000c8e9f00000,0x000000c8ea000000)]
  0x00000298b3c85800 JavaThread "C2 CompilerThread1" daemon [_thread_in_native, id=15308, stack(0x000000c8e8f00000,0x000000c8e9000000)]
  0x00000298b3b8a800 JavaThread "C2 CompilerThread2" daemon [_thread_in_native, id=9832, stack(0x000000c8e9100000,0x000000c8e9200000)]
  0x00000298b3dbb000 JavaThread "pool-1-thread-1" [_thread_blocked, id=1552, stack(0x000000c8ea300000,0x000000c8ea400000)]
  0x00000298b3eb0000 JavaThread "C1 CompilerThread3" daemon [_thread_blocked, id=12320, stack(0x000000c8ea400000,0x000000c8ea500000)]
  0x00000298b4180800 JavaThread "C2 CompilerThread3" daemon [_thread_in_native, id=15812, stack(0x000000c8ea700000,0x000000c8ea800000)]
=>0x00000298b411f800 JavaThread "C2 CompilerThread4" daemon [_thread_in_native, id=19944, stack(0x000000c8ea800000,0x000000c8ea900000)]
  0x00000298b3ecf000 JavaThread "C2 CompilerThread5" daemon [_thread_in_native, id=3300, stack(0x000000c8ea900000,0x000000c8eaa00000)]
  0x00000298beebf800 JavaThread "C2 CompilerThread6" daemon [_thread_in_native, id=8628, stack(0x000000c8eaa00000,0x000000c8eab00000)]
  0x00000298beba9800 JavaThread "C2 CompilerThread7" daemon [_thread_in_native, id=10056, stack(0x000000c8eab00000,0x000000c8eac00000)]

Other Threads:
  0x0000029895799000 VMThread "VM Thread" [stack: 0x000000c8e8300000,0x000000c8e8400000] [id=19220]
  0x00000298b0b66000 WatcherThread [stack: 0x000000c8e9000000,0x000000c8e9100000] [id=6016]
  0x00000298956e4800 GCTaskThread "ParGC Thread#0" [stack: 0x000000c8e8200000,0x000000c8e8300000] [id=9148]
  0x00000298b307f800 GCTaskThread "ParGC Thread#1" [stack: 0x000000c8e9300000,0x000000c8e9400000] [id=16636]
  0x00000298b3080000 GCTaskThread "ParGC Thread#2" [stack: 0x000000c8e9400000,0x000000c8e9500000] [id=4952]
  0x00000298b348a800 GCTaskThread "ParGC Thread#3" [stack: 0x000000c8e9500000,0x000000c8e9600000] [id=15296]
  0x00000298b3923800 GCTaskThread "ParGC Thread#4" [stack: 0x000000c8e9c00000,0x000000c8e9d00000] [id=14584]
  0x00000298b3401000 GCTaskThread "ParGC Thread#5" [stack: 0x000000c8e9d00000,0x000000c8e9e00000] [id=3680]
  0x00000298b3ca0800 GCTaskThread "ParGC Thread#6" [stack: 0x000000c8e9a00000,0x000000c8e9b00000] [id=4964]
  0x00000298b3c9d800 GCTaskThread "ParGC Thread#7" [stack: 0x000000c8ea000000,0x000000c8ea100000] [id=17696]
  0x00000298b3cc1000 GCTaskThread "ParGC Thread#8" [stack: 0x000000c8ea100000,0x000000c8ea200000] [id=19664]
  0x00000298b3cc1800 GCTaskThread "ParGC Thread#9" [stack: 0x000000c8ea200000,0x000000c8ea300000] [id=19712]
  0x00000298b4015800 GCTaskThread "ParGC Thread#10" [stack: 0x000000c8ea500000,0x000000c8ea600000] [id=7160]
  0x00000298b4015000 GCTaskThread "ParGC Thread#11" [stack: 0x000000c8ea600000,0x000000c8ea700000] [id=19336]

Threads with active compile tasks:
C2 CompilerThread0   1512 3087       4       jdk.internal.jrtfs.JrtFileSystem::checkNode (40 bytes)
C1 CompilerThread2   1512 3199       3       java.lang.Integer::parseInt (259 bytes)
C2 CompilerThread1   1513 3105  s    4       jdk.internal.jimage.ImageReader$SharedImageReader::findNode (36 bytes)
C2 CompilerThread2   1513 3158 %     4       org.eclipse.jdt.internal.core.util.Util::splitOn @ 37 (134 bytes)
C2 CompilerThread3   1513 3109       4       jdk.internal.jimage.ImageReader$SharedImageReader::makeDirectories (54 bytes)
C2 CompilerThread4   1513 3090       4       jdk.internal.jrtfs.SystemImage$1::findNode (9 bytes)
C2 CompilerThread5   1513 3113   !   4       jdk.internal.jrtfs.JrtDirectoryStream$1::hasNext (41 bytes)
C2 CompilerThread6   1513 3114       4       java.util.stream.StreamSpliterators$WrappingSpliterator::tryAdvance (36 bytes)
C2 CompilerThread7   1513 3132   !   4       java.nio.file.FileTreeWalker::next (144 bytes)

VM state:not at safepoint (normal execution)

VM Mutex/Monitor currently owned by a thread: None

Heap address: 0x00000000c0000000, size: 1024 MB, Compressed Oops mode: 32-bit
Narrow klass base: 0x0000000000000000, Narrow klass shift: 3
Compressed class space size: 1073741824 Address: 0x0000000100000000

Heap:
 PSYoungGen      total 29696K, used 9100K [0x00000000eab00000, 0x00000000ecc00000, 0x0000000100000000)
  eden space 25600K, 19% used [0x00000000eab00000,0x00000000eafe41a0,0x00000000ec400000)
  from space 4096K, 99% used [0x00000000ec400000,0x00000000ec7ff028,0x00000000ec800000)
  to   space 4096K, 0% used [0x00000000ec800000,0x00000000ec800000,0x00000000ecc00000)
 ParOldGen       total 68608K, used 9355K [0x00000000c0000000, 0x00000000c4300000, 0x00000000eab00000)
  object space 68608K, 13% used [0x00000000c0000000,0x00000000c0922ed0,0x00000000c4300000)
 Metaspace       used 31039K, capacity 32833K, committed 33152K, reserved 1079296K
  class space    used 2958K, capacity 3587K, committed 3712K, reserved 1048576K

Card table byte_map: [0x0000029895090000,0x00000298952a0000] _byte_map_base: 0x0000029894a90000

Marking Bits: (ParMarkBitMap*) 0x00007ffac573bcf0
 Begin Bits: [0x00000298acdf0000, 0x00000298addf0000)
 End Bits:   [0x00000298addf0000, 0x00000298aedf0000)

Polling page: 0x0000029893680000

Metaspace:

Usage:
  Non-class:     28.56 MB capacity,    27.42 MB ( 96%) used,     1.08 MB (  4%) free+waste,    63.69 KB ( <1%) overhead. 
      Class:      3.50 MB capacity,     2.89 MB ( 82%) used,   598.30 KB ( 17%) free+waste,    30.56 KB ( <1%) overhead. 
       Both:     32.06 MB capacity,    30.31 MB ( 95%) used,     1.66 MB (  5%) free+waste,    94.25 KB ( <1%) overhead. 

Virtual space:
  Non-class space:       30.00 MB reserved,      28.75 MB ( 96%) committed 
      Class space:        1.00 GB reserved,       3.63 MB ( <1%) committed 
             Both:        1.03 GB reserved,      32.38 MB (  3%) committed 

Chunk freelists:
   Non-Class:  2.00 KB
       Class:  0 bytes
        Both:  2.00 KB

MaxMetaspaceSize: 17179869184.00 GB
CompressedClassSpaceSize: 1.00 GB
Initial GC threshold: 20.80 MB
Current GC threshold: 34.59 MB
CDS: off

CodeHeap 'non-profiled nmethods': size=119168Kb used=1199Kb max_used=1199Kb free=117968Kb
 bounds [0x00000298a5990000, 0x00000298a5c00000, 0x00000298acdf0000]
CodeHeap 'profiled nmethods': size=119168Kb used=6959Kb max_used=6959Kb free=112208Kb
 bounds [0x000002989e530000, 0x000002989ec00000, 0x00000298a5990000]
CodeHeap 'non-nmethods': size=7424Kb used=2959Kb max_used=2985Kb free=4465Kb
 bounds [0x000002989ddf0000, 0x000002989e160000, 0x000002989e530000]
 total_blobs=3711 nmethods=3174 adapters=447
 compilation: enabled
              stopped_count=0, restarted_count=0
 full_count=0

Compilation events (20 events):
Event: 1.494 Thread 0x00000298b0929800 3190       3       org.eclipse.core.internal.resources.Resource::hashCode (8 bytes)
Event: 1.494 Thread 0x00000298b0929800 nmethod 3190 0x000002989ebe6910 code [0x000002989ebe6ac0, 0x000002989ebe6d08]
Event: 1.494 Thread 0x00000298b0ac7800 nmethod 3189 0x000002989ebe6e10 code [0x000002989ebe7020, 0x000002989ebe7908]
Event: 1.495 Thread 0x00000298b3eb0000 3191       1       org.eclipse.jdt.internal.core.ClasspathEntry::getExtraAttributes (5 bytes)
Event: 1.495 Thread 0x00000298b3eb0000 nmethod 3191 0x00000298a5ab8510 code [0x00000298a5ab86c0, 0x00000298a5ab8778]
Event: 1.498 Thread 0x00000298b0929800 3192       3       org.eclipse.jdt.internal.compiler.parser.Scanner::getCurrentIdentifierSource (142 bytes)
Event: 1.498 Thread 0x00000298b0ac7800 3193       3       org.eclipse.jdt.core.JavaConventions::scanForRestrictedKeyWords (137 bytes)
Event: 1.498 Thread 0x00000298b0929800 nmethod 3192 0x000002989ebe7b10 code [0x000002989ebe7d60, 0x000002989ebe8418]
Event: 1.498 Thread 0x00000298b0ac7800 nmethod 3193 0x000002989ebe8590 code [0x000002989ebe8820, 0x000002989ebe94a8]
Event: 1.498 Thread 0x00000298b3eb0000 3194       1       org.eclipse.core.internal.resources.ResourceInfo::getFlags (5 bytes)
Event: 1.498 Thread 0x00000298b3eb0000 nmethod 3194 0x00000298a5ab8810 code [0x00000298a5ab89c0, 0x00000298a5ab8a78]
Event: 1.498 Thread 0x00000298b0929800 3195  s    3       org.eclipse.jdt.internal.core.JavaModelManager::getInfo (36 bytes)
Event: 1.499 Thread 0x00000298b0929800 nmethod 3195 0x000002989ebe9890 code [0x000002989ebe9a80, 0x000002989ebea088]
Event: 1.499 Thread 0x00000298b0ac7800 3196  s    1       java.lang.StringBuffer::length (5 bytes)
Event: 1.499 Thread 0x00000298b0ac7800 nmethod 3196 0x00000298a5ab8b10 code [0x00000298a5ab8cc0, 0x00000298a5ab8ed8]
Event: 1.499 Thread 0x00000298b3eb0000 3197       3       org.eclipse.core.runtime.Assert::isLegal (15 bytes)
Event: 1.499 Thread 0x00000298b0929800 3198       3       org.eclipse.core.runtime.Assert::isLegal (7 bytes)
Event: 1.499 Thread 0x00000298b3eb0000 nmethod 3197 0x000002989ebea210 code [0x000002989ebea3e0, 0x000002989ebea568]
Event: 1.499 Thread 0x00000298b0ac7800 3199       3       java.lang.Integer::parseInt (259 bytes)
Event: 1.499 Thread 0x00000298b0929800 nmethod 3198 0x000002989ebea690 code [0x000002989ebea860, 0x000002989ebeaa68]

GC Heap History (10 events):
Event: 0.341 GC heap before
{Heap before GC invocations=1 (full 0):
 PSYoungGen      total 29696K, used 25600K [0x00000000eab00000, 0x00000000ecc00000, 0x0000000100000000)
  eden space 25600K, 100% used [0x00000000eab00000,0x00000000ec400000,0x00000000ec400000)
  from space 4096K, 0% used [0x00000000ec800000,0x00000000ec800000,0x00000000ecc00000)
  to   space 4096K, 0% used [0x00000000ec400000,0x00000000ec400000,0x00000000ec800000)
 ParOldGen       total 68608K, used 0K [0x00000000c0000000, 0x00000000c4300000, 0x00000000eab00000)
  object space 68608K, 0% used [0x00000000c0000000,0x00000000c0000000,0x00000000c4300000)
 Metaspace       used 13180K, capacity 13410K, committed 13568K, reserved 1060864K
  class space    used 1197K, capacity 1256K, committed 1280K, reserved 1048576K
}
Event: 0.343 GC heap after
{Heap after GC invocations=1 (full 0):
 PSYoungGen      total 29696K, used 4074K [0x00000000eab00000, 0x00000000ecc00000, 0x0000000100000000)
  eden space 25600K, 0% used [0x00000000eab00000,0x00000000eab00000,0x00000000ec400000)
  from space 4096K, 99% used [0x00000000ec400000,0x00000000ec7fa810,0x00000000ec800000)
  to   space 4096K, 0% used [0x00000000ec800000,0x00000000ec800000,0x00000000ecc00000)
 ParOldGen       total 68608K, used 24K [0x00000000c0000000, 0x00000000c4300000, 0x00000000eab00000)
  object space 68608K, 0% used [0x00000000c0000000,0x00000000c0006000,0x00000000c4300000)
 Metaspace       used 13180K, capacity 13410K, committed 13568K, reserved 1060864K
  class space    used 1197K, capacity 1256K, committed 1280K, reserved 1048576K
}
Event: 0.551 GC heap before
{Heap before GC invocations=2 (full 0):
 PSYoungGen      total 29696K, used 19813K [0x00000000eab00000, 0x00000000ecc00000, 0x0000000100000000)
  eden space 25600K, 61% used [0x00000000eab00000,0x00000000eba5ef98,0x00000000ec400000)
  from space 4096K, 99% used [0x00000000ec400000,0x00000000ec7fa810,0x00000000ec800000)
  to   space 4096K, 0% used [0x00000000ec800000,0x00000000ec800000,0x00000000ecc00000)
 ParOldGen       total 68608K, used 24K [0x00000000c0000000, 0x00000000c4300000, 0x00000000eab00000)
  object space 68608K, 0% used [0x00000000c0000000,0x00000000c0006000,0x00000000c4300000)
 Metaspace       used 20213K, capacity 21204K, committed 21248K, reserved 1069056K
  class space    used 1905K, capacity 2263K, committed 2304K, reserved 1048576K
}
Event: 0.554 GC heap after
{Heap after GC invocations=2 (full 0):
 PSYoungGen      total 29696K, used 4068K [0x00000000eab00000, 0x00000000ecc00000, 0x0000000100000000)
  eden space 25600K, 0% used [0x00000000eab00000,0x00000000eab00000,0x00000000ec400000)
  from space 4096K, 99% used [0x00000000ec800000,0x00000000ecbf9360,0x00000000ecc00000)
  to   space 4096K, 0% used [0x00000000ec400000,0x00000000ec400000,0x00000000ec800000)
 ParOldGen       total 68608K, used 1950K [0x00000000c0000000, 0x00000000c4300000, 0x00000000eab00000)
  object space 68608K, 2% used [0x00000000c0000000,0x00000000c01e7be8,0x00000000c4300000)
 Metaspace       used 20213K, capacity 21204K, committed 21248K, reserved 1069056K
  class space    used 1905K, capacity 2263K, committed 2304K, reserved 1048576K
}
Event: 0.554 GC heap before
{Heap before GC invocations=3 (full 1):
 PSYoungGen      total 29696K, used 4068K [0x00000000eab00000, 0x00000000ecc00000, 0x0000000100000000)
  eden space 25600K, 0% used [0x00000000eab00000,0x00000000eab00000,0x00000000ec400000)
  from space 4096K, 99% used [0x00000000ec800000,0x00000000ecbf9360,0x00000000ecc00000)
  to   space 4096K, 0% used [0x00000000ec400000,0x00000000ec400000,0x00000000ec800000)
 ParOldGen       total 68608K, used 1950K [0x00000000c0000000, 0x00000000c4300000, 0x00000000eab00000)
  object space 68608K, 2% used [0x00000000c0000000,0x00000000c01e7be8,0x00000000c4300000)
 Metaspace       used 20213K, capacity 21204K, committed 21248K, reserved 1069056K
  class space    used 1905K, capacity 2263K, committed 2304K, reserved 1048576K
}
Event: 0.576 GC heap after
{Heap after GC invocations=3 (full 1):
 PSYoungGen      total 29696K, used 0K [0x00000000eab00000, 0x00000000ecc00000, 0x0000000100000000)
  eden space 25600K, 0% used [0x00000000eab00000,0x00000000eab00000,0x00000000ec400000)
  from space 4096K, 0% used [0x00000000ec800000,0x00000000ec800000,0x00000000ecc00000)
  to   space 4096K, 0% used [0x00000000ec400000,0x00000000ec400000,0x00000000ec800000)
 ParOldGen       total 68608K, used 5942K [0x00000000c0000000, 0x00000000c4300000, 0x00000000eab00000)
  object space 68608K, 8% used [0x00000000c0000000,0x00000000c05cdab0,0x00000000c4300000)
 Metaspace       used 20213K, capacity 21204K, committed 21248K, reserved 1069056K
  class space    used 1905K, capacity 2263K, committed 2304K, reserved 1048576K
}
Event: 1.279 GC heap before
{Heap before GC invocations=4 (full 1):
 PSYoungGen      total 29696K, used 25600K [0x00000000eab00000, 0x00000000ecc00000, 0x0000000100000000)
  eden space 25600K, 100% used [0x00000000eab00000,0x00000000ec400000,0x00000000ec400000)
  from space 4096K, 0% used [0x00000000ec800000,0x00000000ec800000,0x00000000ecc00000)
  to   space 4096K, 0% used [0x00000000ec400000,0x00000000ec400000,0x00000000ec800000)
 ParOldGen       total 68608K, used 5942K [0x00000000c0000000, 0x00000000c4300000, 0x00000000eab00000)
  object space 68608K, 8% used [0x00000000c0000000,0x00000000c05cdab0,0x00000000c4300000)
 Metaspace       used 26784K, capacity 28443K, committed 28544K, reserved 1075200K
  class space    used 2529K, capacity 3130K, committed 3200K, reserved 1048576K
}
Event: 1.280 GC heap after
{Heap after GC invocations=4 (full 1):
 PSYoungGen      total 29696K, used 2693K [0x00000000eab00000, 0x00000000ecc00000, 0x0000000100000000)
  eden space 25600K, 0% used [0x00000000eab00000,0x00000000eab00000,0x00000000ec400000)
  from space 4096K, 65% used [0x00000000ec400000,0x00000000ec6a1638,0x00000000ec800000)
  to   space 4096K, 0% used [0x00000000ec800000,0x00000000ec800000,0x00000000ecc00000)
 ParOldGen       total 68608K, used 5958K [0x00000000c0000000, 0x00000000c4300000, 0x00000000eab00000)
  object space 68608K, 8% used [0x00000000c0000000,0x00000000c05d1ac8,0x00000000c4300000)
 Metaspace       used 26784K, capacity 28443K, committed 28544K, reserved 1075200K
  class space    used 2529K, capacity 3130K, committed 3200K, reserved 1048576K
}
Event: 1.455 GC heap before
{Heap before GC invocations=5 (full 1):
 PSYoungGen      total 29696K, used 28293K [0x00000000eab00000, 0x00000000ecc00000, 0x0000000100000000)
  eden space 25600K, 100% used [0x00000000eab00000,0x00000000ec400000,0x00000000ec400000)
  from space 4096K, 65% used [0x00000000ec400000,0x00000000ec6a1638,0x00000000ec800000)
  to   space 4096K, 0% used [0x00000000ec800000,0x00000000ec800000,0x00000000ecc00000)
 ParOldGen       total 68608K, used 5958K [0x00000000c0000000, 0x00000000c4300000, 0x00000000eab00000)
  object space 68608K, 8% used [0x00000000c0000000,0x00000000c05d1ac8,0x00000000c4300000)
 Metaspace       used 30936K, capacity 32768K, committed 32896K, reserved 1079296K
  class space    used 2953K, capacity 3587K, committed 3712K, reserved 1048576K
}
Event: 1.457 GC heap after
{Heap after GC invocations=5 (full 1):
 PSYoungGen      total 29696K, used 4075K [0x00000000eab00000, 0x00000000ecc00000, 0x0000000100000000)
  eden space 25600K, 0% used [0x00000000eab00000,0x00000000eab00000,0x00000000ec400000)
  from space 4096K, 99% used [0x00000000ec800000,0x00000000ecbfad70,0x00000000ecc00000)
  to   space 4096K, 0% used [0x00000000ec400000,0x00000000ec400000,0x00000000ec800000)
 ParOldGen       total 68608K, used 6997K [0x00000000c0000000, 0x00000000c4300000, 0x00000000eab00000)
  object space 68608K, 10% used [0x00000000c0000000,0x00000000c06d56d8,0x00000000c4300000)
 Metaspace       used 30936K, capacity 32768K, committed 32896K, reserved 1079296K
  class space    used 2953K, capacity 3587K, committed 3712K, reserved 1048576K
}

Deoptimization events (20 events):
Event: 1.459 Thread 0x00000298b3402000 Uncommon trap: trap_request=0xffffffc6 fr.pc=0x00000298a5aa7374 relative=0x0000000000000334
Event: 1.459 Thread 0x00000298b3402000 Uncommon trap: reason=bimorphic_or_optimized_type_check action=maybe_recompile pc=0x00000298a5aa7374 method=jdk.internal.jimage.ImageReader$SharedImageReader.findNode(Ljava/lang/String;)Ljdk/internal/jimage/ImageReader$Node; @ 22 c2
Event: 1.459 Thread 0x00000298b3402000 DEOPT PACKING pc=0x00000298a5aa7374 sp=0x000000c8e9efd8b0
Event: 1.459 Thread 0x00000298b3402000 DEOPT UNPACKING pc=0x000002989ddf85af sp=0x000000c8e9efd8c8 mode 2
Event: 1.482 Thread 0x00000298b3402000 Uncommon trap: trap_request=0xffffffbe fr.pc=0x00000298a5ab32a8 relative=0x0000000000002788
Event: 1.482 Thread 0x00000298b3402000 Uncommon trap: reason=profile_predicate action=maybe_recompile pc=0x00000298a5ab32a8 method=org.eclipse.jdt.internal.core.util.Util.splitOn(CLjava/lang/String;II)[Ljava/lang/String; @ 56 c2
Event: 1.482 Thread 0x00000298b3402000 DEOPT PACKING pc=0x00000298a5ab32a8 sp=0x000000c8e9efda60
Event: 1.482 Thread 0x00000298b3402000 DEOPT UNPACKING pc=0x000002989ddf85af sp=0x000000c8e9efda38 mode 2
Event: 1.483 Thread 0x00000298b3402000 Uncommon trap: trap_request=0xffffffbe fr.pc=0x00000298a5ab32a8 relative=0x0000000000002788
Event: 1.483 Thread 0x00000298b3402000 Uncommon trap: reason=profile_predicate action=maybe_recompile pc=0x00000298a5ab32a8 method=org.eclipse.jdt.internal.core.util.Util.splitOn(CLjava/lang/String;II)[Ljava/lang/String; @ 56 c2
Event: 1.483 Thread 0x00000298b3402000 DEOPT PACKING pc=0x00000298a5ab32a8 sp=0x000000c8e9efda60
Event: 1.483 Thread 0x00000298b3402000 DEOPT UNPACKING pc=0x000002989ddf85af sp=0x000000c8e9efda38 mode 2
Event: 1.483 Thread 0x00000298b3402000 Uncommon trap: trap_request=0xffffffbe fr.pc=0x00000298a5ab32a8 relative=0x0000000000002788
Event: 1.483 Thread 0x00000298b3402000 Uncommon trap: reason=profile_predicate action=maybe_recompile pc=0x00000298a5ab32a8 method=org.eclipse.jdt.internal.core.util.Util.splitOn(CLjava/lang/String;II)[Ljava/lang/String; @ 56 c2
Event: 1.483 Thread 0x00000298b3402000 DEOPT PACKING pc=0x00000298a5ab32a8 sp=0x000000c8e9efda60
Event: 1.483 Thread 0x00000298b3402000 DEOPT UNPACKING pc=0x000002989ddf85af sp=0x000000c8e9efda38 mode 2
Event: 1.483 Thread 0x00000298b3402000 Uncommon trap: trap_request=0xffffffbe fr.pc=0x00000298a5ab32a8 relative=0x0000000000002788
Event: 1.483 Thread 0x00000298b3402000 Uncommon trap: reason=profile_predicate action=maybe_recompile pc=0x00000298a5ab32a8 method=org.eclipse.jdt.internal.core.util.Util.splitOn(CLjava/lang/String;II)[Ljava/lang/String; @ 56 c2
Event: 1.483 Thread 0x00000298b3402000 DEOPT PACKING pc=0x00000298a5ab32a8 sp=0x000000c8e9efda60
Event: 1.483 Thread 0x00000298b3402000 DEOPT UNPACKING pc=0x000002989ddf85af sp=0x000000c8e9efda38 mode 2

Classes redefined (0 events):
No events

Internal exceptions (20 events):
Event: 0.388 Thread 0x00000298b2fc1800 Exception <a 'java/lang/NoSuchMethodError'{0x00000000eaea89a0}: 'java.lang.Object java.lang.invoke.DirectMethodHandle$Holder.invokeSpecial(java.lang.Object, java.lang.Object, int, int, java.lang.Object, java.lang.Object, java.lang.Object)'> (0x00000000eaea89a0) thrown at [./src/hotspot/share/interpreter/linkResolver.cpp, line 773]
Event: 0.388 Thread 0x00000298b2fc1800 Exception <a 'java/lang/NoSuchMethodError'{0x00000000eaeac1d8}: 'java.lang.Object java.lang.invoke.DelegatingMethodHandle$Holder.reinvoke_L(java.lang.Object, int, int, java.lang.Object, java.lang.Object, java.lang.Object)'> (0x00000000eaeac1d8) thrown at [./src/hotspot/share/interpreter/linkResolver.cpp, line 773]
Event: 0.388 Thread 0x00000298b2fc1800 Exception <a 'java/lang/NoSuchMethodError'{0x00000000eaeb0558}: 'java.lang.Object java.lang.invoke.DirectMethodHandle$Holder.invokeStatic(java.lang.Object, java.lang.Object, java.lang.Object, java.lang.Object, int)'> (0x00000000eaeb0558) thrown at [./src/hotspot/share/interpreter/linkResolver.cpp, line 773]
Event: 0.437 Thread 0x00000298b2fc1800 Exception <a 'java/io/FileNotFoundException'{0x00000000eb1cfac0}> (0x00000000eb1cfac0) thrown at [./src/hotspot/share/prims/jni.cpp, line 615]
Event: 0.506 Thread 0x00000298b2fc1800 Exception <a 'java/io/FileNotFoundException'{0x00000000eb6ee590}> (0x00000000eb6ee590) thrown at [./src/hotspot/share/prims/jni.cpp, line 615]
Event: 0.544 Thread 0x00000298b2fc1800 Exception <a 'java/lang/NoSuchMethodError'{0x00000000eb9ff000}: 'int java.lang.invoke.DirectMethodHandle$Holder.invokeStaticInit(java.lang.Object, java.lang.Object, java.lang.Object)'> (0x00000000eb9ff000) thrown at [./src/hotspot/share/interpreter/linkResolver.cpp, line 773]
Event: 0.546 Thread 0x00000298b2fc1800 Exception <a 'java/lang/IncompatibleClassChangeError'{0x00000000eba36810}: Found class java.lang.Object, but interface was expected> (0x00000000eba36810) thrown at [./src/hotspot/share/interpreter/linkResolver.cpp, line 839]
Event: 0.643 Thread 0x00000298b2fc1800 Exception <a 'java/lang/ClassNotFoundException'{0x00000000eba79588}: com/sun/org/apache/xerces/internal/impl/msg/spi/DOMMessagesProvider> (0x00000000eba79588) thrown at [./src/hotspot/share/classfile/systemDictionary.cpp, line 231]
Event: 0.644 Thread 0x00000298b2fc1800 Implicit null exception at 0x00000298a5a40909 to 0x00000298a5a4165c
Event: 0.645 Thread 0x00000298b2fc1800 Exception <a 'java/lang/ClassNotFoundException'{0x00000000eba9b9e8}: com/sun/org/apache/xerces/internal/impl/msg/spi/XMLSerializerMessagesProvider> (0x00000000eba9b9e8) thrown at [./src/hotspot/share/classfile/systemDictionary.cpp, line 231]
Event: 0.645 Thread 0x00000298b2fc1800 Exception <a 'java/lang/ClassNotFoundException'{0x00000000ebab19b0}: com/sun/org/apache/xerces/internal/impl/msg/spi/XMLMessagesProvider> (0x00000000ebab19b0) thrown at [./src/hotspot/share/classfile/systemDictionary.cpp, line 231]
Event: 1.186 Thread 0x00000298b2fc1800 Exception <a 'java/lang/ClassNotFoundException'{0x00000000ebdaacc0}: com/sun/org/apache/xml/internal/serializer/spi/XMLEntitiesProvider> (0x00000000ebdaacc0) thrown at [./src/hotspot/share/classfile/systemDictionary.cpp, line 231]
Event: 1.224 Thread 0x00000298b2fc1800 Exception <a 'java/io/FileNotFoundException'{0x00000000ec025f68}> (0x00000000ec025f68) thrown at [./src/hotspot/share/prims/jni.cpp, line 615]
Event: 1.229 Thread 0x00000298b2fc1800 Exception <a 'java/io/FileNotFoundException'{0x00000000ec056998}> (0x00000000ec056998) thrown at [./src/hotspot/share/prims/jni.cpp, line 615]
Event: 1.232 Thread 0x00000298b2fc1800 Exception <a 'java/io/FileNotFoundException'{0x00000000ec08c738}> (0x00000000ec08c738) thrown at [./src/hotspot/share/prims/jni.cpp, line 615]
Event: 1.252 Thread 0x00000298956ce000 Exception <a 'java/lang/NoSuchMethodError'{0x00000000ec189a98}: 'void java.lang.invoke.DirectMethodHandle$Holder.invokeStatic(java.lang.Object, java.lang.Object, java.lang.Object, java.lang.Object)'> (0x00000000ec189a98) thrown at [./src/hotspot/share/interpreter/linkResolver.cpp, line 773]
Event: 1.325 Thread 0x00000298b3dbb000 Exception <a 'java/io/FileNotFoundException'{0x00000000eae2fb08}> (0x00000000eae2fb08) thrown at [./src/hotspot/share/prims/jni.cpp, line 615]
Event: 1.449 Thread 0x00000298b3402000 Exception <a 'java/io/FileNotFoundException'{0x00000000ec2f9880}> (0x00000000ec2f9880) thrown at [./src/hotspot/share/prims/jni.cpp, line 615]
Event: 1.449 Thread 0x00000298b3402000 Exception <a 'java/io/FileNotFoundException'{0x00000000ec2fbea0}> (0x00000000ec2fbea0) thrown at [./src/hotspot/share/prims/jni.cpp, line 615]
Event: 1.450 Thread 0x00000298b3402000 Exception <a 'java/lang/NoSuchMethodError'{0x00000000ec305358}: 'void java.lang.invoke.DirectMethodHandle$Holder.invokeStaticInit(java.lang.Object, java.lang.Object, java.lang.Object)'> (0x00000000ec305358) thrown at [./src/hotspot/share/interpreter/linkResolver.cpp, line 773]

Events (20 events):
Event: 1.450 loading class org/eclipse/osgi/service/debug/DebugOptions done
Event: 1.450 loading class org/eclipse/osgi/service/debug/DebugOptions
Event: 1.450 loading class org/eclipse/osgi/service/debug/DebugOptions done
Event: 1.451 loading class org/eclipse/core/runtime/ServiceCaller$ReferenceAndService
Event: 1.451 loading class org/eclipse/core/runtime/ServiceCaller$ReferenceAndService done
Event: 1.451 Executing VM operation: RevokeBias
Event: 1.451 Executing VM operation: RevokeBias done
Event: 1.455 Executing VM operation: ParallelGCFailedAllocation
Event: 1.457 Executing VM operation: ParallelGCFailedAllocation done
Event: 1.457 Executing VM operation: RevokeBias
Event: 1.457 Executing VM operation: RevokeBias done
Event: 1.457 Executing VM operation: RevokeBias
Event: 1.457 Executing VM operation: RevokeBias done
Event: 1.459 Executing VM operation: RevokeBias
Event: 1.459 Executing VM operation: RevokeBias done
Event: 1.462 Thread 0x00000298b4180800 Thread added: 0x00000298b4180800
Event: 1.465 Thread 0x00000298b411f800 Thread added: 0x00000298b411f800
Event: 1.468 Thread 0x00000298b3ecf000 Thread added: 0x00000298b3ecf000
Event: 1.480 Thread 0x00000298beebf800 Thread added: 0x00000298beebf800
Event: 1.480 Thread 0x00000298beba9800 Thread added: 0x00000298beba9800


Dynamic libraries:
0x00007ff730700000 - 0x00007ff73070d000 	F:\java-11\bin\java.exe
0x00007ffb265f0000 - 0x00007ffb267e5000 	C:\WINDOWS\SYSTEM32\ntdll.dll
0x00007ffb26080000 - 0x00007ffb2613d000 	C:\WINDOWS\System32\KERNEL32.DLL
0x00007ffb24270000 - 0x00007ffb24539000 	C:\WINDOWS\System32\KERNELBASE.dll
0x00007ffb23f60000 - 0x00007ffb24060000 	C:\WINDOWS\System32\ucrtbase.dll
0x00007ffb16850000 - 0x00007ffb16867000 	F:\java-11\bin\jli.dll
0x00007ffb1d590000 - 0x00007ffb1d5a5000 	F:\java-11\bin\VCRUNTIME140.dll
0x00007ffb25e70000 - 0x00007ffb26010000 	C:\WINDOWS\System32\USER32.dll
0x00007ffb24090000 - 0x00007ffb240b2000 	C:\WINDOWS\System32\win32u.dll
0x00007ffb16a20000 - 0x00007ffb16cba000 	C:\WINDOWS\WinSxS\amd64_microsoft.windows.common-controls_6595b64144ccf1df_6.0.19041.1110_none_60b5254171f9507e\COMCTL32.dll
0x00007ffb24b20000 - 0x00007ffb24b4a000 	C:\WINDOWS\System32\GDI32.dll
0x00007ffb24b70000 - 0x00007ffb24c0e000 	C:\WINDOWS\System32\msvcrt.dll
0x00007ffb240c0000 - 0x00007ffb241cb000 	C:\WINDOWS\System32\gdi32full.dll
0x00007ffb241d0000 - 0x00007ffb2426d000 	C:\WINDOWS\System32\msvcp_win.dll
0x00007ffb24c10000 - 0x00007ffb24c40000 	C:\WINDOWS\System32\IMM32.DLL
0x00007ffaecb80000 - 0x00007ffaecc1b000 	F:\java-11\bin\msvcp140.dll
0x00007ffac4ca0000 - 0x00007ffac57f9000 	F:\java-11\bin\server\jvm.dll
0x00007ffb26140000 - 0x00007ffb261ec000 	C:\WINDOWS\System32\ADVAPI32.dll
0x00007ffb24830000 - 0x00007ffb248cb000 	C:\WINDOWS\System32\sechost.dll
0x00007ffb24e80000 - 0x00007ffb24faa000 	C:\WINDOWS\System32\RPCRT4.dll
0x00007ffb26070000 - 0x00007ffb26078000 	C:\WINDOWS\System32\PSAPI.DLL
0x00007ffb15ea0000 - 0x00007ffb15ea9000 	C:\WINDOWS\SYSTEM32\WSOCK32.dll
0x00007ffb1e290000 - 0x00007ffb1e29a000 	C:\WINDOWS\SYSTEM32\VERSION.dll
0x00007ffb19e90000 - 0x00007ffb19eb7000 	C:\WINDOWS\SYSTEM32\WINMM.dll
0x00007ffb25430000 - 0x00007ffb2549b000 	C:\WINDOWS\System32\WS2_32.dll
0x00007ffb21c50000 - 0x00007ffb21c62000 	C:\WINDOWS\SYSTEM32\kernel.appcore.dll
0x00007ffb1f9e0000 - 0x00007ffb1f9f0000 	F:\java-11\bin\verify.dll
0x00007ffb09590000 - 0x00007ffb09774000 	C:\WINDOWS\SYSTEM32\DBGHELP.DLL
0x00007ffb07f60000 - 0x00007ffb07f8c000 	C:\WINDOWS\SYSTEM32\dbgcore.DLL
0x00007ffb23ed0000 - 0x00007ffb23f53000 	C:\WINDOWS\System32\bcryptPrimitives.dll
0x00007ffb16820000 - 0x00007ffb16848000 	F:\java-11\bin\java.dll
0x00007ffb1f9c0000 - 0x00007ffb1f9ca000 	F:\java-11\bin\jimage.dll
0x00007ffb0f580000 - 0x00007ffb0f597000 	F:\java-11\bin\zip.dll
0x00007ffb25580000 - 0x00007ffb25cbf000 	C:\WINDOWS\System32\SHELL32.dll
0x00007ffb21e50000 - 0x00007ffb225e0000 	C:\WINDOWS\SYSTEM32\windows.storage.dll
0x00007ffb261f0000 - 0x00007ffb26545000 	C:\WINDOWS\System32\combase.dll
0x00007ffb23780000 - 0x00007ffb237ac000 	C:\WINDOWS\SYSTEM32\Wldp.dll
0x00007ffb24d30000 - 0x00007ffb24dde000 	C:\WINDOWS\System32\SHCORE.dll
0x00007ffb26010000 - 0x00007ffb26065000 	C:\WINDOWS\System32\shlwapi.dll
0x00007ffb23c60000 - 0x00007ffb23c7f000 	C:\WINDOWS\SYSTEM32\profapi.dll
0x00007ffb0f530000 - 0x00007ffb0f549000 	F:\java-11\bin\net.dll
0x00007ffb1d610000 - 0x00007ffb1d718000 	C:\WINDOWS\SYSTEM32\WINHTTP.dll
0x00007ffb234e0000 - 0x00007ffb2354a000 	C:\WINDOWS\system32\mswsock.dll
0x00007ffb0cf80000 - 0x00007ffb0cf92000 	F:\java-11\bin\nio.dll
0x00007ffb236d0000 - 0x00007ffb236e8000 	C:\WINDOWS\SYSTEM32\CRYPTSP.dll
0x00007ffb22df0000 - 0x00007ffb22e24000 	C:\WINDOWS\system32\rsaenh.dll
0x00007ffb24060000 - 0x00007ffb24087000 	C:\WINDOWS\System32\bcrypt.dll
0x00007ffb23c20000 - 0x00007ffb23c4e000 	C:\WINDOWS\SYSTEM32\USERENV.dll
0x00007ffb236f0000 - 0x00007ffb236fc000 	C:\WINDOWS\SYSTEM32\CRYPTBASE.dll
0x00007ffb23180000 - 0x00007ffb231bb000 	C:\WINDOWS\SYSTEM32\IPHLPAPI.DLL
0x00007ffb24c40000 - 0x00007ffb24c48000 	C:\WINDOWS\System32\NSI.dll
0x00007ffb1e930000 - 0x00007ffb1e947000 	C:\WINDOWS\SYSTEM32\dhcpcsvc6.DLL
0x00007ffb1e910000 - 0x00007ffb1e92d000 	C:\WINDOWS\SYSTEM32\dhcpcsvc.DLL
0x00007ffb231c0000 - 0x00007ffb2328c000 	C:\WINDOWS\SYSTEM32\DNSAPI.dll
0x00007ffb00e10000 - 0x00007ffb00e4e000 	C:\Users\陆振亚\AppData\Roaming\Code\User\globalStorage\redhat.java\0.80.0\config_ss_win\org.eclipse.equinox.launcher\org.eclipse.equinox.launcher.win32.win32.x86_64_1.2.300.v20210617-0451\eclipse_11502.dll
0x00007ffb0cf40000 - 0x00007ffb0cf51000 	C:\Users\陆振亚\AppData\Roaming\Code\User\globalStorage\redhat.java\0.80.0\config_ss_win\org.eclipse.osgi\16\0\.cp\jWinHttp-1.0.0.dll
0x00007ffb248d0000 - 0x00007ffb249fa000 	C:\WINDOWS\System32\ole32.dll

dbghelp: loaded successfully - version: 4.0.5 - missing functions: none
symbol engine: initialized successfully - sym options: 0x614 - pdb path: .;F:\java-11\bin;C:\WINDOWS\SYSTEM32;C:\WINDOWS\WinSxS\amd64_microsoft.windows.common-controls_6595b64144ccf1df_6.0.19041.1110_none_60b5254171f9507e;F:\java-11\bin\server;C:\Users\陆振亚\AppData\Roaming\Code\User\globalStorage\redhat.java\0.80.0\config_ss_win\org.eclipse.equinox.launcher\org.eclipse.equinox.launcher.win32.win32.x86_64_1.2.300.v20210617-0;C:\Users\陆振亚\AppData\Roaming\Code\User\globalStorage\redhat.java\0.80.0\config_ss_win\org.eclipse.equinox.launcher\org.eclipse.equinox.launcher.win32.win32.x86_64_1.2.300.v20210617-0451;C:\Users\陆振亚\AppData\Roaming\Code\User\globalStorage\redhat.java\0.80.0\config_ss_win\org.eclipse.osgi

VM Arguments:
jvm_args: --add-modules=ALL-SYSTEM --add-opens=java.base/java.util=ALL-UNNAMED --add-opens=java.base/java.lang=ALL-UNNAMED -Declipse.application=org.eclipse.jdt.ls.core.id1 -Dosgi.bundles.defaultStartLevel=4 -Declipse.product=org.eclipse.jdt.ls.core.product -Dfile.encoding=utf8 -DwatchParentProcess=false -XX:+UseParallelGC -XX:GCTimeRatio=4 -XX:AdaptiveSizePolicyWeight=90 -Dsun.zip.disableMemoryMapping=true -Xmx1G -Xms100m -Xverify:none 
java_command: c:\Users\陆振亚\.vscode\extensions\redhat.java-0.80.0\server\plugins\org.eclipse.equinox.launcher_1.6.200.v20210416-2027.jar -configuration c:\Users\陆振亚\AppData\Roaming\Code\User\globalStorage\redhat.java\0.80.0\config_ss_win -data c:\Users\陆振亚\AppData\Roaming\Code\User\workspaceStorage\f0c8ae5bb4345b319847acd4976223bd\redhat.java\ss_ws
java_class_path (initial): c:\Users\陆振亚\.vscode\extensions\redhat.java-0.80.0\server\plugins\org.eclipse.equinox.launcher_1.6.200.v20210416-2027.jar
Launcher Type: SUN_STANDARD

[Global flags]
    uintx AdaptiveSizePolicyWeight                 = 90                                        {product} {command line}
     bool BytecodeVerificationLocal                = false                                     {product} {command line}
     bool BytecodeVerificationRemote               = false                                     {product} {command line}
     intx CICompilerCount                          = 12                                        {product} {ergonomic}
    uintx GCTimeRatio                              = 4                                         {product} {command line}
   size_t InitialHeapSize                          = 104857600                                 {product} {command line}
   size_t MaxHeapSize                              = 1073741824                                {product} {command line}
   size_t MaxNewSize                               = 357564416                                 {product} {ergonomic}
   size_t MinHeapDeltaBytes                        = 524288                                    {product} {ergonomic}
   size_t NewSize                                  = 34603008                                  {product} {ergonomic}
    uintx NonNMethodCodeHeapSize                   = 7594288                                {pd product} {ergonomic}
    uintx NonProfiledCodeHeapSize                  = 122031976                              {pd product} {ergonomic}
   size_t OldSize                                  = 70254592                                  {product} {ergonomic}
    uintx ProfiledCodeHeapSize                     = 122031976                              {pd product} {ergonomic}
    uintx ReservedCodeCacheSize                    = 251658240                              {pd product} {ergonomic}
     bool SegmentedCodeCache                       = true                                      {product} {ergonomic}
     bool UseCompressedClassPointers               = true                                 {lp64_product} {ergonomic}
     bool UseCompressedOops                        = true                                 {lp64_product} {ergonomic}
     bool UseLargePagesIndividualAllocation        = false                                  {pd product} {ergonomic}
     bool UseParallelGC                            = true                                      {product} {command line}

Logging:
Log output configuration:
 #0: stdout all=warning uptime,level,tags
 #1: stderr all=off uptime,level,tags

Environment Variables:
JAVA_HOME=F:\java-11
CLASSPATH=;F:\java-11\lib;F:\java-11\lib\tools.jar;
PATH=F:\java-11\bin;C:\Program Files\NVIDIA GPU Computing Toolkit\CUDA\v11.1\bin;C:\Program Files\NVIDIA GPU Computing Toolkit\CUDA\v11.1\libnvvp;C:\WINDOWS\system32;C:\WINDOWS;C:\WINDOWS\System32\Wbem;C:\WINDOWS\System32\WindowsPowerShell\v1.0\;C:\WINDOWS\System32\OpenSSH\;C:\Program Files (x86)\NVIDIA Corporation\PhysX\Common;D:\texlive\2021\bin\win32;D:\Git\cmd;C:\Program Files\NVIDIA Corporation\NVIDIA NvDLISR;C:\Program Files\NVIDIA Corporation\Nsight Compute 2020.2.1\;F:\;F:\java-11\bin;C:\Users\陆振亚\AppData\Local\Microsoft\WindowsApps;C:\Users\陆振亚\AppData\Local\Programs\Microsoft VS Code\bin;C:\Users\陆振亚\AppData\Roaming\npm;F:\java-11\bin;F:\java-11\jre\bin;
USERNAME=陆振亚
OS=Windows_NT
PROCESSOR_IDENTIFIER=Intel64 Family 6 Model 167 Stepping 1, GenuineIntel



---------------  S Y S T E M  ---------------

OS: Windows 10 , 64 bit Build 19041 (10.0.19041.1151)
OS uptime: 0 days 22:03 hours

CPU:total 16 (initial active 16) (8 cores per cpu, 2 threads per core) family 6 model 167 stepping 1 microcode 0x3c, cmov, cx8, fxsr, mmx, sse, sse2, sse3, ssse3, sse4.1, sse4.2, popcnt, avx, avx2, aes, clmul, erms, 3dnowpref, lzcnt, ht, tsc, tscinvbit, bmi1, bmi2, adx, evex, sha, fma

Memory: 4k page, system-wide physical 16254M (2996M free)
TotalPageFile size 54654M (AvailPageFile size 3M)
current process WorkingSet (physical memory assigned to process): 174M, peak: 174M
current process commit charge ("private bytes"): 302M, peak: 307M

vm_info: OpenJDK 64-Bit Server VM (11.0.12+7) for windows-amd64 JRE (11.0.12+7), built on Jul 21 2021 16:23:49 by "" with unknown MS VC++:1916

END.
